Analysis & Synthesis report for Lab4_5
Sun Apr  6 12:57:04 2025
Quartus Prime Version 23.1std.1 Build 993 05/14/2024 SC Lite Edition


---------------------
; Table of Contents ;
---------------------
  1. Legal Notice
  2. Analysis & Synthesis Summary
  3. Analysis & Synthesis Settings
  4. Parallel Compilation
  5. Analysis & Synthesis Source Files Read
  6. Analysis & Synthesis Resource Usage Summary
  7. Analysis & Synthesis Resource Utilization by Entity
  8. General Register Statistics
  9. Multiplexer Restructuring Statistics (Restructuring Performed)
 10. Source assignments for reactionTimer:uut|gated_SRlatch:FF0
 11. Parameter Settings for User Entity Instance: reactionTimer:uut|comparator_typeB:CMP
 12. Parameter Settings for User Entity Instance: reactionTimer:uut|moduloCounter:MOD50k
 13. Parameter Settings for User Entity Instance: reactionTimer:uut|moduloCounter:MOD50k|comparator:CMP
 14. Parameter Settings for User Entity Instance: reactionTimer:uut|comparator:CMP1
 15. Port Connectivity Checks: "reactionTimer:uut|moduloCounter:MOD50k|elemCounter:\cnt_generate:15:CNT"
 16. Port Connectivity Checks: "reactionTimer:uut|moduloCounter:MOD50k|elemCounter:\cnt_generate:14:CNT"
 17. Port Connectivity Checks: "reactionTimer:uut|moduloCounter:MOD50k|elemCounter:\cnt_generate:13:CNT"
 18. Port Connectivity Checks: "reactionTimer:uut|moduloCounter:MOD50k|elemCounter:\cnt_generate:12:CNT"
 19. Port Connectivity Checks: "reactionTimer:uut|moduloCounter:MOD50k|elemCounter:\cnt_generate:11:CNT"
 20. Port Connectivity Checks: "reactionTimer:uut|moduloCounter:MOD50k|elemCounter:\cnt_generate:10:CNT"
 21. Port Connectivity Checks: "reactionTimer:uut|moduloCounter:MOD50k|elemCounter:\cnt_generate:9:CNT"
 22. Port Connectivity Checks: "reactionTimer:uut|moduloCounter:MOD50k|elemCounter:\cnt_generate:8:CNT"
 23. Port Connectivity Checks: "reactionTimer:uut|moduloCounter:MOD50k|elemCounter:\cnt_generate:7:CNT"
 24. Port Connectivity Checks: "reactionTimer:uut|moduloCounter:MOD50k|elemCounter:\cnt_generate:6:CNT"
 25. Port Connectivity Checks: "reactionTimer:uut|moduloCounter:MOD50k|elemCounter:\cnt_generate:5:CNT"
 26. Port Connectivity Checks: "reactionTimer:uut|moduloCounter:MOD50k|elemCounter:\cnt_generate:4:CNT"
 27. Port Connectivity Checks: "reactionTimer:uut|moduloCounter:MOD50k|elemCounter:\cnt_generate:3:CNT"
 28. Port Connectivity Checks: "reactionTimer:uut|moduloCounter:MOD50k|elemCounter:\cnt_generate:2:CNT"
 29. Port Connectivity Checks: "reactionTimer:uut|moduloCounter:MOD50k|elemCounter:\cnt_generate:1:CNT"
 30. Port Connectivity Checks: "reactionTimer:uut|moduloCounter:MOD50k|elemCounter:CNT"
 31. Port Connectivity Checks: "reactionTimer:uut|moduloCounter:MOD50k"
 32. Port Connectivity Checks: "reactionTimer:uut|counter16bit:CNT0"
 33. Post-Synthesis Netlist Statistics for Top Partition
 34. Elapsed Time Per Partition
 35. Analysis & Synthesis Messages



----------------
; Legal Notice ;
----------------
Copyright (C) 2024  Intel Corporation. All rights reserved.
Your use of Intel Corporation's design tools, logic functions 
and other software and tools, and any partner logic 
functions, and any output files from any of the foregoing 
(including device programming or simulation files), and any 
associated documentation or information are expressly subject 
to the terms and conditions of the Intel Program License 
Subscription Agreement, the Intel Quartus Prime License Agreement,
the Intel FPGA IP License Agreement, or other applicable license
agreement, including, without limitation, that your use is for
the sole purpose of programming logic devices manufactured by
Intel and sold by Intel or its authorized distributors.  Please
refer to the applicable agreement for further details, at
https://fpgasoftware.intel.com/eula.



+----------------------------------------------------------------------------------+
; Analysis & Synthesis Summary                                                     ;
+---------------------------------+------------------------------------------------+
; Analysis & Synthesis Status     ; Successful - Sun Apr  6 12:57:04 2025          ;
; Quartus Prime Version           ; 23.1std.1 Build 993 05/14/2024 SC Lite Edition ;
; Revision Name                   ; Lab4_5                                         ;
; Top-level Entity Name           ; device                                         ;
; Family                          ; Cyclone V                                      ;
; Logic utilization (in ALMs)     ; N/A                                            ;
; Total registers                 ; 40                                             ;
; Total pins                      ; 51                                             ;
; Total virtual pins              ; 0                                              ;
; Total block memory bits         ; 0                                              ;
; Total DSP Blocks                ; 0                                              ;
; Total HSSI RX PCSs              ; 0                                              ;
; Total HSSI PMA RX Deserializers ; 0                                              ;
; Total HSSI TX PCSs              ; 0                                              ;
; Total HSSI PMA TX Serializers   ; 0                                              ;
; Total PLLs                      ; 0                                              ;
; Total DLLs                      ; 0                                              ;
+---------------------------------+------------------------------------------------+


+---------------------------------------------------------------------------------------------------------------------------+
; Analysis & Synthesis Settings                                                                                             ;
+---------------------------------------------------------------------------------+--------------------+--------------------+
; Option                                                                          ; Setting            ; Default Value      ;
+---------------------------------------------------------------------------------+--------------------+--------------------+
; Device                                                                          ; 5CSEMA5F31C6       ;                    ;
; Top-level entity name                                                           ; device             ; Lab4_5             ;
; Family name                                                                     ; Cyclone V          ; Cyclone V          ;
; Use smart compilation                                                           ; Off                ; Off                ;
; Enable parallel Assembler and Timing Analyzer during compilation                ; On                 ; On                 ;
; Enable compact report table                                                     ; Off                ; Off                ;
; Restructure Multiplexers                                                        ; Auto               ; Auto               ;
; MLAB Add Timing Constraints For Mixed-Port Feed-Through Mode Setting Don't Care ; Off                ; Off                ;
; Create Debugging Nodes for IP Cores                                             ; Off                ; Off                ;
; Preserve fewer node names                                                       ; On                 ; On                 ;
; Intel FPGA IP Evaluation Mode                                                   ; Enable             ; Enable             ;
; Verilog Version                                                                 ; Verilog_2001       ; Verilog_2001       ;
; VHDL Version                                                                    ; VHDL_1993          ; VHDL_1993          ;
; State Machine Processing                                                        ; Auto               ; Auto               ;
; Safe State Machine                                                              ; Off                ; Off                ;
; Extract Verilog State Machines                                                  ; On                 ; On                 ;
; Extract VHDL State Machines                                                     ; On                 ; On                 ;
; Ignore Verilog initial constructs                                               ; Off                ; Off                ;
; Iteration limit for constant Verilog loops                                      ; 5000               ; 5000               ;
; Iteration limit for non-constant Verilog loops                                  ; 250                ; 250                ;
; Add Pass-Through Logic to Inferred RAMs                                         ; On                 ; On                 ;
; Infer RAMs from Raw Logic                                                       ; On                 ; On                 ;
; Parallel Synthesis                                                              ; On                 ; On                 ;
; DSP Block Balancing                                                             ; Auto               ; Auto               ;
; NOT Gate Push-Back                                                              ; On                 ; On                 ;
; Power-Up Don't Care                                                             ; On                 ; On                 ;
; Remove Redundant Logic Cells                                                    ; Off                ; Off                ;
; Remove Duplicate Registers                                                      ; On                 ; On                 ;
; Ignore CARRY Buffers                                                            ; Off                ; Off                ;
; Ignore CASCADE Buffers                                                          ; Off                ; Off                ;
; Ignore GLOBAL Buffers                                                           ; Off                ; Off                ;
; Ignore ROW GLOBAL Buffers                                                       ; Off                ; Off                ;
; Ignore LCELL Buffers                                                            ; Off                ; Off                ;
; Ignore SOFT Buffers                                                             ; On                 ; On                 ;
; Limit AHDL Integers to 32 Bits                                                  ; Off                ; Off                ;
; Optimization Technique                                                          ; Balanced           ; Balanced           ;
; Carry Chain Length                                                              ; 70                 ; 70                 ;
; Auto Carry Chains                                                               ; On                 ; On                 ;
; Auto Open-Drain Pins                                                            ; On                 ; On                 ;
; Perform WYSIWYG Primitive Resynthesis                                           ; Off                ; Off                ;
; Auto ROM Replacement                                                            ; On                 ; On                 ;
; Auto RAM Replacement                                                            ; On                 ; On                 ;
; Auto DSP Block Replacement                                                      ; On                 ; On                 ;
; Auto Shift Register Replacement                                                 ; Auto               ; Auto               ;
; Allow Shift Register Merging across Hierarchies                                 ; Auto               ; Auto               ;
; Auto Clock Enable Replacement                                                   ; On                 ; On                 ;
; Strict RAM Replacement                                                          ; Off                ; Off                ;
; Allow Synchronous Control Signals                                               ; On                 ; On                 ;
; Force Use of Synchronous Clear Signals                                          ; Off                ; Off                ;
; Auto Resource Sharing                                                           ; Off                ; Off                ;
; Allow Any RAM Size For Recognition                                              ; Off                ; Off                ;
; Allow Any ROM Size For Recognition                                              ; Off                ; Off                ;
; Allow Any Shift Register Size For Recognition                                   ; Off                ; Off                ;
; Use LogicLock Constraints during Resource Balancing                             ; On                 ; On                 ;
; Ignore translate_off and synthesis_off directives                               ; Off                ; Off                ;
; Timing-Driven Synthesis                                                         ; On                 ; On                 ;
; Report Parameter Settings                                                       ; On                 ; On                 ;
; Report Source Assignments                                                       ; On                 ; On                 ;
; Report Connectivity Checks                                                      ; On                 ; On                 ;
; Ignore Maximum Fan-Out Assignments                                              ; Off                ; Off                ;
; Synchronization Register Chain Length                                           ; 3                  ; 3                  ;
; Power Optimization During Synthesis                                             ; Normal compilation ; Normal compilation ;
; HDL message level                                                               ; Level2             ; Level2             ;
; Suppress Register Optimization Related Messages                                 ; Off                ; Off                ;
; Number of Removed Registers Reported in Synthesis Report                        ; 5000               ; 5000               ;
; Number of Swept Nodes Reported in Synthesis Report                              ; 5000               ; 5000               ;
; Number of Inverted Registers Reported in Synthesis Report                       ; 100                ; 100                ;
; Clock MUX Protection                                                            ; On                 ; On                 ;
; Auto Gated Clock Conversion                                                     ; Off                ; Off                ;
; Block Design Naming                                                             ; Auto               ; Auto               ;
; SDC constraint protection                                                       ; Off                ; Off                ;
; Synthesis Effort                                                                ; Auto               ; Auto               ;
; Shift Register Replacement - Allow Asynchronous Clear Signal                    ; On                 ; On                 ;
; Pre-Mapping Resynthesis Optimization                                            ; Off                ; Off                ;
; Analysis & Synthesis Message Level                                              ; Medium             ; Medium             ;
; Disable Register Merging Across Hierarchies                                     ; Auto               ; Auto               ;
; Resource Aware Inference For Block RAM                                          ; On                 ; On                 ;
; Automatic Parallel Synthesis                                                    ; On                 ; On                 ;
; Partial Reconfiguration Bitstream ID                                            ; Off                ; Off                ;
+---------------------------------------------------------------------------------+--------------------+--------------------+


+------------------------------------------+
; Parallel Compilation                     ;
+----------------------------+-------------+
; Processors                 ; Number      ;
+----------------------------+-------------+
; Number detected on machine ; 12          ;
; Maximum allowed            ; 10          ;
;                            ;             ;
; Average used               ; 1.00        ;
; Maximum used               ; 10          ;
;                            ;             ;
; Usage by Processor         ; % Time Used ;
;     Processor 1            ; 100.0%      ;
;     Processor 2            ;   0.0%      ;
;     Processor 3            ;   0.0%      ;
;     Processor 4            ;   0.0%      ;
;     Processors 5-10        ;   0.0%      ;
+----------------------------+-------------+


+----------------------------------------------------------------------------------------------------------------------------------------------------------------------------------+
; Analysis & Synthesis Source Files Read                                                                                                                                           ;
+----------------------------------+-----------------+-----------------------+-------------------------------------------------------------------------------------------+---------+
; File Name with User-Entered Path ; Used in Netlist ; File Type             ; File Name with Absolute Path                                                              ; Library ;
+----------------------------------+-----------------+-----------------------+-------------------------------------------------------------------------------------------+---------+
; 7_segment_display_decoder.vhd    ; yes             ; User VHDL File        ; C:/Users/viola/Desktop/DSE/Laboratory/Lab4/Lab4.5/Synthesis/7_segment_display_decoder.vhd ;         ;
; T_FlipFlop.vhd                   ; yes             ; User VHDL File        ; C:/Users/viola/Desktop/DSE/Laboratory/Lab4/Lab4.5/Synthesis/T_FlipFlop.vhd                ;         ;
; reactionTimer.vhd                ; yes             ; User VHDL File        ; C:/Users/viola/Desktop/DSE/Laboratory/Lab4/Lab4.5/Synthesis/reactionTimer.vhd             ;         ;
; moduloCounter.vhd                ; yes             ; User VHDL File        ; C:/Users/viola/Desktop/DSE/Laboratory/Lab4/Lab4.5/Synthesis/moduloCounter.vhd             ;         ;
; gated_SRlatch.vhd                ; yes             ; User VHDL File        ; C:/Users/viola/Desktop/DSE/Laboratory/Lab4/Lab4.5/Synthesis/gated_SRlatch.vhd             ;         ;
; flipflop.vhd                     ; yes             ; User VHDL File        ; C:/Users/viola/Desktop/DSE/Laboratory/Lab4/Lab4.5/Synthesis/flipflop.vhd                  ;         ;
; elementaryCounter.vhd            ; yes             ; User VHDL File        ; C:/Users/viola/Desktop/DSE/Laboratory/Lab4/Lab4.5/Synthesis/elementaryCounter.vhd         ;         ;
; counter16bit_struc.vhd           ; yes             ; User VHDL File        ; C:/Users/viola/Desktop/DSE/Laboratory/Lab4/Lab4.5/Synthesis/counter16bit_struc.vhd        ;         ;
; comparator.vhd                   ; yes             ; User VHDL File        ; C:/Users/viola/Desktop/DSE/Laboratory/Lab4/Lab4.5/Synthesis/comparator.vhd                ;         ;
; Lab4_5.vhd                       ; yes             ; User VHDL File        ; C:/Users/viola/Desktop/DSE/Laboratory/Lab4/Lab4.5/Synthesis/Lab4_5.vhd                    ;         ;
; BinToBcd.vhd                     ; yes             ; User VHDL File        ; C:/Users/viola/Desktop/DSE/Laboratory/Lab4/Lab4.5/Synthesis/BinToBcd.vhd                  ;         ;
; comparator_typeb.vhd             ; yes             ; Auto-Found VHDL File  ; C:/Users/viola/Desktop/DSE/Laboratory/Lab4/Lab4.5/Synthesis/comparator_typeb.vhd          ;         ;
; mux.vhd                          ; yes             ; Auto-Found VHDL File  ; C:/Users/viola/Desktop/DSE/Laboratory/Lab4/Lab4.5/Synthesis/mux.vhd                       ;         ;
+----------------------------------+-----------------+-----------------------+-------------------------------------------------------------------------------------------+---------+


+-----------------------------------------------------------------------------------+
; Analysis & Synthesis Resource Usage Summary                                       ;
+---------------------------------------------+-------------------------------------+
; Resource                                    ; Usage                               ;
+---------------------------------------------+-------------------------------------+
; Estimate of Logic utilization (ALMs needed) ; 586                                 ;
;                                             ;                                     ;
; Combinational ALUT usage for logic          ; 927                                 ;
;     -- 7 input functions                    ; 0                                   ;
;     -- 6 input functions                    ; 245                                 ;
;     -- 5 input functions                    ; 95                                  ;
;     -- 4 input functions                    ; 349                                 ;
;     -- <=3 input functions                  ; 238                                 ;
;                                             ;                                     ;
; Dedicated logic registers                   ; 40                                  ;
;                                             ;                                     ;
; I/O pins                                    ; 51                                  ;
;                                             ;                                     ;
; Total DSP Blocks                            ; 0                                   ;
;                                             ;                                     ;
; Maximum fan-out node                        ; BCD_converter:CONV|hundred_digit~25 ;
; Maximum fan-out                             ; 171                                 ;
; Total fan-out                               ; 4265                                ;
; Average fan-out                             ; 3.99                                ;
+---------------------------------------------+-------------------------------------+


+---------------------------------------------------------------------------------------------------------------------------------------------------------------------------------------------------------------------------------------------------------------------------------------+
; Analysis & Synthesis Resource Utilization by Entity                                                                                                                                                                                                                                   ;
+---------------------------------------------+---------------------+---------------------------+-------------------+------------+------+--------------+----------------------------------------------------------------------------------------------+------------------+--------------+
; Compilation Hierarchy Node                  ; Combinational ALUTs ; Dedicated Logic Registers ; Block Memory Bits ; DSP Blocks ; Pins ; Virtual Pins ; Full Hierarchy Name                                                                          ; Entity Name      ; Library Name ;
+---------------------------------------------+---------------------+---------------------------+-------------------+------------+------+--------------+----------------------------------------------------------------------------------------------+------------------+--------------+
; |device                                     ; 927 (0)             ; 40 (0)                    ; 0                 ; 0          ; 51   ; 0            ; |device                                                                                      ; device           ; work         ;
;    |BCD_converter:CONV|                     ; 819 (819)           ; 0 (0)                     ; 0                 ; 0          ; 0    ; 0            ; |device|BCD_converter:CONV                                                                   ; BCD_converter    ; work         ;
;    |hexDecoder:DEC0|                        ; 8 (8)               ; 0 (0)                     ; 0                 ; 0          ; 0    ; 0            ; |device|hexDecoder:DEC0                                                                      ; hexDecoder       ; work         ;
;    |hexDecoder:DEC1|                        ; 7 (7)               ; 0 (0)                     ; 0                 ; 0          ; 0    ; 0            ; |device|hexDecoder:DEC1                                                                      ; hexDecoder       ; work         ;
;    |hexDecoder:DEC2|                        ; 7 (7)               ; 0 (0)                     ; 0                 ; 0          ; 0    ; 0            ; |device|hexDecoder:DEC2                                                                      ; hexDecoder       ; work         ;
;    |hexDecoder:DEC3|                        ; 7 (7)               ; 0 (0)                     ; 0                 ; 0          ; 0    ; 0            ; |device|hexDecoder:DEC3                                                                      ; hexDecoder       ; work         ;
;    |reactionTimer:uut|                      ; 79 (1)              ; 40 (0)                    ; 0                 ; 0          ; 0    ; 0            ; |device|reactionTimer:uut                                                                    ; reactionTimer    ; work         ;
;       |comparator:CMP1|                     ; 4 (4)               ; 0 (0)                     ; 0                 ; 0          ; 0    ; 0            ; |device|reactionTimer:uut|comparator:CMP1                                                    ; comparator       ; work         ;
;       |comparator_typeB:CMP|                ; 4 (4)               ; 0 (0)                     ; 0                 ; 0          ; 0    ; 0            ; |device|reactionTimer:uut|comparator_typeB:CMP                                               ; comparator_typeB ; work         ;
;       |counter16bit:CNT0|                   ; 14 (0)              ; 8 (0)                     ; 0                 ; 0          ; 0    ; 0            ; |device|reactionTimer:uut|counter16bit:CNT0                                                  ; counter16bit     ; work         ;
;          |T_FlipFlop:TFF|                   ; 1 (1)               ; 1 (1)                     ; 0                 ; 0          ; 0    ; 0            ; |device|reactionTimer:uut|counter16bit:CNT0|T_FlipFlop:TFF                                   ; T_FlipFlop       ; work         ;
;          |T_FlipFlop:\ff_generate:1:TFF|    ; 1 (1)               ; 1 (1)                     ; 0                 ; 0          ; 0    ; 0            ; |device|reactionTimer:uut|counter16bit:CNT0|T_FlipFlop:\ff_generate:1:TFF                    ; T_FlipFlop       ; work         ;
;          |T_FlipFlop:\ff_generate:2:TFF|    ; 2 (2)               ; 1 (1)                     ; 0                 ; 0          ; 0    ; 0            ; |device|reactionTimer:uut|counter16bit:CNT0|T_FlipFlop:\ff_generate:2:TFF                    ; T_FlipFlop       ; work         ;
;          |T_FlipFlop:\ff_generate:3:TFF|    ; 2 (2)               ; 1 (1)                     ; 0                 ; 0          ; 0    ; 0            ; |device|reactionTimer:uut|counter16bit:CNT0|T_FlipFlop:\ff_generate:3:TFF                    ; T_FlipFlop       ; work         ;
;          |T_FlipFlop:\ff_generate:4:TFF|    ; 2 (2)               ; 1 (1)                     ; 0                 ; 0          ; 0    ; 0            ; |device|reactionTimer:uut|counter16bit:CNT0|T_FlipFlop:\ff_generate:4:TFF                    ; T_FlipFlop       ; work         ;
;          |T_FlipFlop:\ff_generate:5:TFF|    ; 2 (2)               ; 1 (1)                     ; 0                 ; 0          ; 0    ; 0            ; |device|reactionTimer:uut|counter16bit:CNT0|T_FlipFlop:\ff_generate:5:TFF                    ; T_FlipFlop       ; work         ;
;          |T_FlipFlop:\ff_generate:6:TFF|    ; 2 (2)               ; 1 (1)                     ; 0                 ; 0          ; 0    ; 0            ; |device|reactionTimer:uut|counter16bit:CNT0|T_FlipFlop:\ff_generate:6:TFF                    ; T_FlipFlop       ; work         ;
;          |T_FlipFlop:\ff_generate:7:TFF|    ; 2 (2)               ; 1 (1)                     ; 0                 ; 0          ; 0    ; 0            ; |device|reactionTimer:uut|counter16bit:CNT0|T_FlipFlop:\ff_generate:7:TFF                    ; T_FlipFlop       ; work         ;
;       |counter16bit:CNT1|                   ; 31 (5)              ; 16 (0)                    ; 0                 ; 0          ; 0    ; 0            ; |device|reactionTimer:uut|counter16bit:CNT1                                                  ; counter16bit     ; work         ;
;          |T_FlipFlop:TFF|                   ; 1 (1)               ; 1 (1)                     ; 0                 ; 0          ; 0    ; 0            ; |device|reactionTimer:uut|counter16bit:CNT1|T_FlipFlop:TFF                                   ; T_FlipFlop       ; work         ;
;          |T_FlipFlop:\ff_generate:10:TFF|   ; 1 (1)               ; 1 (1)                     ; 0                 ; 0          ; 0    ; 0            ; |device|reactionTimer:uut|counter16bit:CNT1|T_FlipFlop:\ff_generate:10:TFF                   ; T_FlipFlop       ; work         ;
;          |T_FlipFlop:\ff_generate:11:TFF|   ; 1 (1)               ; 1 (1)                     ; 0                 ; 0          ; 0    ; 0            ; |device|reactionTimer:uut|counter16bit:CNT1|T_FlipFlop:\ff_generate:11:TFF                   ; T_FlipFlop       ; work         ;
;          |T_FlipFlop:\ff_generate:12:TFF|   ; 1 (1)               ; 1 (1)                     ; 0                 ; 0          ; 0    ; 0            ; |device|reactionTimer:uut|counter16bit:CNT1|T_FlipFlop:\ff_generate:12:TFF                   ; T_FlipFlop       ; work         ;
;          |T_FlipFlop:\ff_generate:13:TFF|   ; 2 (2)               ; 1 (1)                     ; 0                 ; 0          ; 0    ; 0            ; |device|reactionTimer:uut|counter16bit:CNT1|T_FlipFlop:\ff_generate:13:TFF                   ; T_FlipFlop       ; work         ;
;          |T_FlipFlop:\ff_generate:14:TFF|   ; 2 (2)               ; 1 (1)                     ; 0                 ; 0          ; 0    ; 0            ; |device|reactionTimer:uut|counter16bit:CNT1|T_FlipFlop:\ff_generate:14:TFF                   ; T_FlipFlop       ; work         ;
;          |T_FlipFlop:\ff_generate:15:TFF|   ; 2 (2)               ; 1 (1)                     ; 0                 ; 0          ; 0    ; 0            ; |device|reactionTimer:uut|counter16bit:CNT1|T_FlipFlop:\ff_generate:15:TFF                   ; T_FlipFlop       ; work         ;
;          |T_FlipFlop:\ff_generate:1:TFF|    ; 2 (2)               ; 1 (1)                     ; 0                 ; 0          ; 0    ; 0            ; |device|reactionTimer:uut|counter16bit:CNT1|T_FlipFlop:\ff_generate:1:TFF                    ; T_FlipFlop       ; work         ;
;          |T_FlipFlop:\ff_generate:2:TFF|    ; 2 (2)               ; 1 (1)                     ; 0                 ; 0          ; 0    ; 0            ; |device|reactionTimer:uut|counter16bit:CNT1|T_FlipFlop:\ff_generate:2:TFF                    ; T_FlipFlop       ; work         ;
;          |T_FlipFlop:\ff_generate:3:TFF|    ; 2 (2)               ; 1 (1)                     ; 0                 ; 0          ; 0    ; 0            ; |device|reactionTimer:uut|counter16bit:CNT1|T_FlipFlop:\ff_generate:3:TFF                    ; T_FlipFlop       ; work         ;
;          |T_FlipFlop:\ff_generate:4:TFF|    ; 2 (2)               ; 1 (1)                     ; 0                 ; 0          ; 0    ; 0            ; |device|reactionTimer:uut|counter16bit:CNT1|T_FlipFlop:\ff_generate:4:TFF                    ; T_FlipFlop       ; work         ;
;          |T_FlipFlop:\ff_generate:5:TFF|    ; 2 (2)               ; 1 (1)                     ; 0                 ; 0          ; 0    ; 0            ; |device|reactionTimer:uut|counter16bit:CNT1|T_FlipFlop:\ff_generate:5:TFF                    ; T_FlipFlop       ; work         ;
;          |T_FlipFlop:\ff_generate:6:TFF|    ; 2 (2)               ; 1 (1)                     ; 0                 ; 0          ; 0    ; 0            ; |device|reactionTimer:uut|counter16bit:CNT1|T_FlipFlop:\ff_generate:6:TFF                    ; T_FlipFlop       ; work         ;
;          |T_FlipFlop:\ff_generate:7:TFF|    ; 1 (1)               ; 1 (1)                     ; 0                 ; 0          ; 0    ; 0            ; |device|reactionTimer:uut|counter16bit:CNT1|T_FlipFlop:\ff_generate:7:TFF                    ; T_FlipFlop       ; work         ;
;          |T_FlipFlop:\ff_generate:8:TFF|    ; 2 (2)               ; 1 (1)                     ; 0                 ; 0          ; 0    ; 0            ; |device|reactionTimer:uut|counter16bit:CNT1|T_FlipFlop:\ff_generate:8:TFF                    ; T_FlipFlop       ; work         ;
;          |T_FlipFlop:\ff_generate:9:TFF|    ; 1 (1)               ; 1 (1)                     ; 0                 ; 0          ; 0    ; 0            ; |device|reactionTimer:uut|counter16bit:CNT1|T_FlipFlop:\ff_generate:9:TFF                    ; T_FlipFlop       ; work         ;
;       |gated_SRlatch:FF0|                   ; 4 (4)               ; 0 (0)                     ; 0                 ; 0          ; 0    ; 0            ; |device|reactionTimer:uut|gated_SRlatch:FF0                                                  ; gated_SRlatch    ; work         ;
;       |moduloCounter:MOD50k|                ; 21 (0)              ; 16 (0)                    ; 0                 ; 0          ; 0    ; 0            ; |device|reactionTimer:uut|moduloCounter:MOD50k                                               ; moduloCounter    ; work         ;
;          |elemCounter:CNT|                  ; 1 (0)               ; 1 (0)                     ; 0                 ; 0          ; 0    ; 0            ; |device|reactionTimer:uut|moduloCounter:MOD50k|elemCounter:CNT                               ; elemCounter      ; work         ;
;             |flipflop:DFF|                  ; 1 (1)               ; 1 (1)                     ; 0                 ; 0          ; 0    ; 0            ; |device|reactionTimer:uut|moduloCounter:MOD50k|elemCounter:CNT|flipflop:DFF                  ; flipflop         ; work         ;
;          |elemCounter:\cnt_generate:10:CNT| ; 1 (0)               ; 1 (0)                     ; 0                 ; 0          ; 0    ; 0            ; |device|reactionTimer:uut|moduloCounter:MOD50k|elemCounter:\cnt_generate:10:CNT              ; elemCounter      ; work         ;
;             |flipflop:DFF|                  ; 0 (0)               ; 1 (1)                     ; 0                 ; 0          ; 0    ; 0            ; |device|reactionTimer:uut|moduloCounter:MOD50k|elemCounter:\cnt_generate:10:CNT|flipflop:DFF ; flipflop         ; work         ;
;             |mux:MUX1|                      ; 1 (1)               ; 0 (0)                     ; 0                 ; 0          ; 0    ; 0            ; |device|reactionTimer:uut|moduloCounter:MOD50k|elemCounter:\cnt_generate:10:CNT|mux:MUX1     ; mux              ; work         ;
;          |elemCounter:\cnt_generate:11:CNT| ; 1 (0)               ; 1 (0)                     ; 0                 ; 0          ; 0    ; 0            ; |device|reactionTimer:uut|moduloCounter:MOD50k|elemCounter:\cnt_generate:11:CNT              ; elemCounter      ; work         ;
;             |flipflop:DFF|                  ; 0 (0)               ; 1 (1)                     ; 0                 ; 0          ; 0    ; 0            ; |device|reactionTimer:uut|moduloCounter:MOD50k|elemCounter:\cnt_generate:11:CNT|flipflop:DFF ; flipflop         ; work         ;
;             |mux:MUX1|                      ; 1 (1)               ; 0 (0)                     ; 0                 ; 0          ; 0    ; 0            ; |device|reactionTimer:uut|moduloCounter:MOD50k|elemCounter:\cnt_generate:11:CNT|mux:MUX1     ; mux              ; work         ;
;          |elemCounter:\cnt_generate:12:CNT| ; 3 (0)               ; 1 (0)                     ; 0                 ; 0          ; 0    ; 0            ; |device|reactionTimer:uut|moduloCounter:MOD50k|elemCounter:\cnt_generate:12:CNT              ; elemCounter      ; work         ;
;             |flipflop:DFF|                  ; 0 (0)               ; 1 (1)                     ; 0                 ; 0          ; 0    ; 0            ; |device|reactionTimer:uut|moduloCounter:MOD50k|elemCounter:\cnt_generate:12:CNT|flipflop:DFF ; flipflop         ; work         ;
;             |mux:MUX0|                      ; 2 (2)               ; 0 (0)                     ; 0                 ; 0          ; 0    ; 0            ; |device|reactionTimer:uut|moduloCounter:MOD50k|elemCounter:\cnt_generate:12:CNT|mux:MUX0     ; mux              ; work         ;
;             |mux:MUX1|                      ; 1 (1)               ; 0 (0)                     ; 0                 ; 0          ; 0    ; 0            ; |device|reactionTimer:uut|moduloCounter:MOD50k|elemCounter:\cnt_generate:12:CNT|mux:MUX1     ; mux              ; work         ;
;          |elemCounter:\cnt_generate:13:CNT| ; 1 (0)               ; 1 (0)                     ; 0                 ; 0          ; 0    ; 0            ; |device|reactionTimer:uut|moduloCounter:MOD50k|elemCounter:\cnt_generate:13:CNT              ; elemCounter      ; work         ;
;             |flipflop:DFF|                  ; 0 (0)               ; 1 (1)                     ; 0                 ; 0          ; 0    ; 0            ; |device|reactionTimer:uut|moduloCounter:MOD50k|elemCounter:\cnt_generate:13:CNT|flipflop:DFF ; flipflop         ; work         ;
;             |mux:MUX1|                      ; 1 (1)               ; 0 (0)                     ; 0                 ; 0          ; 0    ; 0            ; |device|reactionTimer:uut|moduloCounter:MOD50k|elemCounter:\cnt_generate:13:CNT|mux:MUX1     ; mux              ; work         ;
;          |elemCounter:\cnt_generate:14:CNT| ; 1 (0)               ; 1 (0)                     ; 0                 ; 0          ; 0    ; 0            ; |device|reactionTimer:uut|moduloCounter:MOD50k|elemCounter:\cnt_generate:14:CNT              ; elemCounter      ; work         ;
;             |flipflop:DFF|                  ; 0 (0)               ; 1 (1)                     ; 0                 ; 0          ; 0    ; 0            ; |device|reactionTimer:uut|moduloCounter:MOD50k|elemCounter:\cnt_generate:14:CNT|flipflop:DFF ; flipflop         ; work         ;
;             |mux:MUX1|                      ; 1 (1)               ; 0 (0)                     ; 0                 ; 0          ; 0    ; 0            ; |device|reactionTimer:uut|moduloCounter:MOD50k|elemCounter:\cnt_generate:14:CNT|mux:MUX1     ; mux              ; work         ;
;          |elemCounter:\cnt_generate:15:CNT| ; 1 (0)               ; 1 (0)                     ; 0                 ; 0          ; 0    ; 0            ; |device|reactionTimer:uut|moduloCounter:MOD50k|elemCounter:\cnt_generate:15:CNT              ; elemCounter      ; work         ;
;             |flipflop:DFF|                  ; 0 (0)               ; 1 (1)                     ; 0                 ; 0          ; 0    ; 0            ; |device|reactionTimer:uut|moduloCounter:MOD50k|elemCounter:\cnt_generate:15:CNT|flipflop:DFF ; flipflop         ; work         ;
;             |mux:MUX1|                      ; 1 (1)               ; 0 (0)                     ; 0                 ; 0          ; 0    ; 0            ; |device|reactionTimer:uut|moduloCounter:MOD50k|elemCounter:\cnt_generate:15:CNT|mux:MUX1     ; mux              ; work         ;
;          |elemCounter:\cnt_generate:1:CNT|  ; 1 (0)               ; 1 (0)                     ; 0                 ; 0          ; 0    ; 0            ; |device|reactionTimer:uut|moduloCounter:MOD50k|elemCounter:\cnt_generate:1:CNT               ; elemCounter      ; work         ;
;             |flipflop:DFF|                  ; 0 (0)               ; 1 (1)                     ; 0                 ; 0          ; 0    ; 0            ; |device|reactionTimer:uut|moduloCounter:MOD50k|elemCounter:\cnt_generate:1:CNT|flipflop:DFF  ; flipflop         ; work         ;
;             |mux:MUX1|                      ; 1 (1)               ; 0 (0)                     ; 0                 ; 0          ; 0    ; 0            ; |device|reactionTimer:uut|moduloCounter:MOD50k|elemCounter:\cnt_generate:1:CNT|mux:MUX1      ; mux              ; work         ;
;          |elemCounter:\cnt_generate:2:CNT|  ; 1 (0)               ; 1 (0)                     ; 0                 ; 0          ; 0    ; 0            ; |device|reactionTimer:uut|moduloCounter:MOD50k|elemCounter:\cnt_generate:2:CNT               ; elemCounter      ; work         ;
;             |flipflop:DFF|                  ; 0 (0)               ; 1 (1)                     ; 0                 ; 0          ; 0    ; 0            ; |device|reactionTimer:uut|moduloCounter:MOD50k|elemCounter:\cnt_generate:2:CNT|flipflop:DFF  ; flipflop         ; work         ;
;             |mux:MUX1|                      ; 1 (1)               ; 0 (0)                     ; 0                 ; 0          ; 0    ; 0            ; |device|reactionTimer:uut|moduloCounter:MOD50k|elemCounter:\cnt_generate:2:CNT|mux:MUX1      ; mux              ; work         ;
;          |elemCounter:\cnt_generate:3:CNT|  ; 1 (0)               ; 1 (0)                     ; 0                 ; 0          ; 0    ; 0            ; |device|reactionTimer:uut|moduloCounter:MOD50k|elemCounter:\cnt_generate:3:CNT               ; elemCounter      ; work         ;
;             |flipflop:DFF|                  ; 0 (0)               ; 1 (1)                     ; 0                 ; 0          ; 0    ; 0            ; |device|reactionTimer:uut|moduloCounter:MOD50k|elemCounter:\cnt_generate:3:CNT|flipflop:DFF  ; flipflop         ; work         ;
;             |mux:MUX1|                      ; 1 (1)               ; 0 (0)                     ; 0                 ; 0          ; 0    ; 0            ; |device|reactionTimer:uut|moduloCounter:MOD50k|elemCounter:\cnt_generate:3:CNT|mux:MUX1      ; mux              ; work         ;
;          |elemCounter:\cnt_generate:4:CNT|  ; 2 (0)               ; 1 (0)                     ; 0                 ; 0          ; 0    ; 0            ; |device|reactionTimer:uut|moduloCounter:MOD50k|elemCounter:\cnt_generate:4:CNT               ; elemCounter      ; work         ;
;             |flipflop:DFF|                  ; 0 (0)               ; 1 (1)                     ; 0                 ; 0          ; 0    ; 0            ; |device|reactionTimer:uut|moduloCounter:MOD50k|elemCounter:\cnt_generate:4:CNT|flipflop:DFF  ; flipflop         ; work         ;
;             |mux:MUX0|                      ; 1 (1)               ; 0 (0)                     ; 0                 ; 0          ; 0    ; 0            ; |device|reactionTimer:uut|moduloCounter:MOD50k|elemCounter:\cnt_generate:4:CNT|mux:MUX0      ; mux              ; work         ;
;             |mux:MUX1|                      ; 1 (1)               ; 0 (0)                     ; 0                 ; 0          ; 0    ; 0            ; |device|reactionTimer:uut|moduloCounter:MOD50k|elemCounter:\cnt_generate:4:CNT|mux:MUX1      ; mux              ; work         ;
;          |elemCounter:\cnt_generate:5:CNT|  ; 1 (0)               ; 1 (0)                     ; 0                 ; 0          ; 0    ; 0            ; |device|reactionTimer:uut|moduloCounter:MOD50k|elemCounter:\cnt_generate:5:CNT               ; elemCounter      ; work         ;
;             |flipflop:DFF|                  ; 0 (0)               ; 1 (1)                     ; 0                 ; 0          ; 0    ; 0            ; |device|reactionTimer:uut|moduloCounter:MOD50k|elemCounter:\cnt_generate:5:CNT|flipflop:DFF  ; flipflop         ; work         ;
;             |mux:MUX1|                      ; 1 (1)               ; 0 (0)                     ; 0                 ; 0          ; 0    ; 0            ; |device|reactionTimer:uut|moduloCounter:MOD50k|elemCounter:\cnt_generate:5:CNT|mux:MUX1      ; mux              ; work         ;
;          |elemCounter:\cnt_generate:6:CNT|  ; 2 (0)               ; 1 (0)                     ; 0                 ; 0          ; 0    ; 0            ; |device|reactionTimer:uut|moduloCounter:MOD50k|elemCounter:\cnt_generate:6:CNT               ; elemCounter      ; work         ;
;             |flipflop:DFF|                  ; 0 (0)               ; 1 (1)                     ; 0                 ; 0          ; 0    ; 0            ; |device|reactionTimer:uut|moduloCounter:MOD50k|elemCounter:\cnt_generate:6:CNT|flipflop:DFF  ; flipflop         ; work         ;
;             |mux:MUX0|                      ; 1 (1)               ; 0 (0)                     ; 0                 ; 0          ; 0    ; 0            ; |device|reactionTimer:uut|moduloCounter:MOD50k|elemCounter:\cnt_generate:6:CNT|mux:MUX0      ; mux              ; work         ;
;             |mux:MUX1|                      ; 1 (1)               ; 0 (0)                     ; 0                 ; 0          ; 0    ; 0            ; |device|reactionTimer:uut|moduloCounter:MOD50k|elemCounter:\cnt_generate:6:CNT|mux:MUX1      ; mux              ; work         ;
;          |elemCounter:\cnt_generate:7:CNT|  ; 1 (0)               ; 1 (0)                     ; 0                 ; 0          ; 0    ; 0            ; |device|reactionTimer:uut|moduloCounter:MOD50k|elemCounter:\cnt_generate:7:CNT               ; elemCounter      ; work         ;
;             |flipflop:DFF|                  ; 0 (0)               ; 1 (1)                     ; 0                 ; 0          ; 0    ; 0            ; |device|reactionTimer:uut|moduloCounter:MOD50k|elemCounter:\cnt_generate:7:CNT|flipflop:DFF  ; flipflop         ; work         ;
;             |mux:MUX1|                      ; 1 (1)               ; 0 (0)                     ; 0                 ; 0          ; 0    ; 0            ; |device|reactionTimer:uut|moduloCounter:MOD50k|elemCounter:\cnt_generate:7:CNT|mux:MUX1      ; mux              ; work         ;
;          |elemCounter:\cnt_generate:8:CNT|  ; 1 (0)               ; 1 (0)                     ; 0                 ; 0          ; 0    ; 0            ; |device|reactionTimer:uut|moduloCounter:MOD50k|elemCounter:\cnt_generate:8:CNT               ; elemCounter      ; work         ;
;             |flipflop:DFF|                  ; 0 (0)               ; 1 (1)                     ; 0                 ; 0          ; 0    ; 0            ; |device|reactionTimer:uut|moduloCounter:MOD50k|elemCounter:\cnt_generate:8:CNT|flipflop:DFF  ; flipflop         ; work         ;
;             |mux:MUX1|                      ; 1 (1)               ; 0 (0)                     ; 0                 ; 0          ; 0    ; 0            ; |device|reactionTimer:uut|moduloCounter:MOD50k|elemCounter:\cnt_generate:8:CNT|mux:MUX1      ; mux              ; work         ;
;          |elemCounter:\cnt_generate:9:CNT|  ; 2 (0)               ; 1 (0)                     ; 0                 ; 0          ; 0    ; 0            ; |device|reactionTimer:uut|moduloCounter:MOD50k|elemCounter:\cnt_generate:9:CNT               ; elemCounter      ; work         ;
;             |flipflop:DFF|                  ; 0 (0)               ; 1 (1)                     ; 0                 ; 0          ; 0    ; 0            ; |device|reactionTimer:uut|moduloCounter:MOD50k|elemCounter:\cnt_generate:9:CNT|flipflop:DFF  ; flipflop         ; work         ;
;             |mux:MUX0|                      ; 1 (1)               ; 0 (0)                     ; 0                 ; 0          ; 0    ; 0            ; |device|reactionTimer:uut|moduloCounter:MOD50k|elemCounter:\cnt_generate:9:CNT|mux:MUX0      ; mux              ; work         ;
;             |mux:MUX1|                      ; 1 (1)               ; 0 (0)                     ; 0                 ; 0          ; 0    ; 0            ; |device|reactionTimer:uut|moduloCounter:MOD50k|elemCounter:\cnt_generate:9:CNT|mux:MUX1      ; mux              ; work         ;
+---------------------------------------------+---------------------+---------------------------+-------------------+------------+------+--------------+----------------------------------------------------------------------------------------------+------------------+--------------+
Note: For table entries with two numbers listed, the numbers in parentheses indicate the number of resources of the given type used by the specific entity alone. The numbers listed outside of parentheses indicate the total resources of the given type used by the specific entity and all of its sub-entities in the hierarchy.


+------------------------------------------------------+
; General Register Statistics                          ;
+----------------------------------------------+-------+
; Statistic                                    ; Value ;
+----------------------------------------------+-------+
; Total registers                              ; 40    ;
; Number of registers using Synchronous Clear  ; 0     ;
; Number of registers using Synchronous Load   ; 0     ;
; Number of registers using Asynchronous Clear ; 40    ;
; Number of registers using Asynchronous Load  ; 0     ;
; Number of registers using Clock Enable       ; 0     ;
; Number of registers using Preset             ; 0     ;
+----------------------------------------------+-------+


+------------------------------------------------------------------------------------------------------------------------------------------------------+
; Multiplexer Restructuring Statistics (Restructuring Performed)                                                                                       ;
+--------------------+-----------+---------------+----------------------+------------------------+------------+----------------------------------------+
; Multiplexer Inputs ; Bus Width ; Baseline Area ; Area if Restructured ; Saving if Restructured ; Registered ; Example Multiplexer Output             ;
+--------------------+-----------+---------------+----------------------+------------------------+------------+----------------------------------------+
; 16:1               ; 2 bits    ; 20 LEs        ; 16 LEs               ; 4 LEs                  ; No         ; |device|BCD_converter:CONV|hundred[16] ;
; 16:1               ; 10 bits   ; 100 LEs       ; 80 LEs               ; 20 LEs                 ; No         ; |device|BCD_converter:CONV|hundred[15] ;
; 5:1                ; 2 bits    ; 6 LEs         ; 6 LEs                ; 0 LEs                  ; No         ; |device|hexDecoder:DEC0|OUT1[5]        ;
; 16:1               ; 12 bits   ; 120 LEs       ; 96 LEs               ; 24 LEs                 ; No         ; |device|BCD_converter:CONV|tens[12]    ;
; 5:1                ; 2 bits    ; 6 LEs         ; 6 LEs                ; 0 LEs                  ; No         ; |device|hexDecoder:DEC1|OUT1[6]        ;
; 16:1               ; 14 bits   ; 140 LEs       ; 112 LEs              ; 28 LEs                 ; No         ; |device|BCD_converter:CONV|ones[11]    ;
; 5:1                ; 2 bits    ; 6 LEs         ; 6 LEs                ; 0 LEs                  ; No         ; |device|hexDecoder:DEC2|OUT1[5]        ;
; 5:1                ; 2 bits    ; 6 LEs         ; 6 LEs                ; 0 LEs                  ; No         ; |device|hexDecoder:DEC3|OUT1[5]        ;
; 6:1                ; 3 bits    ; 12 LEs        ; 12 LEs               ; 0 LEs                  ; No         ; |device|hexDecoder:DEC0|OUT1[2]        ;
; 6:1                ; 3 bits    ; 12 LEs        ; 12 LEs               ; 0 LEs                  ; No         ; |device|hexDecoder:DEC1|OUT1[3]        ;
; 6:1                ; 3 bits    ; 12 LEs        ; 12 LEs               ; 0 LEs                  ; No         ; |device|hexDecoder:DEC2|OUT1[0]        ;
; 6:1                ; 3 bits    ; 12 LEs        ; 12 LEs               ; 0 LEs                  ; No         ; |device|hexDecoder:DEC3|OUT1[3]        ;
; 7:1                ; 2 bits    ; 8 LEs         ; 8 LEs                ; 0 LEs                  ; No         ; |device|BCD_converter:CONV|OUT3[2]     ;
; 7:1                ; 2 bits    ; 8 LEs         ; 8 LEs                ; 0 LEs                  ; No         ; |device|BCD_converter:CONV|OUT0[2]     ;
; 7:1                ; 2 bits    ; 8 LEs         ; 8 LEs                ; 0 LEs                  ; No         ; |device|BCD_converter:CONV|OUT2[2]     ;
; 7:1                ; 2 bits    ; 8 LEs         ; 8 LEs                ; 0 LEs                  ; No         ; |device|BCD_converter:CONV|OUT1[1]     ;
; 13:1               ; 2 bits    ; 16 LEs        ; 16 LEs               ; 0 LEs                  ; No         ; |device|BCD_converter:CONV|tens[31]    ;
; 13:1               ; 2 bits    ; 16 LEs        ; 16 LEs               ; 0 LEs                  ; No         ; |device|BCD_converter:CONV|ones[31]    ;
+--------------------+-----------+---------------+----------------------+------------------------+------------+----------------------------------------+


+------------------------------------------------------------+
; Source assignments for reactionTimer:uut|gated_SRlatch:FF0 ;
+------------------------------+-------+------+--------------+
; Assignment                   ; Value ; From ; To           ;
+------------------------------+-------+------+--------------+
; IGNORE_LCELL_BUFFERS         ; off   ; -    ; R_g          ;
; REMOVE_REDUNDANT_LOGIC_CELLS ; off   ; -    ; R_g          ;
; IGNORE_LCELL_BUFFERS         ; off   ; -    ; S_g          ;
; REMOVE_REDUNDANT_LOGIC_CELLS ; off   ; -    ; S_g          ;
; IGNORE_LCELL_BUFFERS         ; off   ; -    ; Qa           ;
; REMOVE_REDUNDANT_LOGIC_CELLS ; off   ; -    ; Qa           ;
; IGNORE_LCELL_BUFFERS         ; off   ; -    ; Qb           ;
; REMOVE_REDUNDANT_LOGIC_CELLS ; off   ; -    ; Qb           ;
+------------------------------+-------+------+--------------+


+-------------------------------------------------------------------------------------+
; Parameter Settings for User Entity Instance: reactionTimer:uut|comparator_typeB:CMP ;
+----------------+-------+------------------------------------------------------------+
; Parameter Name ; Value ; Type                                                       ;
+----------------+-------+------------------------------------------------------------+
; n_bits         ; 8     ; Signed Integer                                             ;
+----------------+-------+------------------------------------------------------------+
Note: In order to hide this table in the UI and the text report file, please set the "Show Parameter Settings in Synthesis Report" option in "Analysis and Synthesis Settings -> More Settings" to "Off".


+-------------------------------------------------------------------------------------+
; Parameter Settings for User Entity Instance: reactionTimer:uut|moduloCounter:MOD50k ;
+----------------+-------+------------------------------------------------------------+
; Parameter Name ; Value ; Type                                                       ;
+----------------+-------+------------------------------------------------------------+
; n_bits         ; 16    ; Signed Integer                                             ;
; modulo         ; 50000 ; Signed Integer                                             ;
+----------------+-------+------------------------------------------------------------+
Note: In order to hide this table in the UI and the text report file, please set the "Show Parameter Settings in Synthesis Report" option in "Analysis and Synthesis Settings -> More Settings" to "Off".


+----------------------------------------------------------------------------------------------------+
; Parameter Settings for User Entity Instance: reactionTimer:uut|moduloCounter:MOD50k|comparator:CMP ;
+----------------+-------+---------------------------------------------------------------------------+
; Parameter Name ; Value ; Type                                                                      ;
+----------------+-------+---------------------------------------------------------------------------+
; n_bits         ; 16    ; Signed Integer                                                            ;
; int            ; 49999 ; Signed Integer                                                            ;
+----------------+-------+---------------------------------------------------------------------------+
Note: In order to hide this table in the UI and the text report file, please set the "Show Parameter Settings in Synthesis Report" option in "Analysis and Synthesis Settings -> More Settings" to "Off".


+--------------------------------------------------------------------------------+
; Parameter Settings for User Entity Instance: reactionTimer:uut|comparator:CMP1 ;
+----------------+-------+-------------------------------------------------------+
; Parameter Name ; Value ; Type                                                  ;
+----------------+-------+-------------------------------------------------------+
; n_bits         ; 16    ; Signed Integer                                        ;
; int            ; 49999 ; Signed Integer                                        ;
+----------------+-------+-------------------------------------------------------+
Note: In order to hide this table in the UI and the text report file, please set the "Show Parameter Settings in Synthesis Report" option in "Analysis and Synthesis Settings -> More Settings" to "Off".


+------------------------------------------------------------------------------------------------------------------+
; Port Connectivity Checks: "reactionTimer:uut|moduloCounter:MOD50k|elemCounter:\cnt_generate:15:CNT"              ;
+--------+--------+----------+-------------------------------------------------------------------------------------+
; Port   ; Type   ; Severity ; Details                                                                             ;
+--------+--------+----------+-------------------------------------------------------------------------------------+
; next_a ; Output ; Info     ; Connected to dangling logic. Logic that only feeds a dangling port will be removed. ;
; p      ; Input  ; Info     ; Stuck at GND                                                                        ;
+--------+--------+----------+-------------------------------------------------------------------------------------+


+-----------------------------------------------------------------------------------------------------+
; Port Connectivity Checks: "reactionTimer:uut|moduloCounter:MOD50k|elemCounter:\cnt_generate:14:CNT" ;
+------+-------+----------+---------------------------------------------------------------------------+
; Port ; Type  ; Severity ; Details                                                                   ;
+------+-------+----------+---------------------------------------------------------------------------+
; p    ; Input ; Info     ; Stuck at GND                                                              ;
+------+-------+----------+---------------------------------------------------------------------------+


+-----------------------------------------------------------------------------------------------------+
; Port Connectivity Checks: "reactionTimer:uut|moduloCounter:MOD50k|elemCounter:\cnt_generate:13:CNT" ;
+------+-------+----------+---------------------------------------------------------------------------+
; Port ; Type  ; Severity ; Details                                                                   ;
+------+-------+----------+---------------------------------------------------------------------------+
; p    ; Input ; Info     ; Stuck at GND                                                              ;
+------+-------+----------+---------------------------------------------------------------------------+


+-----------------------------------------------------------------------------------------------------+
; Port Connectivity Checks: "reactionTimer:uut|moduloCounter:MOD50k|elemCounter:\cnt_generate:12:CNT" ;
+------+-------+----------+---------------------------------------------------------------------------+
; Port ; Type  ; Severity ; Details                                                                   ;
+------+-------+----------+---------------------------------------------------------------------------+
; p    ; Input ; Info     ; Stuck at GND                                                              ;
+------+-------+----------+---------------------------------------------------------------------------+


+-----------------------------------------------------------------------------------------------------+
; Port Connectivity Checks: "reactionTimer:uut|moduloCounter:MOD50k|elemCounter:\cnt_generate:11:CNT" ;
+------+-------+----------+---------------------------------------------------------------------------+
; Port ; Type  ; Severity ; Details                                                                   ;
+------+-------+----------+---------------------------------------------------------------------------+
; p    ; Input ; Info     ; Stuck at GND                                                              ;
+------+-------+----------+---------------------------------------------------------------------------+


+-----------------------------------------------------------------------------------------------------+
; Port Connectivity Checks: "reactionTimer:uut|moduloCounter:MOD50k|elemCounter:\cnt_generate:10:CNT" ;
+------+-------+----------+---------------------------------------------------------------------------+
; Port ; Type  ; Severity ; Details                                                                   ;
+------+-------+----------+---------------------------------------------------------------------------+
; p    ; Input ; Info     ; Stuck at GND                                                              ;
+------+-------+----------+---------------------------------------------------------------------------+


+----------------------------------------------------------------------------------------------------+
; Port Connectivity Checks: "reactionTimer:uut|moduloCounter:MOD50k|elemCounter:\cnt_generate:9:CNT" ;
+------+-------+----------+--------------------------------------------------------------------------+
; Port ; Type  ; Severity ; Details                                                                  ;
+------+-------+----------+--------------------------------------------------------------------------+
; p    ; Input ; Info     ; Stuck at GND                                                             ;
+------+-------+----------+--------------------------------------------------------------------------+


+----------------------------------------------------------------------------------------------------+
; Port Connectivity Checks: "reactionTimer:uut|moduloCounter:MOD50k|elemCounter:\cnt_generate:8:CNT" ;
+------+-------+----------+--------------------------------------------------------------------------+
; Port ; Type  ; Severity ; Details                                                                  ;
+------+-------+----------+--------------------------------------------------------------------------+
; p    ; Input ; Info     ; Stuck at GND                                                             ;
+------+-------+----------+--------------------------------------------------------------------------+


+----------------------------------------------------------------------------------------------------+
; Port Connectivity Checks: "reactionTimer:uut|moduloCounter:MOD50k|elemCounter:\cnt_generate:7:CNT" ;
+------+-------+----------+--------------------------------------------------------------------------+
; Port ; Type  ; Severity ; Details                                                                  ;
+------+-------+----------+--------------------------------------------------------------------------+
; p    ; Input ; Info     ; Stuck at GND                                                             ;
+------+-------+----------+--------------------------------------------------------------------------+


+----------------------------------------------------------------------------------------------------+
; Port Connectivity Checks: "reactionTimer:uut|moduloCounter:MOD50k|elemCounter:\cnt_generate:6:CNT" ;
+------+-------+----------+--------------------------------------------------------------------------+
; Port ; Type  ; Severity ; Details                                                                  ;
+------+-------+----------+--------------------------------------------------------------------------+
; p    ; Input ; Info     ; Stuck at GND                                                             ;
+------+-------+----------+--------------------------------------------------------------------------+


+----------------------------------------------------------------------------------------------------+
; Port Connectivity Checks: "reactionTimer:uut|moduloCounter:MOD50k|elemCounter:\cnt_generate:5:CNT" ;
+------+-------+----------+--------------------------------------------------------------------------+
; Port ; Type  ; Severity ; Details                                                                  ;
+------+-------+----------+--------------------------------------------------------------------------+
; p    ; Input ; Info     ; Stuck at GND                                                             ;
+------+-------+----------+--------------------------------------------------------------------------+


+----------------------------------------------------------------------------------------------------+
; Port Connectivity Checks: "reactionTimer:uut|moduloCounter:MOD50k|elemCounter:\cnt_generate:4:CNT" ;
+------+-------+----------+--------------------------------------------------------------------------+
; Port ; Type  ; Severity ; Details                                                                  ;
+------+-------+----------+--------------------------------------------------------------------------+
; p    ; Input ; Info     ; Stuck at GND                                                             ;
+------+-------+----------+--------------------------------------------------------------------------+


+----------------------------------------------------------------------------------------------------+
; Port Connectivity Checks: "reactionTimer:uut|moduloCounter:MOD50k|elemCounter:\cnt_generate:3:CNT" ;
+------+-------+----------+--------------------------------------------------------------------------+
; Port ; Type  ; Severity ; Details                                                                  ;
+------+-------+----------+--------------------------------------------------------------------------+
; p    ; Input ; Info     ; Stuck at GND                                                             ;
+------+-------+----------+--------------------------------------------------------------------------+


+----------------------------------------------------------------------------------------------------+
; Port Connectivity Checks: "reactionTimer:uut|moduloCounter:MOD50k|elemCounter:\cnt_generate:2:CNT" ;
+------+-------+----------+--------------------------------------------------------------------------+
; Port ; Type  ; Severity ; Details                                                                  ;
+------+-------+----------+--------------------------------------------------------------------------+
; p    ; Input ; Info     ; Stuck at GND                                                             ;
+------+-------+----------+--------------------------------------------------------------------------+


+----------------------------------------------------------------------------------------------------+
; Port Connectivity Checks: "reactionTimer:uut|moduloCounter:MOD50k|elemCounter:\cnt_generate:1:CNT" ;
+------+-------+----------+--------------------------------------------------------------------------+
; Port ; Type  ; Severity ; Details                                                                  ;
+------+-------+----------+--------------------------------------------------------------------------+
; p    ; Input ; Info     ; Stuck at GND                                                             ;
+------+-------+----------+--------------------------------------------------------------------------+


+------------------------------------------------------------------------------------+
; Port Connectivity Checks: "reactionTimer:uut|moduloCounter:MOD50k|elemCounter:CNT" ;
+------+-------+----------+----------------------------------------------------------+
; Port ; Type  ; Severity ; Details                                                  ;
+------+-------+----------+----------------------------------------------------------+
; p    ; Input ; Info     ; Stuck at GND                                             ;
+------+-------+----------+----------------------------------------------------------+


+--------------------------------------------------------------------+
; Port Connectivity Checks: "reactionTimer:uut|moduloCounter:MOD50k" ;
+------+-------+----------+------------------------------------------+
; Port ; Type  ; Severity ; Details                                  ;
+------+-------+----------+------------------------------------------+
; en   ; Input ; Info     ; Stuck at VCC                             ;
+------+-------+----------+------------------------------------------+


+------------------------------------------------------------------------------------------------------------------------+
; Port Connectivity Checks: "reactionTimer:uut|counter16bit:CNT0"                                                        ;
+--------------+--------+----------+-------------------------------------------------------------------------------------+
; Port         ; Type   ; Severity ; Details                                                                             ;
+--------------+--------+----------+-------------------------------------------------------------------------------------+
; count[15..8] ; Output ; Info     ; Connected to dangling logic. Logic that only feeds a dangling port will be removed. ;
+--------------+--------+----------+-------------------------------------------------------------------------------------+


+-----------------------------------------------------+
; Post-Synthesis Netlist Statistics for Top Partition ;
+-----------------------+-----------------------------+
; Type                  ; Count                       ;
+-----------------------+-----------------------------+
; arriav_ff             ; 40                          ;
;     CLR               ; 40                          ;
; arriav_lcell_comb     ; 937                         ;
;     arith             ; 438                         ;
;         0 data inputs ; 18                          ;
;         1 data inputs ; 161                         ;
;         2 data inputs ; 5                           ;
;         3 data inputs ; 5                           ;
;         4 data inputs ; 249                         ;
;     normal            ; 499                         ;
;         0 data inputs ; 1                           ;
;         1 data inputs ; 10                          ;
;         2 data inputs ; 18                          ;
;         3 data inputs ; 30                          ;
;         4 data inputs ; 100                         ;
;         5 data inputs ; 95                          ;
;         6 data inputs ; 245                         ;
; boundary_port         ; 51                          ;
;                       ;                             ;
; Max LUT depth         ; 20.00                       ;
; Average LUT depth     ; 17.28                       ;
+-----------------------+-----------------------------+


+-------------------------------+
; Elapsed Time Per Partition    ;
+----------------+--------------+
; Partition Name ; Elapsed Time ;
+----------------+--------------+
; Top            ; 00:00:03     ;
+----------------+--------------+


+-------------------------------+
; Analysis & Synthesis Messages ;
+-------------------------------+
Info: *******************************************************************
Info: Running Quartus Prime Analysis & Synthesis
    Info: Version 23.1std.1 Build 993 05/14/2024 SC Lite Edition
    Info: Processing started: Sun Apr  6 12:56:50 2025
Info: Command: quartus_map --read_settings_files=on --write_settings_files=off Lab4_5 -c Lab4_5
Warning (18236): Number of processors has not been specified which may cause overloading on shared machines.  Set the global assignment NUM_PARALLEL_PROCESSORS in your QSF to an appropriate value for best performance.
Info (20030): Parallel compilation is enabled and will use 10 of the 10 processors detected
Info (12021): Found 2 design units, including 1 entities, in source file 7_segment_display_decoder.vhd
    Info (12022): Found design unit 1: hexDecoder-Behavior File: C:/Users/viola/Desktop/DSE/Laboratory/Lab4/Lab4.5/Synthesis/7_segment_display_decoder.vhd Line: 17
    Info (12023): Found entity 1: hexDecoder File: C:/Users/viola/Desktop/DSE/Laboratory/Lab4/Lab4.5/Synthesis/7_segment_display_decoder.vhd Line: 10
Info (12021): Found 2 design units, including 1 entities, in source file t_flipflop.vhd
    Info (12022): Found design unit 1: T_FlipFlop-behaviour File: C:/Users/viola/Desktop/DSE/Laboratory/Lab4/Lab4.5/Synthesis/T_FlipFlop.vhd Line: 19
    Info (12023): Found entity 1: T_FlipFlop File: C:/Users/viola/Desktop/DSE/Laboratory/Lab4/Lab4.5/Synthesis/T_FlipFlop.vhd Line: 10
Info (12021): Found 2 design units, including 1 entities, in source file reactiontimer.vhd
    Info (12022): Found design unit 1: reactionTimer-structure File: C:/Users/viola/Desktop/DSE/Laboratory/Lab4/Lab4.5/Synthesis/reactionTimer.vhd Line: 20
    Info (12023): Found entity 1: reactionTimer File: C:/Users/viola/Desktop/DSE/Laboratory/Lab4/Lab4.5/Synthesis/reactionTimer.vhd Line: 11
Info (12021): Found 2 design units, including 1 entities, in source file modulocounter.vhd
    Info (12022): Found design unit 1: moduloCounter-structure File: C:/Users/viola/Desktop/DSE/Laboratory/Lab4/Lab4.5/Synthesis/moduloCounter.vhd Line: 24
    Info (12023): Found entity 1: moduloCounter File: C:/Users/viola/Desktop/DSE/Laboratory/Lab4/Lab4.5/Synthesis/moduloCounter.vhd Line: 12
Info (12021): Found 2 design units, including 1 entities, in source file gated_srlatch.vhd
    Info (12022): Found design unit 1: gated_SRlatch-Structural File: C:/Users/viola/Desktop/DSE/Laboratory/Lab4/Lab4.5/Synthesis/gated_SRlatch.vhd Line: 10
    Info (12023): Found entity 1: gated_SRlatch File: C:/Users/viola/Desktop/DSE/Laboratory/Lab4/Lab4.5/Synthesis/gated_SRlatch.vhd Line: 4
Info (12021): Found 2 design units, including 1 entities, in source file flipflop.vhd
    Info (12022): Found design unit 1: flipflop-Behavior File: C:/Users/viola/Desktop/DSE/Laboratory/Lab4/Lab4.5/Synthesis/flipflop.vhd Line: 16
    Info (12023): Found entity 1: flipflop File: C:/Users/viola/Desktop/DSE/Laboratory/Lab4/Lab4.5/Synthesis/flipflop.vhd Line: 10
Info (12021): Found 2 design units, including 1 entities, in source file elementarycounter.vhd
    Info (12022): Found design unit 1: elemCounter-structure File: C:/Users/viola/Desktop/DSE/Laboratory/Lab4/Lab4.5/Synthesis/elementaryCounter.vhd Line: 19
    Info (12023): Found entity 1: elemCounter File: C:/Users/viola/Desktop/DSE/Laboratory/Lab4/Lab4.5/Synthesis/elementaryCounter.vhd Line: 10
Info (12021): Found 2 design units, including 1 entities, in source file counter16bit_struc.vhd
    Info (12022): Found design unit 1: counter16bit-structure File: C:/Users/viola/Desktop/DSE/Laboratory/Lab4/Lab4.5/Synthesis/counter16bit_struc.vhd Line: 17
    Info (12023): Found entity 1: counter16bit File: C:/Users/viola/Desktop/DSE/Laboratory/Lab4/Lab4.5/Synthesis/counter16bit_struc.vhd Line: 10
Info (12021): Found 2 design units, including 1 entities, in source file comparator.vhd
    Info (12022): Found design unit 1: comparator-dataflow File: C:/Users/viola/Desktop/DSE/Laboratory/Lab4/Lab4.5/Synthesis/comparator.vhd Line: 25
    Info (12023): Found entity 1: comparator File: C:/Users/viola/Desktop/DSE/Laboratory/Lab4/Lab4.5/Synthesis/comparator.vhd Line: 13
Info (12021): Found 2 design units, including 1 entities, in source file lab4_5.vhd
    Info (12022): Found design unit 1: device-behaviour File: C:/Users/viola/Desktop/DSE/Laboratory/Lab4/Lab4.5/Synthesis/Lab4_5.vhd Line: 20
    Info (12023): Found entity 1: device File: C:/Users/viola/Desktop/DSE/Laboratory/Lab4/Lab4.5/Synthesis/Lab4_5.vhd Line: 10
Info (12021): Found 2 design units, including 1 entities, in source file bintobcd.vhd
    Info (12022): Found design unit 1: BCD_converter-behavior File: C:/Users/viola/Desktop/DSE/Laboratory/Lab4/Lab4.5/Synthesis/BinToBcd.vhd Line: 11
    Info (12023): Found entity 1: BCD_converter File: C:/Users/viola/Desktop/DSE/Laboratory/Lab4/Lab4.5/Synthesis/BinToBcd.vhd Line: 5
Info (12127): Elaborating entity "device" for the top level hierarchy
Warning (10873): Using initial value X (don't care) for net "LEDR[9..1]" at Lab4_5.vhd(16) File: C:/Users/viola/Desktop/DSE/Laboratory/Lab4/Lab4.5/Synthesis/Lab4_5.vhd Line: 16
Info (12128): Elaborating entity "reactionTimer" for hierarchy "reactionTimer:uut" File: C:/Users/viola/Desktop/DSE/Laboratory/Lab4/Lab4.5/Synthesis/Lab4_5.vhd Line: 49
Warning (10036): Verilog HDL or VHDL warning at reactionTimer.vhd(72): object "IN1_INTEGER" assigned a value but never read File: C:/Users/viola/Desktop/DSE/Laboratory/Lab4/Lab4.5/Synthesis/reactionTimer.vhd Line: 72
Info (12128): Elaborating entity "counter16bit" for hierarchy "reactionTimer:uut|counter16bit:CNT0" File: C:/Users/viola/Desktop/DSE/Laboratory/Lab4/Lab4.5/Synthesis/reactionTimer.vhd Line: 81
Info (12128): Elaborating entity "T_FlipFlop" for hierarchy "reactionTimer:uut|counter16bit:CNT0|T_FlipFlop:TFF" File: C:/Users/viola/Desktop/DSE/Laboratory/Lab4/Lab4.5/Synthesis/counter16bit_struc.vhd Line: 34
Warning (12125): Using design file comparator_typeb.vhd, which is not specified as a design file for the current project, but contains definitions for 2 design units and 1 entities in project
    Info (12022): Found design unit 1: comparator_typeB-dataflow File: C:/Users/viola/Desktop/DSE/Laboratory/Lab4/Lab4.5/Synthesis/comparator_typeb.vhd Line: 23
    Info (12023): Found entity 1: comparator_typeB File: C:/Users/viola/Desktop/DSE/Laboratory/Lab4/Lab4.5/Synthesis/comparator_typeb.vhd Line: 12
Info (12128): Elaborating entity "comparator_typeB" for hierarchy "reactionTimer:uut|comparator_typeB:CMP" File: C:/Users/viola/Desktop/DSE/Laboratory/Lab4/Lab4.5/Synthesis/reactionTimer.vhd Line: 89
Info (12128): Elaborating entity "gated_SRlatch" for hierarchy "reactionTimer:uut|gated_SRlatch:FF0" File: C:/Users/viola/Desktop/DSE/Laboratory/Lab4/Lab4.5/Synthesis/reactionTimer.vhd Line: 110
Info (12128): Elaborating entity "moduloCounter" for hierarchy "reactionTimer:uut|moduloCounter:MOD50k" File: C:/Users/viola/Desktop/DSE/Laboratory/Lab4/Lab4.5/Synthesis/reactionTimer.vhd Line: 118
Info (12128): Elaborating entity "elemCounter" for hierarchy "reactionTimer:uut|moduloCounter:MOD50k|elemCounter:CNT" File: C:/Users/viola/Desktop/DSE/Laboratory/Lab4/Lab4.5/Synthesis/moduloCounter.vhd Line: 53
Info (12128): Elaborating entity "flipflop" for hierarchy "reactionTimer:uut|moduloCounter:MOD50k|elemCounter:CNT|flipflop:DFF" File: C:/Users/viola/Desktop/DSE/Laboratory/Lab4/Lab4.5/Synthesis/elementaryCounter.vhd Line: 38
Warning (12090): Entity "mux" obtained from "mux.vhd" instead of from Quartus Prime megafunction library File: C:/Users/viola/Desktop/DSE/Laboratory/Lab4/Lab4.5/Synthesis/mux.vhd Line: 10
Warning (12125): Using design file mux.vhd, which is not specified as a design file for the current project, but contains definitions for 2 design units and 1 entities in project
    Info (12022): Found design unit 1: mux-stuctural File: C:/Users/viola/Desktop/DSE/Laboratory/Lab4/Lab4.5/Synthesis/mux.vhd Line: 16
    Info (12023): Found entity 1: mux File: C:/Users/viola/Desktop/DSE/Laboratory/Lab4/Lab4.5/Synthesis/mux.vhd Line: 10
Info (12128): Elaborating entity "mux" for hierarchy "reactionTimer:uut|moduloCounter:MOD50k|elemCounter:CNT|mux:MUX0" File: C:/Users/viola/Desktop/DSE/Laboratory/Lab4/Lab4.5/Synthesis/elementaryCounter.vhd Line: 46
Info (12128): Elaborating entity "comparator" for hierarchy "reactionTimer:uut|moduloCounter:MOD50k|comparator:CMP" File: C:/Users/viola/Desktop/DSE/Laboratory/Lab4/Lab4.5/Synthesis/moduloCounter.vhd Line: 80
Info (12128): Elaborating entity "BCD_converter" for hierarchy "BCD_converter:CONV" File: C:/Users/viola/Desktop/DSE/Laboratory/Lab4/Lab4.5/Synthesis/Lab4_5.vhd Line: 59
Info (12128): Elaborating entity "hexDecoder" for hierarchy "hexDecoder:DEC0" File: C:/Users/viola/Desktop/DSE/Laboratory/Lab4/Lab4.5/Synthesis/Lab4_5.vhd Line: 69
Warning (13024): Output pins are stuck at VCC or GND
    Warning (13410): Pin "LEDR[1]" is stuck at GND File: C:/Users/viola/Desktop/DSE/Laboratory/Lab4/Lab4.5/Synthesis/Lab4_5.vhd Line: 16
    Warning (13410): Pin "LEDR[2]" is stuck at GND File: C:/Users/viola/Desktop/DSE/Laboratory/Lab4/Lab4.5/Synthesis/Lab4_5.vhd Line: 16
    Warning (13410): Pin "LEDR[3]" is stuck at GND File: C:/Users/viola/Desktop/DSE/Laboratory/Lab4/Lab4.5/Synthesis/Lab4_5.vhd Line: 16
    Warning (13410): Pin "LEDR[4]" is stuck at GND File: C:/Users/viola/Desktop/DSE/Laboratory/Lab4/Lab4.5/Synthesis/Lab4_5.vhd Line: 16
    Warning (13410): Pin "LEDR[5]" is stuck at GND File: C:/Users/viola/Desktop/DSE/Laboratory/Lab4/Lab4.5/Synthesis/Lab4_5.vhd Line: 16
    Warning (13410): Pin "LEDR[6]" is stuck at GND File: C:/Users/viola/Desktop/DSE/Laboratory/Lab4/Lab4.5/Synthesis/Lab4_5.vhd Line: 16
    Warning (13410): Pin "LEDR[7]" is stuck at GND File: C:/Users/viola/Desktop/DSE/Laboratory/Lab4/Lab4.5/Synthesis/Lab4_5.vhd Line: 16
    Warning (13410): Pin "LEDR[8]" is stuck at GND File: C:/Users/viola/Desktop/DSE/Laboratory/Lab4/Lab4.5/Synthesis/Lab4_5.vhd Line: 16
    Warning (13410): Pin "LEDR[9]" is stuck at GND File: C:/Users/viola/Desktop/DSE/Laboratory/Lab4/Lab4.5/Synthesis/Lab4_5.vhd Line: 16
Info (286030): Timing-Driven Synthesis is running
Info (16010): Generating hard_block partition "hard_block:auto_generated_inst"
    Info (16011): Adding 0 node(s), including 0 DDIO, 0 PLL, 0 transceiver and 0 LCELL
Warning (21074): Design contains 2 input pin(s) that do not drive logic
    Warning (15610): No output dependent on input pin "KEY[1]" File: C:/Users/viola/Desktop/DSE/Laboratory/Lab4/Lab4.5/Synthesis/Lab4_5.vhd Line: 14
    Warning (15610): No output dependent on input pin "KEY[2]" File: C:/Users/viola/Desktop/DSE/Laboratory/Lab4/Lab4.5/Synthesis/Lab4_5.vhd Line: 14
Info (21057): Implemented 978 device resources after synthesis - the final resource count might be different
    Info (21058): Implemented 13 input pins
    Info (21059): Implemented 38 output pins
    Info (21061): Implemented 927 logic cells
Info: Quartus Prime Analysis & Synthesis was successful. 0 errors, 19 warnings
    Info: Peak virtual memory: 4947 megabytes
    Info: Processing ended: Sun Apr  6 12:57:04 2025
    Info: Elapsed time: 00:00:14
    Info: Total CPU time (on all processors): 00:00:24


