Analysis & Synthesis report for Lab4_2
Mon Mar 24 11:01:07 2025
Quartus Prime Version 22.1std.2 Build 922 07/20/2023 SC Lite Edition


---------------------
; Table of Contents ;
---------------------
  1. Legal Notice
  2. Analysis & Synthesis Summary
  3. Analysis & Synthesis Settings
  4. Parallel Compilation
  5. Analysis & Synthesis Source Files Read
  6. Analysis & Synthesis Resource Usage Summary
  7. Analysis & Synthesis Resource Utilization by Entity
  8. General Register Statistics
  9. Post-Synthesis Netlist Statistics for Top Partition
 10. Elapsed Time Per Partition
 11. Analysis & Synthesis Messages



----------------
; Legal Notice ;
----------------
Copyright (C) 2023  Intel Corporation. All rights reserved.
Your use of Intel Corporation's design tools, logic functions 
and other software and tools, and any partner logic 
functions, and any output files from any of the foregoing 
(including device programming or simulation files), and any 
associated documentation or information are expressly subject 
to the terms and conditions of the Intel Program License 
Subscription Agreement, the Intel Quartus Prime License Agreement,
the Intel FPGA IP License Agreement, or other applicable license
agreement, including, without limitation, that your use is for
the sole purpose of programming logic devices manufactured by
Intel and sold by Intel or its authorized distributors.  Please
refer to the applicable agreement for further details, at
https://fpgasoftware.intel.com/eula.



+----------------------------------------------------------------------------------+
; Analysis & Synthesis Summary                                                     ;
+---------------------------------+------------------------------------------------+
; Analysis & Synthesis Status     ; Successful - Mon Mar 24 11:01:07 2025          ;
; Quartus Prime Version           ; 22.1std.2 Build 922 07/20/2023 SC Lite Edition ;
; Revision Name                   ; Lab4_2                                         ;
; Top-level Entity Name           ; device_counter16bit                            ;
; Family                          ; Cyclone V                                      ;
; Logic utilization (in ALMs)     ; N/A                                            ;
; Total registers                 ; 16                                             ;
; Total pins                      ; 42                                             ;
; Total virtual pins              ; 0                                              ;
; Total block memory bits         ; 0                                              ;
; Total DSP Blocks                ; 0                                              ;
; Total HSSI RX PCSs              ; 0                                              ;
; Total HSSI PMA RX Deserializers ; 0                                              ;
; Total HSSI TX PCSs              ; 0                                              ;
; Total HSSI PMA TX Serializers   ; 0                                              ;
; Total PLLs                      ; 0                                              ;
; Total DLLs                      ; 0                                              ;
+---------------------------------+------------------------------------------------+


+----------------------------------------------------------------------------------------------------------------------------+
; Analysis & Synthesis Settings                                                                                              ;
+---------------------------------------------------------------------------------+---------------------+--------------------+
; Option                                                                          ; Setting             ; Default Value      ;
+---------------------------------------------------------------------------------+---------------------+--------------------+
; Device                                                                          ; 5CSEMA5F31C6        ;                    ;
; Top-level entity name                                                           ; device_counter16bit ; Lab4_2             ;
; Family name                                                                     ; Cyclone V           ; Cyclone V          ;
; Use smart compilation                                                           ; Off                 ; Off                ;
; Enable parallel Assembler and Timing Analyzer during compilation                ; On                  ; On                 ;
; Enable compact report table                                                     ; Off                 ; Off                ;
; Restructure Multiplexers                                                        ; Auto                ; Auto               ;
; MLAB Add Timing Constraints For Mixed-Port Feed-Through Mode Setting Don't Care ; Off                 ; Off                ;
; Create Debugging Nodes for IP Cores                                             ; Off                 ; Off                ;
; Preserve fewer node names                                                       ; On                  ; On                 ;
; Intel FPGA IP Evaluation Mode                                                   ; Enable              ; Enable             ;
; Verilog Version                                                                 ; Verilog_2001        ; Verilog_2001       ;
; VHDL Version                                                                    ; VHDL_1993           ; VHDL_1993          ;
; State Machine Processing                                                        ; Auto                ; Auto               ;
; Safe State Machine                                                              ; Off                 ; Off                ;
; Extract Verilog State Machines                                                  ; On                  ; On                 ;
; Extract VHDL State Machines                                                     ; On                  ; On                 ;
; Ignore Verilog initial constructs                                               ; Off                 ; Off                ;
; Iteration limit for constant Verilog loops                                      ; 5000                ; 5000               ;
; Iteration limit for non-constant Verilog loops                                  ; 250                 ; 250                ;
; Add Pass-Through Logic to Inferred RAMs                                         ; On                  ; On                 ;
; Infer RAMs from Raw Logic                                                       ; On                  ; On                 ;
; Parallel Synthesis                                                              ; On                  ; On                 ;
; DSP Block Balancing                                                             ; Auto                ; Auto               ;
; NOT Gate Push-Back                                                              ; On                  ; On                 ;
; Power-Up Don't Care                                                             ; On                  ; On                 ;
; Remove Redundant Logic Cells                                                    ; Off                 ; Off                ;
; Remove Duplicate Registers                                                      ; On                  ; On                 ;
; Ignore CARRY Buffers                                                            ; Off                 ; Off                ;
; Ignore CASCADE Buffers                                                          ; Off                 ; Off                ;
; Ignore GLOBAL Buffers                                                           ; Off                 ; Off                ;
; Ignore ROW GLOBAL Buffers                                                       ; Off                 ; Off                ;
; Ignore LCELL Buffers                                                            ; Off                 ; Off                ;
; Ignore SOFT Buffers                                                             ; On                  ; On                 ;
; Limit AHDL Integers to 32 Bits                                                  ; Off                 ; Off                ;
; Optimization Technique                                                          ; Balanced            ; Balanced           ;
; Carry Chain Length                                                              ; 70                  ; 70                 ;
; Auto Carry Chains                                                               ; On                  ; On                 ;
; Auto Open-Drain Pins                                                            ; On                  ; On                 ;
; Perform WYSIWYG Primitive Resynthesis                                           ; Off                 ; Off                ;
; Auto ROM Replacement                                                            ; On                  ; On                 ;
; Auto RAM Replacement                                                            ; On                  ; On                 ;
; Auto DSP Block Replacement                                                      ; On                  ; On                 ;
; Auto Shift Register Replacement                                                 ; Auto                ; Auto               ;
; Allow Shift Register Merging across Hierarchies                                 ; Auto                ; Auto               ;
; Auto Clock Enable Replacement                                                   ; On                  ; On                 ;
; Strict RAM Replacement                                                          ; Off                 ; Off                ;
; Allow Synchronous Control Signals                                               ; On                  ; On                 ;
; Force Use of Synchronous Clear Signals                                          ; Off                 ; Off                ;
; Auto Resource Sharing                                                           ; Off                 ; Off                ;
; Allow Any RAM Size For Recognition                                              ; Off                 ; Off                ;
; Allow Any ROM Size For Recognition                                              ; Off                 ; Off                ;
; Allow Any Shift Register Size For Recognition                                   ; Off                 ; Off                ;
; Use LogicLock Constraints during Resource Balancing                             ; On                  ; On                 ;
; Ignore translate_off and synthesis_off directives                               ; Off                 ; Off                ;
; Timing-Driven Synthesis                                                         ; On                  ; On                 ;
; Report Parameter Settings                                                       ; On                  ; On                 ;
; Report Source Assignments                                                       ; On                  ; On                 ;
; Report Connectivity Checks                                                      ; On                  ; On                 ;
; Ignore Maximum Fan-Out Assignments                                              ; Off                 ; Off                ;
; Synchronization Register Chain Length                                           ; 3                   ; 3                  ;
; Power Optimization During Synthesis                                             ; Normal compilation  ; Normal compilation ;
; HDL message level                                                               ; Level2              ; Level2             ;
; Suppress Register Optimization Related Messages                                 ; Off                 ; Off                ;
; Number of Removed Registers Reported in Synthesis Report                        ; 5000                ; 5000               ;
; Number of Swept Nodes Reported in Synthesis Report                              ; 5000                ; 5000               ;
; Number of Inverted Registers Reported in Synthesis Report                       ; 100                 ; 100                ;
; Clock MUX Protection                                                            ; On                  ; On                 ;
; Auto Gated Clock Conversion                                                     ; Off                 ; Off                ;
; Block Design Naming                                                             ; Auto                ; Auto               ;
; SDC constraint protection                                                       ; Off                 ; Off                ;
; Synthesis Effort                                                                ; Auto                ; Auto               ;
; Shift Register Replacement - Allow Asynchronous Clear Signal                    ; On                  ; On                 ;
; Pre-Mapping Resynthesis Optimization                                            ; Off                 ; Off                ;
; Analysis & Synthesis Message Level                                              ; Medium              ; Medium             ;
; Disable Register Merging Across Hierarchies                                     ; Auto                ; Auto               ;
; Resource Aware Inference For Block RAM                                          ; On                  ; On                 ;
; Automatic Parallel Synthesis                                                    ; On                  ; On                 ;
; Partial Reconfiguration Bitstream ID                                            ; Off                 ; Off                ;
+---------------------------------------------------------------------------------+---------------------+--------------------+


+------------------------------------------+
; Parallel Compilation                     ;
+----------------------------+-------------+
; Processors                 ; Number      ;
+----------------------------+-------------+
; Number detected on machine ; 4           ;
; Maximum allowed            ; 4           ;
;                            ;             ;
; Average used               ; 1.00        ;
; Maximum used               ; 4           ;
;                            ;             ;
; Usage by Processor         ; % Time Used ;
;     Processor 1            ; 100.0%      ;
;     Processors 2-4         ;   0.0%      ;
+----------------------------+-------------+


+------------------------------------------------------------------------------------------------------------------------------------------------------------------------+
; Analysis & Synthesis Source Files Read                                                                                                                                 ;
+----------------------------------+-----------------+-----------------+---------------------------------------------------------------------------------------+---------+
; File Name with User-Entered Path ; Used in Netlist ; File Type       ; File Name with Absolute Path                                                          ; Library ;
+----------------------------------+-----------------+-----------------+---------------------------------------------------------------------------------------+---------+
; T_FlipFlop.vhd                   ; yes             ; User VHDL File  ; C:/Users/S310779/Desktop/DSE/Laboratory/Lab4/Lab4.2/Synthesis/T_FlipFlop.vhd          ;         ;
; hexDecoder.vhd                   ; yes             ; User VHDL File  ; C:/Users/S310779/Desktop/DSE/Laboratory/Lab4/Lab4.2/Synthesis/hexDecoder.vhd          ;         ;
; counter16bit_struc.vhd           ; yes             ; User VHDL File  ; C:/Users/S310779/Desktop/DSE/Laboratory/Lab4/Lab4.2/Synthesis/counter16bit_struc.vhd  ;         ;
; device_counter16bit.vhd          ; yes             ; User VHDL File  ; C:/Users/S310779/Desktop/DSE/Laboratory/Lab4/Lab4.2/Synthesis/device_counter16bit.vhd ;         ;
+----------------------------------+-----------------+-----------------+---------------------------------------------------------------------------------------+---------+


+------------------------------------------------------------------------------------------------------+
; Analysis & Synthesis Resource Usage Summary                                                          ;
+---------------------------------------------+--------------------------------------------------------+
; Resource                                    ; Usage                                                  ;
+---------------------------------------------+--------------------------------------------------------+
; Estimate of Logic utilization (ALMs needed) ; 32                                                     ;
;                                             ;                                                        ;
; Combinational ALUT usage for logic          ; 52                                                     ;
;     -- 7 input functions                    ; 0                                                      ;
;     -- 6 input functions                    ; 11                                                     ;
;     -- 5 input functions                    ; 3                                                      ;
;     -- 4 input functions                    ; 31                                                     ;
;     -- <=3 input functions                  ; 7                                                      ;
;                                             ;                                                        ;
; Dedicated logic registers                   ; 16                                                     ;
;                                             ;                                                        ;
; I/O pins                                    ; 42                                                     ;
;                                             ;                                                        ;
; Total DSP Blocks                            ; 0                                                      ;
;                                             ;                                                        ;
; Maximum fan-out node                        ; counter16bit:CNT16|T_FlipFlop:\ff_generate:5:TFF|t_tmp ;
; Maximum fan-out                             ; 18                                                     ;
; Total fan-out                               ; 340                                                    ;
; Average fan-out                             ; 2.24                                                   ;
+---------------------------------------------+--------------------------------------------------------+


+---------------------------------------------------------------------------------------------------------------------------------------------------------------------------------------------------------------------------------------------------------------+
; Analysis & Synthesis Resource Utilization by Entity                                                                                                                                                                                                           ;
+----------------------------------------+---------------------+---------------------------+-------------------+------------+------+--------------+------------------------------------------------------------------------+---------------------+--------------+
; Compilation Hierarchy Node             ; Combinational ALUTs ; Dedicated Logic Registers ; Block Memory Bits ; DSP Blocks ; Pins ; Virtual Pins ; Full Hierarchy Name                                                    ; Entity Name         ; Library Name ;
+----------------------------------------+---------------------+---------------------------+-------------------+------------+------+--------------+------------------------------------------------------------------------+---------------------+--------------+
; |device_counter16bit                   ; 52 (0)              ; 16 (0)                    ; 0                 ; 0          ; 42   ; 0            ; |device_counter16bit                                                   ; device_counter16bit ; work         ;
;    |counter16bit:CNT16|                ; 24 (2)              ; 16 (0)                    ; 0                 ; 0          ; 0    ; 0            ; |device_counter16bit|counter16bit:CNT16                                ; counter16bit        ; work         ;
;       |T_FlipFlop:TFF|                 ; 1 (1)               ; 1 (1)                     ; 0                 ; 0          ; 0    ; 0            ; |device_counter16bit|counter16bit:CNT16|T_FlipFlop:TFF                 ; T_FlipFlop          ; work         ;
;       |T_FlipFlop:\ff_generate:10:TFF| ; 2 (2)               ; 1 (1)                     ; 0                 ; 0          ; 0    ; 0            ; |device_counter16bit|counter16bit:CNT16|T_FlipFlop:\ff_generate:10:TFF ; T_FlipFlop          ; work         ;
;       |T_FlipFlop:\ff_generate:11:TFF| ; 2 (2)               ; 1 (1)                     ; 0                 ; 0          ; 0    ; 0            ; |device_counter16bit|counter16bit:CNT16|T_FlipFlop:\ff_generate:11:TFF ; T_FlipFlop          ; work         ;
;       |T_FlipFlop:\ff_generate:12:TFF| ; 2 (2)               ; 1 (1)                     ; 0                 ; 0          ; 0    ; 0            ; |device_counter16bit|counter16bit:CNT16|T_FlipFlop:\ff_generate:12:TFF ; T_FlipFlop          ; work         ;
;       |T_FlipFlop:\ff_generate:13:TFF| ; 2 (2)               ; 1 (1)                     ; 0                 ; 0          ; 0    ; 0            ; |device_counter16bit|counter16bit:CNT16|T_FlipFlop:\ff_generate:13:TFF ; T_FlipFlop          ; work         ;
;       |T_FlipFlop:\ff_generate:14:TFF| ; 2 (2)               ; 1 (1)                     ; 0                 ; 0          ; 0    ; 0            ; |device_counter16bit|counter16bit:CNT16|T_FlipFlop:\ff_generate:14:TFF ; T_FlipFlop          ; work         ;
;       |T_FlipFlop:\ff_generate:15:TFF| ; 2 (2)               ; 1 (1)                     ; 0                 ; 0          ; 0    ; 0            ; |device_counter16bit|counter16bit:CNT16|T_FlipFlop:\ff_generate:15:TFF ; T_FlipFlop          ; work         ;
;       |T_FlipFlop:\ff_generate:1:TFF|  ; 1 (1)               ; 1 (1)                     ; 0                 ; 0          ; 0    ; 0            ; |device_counter16bit|counter16bit:CNT16|T_FlipFlop:\ff_generate:1:TFF  ; T_FlipFlop          ; work         ;
;       |T_FlipFlop:\ff_generate:2:TFF|  ; 1 (1)               ; 1 (1)                     ; 0                 ; 0          ; 0    ; 0            ; |device_counter16bit|counter16bit:CNT16|T_FlipFlop:\ff_generate:2:TFF  ; T_FlipFlop          ; work         ;
;       |T_FlipFlop:\ff_generate:3:TFF|  ; 1 (1)               ; 1 (1)                     ; 0                 ; 0          ; 0    ; 0            ; |device_counter16bit|counter16bit:CNT16|T_FlipFlop:\ff_generate:3:TFF  ; T_FlipFlop          ; work         ;
;       |T_FlipFlop:\ff_generate:4:TFF|  ; 1 (1)               ; 1 (1)                     ; 0                 ; 0          ; 0    ; 0            ; |device_counter16bit|counter16bit:CNT16|T_FlipFlop:\ff_generate:4:TFF  ; T_FlipFlop          ; work         ;
;       |T_FlipFlop:\ff_generate:5:TFF|  ; 1 (1)               ; 1 (1)                     ; 0                 ; 0          ; 0    ; 0            ; |device_counter16bit|counter16bit:CNT16|T_FlipFlop:\ff_generate:5:TFF  ; T_FlipFlop          ; work         ;
;       |T_FlipFlop:\ff_generate:6:TFF|  ; 1 (1)               ; 1 (1)                     ; 0                 ; 0          ; 0    ; 0            ; |device_counter16bit|counter16bit:CNT16|T_FlipFlop:\ff_generate:6:TFF  ; T_FlipFlop          ; work         ;
;       |T_FlipFlop:\ff_generate:7:TFF|  ; 1 (1)               ; 1 (1)                     ; 0                 ; 0          ; 0    ; 0            ; |device_counter16bit|counter16bit:CNT16|T_FlipFlop:\ff_generate:7:TFF  ; T_FlipFlop          ; work         ;
;       |T_FlipFlop:\ff_generate:8:TFF|  ; 1 (1)               ; 1 (1)                     ; 0                 ; 0          ; 0    ; 0            ; |device_counter16bit|counter16bit:CNT16|T_FlipFlop:\ff_generate:8:TFF  ; T_FlipFlop          ; work         ;
;       |T_FlipFlop:\ff_generate:9:TFF|  ; 1 (1)               ; 1 (1)                     ; 0                 ; 0          ; 0    ; 0            ; |device_counter16bit|counter16bit:CNT16|T_FlipFlop:\ff_generate:9:TFF  ; T_FlipFlop          ; work         ;
;    |hexDecoder:DEC0|                   ; 7 (7)               ; 0 (0)                     ; 0                 ; 0          ; 0    ; 0            ; |device_counter16bit|hexDecoder:DEC0                                   ; hexDecoder          ; work         ;
;    |hexDecoder:DEC1|                   ; 7 (7)               ; 0 (0)                     ; 0                 ; 0          ; 0    ; 0            ; |device_counter16bit|hexDecoder:DEC1                                   ; hexDecoder          ; work         ;
;    |hexDecoder:DEC2|                   ; 7 (7)               ; 0 (0)                     ; 0                 ; 0          ; 0    ; 0            ; |device_counter16bit|hexDecoder:DEC2                                   ; hexDecoder          ; work         ;
;    |hexDecoder:DEC3|                   ; 7 (7)               ; 0 (0)                     ; 0                 ; 0          ; 0    ; 0            ; |device_counter16bit|hexDecoder:DEC3                                   ; hexDecoder          ; work         ;
+----------------------------------------+---------------------+---------------------------+-------------------+------------+------+--------------+------------------------------------------------------------------------+---------------------+--------------+
Note: For table entries with two numbers listed, the numbers in parentheses indicate the number of resources of the given type used by the specific entity alone. The numbers listed outside of parentheses indicate the total resources of the given type used by the specific entity and all of its sub-entities in the hierarchy.


+------------------------------------------------------+
; General Register Statistics                          ;
+----------------------------------------------+-------+
; Statistic                                    ; Value ;
+----------------------------------------------+-------+
; Total registers                              ; 16    ;
; Number of registers using Synchronous Clear  ; 0     ;
; Number of registers using Synchronous Load   ; 0     ;
; Number of registers using Asynchronous Clear ; 16    ;
; Number of registers using Asynchronous Load  ; 0     ;
; Number of registers using Clock Enable       ; 0     ;
; Number of registers using Preset             ; 0     ;
+----------------------------------------------+-------+


+-----------------------------------------------------+
; Post-Synthesis Netlist Statistics for Top Partition ;
+-----------------------+-----------------------------+
; Type                  ; Count                       ;
+-----------------------+-----------------------------+
; arriav_ff             ; 16                          ;
;     CLR               ; 16                          ;
; arriav_lcell_comb     ; 56                          ;
;     normal            ; 56                          ;
;         1 data inputs ; 4                           ;
;         2 data inputs ; 4                           ;
;         3 data inputs ; 3                           ;
;         4 data inputs ; 31                          ;
;         5 data inputs ; 3                           ;
;         6 data inputs ; 11                          ;
; boundary_port         ; 42                          ;
;                       ;                             ;
; Max LUT depth         ; 3.00                        ;
; Average LUT depth     ; 1.68                        ;
+-----------------------+-----------------------------+


+-------------------------------+
; Elapsed Time Per Partition    ;
+----------------+--------------+
; Partition Name ; Elapsed Time ;
+----------------+--------------+
; Top            ; 00:00:00     ;
+----------------+--------------+


+-------------------------------+
; Analysis & Synthesis Messages ;
+-------------------------------+
Info: *******************************************************************
Info: Running Quartus Prime Analysis & Synthesis
    Info: Version 22.1std.2 Build 922 07/20/2023 SC Lite Edition
    Info: Processing started: Mon Mar 24 11:00:57 2025
Info: Command: quartus_map --read_settings_files=on --write_settings_files=off Lab4_2 -c Lab4_2
Warning (18236): Number of processors has not been specified which may cause overloading on shared machines.  Set the global assignment NUM_PARALLEL_PROCESSORS in your QSF to an appropriate value for best performance.
Info (20030): Parallel compilation is enabled and will use 4 of the 4 processors detected
Info (12021): Found 2 design units, including 1 entities, in source file t_flipflop.vhd
    Info (12022): Found design unit 1: T_FlipFlop-behaviour File: C:/Users/S310779/Desktop/DSE/Laboratory/Lab4/Lab4.2/Synthesis/T_FlipFlop.vhd Line: 19
    Info (12023): Found entity 1: T_FlipFlop File: C:/Users/S310779/Desktop/DSE/Laboratory/Lab4/Lab4.2/Synthesis/T_FlipFlop.vhd Line: 10
Info (12021): Found 2 design units, including 1 entities, in source file hexdecoder.vhd
    Info (12022): Found design unit 1: hexDecoder-Behavior File: C:/Users/S310779/Desktop/DSE/Laboratory/Lab4/Lab4.2/Synthesis/hexDecoder.vhd Line: 17
    Info (12023): Found entity 1: hexDecoder File: C:/Users/S310779/Desktop/DSE/Laboratory/Lab4/Lab4.2/Synthesis/hexDecoder.vhd Line: 10
Info (12021): Found 2 design units, including 1 entities, in source file counter16bit_struc.vhd
    Info (12022): Found design unit 1: counter16bit-structure File: C:/Users/S310779/Desktop/DSE/Laboratory/Lab4/Lab4.2/Synthesis/counter16bit_struc.vhd Line: 17
    Info (12023): Found entity 1: counter16bit File: C:/Users/S310779/Desktop/DSE/Laboratory/Lab4/Lab4.2/Synthesis/counter16bit_struc.vhd Line: 10
Info (12021): Found 2 design units, including 1 entities, in source file device_counter16bit.vhd
    Info (12022): Found design unit 1: device_counter16bit-structure File: C:/Users/S310779/Desktop/DSE/Laboratory/Lab4/Lab4.2/Synthesis/device_counter16bit.vhd Line: 18
    Info (12023): Found entity 1: device_counter16bit File: C:/Users/S310779/Desktop/DSE/Laboratory/Lab4/Lab4.2/Synthesis/device_counter16bit.vhd Line: 10
Info (12127): Elaborating entity "device_counter16bit" for the top level hierarchy
Info (12128): Elaborating entity "counter16bit" for hierarchy "counter16bit:CNT16" File: C:/Users/S310779/Desktop/DSE/Laboratory/Lab4/Lab4.2/Synthesis/device_counter16bit.vhd Line: 37
Info (12128): Elaborating entity "T_FlipFlop" for hierarchy "counter16bit:CNT16|T_FlipFlop:TFF" File: C:/Users/S310779/Desktop/DSE/Laboratory/Lab4/Lab4.2/Synthesis/counter16bit_struc.vhd Line: 34
Info (12128): Elaborating entity "hexDecoder" for hierarchy "hexDecoder:DEC0" File: C:/Users/S310779/Desktop/DSE/Laboratory/Lab4/Lab4.2/Synthesis/device_counter16bit.vhd Line: 45
Info (286030): Timing-Driven Synthesis is running
Info (16010): Generating hard_block partition "hard_block:auto_generated_inst"
    Info (16011): Adding 0 node(s), including 0 DDIO, 0 PLL, 0 transceiver and 0 LCELL
Warning (21074): Design contains 11 input pin(s) that do not drive logic
    Warning (15610): No output dependent on input pin "SW[2]" File: C:/Users/S310779/Desktop/DSE/Laboratory/Lab4/Lab4.2/Synthesis/device_counter16bit.vhd Line: 12
    Warning (15610): No output dependent on input pin "SW[3]" File: C:/Users/S310779/Desktop/DSE/Laboratory/Lab4/Lab4.2/Synthesis/device_counter16bit.vhd Line: 12
    Warning (15610): No output dependent on input pin "SW[4]" File: C:/Users/S310779/Desktop/DSE/Laboratory/Lab4/Lab4.2/Synthesis/device_counter16bit.vhd Line: 12
    Warning (15610): No output dependent on input pin "SW[5]" File: C:/Users/S310779/Desktop/DSE/Laboratory/Lab4/Lab4.2/Synthesis/device_counter16bit.vhd Line: 12
    Warning (15610): No output dependent on input pin "SW[6]" File: C:/Users/S310779/Desktop/DSE/Laboratory/Lab4/Lab4.2/Synthesis/device_counter16bit.vhd Line: 12
    Warning (15610): No output dependent on input pin "SW[7]" File: C:/Users/S310779/Desktop/DSE/Laboratory/Lab4/Lab4.2/Synthesis/device_counter16bit.vhd Line: 12
    Warning (15610): No output dependent on input pin "SW[8]" File: C:/Users/S310779/Desktop/DSE/Laboratory/Lab4/Lab4.2/Synthesis/device_counter16bit.vhd Line: 12
    Warning (15610): No output dependent on input pin "SW[9]" File: C:/Users/S310779/Desktop/DSE/Laboratory/Lab4/Lab4.2/Synthesis/device_counter16bit.vhd Line: 12
    Warning (15610): No output dependent on input pin "KEY[1]" File: C:/Users/S310779/Desktop/DSE/Laboratory/Lab4/Lab4.2/Synthesis/device_counter16bit.vhd Line: 13
    Warning (15610): No output dependent on input pin "KEY[2]" File: C:/Users/S310779/Desktop/DSE/Laboratory/Lab4/Lab4.2/Synthesis/device_counter16bit.vhd Line: 13
    Warning (15610): No output dependent on input pin "KEY[3]" File: C:/Users/S310779/Desktop/DSE/Laboratory/Lab4/Lab4.2/Synthesis/device_counter16bit.vhd Line: 13
Info (21057): Implemented 94 device resources after synthesis - the final resource count might be different
    Info (21058): Implemented 14 input pins
    Info (21059): Implemented 28 output pins
    Info (21061): Implemented 52 logic cells
Info: Quartus Prime Analysis & Synthesis was successful. 0 errors, 13 warnings
    Info: Peak virtual memory: 4883 megabytes
    Info: Processing ended: Mon Mar 24 11:01:07 2025
    Info: Elapsed time: 00:00:10
    Info: Total CPU time (on all processors): 00:00:20


