2025-05-16 15:48:34,435 [INFO] Activator:176 - 


2025-05-16 15:48:34,435 [INFO] Activator:177 - !SESSION log4j initialized
2025-05-16 15:48:37,658 [INFO] LogOutputStream:77 - [STDOUT_REDIRECT] 
2025-05-16 15:48:39,131 [INFO] ApplicationProperties:184 - Using Application install path: C:\ST\STM32CubeIDE_1.18.1\STM32CubeIDE\plugins\com.st.stm32cube.common.mx_6.14.1.202504091515
2025-05-16 15:48:39,161 [INFO] DbMcusXml:78 - Set database path to: C:\ST\STM32CubeIDE_1.18.1\STM32CubeIDE\plugins\com.st.stm32cube.common.mx_6.14.1.202504091515\\db\/mcu/
2025-05-16 15:48:39,161 [INFO] ApiDb:274 - Set plugin database path to: C:\ST\STM32CubeIDE_1.18.1\STM32CubeIDE\plugins\com.st.stm32cube.common.mx_6.14.1.202504091515\\db\/plugins/boardmanager/
2025-05-16 15:48:39,162 [WARN] ApiDb:259 - Overriding images path with different value:  => C:\ST\STM32CubeIDE_1.18.1\STM32CubeIDE\plugins\com.st.stm32cube.common.mx_6.14.1.202504091515\\db\/plugins/mcufinder/images/
2025-05-16 15:48:39,173 [INFO] ApiDb:250 - Set database path to: C:\Users\danie\.stmcufinder\plugins\mcufinder//mcu/
2025-05-16 15:48:39,174 [INFO] DbMcusAds:125 - Set database path to: C:\Users\danie\.stmcufinder\plugins\mcufinder//mcu/
2025-05-16 15:48:39,177 [INFO] CrossReferenceDbSqlite:203 - Set database path to: C:\Users\danie\.stmcufinder\plugins\mcufinder//mcu/cs/
2025-05-16 15:48:39,278 [INFO] RulesReader:64 - Compatibility file has been processed (302 Rules)
2025-05-16 15:48:39,343 [INFO] DbMcusXml:78 - Set database path to: C:\ST\STM32CubeIDE_1.18.1\STM32CubeIDE\plugins\com.st.stm32cube.common.mx_6.14.1.202504091515\\db\/mcu/
2025-05-16 15:48:39,343 [INFO] ApiDb:274 - Set plugin database path to: C:\ST\STM32CubeIDE_1.18.1\STM32CubeIDE\plugins\com.st.stm32cube.common.mx_6.14.1.202504091515\\db\/plugins/boardmanager/
2025-05-16 15:48:39,343 [INFO] ApiDb:261 - Set plugin images path to: C:\ST\STM32CubeIDE_1.18.1\STM32CubeIDE\plugins\com.st.stm32cube.common.mx_6.14.1.202504091515\\db\/plugins/mcufinder/images/
2025-05-16 15:48:39,344 [WARN] DbFile:41 - Overriding database path with different value: C:\Users\danie\.stmcufinder\plugins\mcufinder/ => C:\Users\danie\.stmcufinder\plugins\mcufinder
2025-05-16 15:48:39,344 [INFO] ApiDb:250 - Set database path to: C:\Users\danie\.stmcufinder\plugins\mcufinder//mcu/
2025-05-16 15:48:39,344 [WARN] DbFile:41 - Overriding database path with different value: C:\Users\danie\.stmcufinder\plugins\mcufinder/ => C:\Users\danie\.stmcufinder\plugins\mcufinder
2025-05-16 15:48:39,344 [INFO] DbMcusAds:125 - Set database path to: C:\Users\danie\.stmcufinder\plugins\mcufinder//mcu/
2025-05-16 15:48:39,344 [WARN] DbFile:41 - Overriding database path with different value: C:\Users\danie\.stmcufinder\plugins\mcufinder/ => C:\Users\danie\.stmcufinder\plugins\mcufinder
2025-05-16 15:48:39,344 [WARN] DbFile:41 - Overriding database path with different value: C:\Users\danie\.stmcufinder\plugins\mcufinder/ => C:\Users\danie\.stmcufinder\plugins\mcufinder
2025-05-16 15:48:39,344 [INFO] CrossReferenceDbSqlite:203 - Set database path to: C:\Users\danie\.stmcufinder\plugins\mcufinder//mcu/cs/
2025-05-16 15:48:39,410 [INFO] MainPanel:272 - HeapMemory: 268435456
2025-05-16 15:48:39,518 [INFO] DbMcusXml:78 - Set database path to: C:\ST\STM32CubeIDE_1.18.1\STM32CubeIDE\plugins\com.st.stm32cube.common.mx_6.14.1.202504091515\\db\/mcu/
2025-05-16 15:48:39,518 [INFO] ApiDb:274 - Set plugin database path to: C:\ST\STM32CubeIDE_1.18.1\STM32CubeIDE\plugins\com.st.stm32cube.common.mx_6.14.1.202504091515\\db\/plugins/boardmanager/
2025-05-16 15:48:39,519 [INFO] ApiDb:261 - Set plugin images path to: C:\ST\STM32CubeIDE_1.18.1\STM32CubeIDE\plugins\com.st.stm32cube.common.mx_6.14.1.202504091515\\db\/plugins/mcufinder/images/
2025-05-16 15:48:39,519 [WARN] DbFile:41 - Overriding database path with different value: C:\Users\danie\.stmcufinder\plugins\mcufinder/ => C:\Users\danie\.stmcufinder\plugins\mcufinder
2025-05-16 15:48:39,519 [INFO] ApiDb:250 - Set database path to: C:\Users\danie\.stmcufinder\plugins\mcufinder//mcu/
2025-05-16 15:48:39,519 [WARN] DbFile:41 - Overriding database path with different value: C:\Users\danie\.stmcufinder\plugins\mcufinder/ => C:\Users\danie\.stmcufinder\plugins\mcufinder
2025-05-16 15:48:39,519 [INFO] DbMcusAds:125 - Set database path to: C:\Users\danie\.stmcufinder\plugins\mcufinder//mcu/
2025-05-16 15:48:39,519 [WARN] DbFile:41 - Overriding database path with different value: C:\Users\danie\.stmcufinder\plugins\mcufinder/ => C:\Users\danie\.stmcufinder\plugins\mcufinder
2025-05-16 15:48:39,519 [WARN] DbFile:41 - Overriding database path with different value: C:\Users\danie\.stmcufinder\plugins\mcufinder/ => C:\Users\danie\.stmcufinder\plugins\mcufinder
2025-05-16 15:48:39,519 [INFO] CrossReferenceDbSqlite:203 - Set database path to: C:\Users\danie\.stmcufinder\plugins\mcufinder//mcu/cs/
2025-05-16 15:48:39,534 [INFO] ApplicationProperties:184 - Using Application install path: C:\ST\STM32CubeIDE_1.18.1\STM32CubeIDE\plugins\com.st.stm32cube.common.mx_6.14.1.202504091515
2025-05-16 15:48:39,535 [INFO] PluginManage:196 - Search for loadable plugins [exclusion list=, ]
2025-05-16 15:48:39,536 [INFO] PluginManage:310 - Check plugin analytics
2025-05-16 15:48:39,696 [INFO] AnalyticsPlugin:253 - Accepted Software Licenses: STM32CubeMX.6.9.2,STM32CubeMX.6.12.0
2025-05-16 15:48:39,697 [INFO] AnalyticsPlugin:255 - Accepted CMSIS Pack Licenses: 
2025-05-16 15:48:39,697 [INFO] AnalyticsPlugin:257 - Accepted Firmware Licenses: FW.F4.1.27.0,FW.F4.1.28.0
2025-05-16 15:48:39,697 [INFO] PluginManage:359 - Loaded plugin analytics (category:tool,tabindex:-1)
2025-05-16 15:48:39,697 [INFO] PluginManage:310 - Check plugin cadmodel
2025-05-16 15:48:39,703 [INFO] CADModel:105 - Init CAD model plugin
2025-05-16 15:48:39,703 [INFO] PluginManage:359 - Loaded plugin cadmodel (category:power,tabindex:5)
2025-05-16 15:48:39,703 [INFO] PluginManage:310 - Check plugin clock
2025-05-16 15:48:39,713 [INFO] PluginManage:359 - Loaded plugin clock (category:base,tabindex:2)
2025-05-16 15:48:39,713 [INFO] PluginManage:310 - Check plugin ddr
2025-05-16 15:48:39,716 [INFO] PluginManage:359 - Loaded plugin ddr (category:tool,tabindex:6)
2025-05-16 15:48:39,716 [INFO] PluginManage:310 - Check plugin filemanager
2025-05-16 15:48:39,847 [INFO] PluginManage:359 - Loaded plugin filemanager (category:base,tabindex:10)
2025-05-16 15:48:39,848 [INFO] PluginManage:310 - Check plugin ipmanager
2025-05-16 15:48:39,852 [INFO] PluginManage:359 - Loaded plugin ipmanager (category:base,tabindex:5)
2025-05-16 15:48:39,853 [INFO] PluginManage:310 - Check plugin lpbam
2025-05-16 15:48:39,859 [INFO] PluginManage:359 - Loaded plugin lpbam (category:base,tabindex:0)
2025-05-16 15:48:39,860 [INFO] PluginManage:310 - Check plugin memorymap
2025-05-16 15:48:39,874 [INFO] PluginManage:359 - Loaded plugin memorymap (category:base,tabindex:4)
2025-05-16 15:48:39,874 [INFO] PluginManage:310 - Check plugin pinoutandconfiguration
2025-05-16 15:48:39,882 [INFO] PluginManage:359 - Loaded plugin pinoutandconfiguration (category:base,tabindex:1)
2025-05-16 15:48:39,883 [INFO] PluginManage:310 - Check plugin pinoutconfig
2025-05-16 15:48:39,965 [WARN] SupportedApi:132 - Cannot load RTOS API schema: s4s-elt-must-match.1: The content of 'definitions' must match (annotation?, (simpleType | complexType)?, (unique | key | keyref)*)). A problem was found starting at: attribute.
2025-05-16 15:48:40,079 [INFO] PluginManage:359 - Loaded plugin pinoutconfig (category:base,tabindex:0)
2025-05-16 15:48:40,079 [INFO] PluginManage:310 - Check plugin power
2025-05-16 15:48:40,091 [INFO] PluginManage:359 - Loaded plugin power (category:power,tabindex:4)
2025-05-16 15:48:40,091 [INFO] PluginManage:310 - Check plugin projectmanager
2025-05-16 15:48:40,106 [INFO] PluginManage:359 - Loaded plugin projectmanager (category:projectmanager,tabindex:4)
2025-05-16 15:48:40,106 [INFO] PluginManage:310 - Check plugin rif
2025-05-16 15:48:40,115 [INFO] PluginManage:359 - Loaded plugin rif (category:base,tabindex:3)
2025-05-16 15:48:40,115 [INFO] PluginManage:310 - Check plugin thirdparty
2025-05-16 15:48:40,258 [WARN] IntegrityCheckThread:84 - waiting for thirdparty lock release [integrity check]
2025-05-16 15:48:40,258 [INFO] PluginManage:359 - Loaded plugin thirdparty (category:base,tabindex:-1)
2025-05-16 15:48:40,258 [INFO] IntegrityCheckThread:86 - entering critical section [integrity check]
2025-05-16 15:48:40,258 [INFO] PluginManage:310 - Check plugin tools
2025-05-16 15:48:40,258 [INFO] ThirdPartyUpdaterWithRetryManager:70 - Updater plugin not ready yet. [1/15]
2025-05-16 15:48:40,261 [INFO] PluginManage:359 - Loaded plugin tools (category:base,tabindex:7)
2025-05-16 15:48:40,261 [INFO] PluginManage:310 - Check plugin tutovideos
2025-05-16 15:48:40,392 [INFO] PluginManage:359 - Loaded plugin tutovideos (category:base,tabindex:-1)
2025-05-16 15:48:40,392 [INFO] PluginManage:310 - Check plugin updater
2025-05-16 15:48:40,411 [INFO] PluginManage:359 - Loaded plugin updater (category:base,tabindex:12)
2025-05-16 15:48:40,411 [INFO] PluginManage:310 - Check plugin userauth
2025-05-16 15:48:40,415 [INFO] UserAuth:118 - Init User Auth plugin
2025-05-16 15:48:40,416 [INFO] PluginManage:359 - Loaded plugin userauth (category:base,tabindex:14)
2025-05-16 15:48:40,416 [INFO] PluginManage:283 - PluginManage : Loaded plugins [18]
2025-05-16 15:48:40,605 [INFO] PinOutPanel:1589 - setPackage(No Configuration,No Configuration)
2025-05-16 15:48:40,669 [INFO] CADModel:165 - CPN selected for project level
2025-05-16 15:48:40,670 [INFO] CADModel:114 - Register for checkConnection events
2025-05-16 15:48:40,684 [INFO] IPUIPlugin:80 - create IPUIPlugin
2025-05-16 15:48:40,684 [INFO] PluginManager:220 - loadIPPluginJar : add adc
2025-05-16 15:48:40,685 [INFO] IPUIPlugin:80 - create IPUIPlugin
2025-05-16 15:48:40,686 [INFO] PluginManager:220 - loadIPPluginJar : add aes
2025-05-16 15:48:40,687 [INFO] IPUIPlugin:80 - create IPUIPlugin
2025-05-16 15:48:40,688 [INFO] PluginManager:220 - loadIPPluginJar : add can
2025-05-16 15:48:40,688 [INFO] IPUIPlugin:80 - create IPUIPlugin
2025-05-16 15:48:40,688 [INFO] PluginManager:220 - loadIPPluginJar : add comp
2025-05-16 15:48:40,690 [INFO] IPUIPlugin:80 - create IPUIPlugin
2025-05-16 15:48:40,690 [INFO] PluginManager:220 - loadIPPluginJar : add cryp
2025-05-16 15:48:40,693 [INFO] IPUIPlugin:80 - create IPUIPlugin
2025-05-16 15:48:40,693 [INFO] PluginManager:220 - loadIPPluginJar : add ddr_ctrl_phy
2025-05-16 15:48:40,695 [INFO] IPUIPlugin:80 - create IPUIPlugin
2025-05-16 15:48:40,695 [INFO] PluginManager:220 - loadIPPluginJar : add dfsdm
2025-05-16 15:48:40,699 [INFO] IPUIPlugin:80 - create IPUIPlugin
2025-05-16 15:48:40,700 [INFO] PluginManager:220 - loadIPPluginJar : add dma
2025-05-16 15:48:40,701 [INFO] IPUIPlugin:80 - create IPUIPlugin
2025-05-16 15:48:40,702 [INFO] PluginManager:220 - loadIPPluginJar : add dma3
2025-05-16 15:48:40,705 [INFO] IPUIPlugin:80 - create IPUIPlugin
2025-05-16 15:48:40,705 [INFO] PluginManager:220 - loadIPPluginJar : add extmemmanager
2025-05-16 15:48:40,705 [INFO] IPUIPlugin:80 - create IPUIPlugin
2025-05-16 15:48:40,705 [INFO] PluginManager:220 - loadIPPluginJar : add fatfs
2025-05-16 15:48:40,709 [INFO] IPUIPlugin:80 - create IPUIPlugin
2025-05-16 15:48:40,709 [INFO] PluginManager:220 - loadIPPluginJar : add fmc
2025-05-16 15:48:40,715 [INFO] IPUIPlugin:80 - create IPUIPlugin
2025-05-16 15:48:40,715 [INFO] PluginManager:220 - loadIPPluginJar : add freertos
2025-05-16 15:48:40,716 [INFO] IPUIPlugin:80 - create IPUIPlugin
2025-05-16 15:48:40,716 [INFO] PluginManager:220 - loadIPPluginJar : add genericplugin
2025-05-16 15:48:40,719 [INFO] IPUIPlugin:80 - create IPUIPlugin
2025-05-16 15:48:40,719 [INFO] PluginManager:220 - loadIPPluginJar : add gfxmmu
2025-05-16 15:48:40,723 [INFO] IPUIPlugin:80 - create IPUIPlugin
2025-05-16 15:48:40,723 [INFO] PluginManager:220 - loadIPPluginJar : add gic
2025-05-16 15:48:40,726 [INFO] IPUIPlugin:80 - create IPUIPlugin
2025-05-16 15:48:40,727 [INFO] PluginManager:220 - loadIPPluginJar : add gpio
2025-05-16 15:48:40,729 [INFO] IPUIPlugin:80 - create IPUIPlugin
2025-05-16 15:48:40,729 [INFO] PluginManager:220 - loadIPPluginJar : add gtzc
2025-05-16 15:48:40,731 [INFO] IPUIPlugin:80 - create IPUIPlugin
2025-05-16 15:48:40,731 [INFO] PluginManager:220 - loadIPPluginJar : add hash
2025-05-16 15:48:40,733 [INFO] IPUIPlugin:80 - create IPUIPlugin
2025-05-16 15:48:40,733 [INFO] PluginManager:220 - loadIPPluginJar : add i2c
2025-05-16 15:48:40,735 [INFO] IPUIPlugin:80 - create IPUIPlugin
2025-05-16 15:48:40,735 [INFO] PluginManager:220 - loadIPPluginJar : add i2s
2025-05-16 15:48:40,739 [INFO] IPUIPlugin:80 - create IPUIPlugin
2025-05-16 15:48:40,739 [INFO] PluginManager:220 - loadIPPluginJar : add i3c
2025-05-16 15:48:40,742 [INFO] IPUIPlugin:80 - create IPUIPlugin
2025-05-16 15:48:40,742 [INFO] PluginManager:220 - loadIPPluginJar : add ipddr
2025-05-16 15:48:40,748 [INFO] IPUIPlugin:80 - create IPUIPlugin
2025-05-16 15:48:40,748 [INFO] PluginManager:220 - loadIPPluginJar : add linkedlist
2025-05-16 15:48:40,751 [INFO] IPUIPlugin:80 - create IPUIPlugin
2025-05-16 15:48:40,751 [INFO] PluginManager:220 - loadIPPluginJar : add lorawan
2025-05-16 15:48:40,753 [INFO] IPUIPlugin:80 - create IPUIPlugin
2025-05-16 15:48:40,753 [INFO] PluginManager:220 - loadIPPluginJar : add ltdc
2025-05-16 15:48:40,759 [INFO] IPUIPlugin:80 - create IPUIPlugin
2025-05-16 15:48:40,759 [INFO] PluginManager:220 - loadIPPluginJar : add mdma
2025-05-16 15:48:40,762 [INFO] IPUIPlugin:80 - create IPUIPlugin
2025-05-16 15:48:40,762 [INFO] PluginManager:220 - loadIPPluginJar : add nvic
2025-05-16 15:48:40,765 [INFO] IPUIPlugin:80 - create IPUIPlugin
2025-05-16 15:48:40,765 [INFO] PluginManager:220 - loadIPPluginJar : add opamp
2025-05-16 15:48:40,767 [INFO] IPUIPlugin:80 - create IPUIPlugin
2025-05-16 15:48:40,767 [INFO] PluginManager:220 - loadIPPluginJar : add openamp
2025-05-16 15:48:40,769 [INFO] IPUIPlugin:80 - create IPUIPlugin
2025-05-16 15:48:40,769 [INFO] PluginManager:220 - loadIPPluginJar : add pdm2pcm
2025-05-16 15:48:40,772 [INFO] IPUIPlugin:80 - create IPUIPlugin
2025-05-16 15:48:40,773 [INFO] PluginManager:220 - loadIPPluginJar : add plateformsettings
2025-05-16 15:48:40,776 [INFO] IPUIPlugin:80 - create IPUIPlugin
2025-05-16 15:48:40,776 [INFO] PluginManager:220 - loadIPPluginJar : add quadspi
2025-05-16 15:48:40,777 [INFO] IPUIPlugin:80 - create IPUIPlugin
2025-05-16 15:48:40,777 [INFO] PluginManager:220 - loadIPPluginJar : add radio
2025-05-16 15:48:40,781 [INFO] IPUIPlugin:80 - create IPUIPlugin
2025-05-16 15:48:40,781 [INFO] PluginManager:220 - loadIPPluginJar : add resmgrutility
2025-05-16 15:48:40,783 [INFO] IPUIPlugin:80 - create IPUIPlugin
2025-05-16 15:48:40,783 [INFO] PluginManager:220 - loadIPPluginJar : add sai
2025-05-16 15:48:40,785 [INFO] IPUIPlugin:80 - create IPUIPlugin
2025-05-16 15:48:40,785 [INFO] PluginManager:220 - loadIPPluginJar : add spi
2025-05-16 15:48:40,790 [INFO] IPUIPlugin:80 - create IPUIPlugin
2025-05-16 15:48:40,790 [INFO] PluginManager:220 - loadIPPluginJar : add stm32_wpan
2025-05-16 15:48:40,791 [INFO] IPUIPlugin:80 - create IPUIPlugin
2025-05-16 15:48:40,791 [INFO] PluginManager:220 - loadIPPluginJar : add tim
2025-05-16 15:48:40,794 [INFO] IPUIPlugin:80 - create IPUIPlugin
2025-05-16 15:48:40,795 [INFO] PluginManager:220 - loadIPPluginJar : add touchsensing
2025-05-16 15:48:40,797 [INFO] IPUIPlugin:80 - create IPUIPlugin
2025-05-16 15:48:40,797 [INFO] PluginManager:220 - loadIPPluginJar : add tracer_emb
2025-05-16 15:48:40,798 [INFO] IPUIPlugin:80 - create IPUIPlugin
2025-05-16 15:48:40,798 [INFO] PluginManager:220 - loadIPPluginJar : add ts
2025-05-16 15:48:40,799 [INFO] IPUIPlugin:80 - create IPUIPlugin
2025-05-16 15:48:40,800 [INFO] PluginManager:220 - loadIPPluginJar : add tsc
2025-05-16 15:48:40,801 [INFO] IPUIPlugin:80 - create IPUIPlugin
2025-05-16 15:48:40,801 [INFO] PluginManager:220 - loadIPPluginJar : add ucpd
2025-05-16 15:48:40,803 [INFO] IPUIPlugin:80 - create IPUIPlugin
2025-05-16 15:48:40,803 [INFO] PluginManager:220 - loadIPPluginJar : add usart
2025-05-16 15:48:40,806 [INFO] IPUIPlugin:80 - create IPUIPlugin
2025-05-16 15:48:40,806 [INFO] PluginManager:220 - loadIPPluginJar : add usbx
2025-05-16 15:48:40,916 [FATAL] Updater:351 - Updater called before beeing initialized
2025-05-16 15:48:40,940 [INFO] RulesReader:64 - Compatibility file has been processed (302 Rules)
2025-05-16 15:48:40,950 [INFO] RulesReader:64 - Compatibility file has been processed (302 Rules)
2025-05-16 15:48:40,956 [INFO] CADModel:165 - CPN selected for project level
2025-05-16 15:48:40,956 [INFO] CADModel:114 - Register for checkConnection events
2025-05-16 15:48:40,957 [FATAL] Updater:351 - Updater called before beeing initialized
2025-05-16 15:48:40,957 [ERROR] CADModel:125 - Updater not yet initialized, retry later 
2025-05-16 15:48:41,074 [FATAL] Updater:351 - Updater called before beeing initialized
2025-05-16 15:48:41,077 [INFO] CADModel:165 - CPN selected for project level
2025-05-16 15:48:41,077 [INFO] CADModel:114 - Register for checkConnection events
2025-05-16 15:48:41,077 [FATAL] Updater:351 - Updater called before beeing initialized
2025-05-16 15:48:41,077 [ERROR] CADModel:125 - Updater not yet initialized, retry later 
2025-05-16 15:48:41,080 [FATAL] Updater:351 - Updater called before beeing initialized
2025-05-16 15:48:41,158 [FATAL] Updater:351 - Updater called before beeing initialized
2025-05-16 15:48:41,161 [INFO] DbMcusAds:53 - JSON generation date=Wed May 07 11:07:55 CEST 2025 (1746608875513)
2025-05-16 15:48:41,161 [FATAL] Updater:351 - Updater called before beeing initialized
2025-05-16 15:48:41,193 [WARN] DetailPanel:346 - Failed to get advertising image, set to default
2025-05-16 15:48:41,377 [FATAL] Updater:351 - Updater called before beeing initialized
2025-05-16 15:48:41,379 [FATAL] Updater:351 - Updater called before beeing initialized
2025-05-16 15:48:41,379 [FATAL] Updater:351 - Updater called before beeing initialized
2025-05-16 15:48:41,379 [WARN] DetailPanel:346 - Failed to get advertising image, set to default
2025-05-16 15:48:41,380 [FATAL] Updater:351 - Updater called before beeing initialized
2025-05-16 15:48:41,426 [ERROR] Updater:1198 - MainUpdater not yet initialized. External WinMGr cannot be set.
2025-05-16 15:48:41,428 [INFO] Updater:1134 - Updater Version found : 6.14.1
2025-05-16 15:48:41,446 [INFO] ApplicationProperties:184 - Using Application install path: C:\ST\STM32CubeIDE_1.18.1\STM32CubeIDE\plugins\com.st.stm32cube.common.mx_6.14.1.202504091515
2025-05-16 15:48:41,732 [INFO] MainUpdater:2872 - connection check result : 10
2025-05-16 15:48:41,733 [INFO] MainUpdater:289 - Updater Check For Update Now.
2025-05-16 15:48:41,733 [INFO] MicroXplorer:498 - Change Database Version : DB.6.0.141
2025-05-16 15:48:41,740 [INFO] McuFinderGlobals:63 - Set McuFinder mode to 2 (CubeIDE integrated)
2025-05-16 15:48:41,741 [INFO] UserAuth:484 - Internet connection configuration mode: 1
2025-05-16 15:48:41,766 [INFO] JxBrowserEngine:152 - Initiate JxBrowser Engine with user profile folder
2025-05-16 15:48:41,924 [INFO] CheckServerUpdateThread:120 - End of CheckServer Thread
2025-05-16 15:48:43,035 [INFO] WebApp:169 - Instantiating new browser for Auth
2025-05-16 15:48:43,521 [WARN] PackLoader:240 - Cannot read IP mode file for STMicroelectronics.FP-SNS-MOTENVWB1.1.4.0
2025-05-16 15:48:43,533 [WARN] PackLoader:240 - Cannot read IP mode file for STMicroelectronics.FP-ATR-ASTRA1.2.0.2
2025-05-16 15:48:43,548 [WARN] PackLoader:240 - Cannot read IP mode file for STMicroelectronics.X-CUBE-SMBUS.2.1.0
2025-05-16 15:48:43,567 [WARN] PackLoader:240 - Cannot read IP mode file for STMicroelectronics.X-CUBE-WB05N.1.1.0
2025-05-16 15:48:43,576 [WARN] PackLoader:240 - Cannot read IP mode file for STMicroelectronics.X-CUBE-TOUCHGFX.4.23.0
2025-05-16 15:48:43,582 [WARN] PackLoader:240 - Cannot read IP mode file for STMicroelectronics.X-CUBE-TOUCHGFX.4.23.2
2025-05-16 15:48:43,641 [WARN] PackLoader:240 - Cannot read IP mode file for STMicroelectronics.X-CUBE-AZRTOS-F7.1.1.0
2025-05-16 15:48:43,655 [WARN] PackLoader:240 - Cannot read IP mode file for STMicroelectronics.FP-SNS-MOTENV1.4.3.2
2025-05-16 15:48:43,721 [WARN] PackLoader:240 - Cannot read IP mode file for STMicroelectronics.X-CUBE-MEMS1.11.0.0
2025-05-16 15:48:44,018 [WARN] PackLoader:240 - Cannot read IP mode file for STMicroelectronics.FP-SNS-FLIGHT1.5.0.2
2025-05-16 15:48:44,042 [WARN] PackLoader:240 - Cannot read IP mode file for STMicroelectronics.X-CUBE-DISPLAY.3.0.0
2025-05-16 15:48:44,058 [WARN] PackLoader:240 - Cannot read IP mode file for STMicroelectronics.X-CUBE-BLE1.7.0.0
2025-05-16 15:48:44,074 [WARN] PackLoader:240 - Cannot read IP mode file for STMicroelectronics.X-CUBE-NFC10.1.0.0
2025-05-16 15:48:44,096 [WARN] PackLoader:240 - Cannot read IP mode file for STMicroelectronics.X-CUBE-BLEMGR.4.0.0
2025-05-16 15:48:44,117 [WARN] PackLoader:240 - Cannot read IP mode file for emotas.I-CUBE-CANOPEN.1.3.0
2025-05-16 15:48:44,122 [WARN] PackLoader:240 - Cannot read IP mode file for STMicroelectronics.X-CUBE-TOUCHGFX.4.22.1
2025-05-16 15:48:44,134 [WARN] ConditionMgr:438 - getConditionDescription Invalid condition id : Cortex-A Device cause : null
2025-05-16 15:48:44,159 [WARN] ConditionMgr:1044 - genDependencies : Invalid condition id : Cortex-A Device cause : null
2025-05-16 15:48:44,159 [WARN] ConditionMgr:1044 - genDependencies : Invalid condition id : Cortex-A Device cause : null
2025-05-16 15:48:44,159 [WARN] ConditionMgr:1044 - genDependencies : Invalid condition id : Cortex-A Device cause : null
2025-05-16 15:48:44,170 [WARN] PackLoader:240 - Cannot read IP mode file for STMicroelectronics.X-CUBE-BLEMGR.3.1.0
2025-05-16 15:48:44,177 [WARN] PackLoader:240 - Cannot read IP mode file for STMicroelectronics.X-CUBE-AI.10.0.0
2025-05-16 15:48:44,179 [INFO] WebApp:463 - Apply proxy settings
2025-05-16 15:48:44,179 [INFO] WebApp:548 - Chromium requires no authentication
2025-05-16 15:48:44,187 [WARN] PackLoader:240 - Cannot read IP mode file for STMicroelectronics.FP-SNS-SMARTAG2.1.2.0
2025-05-16 15:48:44,192 [WARN] PackLoader:240 - Cannot read IP mode file for STMicroelectronics.FP-SNS-FLIGHT1.5.1.0
2025-05-16 15:48:44,199 [INFO] WebApp:491 - Direct internet connection detected
2025-05-16 15:48:44,204 [INFO] LogOutputStream:77 - [STDOUT_REDIRECT] 1 : Invalid condition id : UX_CORESTACK_Condition cause : null
2025-05-16 15:48:44,205 [INFO] LogOutputStream:77 - [STDOUT_REDIRECT] 1 : Invalid condition id : UX_CORESTACK_Condition cause : null
2025-05-16 15:48:44,207 [INFO] LogOutputStream:77 - [STDOUT_REDIRECT] 1 : Invalid condition id : UX_CORESTACK_Condition cause : null
2025-05-16 15:48:44,208 [INFO] LogOutputStream:77 - [STDOUT_REDIRECT] 1 : Invalid condition id : UX_CORESTACK_Condition cause : null
2025-05-16 15:48:44,209 [INFO] LogOutputStream:77 - [STDOUT_REDIRECT] 1 : Invalid condition id : UX_CORESTACK_Condition cause : null
2025-05-16 15:48:44,212 [WARN] PackLoader:240 - Cannot read IP mode file for STMicroelectronics.X-CUBE-AZRTOS-WL.2.0.0
2025-05-16 15:48:44,217 [WARN] PackLoader:240 - Cannot read IP mode file for STMicroelectronics.FP-SNS-MOTENV1.5.0.0
2025-05-16 15:48:44,223 [WARN] PackLoader:240 - Cannot read IP mode file for wolfSSL.I-CUBE-wolfMQTT.1.19.0
2025-05-16 15:48:44,230 [WARN] PackLoader:240 - Cannot read IP mode file for WES.I-CUBE-Cesium.1.3.0
2025-05-16 15:48:44,236 [WARN] PackLoader:240 - Cannot read IP mode file for STMicroelectronics.X-CUBE-BLE2.3.3.0
2025-05-16 15:48:44,239 [INFO] WebApp:894 - Register for checkConnection events
2025-05-16 15:48:44,239 [INFO] WebApp:463 - Apply proxy settings
2025-05-16 15:48:44,239 [INFO] WebApp:548 - Chromium requires no authentication
2025-05-16 15:48:44,240 [INFO] WebApp:491 - Direct internet connection detected
2025-05-16 15:48:44,244 [WARN] PackLoader:240 - Cannot read IP mode file for STMicroelectronics.X-CUBE-NFC9.1.0.0
2025-05-16 15:48:44,249 [WARN] PackLoader:240 - Cannot read IP mode file for STMicroelectronics.X-CUBE-BLE1.7.1.0
2025-05-16 15:48:44,256 [WARN] PackLoader:240 - Cannot read IP mode file for STMicroelectronics.X-CUBE-TCPP.4.1.0
2025-05-16 15:48:44,266 [WARN] PackLoader:240 - Cannot read IP mode file for STMicroelectronics.X-CUBE-ALGOBUILD.1.3.0
2025-05-16 15:48:44,325 [WARN] PackLoader:240 - Cannot read IP mode file for STMicroelectronics.X-CUBE-MEMS1.11.2.0
2025-05-16 15:48:44,532 [WARN] PackLoader:240 - Cannot read IP mode file for STMicroelectronics.X-CUBE-AZRTOS-G0.1.1.0
2025-05-16 15:48:44,548 [WARN] PackLoader:240 - Cannot read IP mode file for STMicroelectronics.X-CUBE-SAFEA1.1.2.2
2025-05-16 15:48:44,559 [WARN] PackLoader:240 - Cannot read IP mode file for STMicroelectronics.X-CUBE-NFC4.3.0.0
2025-05-16 15:48:44,573 [WARN] PackLoader:240 - Cannot read IP mode file for EmbeddedOffice.I-CUBE-FS-RTOS.1.0.1
2025-05-16 15:48:44,575 [INFO] WebApp:191 - Connection restablished
2025-05-16 15:48:44,582 [WARN] PackLoader:240 - Cannot read IP mode file for STMicroelectronics.X-CUBE-WB05N.2.0.0
2025-05-16 15:48:44,593 [WARN] PackLoader:240 - Cannot read IP mode file for STMicroelectronics.X-CUBE-BLEMGR.3.0.0
2025-05-16 15:48:44,605 [WARN] PackLoader:240 - Cannot read IP mode file for STMicroelectronics.X-CUBE-TCPP.4.2.0
2025-05-16 15:48:44,615 [WARN] PackLoader:240 - Cannot read IP mode file for RealThread.X-CUBE-RT-Thread_Nano.4.1.1
2025-05-16 15:48:44,622 [WARN] PackLoader:240 - Cannot read IP mode file for STMicroelectronics.FP-ATR-SIGFOX1.3.2.0
2025-05-16 15:48:44,634 [WARN] PackLoader:240 - Cannot read IP mode file for STMicroelectronics.X-CUBE-EEPRMA1.5.1.0
2025-05-16 15:48:44,678 [WARN] PackLoader:240 - Cannot read IP mode file for SEGGER.I-CUBE-embOS.1.3.1
2025-05-16 15:48:44,740 [WARN] PackLoader:240 - Cannot read IP mode file for STMicroelectronics.X-CUBE-ALGOBUILD.1.4.0
2025-05-16 15:48:44,746 [WARN] PackLoader:240 - Cannot read IP mode file for STMicroelectronics.X-CUBE-AI.9.1.0
2025-05-16 15:48:44,778 [WARN] PackLoader:240 - Cannot read IP mode file for STMicroelectronics.X-CUBE-GNSS1.6.0.0
2025-05-16 15:48:44,807 [WARN] PackLoader:240 - Cannot read IP mode file for STMicroelectronics.X-CUBE-AZRTOS-F4.1.1.0
2025-05-16 15:48:44,821 [WARN] PackLoader:240 - Cannot read IP mode file for wolfSSL.I-CUBE-wolfSSL.5.6.4
2025-05-16 15:48:44,827 [WARN] PackLoader:240 - Cannot read IP mode file for Avnet-IotConnect.X-CUBE-IoTC-DA16k-PMOD.1.0.0
2025-05-16 15:48:44,834 [WARN] PackLoader:240 - Cannot read IP mode file for STMicroelectronics.X-CUBE-ISPU.2.1.0
2025-05-16 15:48:44,846 [WARN] PackLoader:240 - Cannot read IP mode file for STMicroelectronics.X-CUBE-FREERTOS.1.2.0
2025-05-16 15:48:44,874 [WARN] PackLoader:240 - Cannot read IP mode file for STMicroelectronics.X-CUBE-AZRTOS-L5.2.0.0
2025-05-16 15:48:44,886 [WARN] PackLoader:240 - Cannot read IP mode file for STMicroelectronics.X-CUBE-EEPRMA1.4.2.0
2025-05-16 15:48:44,897 [WARN] PackLoader:240 - Cannot read IP mode file for STMicroelectronics.X-CUBE-NFC6.3.1.0
2025-05-16 15:48:44,909 [WARN] PackLoader:240 - Cannot read IP mode file for ITTIA_DB.I-CUBE-ITTIADB.8.8.0
2025-05-16 15:48:44,919 [INFO] WebApp:225 - Starting web application
2025-05-16 15:48:44,920 [INFO] WebApp:593 - Web application path used C:\ST\STM32CubeIDE_1.18.1\STM32CubeIDE\plugins\com.st.stm32cube.common.mx_6.14.1.202504091515\db\plugins\mcufinder\reactClient1\index.html
2025-05-16 15:48:44,920 [WARN] PackLoader:240 - Cannot read IP mode file for STMicroelectronics.X-CUBE-DPower.1.2.0
2025-05-16 15:48:44,926 [WARN] PackLoader:240 - Cannot read IP mode file for STMicroelectronics.X-CUBE-AI.9.0.0
2025-05-16 15:48:44,951 [WARN] ConditionMgr:438 - getConditionDescription Invalid condition id : UX DEVICE CLASS RTOS Condition cause : null
2025-05-16 15:48:44,951 [WARN] ConditionMgr:438 - getConditionDescription Invalid condition id : UX DEVICE CLASS RTOS Condition cause : null
2025-05-16 15:48:44,955 [WARN] PackLoader:240 - Cannot read IP mode file for STMicroelectronics.X-CUBE-AZRTOS-H7.3.1.0
2025-05-16 15:48:44,965 [WARN] ConditionMgr:1044 - genDependencies : Invalid condition id : UX DEVICE CLASS RTOS Condition cause : null
2025-05-16 15:48:44,965 [WARN] ConditionMgr:1044 - genDependencies : Invalid condition id : UX DEVICE CLASS RTOS Condition cause : null
2025-05-16 15:48:44,966 [WARN] ConditionMgr:1044 - genDependencies : Invalid condition id : UX DEVICE CLASS RTOS Condition cause : null
2025-05-16 15:48:44,966 [WARN] ConditionMgr:1044 - genDependencies : Invalid condition id : UX DEVICE CLASS RTOS Condition cause : null
2025-05-16 15:48:44,967 [WARN] ConditionMgr:1044 - genDependencies : Invalid condition id : UX DEVICE CLASS RTOS Condition cause : null
2025-05-16 15:48:44,977 [WARN] PackLoader:240 - Cannot read IP mode file for STMicroelectronics.X-CUBE-FREERTOS.1.3.1
2025-05-16 15:48:44,985 [WARN] PackLoader:240 - Cannot read IP mode file for STMicroelectronics.X-CUBE-FREERTOS.1.3.0
2025-05-16 15:48:45,003 [WARN] PackLoader:240 - Cannot read IP mode file for STMicroelectronics.X-CUBE-NFC7.1.0.1
2025-05-16 15:48:45,014 [WARN] PackLoader:240 - Cannot read IP mode file for wolfSSL.I-CUBE-wolfTPM.3.2.0
2025-05-16 15:48:45,038 [WARN] PackLoader:240 - Cannot read IP mode file for STMicroelectronics.X-CUBE-NFC6.3.0.0
2025-05-16 15:48:45,054 [WARN] PackLoader:240 - Cannot read IP mode file for STMicroelectronics.X-CUBE-DPower.1.3.0
2025-05-16 15:48:45,082 [WARN] PackLoader:240 - Cannot read IP mode file for STMicroelectronics.X-CUBE-AI.8.1.0
2025-05-16 15:48:45,119 [WARN] ConditionMgr:438 - getConditionDescription Invalid condition id : LAN8742 Phy interface Condition cause : null
2025-05-16 15:48:45,120 [WARN] PackLoader:240 - Cannot read IP mode file for STMicroelectronics.X-CUBE-AZRTOS-L4.2.0.0
2025-05-16 15:48:45,122 [WARN] ConditionMgr:1044 - genDependencies : Invalid condition id : LAN8742 Phy interface Condition cause : null
2025-05-16 15:48:45,122 [WARN] ConditionMgr:1044 - genDependencies : Invalid condition id : LAN8742 Phy interface Condition cause : null
2025-05-16 15:48:45,123 [WARN] ConditionMgr:1044 - genDependencies : Invalid condition id : LAN8742 Phy interface Condition cause : null
2025-05-16 15:48:45,139 [WARN] PackLoader:240 - Cannot read IP mode file for STMicroelectronics.X-CUBE-SFXS2LP1.4.0.0
2025-05-16 15:48:45,159 [WARN] PackLoader:240 - Cannot read IP mode file for STMicroelectronics.X-CUBE-ISPU.1.1.0
2025-05-16 15:48:45,212 [WARN] PackLoader:240 - Cannot read IP mode file for STMicroelectronics.X-CUBE-AZRTOS-H7.3.3.0
2025-05-16 15:48:45,229 [WARN] PackLoader:240 - Cannot read IP mode file for STMicroelectronics.X-CUBE-IPS.3.0.0
2025-05-16 15:48:45,251 [WARN] ConditionMgr:438 - getConditionDescription Invalid condition id : UX DEVICE CLASS RTOS Condition cause : null
2025-05-16 15:48:45,251 [WARN] ConditionMgr:438 - getConditionDescription Invalid condition id : UX DEVICE CLASS RTOS Condition cause : null
2025-05-16 15:48:45,254 [WARN] PackLoader:240 - Cannot read IP mode file for STMicroelectronics.X-CUBE-AZRTOS-WB.2.0.0
2025-05-16 15:48:45,255 [WARN] ConditionMgr:1044 - genDependencies : Invalid condition id : UX DEVICE CLASS RTOS Condition cause : null
2025-05-16 15:48:45,256 [WARN] ConditionMgr:1044 - genDependencies : Invalid condition id : UX DEVICE CLASS RTOS Condition cause : null
2025-05-16 15:48:45,256 [WARN] ConditionMgr:1044 - genDependencies : Invalid condition id : UX DEVICE CLASS RTOS Condition cause : null
2025-05-16 15:48:45,256 [WARN] ConditionMgr:1044 - genDependencies : Invalid condition id : UX DEVICE CLASS RTOS Condition cause : null
2025-05-16 15:48:45,256 [WARN] ConditionMgr:1044 - genDependencies : Invalid condition id : UX DEVICE CLASS RTOS Condition cause : null
2025-05-16 15:48:45,263 [WARN] PackLoader:240 - Cannot read IP mode file for STMicroelectronics.X-CUBE-GNSS1.7.0.0
2025-05-16 15:48:45,272 [WARN] PackLoader:240 - Cannot read IP mode file for STMicroelectronics.X-CUBE-GNSS1.7.0.1
2025-05-16 15:48:45,278 [WARN] PackLoader:240 - Cannot read IP mode file for STMicroelectronics.X-CUBE-TOUCHGFX.4.25.0
2025-05-16 15:48:45,288 [WARN] PackLoader:240 - Cannot read IP mode file for STMicroelectronics.FP-SNS-STBOX1.2.0.0
2025-05-16 15:48:45,303 [WARN] PackLoader:240 - Cannot read IP mode file for STMicroelectronics.X-CUBE-SUBG2.5.0.0
2025-05-16 15:48:45,333 [WARN] PackLoader:240 - Cannot read IP mode file for STMicroelectronics.X-CUBE-AZRTOS-H7RS.1.1.0
2025-05-16 15:48:45,347 [WARN] PackLoader:240 - Cannot read IP mode file for Cesanta.I-CUBE-Mongoose.7.13.0
2025-05-16 15:48:45,364 [INFO] UserAuth:484 - Internet connection configuration mode: 1
2025-05-16 15:48:45,368 [WARN] PackLoader:240 - Cannot read IP mode file for STMicroelectronics.X-CUBE-TOF1.3.3.1
2025-05-16 15:48:45,393 [WARN] PackLoader:240 - Cannot read IP mode file for STMicroelectronics.X-CUBE-AZRTOS-G4.2.0.0
2025-05-16 15:48:45,411 [WARN] PackLoader:240 - Cannot read IP mode file for Infineon.AIROC-Wi-Fi-Bluetooth-STM32.1.5.1
2025-05-16 15:48:45,420 [WARN] PackLoader:240 - Cannot read IP mode file for STMicroelectronics.FP-SNS-MOTENVWB1.1.3.0
2025-05-16 15:48:45,437 [WARN] PackLoader:240 - Cannot read IP mode file for STMicroelectronics.X-CUBE-NFC7.2.0.0
2025-05-16 15:48:45,447 [WARN] PackLoader:240 - Cannot read IP mode file for STMicroelectronics.FP-SNS-MOTENVWB1.1.3.1
2025-05-16 15:48:45,457 [WARN] PackLoader:240 - Cannot read IP mode file for STMicroelectronics.X-CUBE-ISPU.2.0.0
2025-05-16 15:48:45,468 [WARN] PackLoader:240 - Cannot read IP mode file for STMicroelectronics.X-CUBE-IPS.3.1.0
2025-05-16 15:48:45,485 [WARN] PackLoader:240 - Cannot read IP mode file for STMicroelectronics.X-CUBE-ALS.1.0.2
2025-05-16 15:48:45,532 [WARN] PackLoader:240 - Cannot read IP mode file for STMicroelectronics.X-CUBE-MEMS1.10.0.0
2025-05-16 15:48:45,846 [WARN] PackLoader:240 - Cannot read IP mode file for STMicroelectronics.X-CUBE-FREERTOS.1.1.0
2025-05-16 15:48:45,855 [WARN] PackLoader:240 - Cannot read IP mode file for STMicroelectronics.X-CUBE-TOUCHGFX.4.24.0
2025-05-16 15:48:45,865 [WARN] PackLoader:240 - Cannot read IP mode file for STMicroelectronics.X-CUBE-TOUCHGFX.4.24.1
2025-05-16 15:48:45,888 [WARN] PackLoader:240 - Cannot read IP mode file for portGmbH.I-Cube-SoM-uGOAL.1.1.0
2025-05-16 15:48:45,898 [WARN] PackLoader:240 - Cannot read IP mode file for STMicroelectronics.X-CUBE-ALS.1.0.1
2025-05-16 15:48:45,924 [WARN] PackLoader:240 - Cannot read IP mode file for STMicroelectronics.X-CUBE-AZRTOS-H7RS.1.0.0
2025-05-16 15:48:45,935 [WARN] PackLoader:240 - Cannot read IP mode file for STMicroelectronics.FP-ATR-ASTRA1.2.0.0
2025-05-16 15:48:45,951 [WARN] PackLoader:240 - Cannot read IP mode file for STMicroelectronics.X-CUBE-TOF1.3.4.2
2025-05-16 15:48:45,979 [WARN] PackLoader:240 - Cannot read IP mode file for STMicroelectronics.X-CUBE-TOF1.3.4.3
2025-05-16 15:48:46,004 [WARN] PackLoader:240 - Cannot read IP mode file for STMicroelectronics.X-CUBE-TOF1.3.4.0
2025-05-16 15:48:46,026 [WARN] PackLoader:240 - Cannot read IP mode file for STMicroelectronics.X-CUBE-TOF1.3.4.1
2025-05-16 15:48:46,066 [WARN] PackLoader:240 - Cannot read IP mode file for STMicroelectronics.X-CUBE-AZRTOS-H7.3.2.0
2025-05-16 15:48:46,075 [WARN] PackLoader:240 - Cannot read IP mode file for wolfSSL.I-CUBE-wolfSSH.1.4.17
2025-05-16 15:48:46,076 [INFO] ThirdParty:978 - Integrity check success = true
2025-05-16 15:48:46,076 [INFO] IntegrityCheckThread:100 - exiting critical section [integrity check]
2025-05-16 15:48:46,076 [INFO] IntegrityCheckThread:103 - End integrity checks thread
