Flow report for device
Tue Apr  1 17:16:16 2025
Quartus Prime Version 22.1std.2 Build 922 07/20/2023 SC Lite Edition


---------------------
; Table of Contents ;
---------------------
  1. Legal Notice
  2. Flow Summary
  3. Flow Settings
  4. Flow Non-Default Global Settings
  5. Flow Elapsed Time
  6. Flow OS Summary
  7. Flow Log
  8. Flow Messages
  9. Flow Suppressed Messages



----------------
; Legal Notice ;
----------------
Copyright (C) 2023  Intel Corporation. All rights reserved.
Your use of Intel Corporation's design tools, logic functions 
and other software and tools, and any partner logic 
functions, and any output files from any of the foregoing 
(including device programming or simulation files), and any 
associated documentation or information are expressly subject 
to the terms and conditions of the Intel Program License 
Subscription Agreement, the Intel Quartus Prime License Agreement,
the Intel FPGA IP License Agreement, or other applicable license
agreement, including, without limitation, that your use is for
the sole purpose of programming logic devices manufactured by
Intel and sold by Intel or its authorized distributors.  Please
refer to the applicable agreement for further details, at
https://fpgasoftware.intel.com/eula.



+----------------------------------------------------------------------------------+
; Flow Summary                                                                     ;
+---------------------------------+------------------------------------------------+
; Flow Status                     ; Successful - Tue Apr  1 17:16:10 2025          ;
; Quartus Prime Version           ; 22.1std.2 Build 922 07/20/2023 SC Lite Edition ;
; Revision Name                   ; device                                         ;
; Top-level Entity Name           ; device_digitFlashing                           ;
; Family                          ; Cyclone V                                      ;
; Device                          ; 5CSEMA5F31C6                                   ;
; Timing Models                   ; Final                                          ;
; Logic utilization (in ALMs)     ; 32 / 32,070 ( < 1 % )                          ;
; Total registers                 ; 51                                             ;
; Total pins                      ; 12 / 457 ( 3 % )                               ;
; Total virtual pins              ; 0                                              ;
; Total block memory bits         ; 0 / 4,065,280 ( 0 % )                          ;
; Total DSP Blocks                ; 0 / 87 ( 0 % )                                 ;
; Total HSSI RX PCSs              ; 0                                              ;
; Total HSSI PMA RX Deserializers ; 0                                              ;
; Total HSSI TX PCSs              ; 0                                              ;
; Total HSSI PMA TX Serializers   ; 0                                              ;
; Total PLLs                      ; 0 / 6 ( 0 % )                                  ;
; Total DLLs                      ; 0 / 4 ( 0 % )                                  ;
+---------------------------------+------------------------------------------------+


+-----------------------------------------+
; Flow Settings                           ;
+-------------------+---------------------+
; Option            ; Setting             ;
+-------------------+---------------------+
; Start date & time ; 04/01/2025 17:15:15 ;
; Main task         ; Compilation         ;
; Revision Name     ; device              ;
+-------------------+---------------------+


+---------------------------------------------------------------------------------------------------------------------------------------------------------+
; Flow Non-Default Global Settings                                                                                                                        ;
+-------------------------------------+----------------------------------------+---------------+----------------------+-----------------------------------+
; Assignment Name                     ; Value                                  ; Default Value ; Entity Name          ; Section Id                        ;
+-------------------------------------+----------------------------------------+---------------+----------------------+-----------------------------------+
; COMPILER_SIGNATURE_ID               ; 154946505521592.174352051503596        ; --            ; --                   ; --                                ;
; EDA_GENERATE_FUNCTIONAL_NETLIST     ; Off                                    ; --            ; --                   ; eda_board_design_timing           ;
; EDA_GENERATE_FUNCTIONAL_NETLIST     ; Off                                    ; --            ; --                   ; eda_board_design_boundary_scan    ;
; EDA_GENERATE_FUNCTIONAL_NETLIST     ; Off                                    ; --            ; --                   ; eda_board_design_signal_integrity ;
; EDA_GENERATE_FUNCTIONAL_NETLIST     ; Off                                    ; --            ; --                   ; eda_board_design_symbol           ;
; MAX_CORE_JUNCTION_TEMP              ; 85                                     ; --            ; --                   ; --                                ;
; MIN_CORE_JUNCTION_TEMP              ; 0                                      ; --            ; --                   ; --                                ;
; PARTITION_COLOR                     ; -- (Not supported for targeted family) ; --            ; device_digitFlashing ; Top                               ;
; PARTITION_FITTER_PRESERVATION_LEVEL ; -- (Not supported for targeted family) ; --            ; device_digitFlashing ; Top                               ;
; PARTITION_NETLIST_TYPE              ; -- (Not supported for targeted family) ; --            ; device_digitFlashing ; Top                               ;
; POWER_BOARD_THERMAL_MODEL           ; None (CONSERVATIVE)                    ; --            ; --                   ; --                                ;
; POWER_PRESET_COOLING_SOLUTION       ; 23 MM HEAT SINK WITH 200 LFPM AIRFLOW  ; --            ; --                   ; --                                ;
; PROJECT_OUTPUT_DIRECTORY            ; output_files                           ; --            ; --                   ; --                                ;
; TOP_LEVEL_ENTITY                    ; device_digitFlashing                   ; device        ; --                   ; --                                ;
+-------------------------------------+----------------------------------------+---------------+----------------------+-----------------------------------+


+--------------------------------------------------------------------------------------------------------------------------+
; Flow Elapsed Time                                                                                                        ;
+----------------------+--------------+-------------------------+---------------------+------------------------------------+
; Module Name          ; Elapsed Time ; Average Processors Used ; Peak Virtual Memory ; Total CPU Time (on all processors) ;
+----------------------+--------------+-------------------------+---------------------+------------------------------------+
; Analysis & Synthesis ; 00:00:12     ; 1.0                     ; 4881 MB             ; 00:00:20                           ;
; Fitter               ; 00:00:34     ; 1.0                     ; 6563 MB             ; 00:00:52                           ;
; Assembler            ; 00:00:07     ; 1.0                     ; 4891 MB             ; 00:00:06                           ;
; Timing Analyzer      ; 00:00:05     ; 1.1                     ; 5156 MB             ; 00:00:05                           ;
; Total                ; 00:00:58     ; --                      ; --                  ; 00:01:23                           ;
+----------------------+--------------+-------------------------+---------------------+------------------------------------+


+------------------------------------------------------------------------------------+
; Flow OS Summary                                                                    ;
+----------------------+------------------+------------+------------+----------------+
; Module Name          ; Machine Hostname ; OS Name    ; OS Version ; Processor type ;
+----------------------+------------------+------------+------------+----------------+
; Analysis & Synthesis ; azimut408        ; Windows 10 ; 10.0       ; x86_64         ;
; Fitter               ; azimut408        ; Windows 10 ; 10.0       ; x86_64         ;
; Assembler            ; azimut408        ; Windows 10 ; 10.0       ; x86_64         ;
; Timing Analyzer      ; azimut408        ; Windows 10 ; 10.0       ; x86_64         ;
+----------------------+------------------+------------+------------+----------------+


------------
; Flow Log ;
------------
quartus_map --read_settings_files=on --write_settings_files=off Lab4_4 -c device
quartus_fit --read_settings_files=off --write_settings_files=off Lab4_4 -c device
quartus_asm --read_settings_files=off --write_settings_files=off Lab4_4 -c device
quartus_sta Lab4_4 -c device



