2025-05-13 15:30:59,762 [INFO] Activator:176 - 


2025-05-13 15:30:59,762 [INFO] Activator:177 - !SESSION log4j initialized
2025-05-13 15:31:02,161 [INFO] LogOutputStream:77 - [STDOUT_REDIRECT] 
2025-05-13 15:31:04,020 [INFO] ApplicationProperties:184 - Using Application install path: C:\ST\STM32CubeIDE_1.18.1\STM32CubeIDE\plugins\com.st.stm32cube.common.mx_6.14.1.202504091515
2025-05-13 15:31:04,042 [INFO] DbMcusXml:78 - Set database path to: C:\ST\STM32CubeIDE_1.18.1\STM32CubeIDE\plugins\com.st.stm32cube.common.mx_6.14.1.202504091515\\db\/mcu/
2025-05-13 15:31:04,042 [INFO] ApiDb:274 - Set plugin database path to: C:\ST\STM32CubeIDE_1.18.1\STM32CubeIDE\plugins\com.st.stm32cube.common.mx_6.14.1.202504091515\\db\/plugins/boardmanager/
2025-05-13 15:31:04,043 [WARN] ApiDb:259 - Overriding images path with different value:  => C:\ST\STM32CubeIDE_1.18.1\STM32CubeIDE\plugins\com.st.stm32cube.common.mx_6.14.1.202504091515\\db\/plugins/mcufinder/images/
2025-05-13 15:31:04,048 [INFO] ApiDb:250 - Set database path to: C:\Users\danie\.stmcufinder\plugins\mcufinder//mcu/
2025-05-13 15:31:04,049 [INFO] DbMcusAds:125 - Set database path to: C:\Users\danie\.stmcufinder\plugins\mcufinder//mcu/
2025-05-13 15:31:04,050 [INFO] CrossReferenceDbSqlite:203 - Set database path to: C:\Users\danie\.stmcufinder\plugins\mcufinder//mcu/cs/
2025-05-13 15:31:04,164 [INFO] RulesReader:64 - Compatibility file has been processed (302 Rules)
2025-05-13 15:31:04,255 [INFO] DbMcusXml:78 - Set database path to: C:\ST\STM32CubeIDE_1.18.1\STM32CubeIDE\plugins\com.st.stm32cube.common.mx_6.14.1.202504091515\\db\/mcu/
2025-05-13 15:31:04,255 [INFO] ApiDb:274 - Set plugin database path to: C:\ST\STM32CubeIDE_1.18.1\STM32CubeIDE\plugins\com.st.stm32cube.common.mx_6.14.1.202504091515\\db\/plugins/boardmanager/
2025-05-13 15:31:04,255 [INFO] ApiDb:261 - Set plugin images path to: C:\ST\STM32CubeIDE_1.18.1\STM32CubeIDE\plugins\com.st.stm32cube.common.mx_6.14.1.202504091515\\db\/plugins/mcufinder/images/
2025-05-13 15:31:04,255 [WARN] DbFile:41 - Overriding database path with different value: C:\Users\danie\.stmcufinder\plugins\mcufinder/ => C:\Users\danie\.stmcufinder\plugins\mcufinder
2025-05-13 15:31:04,256 [INFO] ApiDb:250 - Set database path to: C:\Users\danie\.stmcufinder\plugins\mcufinder//mcu/
2025-05-13 15:31:04,256 [WARN] DbFile:41 - Overriding database path with different value: C:\Users\danie\.stmcufinder\plugins\mcufinder/ => C:\Users\danie\.stmcufinder\plugins\mcufinder
2025-05-13 15:31:04,256 [INFO] DbMcusAds:125 - Set database path to: C:\Users\danie\.stmcufinder\plugins\mcufinder//mcu/
2025-05-13 15:31:04,256 [WARN] DbFile:41 - Overriding database path with different value: C:\Users\danie\.stmcufinder\plugins\mcufinder/ => C:\Users\danie\.stmcufinder\plugins\mcufinder
2025-05-13 15:31:04,256 [WARN] DbFile:41 - Overriding database path with different value: C:\Users\danie\.stmcufinder\plugins\mcufinder/ => C:\Users\danie\.stmcufinder\plugins\mcufinder
2025-05-13 15:31:04,256 [INFO] CrossReferenceDbSqlite:203 - Set database path to: C:\Users\danie\.stmcufinder\plugins\mcufinder//mcu/cs/
2025-05-13 15:31:04,356 [INFO] MainPanel:272 - HeapMemory: 268435456
2025-05-13 15:31:04,478 [INFO] DbMcusXml:78 - Set database path to: C:\ST\STM32CubeIDE_1.18.1\STM32CubeIDE\plugins\com.st.stm32cube.common.mx_6.14.1.202504091515\\db\/mcu/
2025-05-13 15:31:04,479 [INFO] ApiDb:274 - Set plugin database path to: C:\ST\STM32CubeIDE_1.18.1\STM32CubeIDE\plugins\com.st.stm32cube.common.mx_6.14.1.202504091515\\db\/plugins/boardmanager/
2025-05-13 15:31:04,479 [INFO] ApiDb:261 - Set plugin images path to: C:\ST\STM32CubeIDE_1.18.1\STM32CubeIDE\plugins\com.st.stm32cube.common.mx_6.14.1.202504091515\\db\/plugins/mcufinder/images/
2025-05-13 15:31:04,479 [WARN] DbFile:41 - Overriding database path with different value: C:\Users\danie\.stmcufinder\plugins\mcufinder/ => C:\Users\danie\.stmcufinder\plugins\mcufinder
2025-05-13 15:31:04,479 [INFO] ApiDb:250 - Set database path to: C:\Users\danie\.stmcufinder\plugins\mcufinder//mcu/
2025-05-13 15:31:04,479 [WARN] DbFile:41 - Overriding database path with different value: C:\Users\danie\.stmcufinder\plugins\mcufinder/ => C:\Users\danie\.stmcufinder\plugins\mcufinder
2025-05-13 15:31:04,479 [INFO] DbMcusAds:125 - Set database path to: C:\Users\danie\.stmcufinder\plugins\mcufinder//mcu/
2025-05-13 15:31:04,479 [WARN] DbFile:41 - Overriding database path with different value: C:\Users\danie\.stmcufinder\plugins\mcufinder/ => C:\Users\danie\.stmcufinder\plugins\mcufinder
2025-05-13 15:31:04,479 [WARN] DbFile:41 - Overriding database path with different value: C:\Users\danie\.stmcufinder\plugins\mcufinder/ => C:\Users\danie\.stmcufinder\plugins\mcufinder
2025-05-13 15:31:04,479 [INFO] CrossReferenceDbSqlite:203 - Set database path to: C:\Users\danie\.stmcufinder\plugins\mcufinder//mcu/cs/
2025-05-13 15:31:04,497 [INFO] ApplicationProperties:184 - Using Application install path: C:\ST\STM32CubeIDE_1.18.1\STM32CubeIDE\plugins\com.st.stm32cube.common.mx_6.14.1.202504091515
2025-05-13 15:31:04,498 [INFO] PluginManage:196 - Search for loadable plugins [exclusion list=, ]
2025-05-13 15:31:04,499 [INFO] PluginManage:310 - Check plugin analytics
2025-05-13 15:31:04,694 [INFO] AnalyticsPlugin:253 - Accepted Software Licenses: STM32CubeMX.6.9.2,STM32CubeMX.6.12.0
2025-05-13 15:31:04,694 [INFO] AnalyticsPlugin:255 - Accepted CMSIS Pack Licenses: 
2025-05-13 15:31:04,694 [INFO] AnalyticsPlugin:257 - Accepted Firmware Licenses: FW.F4.1.27.0,FW.F4.1.28.0
2025-05-13 15:31:04,697 [INFO] PluginManage:359 - Loaded plugin analytics (category:tool,tabindex:-1)
2025-05-13 15:31:04,697 [INFO] PluginManage:310 - Check plugin cadmodel
2025-05-13 15:31:04,706 [INFO] CADModel:105 - Init CAD model plugin
2025-05-13 15:31:04,706 [INFO] PluginManage:359 - Loaded plugin cadmodel (category:power,tabindex:5)
2025-05-13 15:31:04,706 [INFO] PluginManage:310 - Check plugin clock
2025-05-13 15:31:04,718 [INFO] PluginManage:359 - Loaded plugin clock (category:base,tabindex:2)
2025-05-13 15:31:04,719 [INFO] PluginManage:310 - Check plugin ddr
2025-05-13 15:31:04,722 [INFO] PluginManage:359 - Loaded plugin ddr (category:tool,tabindex:6)
2025-05-13 15:31:04,722 [INFO] PluginManage:310 - Check plugin filemanager
2025-05-13 15:31:04,960 [INFO] PluginManage:359 - Loaded plugin filemanager (category:base,tabindex:10)
2025-05-13 15:31:04,960 [INFO] PluginManage:310 - Check plugin ipmanager
2025-05-13 15:31:04,970 [INFO] PluginManage:359 - Loaded plugin ipmanager (category:base,tabindex:5)
2025-05-13 15:31:04,970 [INFO] PluginManage:310 - Check plugin lpbam
2025-05-13 15:31:04,980 [INFO] PluginManage:359 - Loaded plugin lpbam (category:base,tabindex:0)
2025-05-13 15:31:04,980 [INFO] PluginManage:310 - Check plugin memorymap
2025-05-13 15:31:04,993 [INFO] PluginManage:359 - Loaded plugin memorymap (category:base,tabindex:4)
2025-05-13 15:31:04,994 [INFO] PluginManage:310 - Check plugin pinoutandconfiguration
2025-05-13 15:31:05,002 [INFO] PluginManage:359 - Loaded plugin pinoutandconfiguration (category:base,tabindex:1)
2025-05-13 15:31:05,003 [INFO] PluginManage:310 - Check plugin pinoutconfig
2025-05-13 15:31:05,078 [WARN] SupportedApi:132 - Cannot load RTOS API schema: s4s-elt-must-match.1: The content of 'definitions' must match (annotation?, (simpleType | complexType)?, (unique | key | keyref)*)). A problem was found starting at: attribute.
2025-05-13 15:31:05,233 [INFO] PluginManage:359 - Loaded plugin pinoutconfig (category:base,tabindex:0)
2025-05-13 15:31:05,233 [INFO] PluginManage:310 - Check plugin power
2025-05-13 15:31:05,243 [INFO] PluginManage:359 - Loaded plugin power (category:power,tabindex:4)
2025-05-13 15:31:05,243 [INFO] PluginManage:310 - Check plugin projectmanager
2025-05-13 15:31:05,254 [INFO] PluginManage:359 - Loaded plugin projectmanager (category:projectmanager,tabindex:4)
2025-05-13 15:31:05,255 [INFO] PluginManage:310 - Check plugin rif
2025-05-13 15:31:05,264 [INFO] PluginManage:359 - Loaded plugin rif (category:base,tabindex:3)
2025-05-13 15:31:05,264 [INFO] PluginManage:310 - Check plugin thirdparty
2025-05-13 15:31:05,380 [INFO] PluginManage:359 - Loaded plugin thirdparty (category:base,tabindex:-1)
2025-05-13 15:31:05,380 [INFO] PluginManage:310 - Check plugin tools
2025-05-13 15:31:05,380 [WARN] IntegrityCheckThread:84 - waiting for thirdparty lock release [integrity check]
2025-05-13 15:31:05,380 [INFO] IntegrityCheckThread:86 - entering critical section [integrity check]
2025-05-13 15:31:05,381 [INFO] ThirdPartyUpdaterWithRetryManager:70 - Updater plugin not ready yet. [1/15]
2025-05-13 15:31:05,383 [INFO] PluginManage:359 - Loaded plugin tools (category:base,tabindex:7)
2025-05-13 15:31:05,383 [INFO] PluginManage:310 - Check plugin tutovideos
2025-05-13 15:31:05,568 [INFO] PluginManage:359 - Loaded plugin tutovideos (category:base,tabindex:-1)
2025-05-13 15:31:05,568 [INFO] PluginManage:310 - Check plugin updater
2025-05-13 15:31:05,600 [INFO] PluginManage:359 - Loaded plugin updater (category:base,tabindex:12)
2025-05-13 15:31:05,600 [INFO] PluginManage:310 - Check plugin userauth
2025-05-13 15:31:05,609 [INFO] UserAuth:118 - Init User Auth plugin
2025-05-13 15:31:05,610 [INFO] PluginManage:359 - Loaded plugin userauth (category:base,tabindex:14)
2025-05-13 15:31:05,611 [INFO] PluginManage:283 - PluginManage : Loaded plugins [18]
2025-05-13 15:31:06,098 [INFO] PinOutPanel:1589 - setPackage(No Configuration,No Configuration)
2025-05-13 15:31:06,253 [INFO] CADModel:165 - CPN selected for project level
2025-05-13 15:31:06,253 [INFO] CADModel:114 - Register for checkConnection events
2025-05-13 15:31:06,281 [INFO] IPUIPlugin:80 - create IPUIPlugin
2025-05-13 15:31:06,281 [INFO] PluginManager:220 - loadIPPluginJar : add adc
2025-05-13 15:31:06,288 [INFO] IPUIPlugin:80 - create IPUIPlugin
2025-05-13 15:31:06,288 [INFO] PluginManager:220 - loadIPPluginJar : add aes
2025-05-13 15:31:06,295 [INFO] IPUIPlugin:80 - create IPUIPlugin
2025-05-13 15:31:06,295 [INFO] PluginManager:220 - loadIPPluginJar : add can
2025-05-13 15:31:06,298 [INFO] IPUIPlugin:80 - create IPUIPlugin
2025-05-13 15:31:06,299 [INFO] PluginManager:220 - loadIPPluginJar : add comp
2025-05-13 15:31:06,302 [INFO] IPUIPlugin:80 - create IPUIPlugin
2025-05-13 15:31:06,302 [INFO] PluginManager:220 - loadIPPluginJar : add cryp
2025-05-13 15:31:06,306 [INFO] IPUIPlugin:80 - create IPUIPlugin
2025-05-13 15:31:06,306 [INFO] PluginManager:220 - loadIPPluginJar : add ddr_ctrl_phy
2025-05-13 15:31:06,310 [INFO] IPUIPlugin:80 - create IPUIPlugin
2025-05-13 15:31:06,311 [INFO] PluginManager:220 - loadIPPluginJar : add dfsdm
2025-05-13 15:31:06,317 [INFO] IPUIPlugin:80 - create IPUIPlugin
2025-05-13 15:31:06,318 [INFO] PluginManager:220 - loadIPPluginJar : add dma
2025-05-13 15:31:06,323 [INFO] IPUIPlugin:80 - create IPUIPlugin
2025-05-13 15:31:06,324 [INFO] PluginManager:220 - loadIPPluginJar : add dma3
2025-05-13 15:31:06,329 [INFO] IPUIPlugin:80 - create IPUIPlugin
2025-05-13 15:31:06,329 [INFO] PluginManager:220 - loadIPPluginJar : add extmemmanager
2025-05-13 15:31:06,332 [INFO] IPUIPlugin:80 - create IPUIPlugin
2025-05-13 15:31:06,332 [INFO] PluginManager:220 - loadIPPluginJar : add fatfs
2025-05-13 15:31:06,341 [INFO] IPUIPlugin:80 - create IPUIPlugin
2025-05-13 15:31:06,341 [INFO] PluginManager:220 - loadIPPluginJar : add fmc
2025-05-13 15:31:06,351 [INFO] IPUIPlugin:80 - create IPUIPlugin
2025-05-13 15:31:06,351 [INFO] PluginManager:220 - loadIPPluginJar : add freertos
2025-05-13 15:31:06,353 [INFO] IPUIPlugin:80 - create IPUIPlugin
2025-05-13 15:31:06,354 [INFO] PluginManager:220 - loadIPPluginJar : add genericplugin
2025-05-13 15:31:06,357 [INFO] IPUIPlugin:80 - create IPUIPlugin
2025-05-13 15:31:06,357 [INFO] PluginManager:220 - loadIPPluginJar : add gfxmmu
2025-05-13 15:31:06,360 [INFO] IPUIPlugin:80 - create IPUIPlugin
2025-05-13 15:31:06,361 [INFO] PluginManager:220 - loadIPPluginJar : add gic
2025-05-13 15:31:06,365 [INFO] IPUIPlugin:80 - create IPUIPlugin
2025-05-13 15:31:06,365 [INFO] PluginManager:220 - loadIPPluginJar : add gpio
2025-05-13 15:31:06,367 [INFO] IPUIPlugin:80 - create IPUIPlugin
2025-05-13 15:31:06,368 [INFO] PluginManager:220 - loadIPPluginJar : add gtzc
2025-05-13 15:31:06,370 [INFO] IPUIPlugin:80 - create IPUIPlugin
2025-05-13 15:31:06,371 [INFO] PluginManager:220 - loadIPPluginJar : add hash
2025-05-13 15:31:06,373 [INFO] IPUIPlugin:80 - create IPUIPlugin
2025-05-13 15:31:06,373 [INFO] PluginManager:220 - loadIPPluginJar : add i2c
2025-05-13 15:31:06,376 [INFO] IPUIPlugin:80 - create IPUIPlugin
2025-05-13 15:31:06,377 [INFO] PluginManager:220 - loadIPPluginJar : add i2s
2025-05-13 15:31:06,380 [INFO] IPUIPlugin:80 - create IPUIPlugin
2025-05-13 15:31:06,380 [INFO] PluginManager:220 - loadIPPluginJar : add i3c
2025-05-13 15:31:06,388 [INFO] IPUIPlugin:80 - create IPUIPlugin
2025-05-13 15:31:06,388 [INFO] PluginManager:220 - loadIPPluginJar : add ipddr
2025-05-13 15:31:06,401 [INFO] IPUIPlugin:80 - create IPUIPlugin
2025-05-13 15:31:06,401 [INFO] PluginManager:220 - loadIPPluginJar : add linkedlist
2025-05-13 15:31:06,405 [INFO] IPUIPlugin:80 - create IPUIPlugin
2025-05-13 15:31:06,405 [INFO] PluginManager:220 - loadIPPluginJar : add lorawan
2025-05-13 15:31:06,408 [INFO] IPUIPlugin:80 - create IPUIPlugin
2025-05-13 15:31:06,409 [INFO] PluginManager:220 - loadIPPluginJar : add ltdc
2025-05-13 15:31:06,421 [INFO] IPUIPlugin:80 - create IPUIPlugin
2025-05-13 15:31:06,421 [INFO] PluginManager:220 - loadIPPluginJar : add mdma
2025-05-13 15:31:06,430 [INFO] IPUIPlugin:80 - create IPUIPlugin
2025-05-13 15:31:06,431 [INFO] PluginManager:220 - loadIPPluginJar : add nvic
2025-05-13 15:31:06,437 [INFO] IPUIPlugin:80 - create IPUIPlugin
2025-05-13 15:31:06,437 [INFO] PluginManager:220 - loadIPPluginJar : add opamp
2025-05-13 15:31:06,443 [INFO] IPUIPlugin:80 - create IPUIPlugin
2025-05-13 15:31:06,443 [INFO] PluginManager:220 - loadIPPluginJar : add openamp
2025-05-13 15:31:06,446 [INFO] IPUIPlugin:80 - create IPUIPlugin
2025-05-13 15:31:06,446 [INFO] PluginManager:220 - loadIPPluginJar : add pdm2pcm
2025-05-13 15:31:06,452 [INFO] IPUIPlugin:80 - create IPUIPlugin
2025-05-13 15:31:06,455 [INFO] PluginManager:220 - loadIPPluginJar : add plateformsettings
2025-05-13 15:31:06,457 [INFO] IPUIPlugin:80 - create IPUIPlugin
2025-05-13 15:31:06,457 [INFO] PluginManager:220 - loadIPPluginJar : add quadspi
2025-05-13 15:31:06,460 [INFO] IPUIPlugin:80 - create IPUIPlugin
2025-05-13 15:31:06,460 [INFO] PluginManager:220 - loadIPPluginJar : add radio
2025-05-13 15:31:06,464 [INFO] IPUIPlugin:80 - create IPUIPlugin
2025-05-13 15:31:06,465 [INFO] PluginManager:220 - loadIPPluginJar : add resmgrutility
2025-05-13 15:31:06,468 [INFO] IPUIPlugin:80 - create IPUIPlugin
2025-05-13 15:31:06,468 [INFO] PluginManager:220 - loadIPPluginJar : add sai
2025-05-13 15:31:06,471 [INFO] IPUIPlugin:80 - create IPUIPlugin
2025-05-13 15:31:06,471 [INFO] PluginManager:220 - loadIPPluginJar : add spi
2025-05-13 15:31:06,479 [INFO] IPUIPlugin:80 - create IPUIPlugin
2025-05-13 15:31:06,479 [INFO] PluginManager:220 - loadIPPluginJar : add stm32_wpan
2025-05-13 15:31:06,482 [INFO] IPUIPlugin:80 - create IPUIPlugin
2025-05-13 15:31:06,482 [INFO] PluginManager:220 - loadIPPluginJar : add tim
2025-05-13 15:31:06,485 [INFO] IPUIPlugin:80 - create IPUIPlugin
2025-05-13 15:31:06,485 [INFO] PluginManager:220 - loadIPPluginJar : add touchsensing
2025-05-13 15:31:06,488 [INFO] IPUIPlugin:80 - create IPUIPlugin
2025-05-13 15:31:06,488 [INFO] PluginManager:220 - loadIPPluginJar : add tracer_emb
2025-05-13 15:31:06,491 [INFO] IPUIPlugin:80 - create IPUIPlugin
2025-05-13 15:31:06,491 [INFO] PluginManager:220 - loadIPPluginJar : add ts
2025-05-13 15:31:06,493 [INFO] IPUIPlugin:80 - create IPUIPlugin
2025-05-13 15:31:06,494 [INFO] PluginManager:220 - loadIPPluginJar : add tsc
2025-05-13 15:31:06,496 [INFO] IPUIPlugin:80 - create IPUIPlugin
2025-05-13 15:31:06,497 [INFO] PluginManager:220 - loadIPPluginJar : add ucpd
2025-05-13 15:31:06,501 [INFO] IPUIPlugin:80 - create IPUIPlugin
2025-05-13 15:31:06,501 [INFO] PluginManager:220 - loadIPPluginJar : add usart
2025-05-13 15:31:06,509 [INFO] IPUIPlugin:80 - create IPUIPlugin
2025-05-13 15:31:06,510 [INFO] PluginManager:220 - loadIPPluginJar : add usbx
