Analysis & Synthesis report for Prova
Wed Apr  9 22:27:20 2025
Quartus Prime Version 23.1std.1 Build 993 05/14/2024 SC Lite Edition


---------------------
; Table of Contents ;
---------------------
  1. Legal Notice
  2. Analysis & Synthesis Summary
  3. Analysis & Synthesis Settings
  4. Parallel Compilation
  5. Analysis & Synthesis Source Files Read
  6. Analysis & Synthesis Resource Usage Summary
  7. Analysis & Synthesis Resource Utilization by Entity
  8. Analysis & Synthesis RAM Summary
  9. General Register Statistics
 10. Inverted Register Statistics
 11. Registers Packed Into Inferred Megafunctions
 12. Source assignments for altshift_taps:regs_rtl_0|shift_taps_qgv:auto_generated|altsyncram_bqc1:altsyncram5
 13. Source assignments for altshift_taps:regs_rtl_0|shift_taps_qgv:auto_generated|cntr_88h:cntr6
 14. Parameter Settings for User Entity Instance: Top-level Entity: |ALM_saturation
 15. Parameter Settings for Inferred Entity Instance: altshift_taps:regs_rtl_0
 16. altshift_taps Parameter Settings by Entity Instance
 17. Post-Synthesis Netlist Statistics for Top Partition
 18. Elapsed Time Per Partition
 19. Analysis & Synthesis Messages



----------------
; Legal Notice ;
----------------
Copyright (C) 2024  Intel Corporation. All rights reserved.
Your use of Intel Corporation's design tools, logic functions 
and other software and tools, and any partner logic 
functions, and any output files from any of the foregoing 
(including device programming or simulation files), and any 
associated documentation or information are expressly subject 
to the terms and conditions of the Intel Program License 
Subscription Agreement, the Intel Quartus Prime License Agreement,
the Intel FPGA IP License Agreement, or other applicable license
agreement, including, without limitation, that your use is for
the sole purpose of programming logic devices manufactured by
Intel and sold by Intel or its authorized distributors.  Please
refer to the applicable agreement for further details, at
https://fpgasoftware.intel.com/eula.



+----------------------------------------------------------------------------------+
; Analysis & Synthesis Summary                                                     ;
+---------------------------------+------------------------------------------------+
; Analysis & Synthesis Status     ; Successful - Wed Apr  9 22:27:20 2025          ;
; Quartus Prime Version           ; 23.1std.1 Build 993 05/14/2024 SC Lite Edition ;
; Revision Name                   ; Prova                                          ;
; Top-level Entity Name           ; ALM_Saturation                                 ;
; Family                          ; Cyclone V                                      ;
; Logic utilization (in ALMs)     ; N/A                                            ;
; Total registers                 ; 72                                             ;
; Total pins                      ; 18                                             ;
; Total virtual pins              ; 0                                              ;
; Total block memory bits         ; 39,976                                         ;
; Total DSP Blocks                ; 0                                              ;
; Total HSSI RX PCSs              ; 0                                              ;
; Total HSSI PMA RX Deserializers ; 0                                              ;
; Total HSSI TX PCSs              ; 0                                              ;
; Total HSSI PMA TX Serializers   ; 0                                              ;
; Total PLLs                      ; 0                                              ;
; Total DLLs                      ; 0                                              ;
+---------------------------------+------------------------------------------------+


+---------------------------------------------------------------------------------------------------------------------------+
; Analysis & Synthesis Settings                                                                                             ;
+---------------------------------------------------------------------------------+--------------------+--------------------+
; Option                                                                          ; Setting            ; Default Value      ;
+---------------------------------------------------------------------------------+--------------------+--------------------+
; Device                                                                          ; 5CSEMA5F31C6       ;                    ;
; Top-level entity name                                                           ; ALM_saturation     ; Prova              ;
; Family name                                                                     ; Cyclone V          ; Cyclone V          ;
; Use smart compilation                                                           ; Off                ; Off                ;
; Enable parallel Assembler and Timing Analyzer during compilation                ; On                 ; On                 ;
; Enable compact report table                                                     ; Off                ; Off                ;
; Restructure Multiplexers                                                        ; Auto               ; Auto               ;
; MLAB Add Timing Constraints For Mixed-Port Feed-Through Mode Setting Don't Care ; Off                ; Off                ;
; Create Debugging Nodes for IP Cores                                             ; Off                ; Off                ;
; Preserve fewer node names                                                       ; On                 ; On                 ;
; Intel FPGA IP Evaluation Mode                                                   ; Enable             ; Enable             ;
; Verilog Version                                                                 ; Verilog_2001       ; Verilog_2001       ;
; VHDL Version                                                                    ; VHDL_1993          ; VHDL_1993          ;
; State Machine Processing                                                        ; Auto               ; Auto               ;
; Safe State Machine                                                              ; Off                ; Off                ;
; Extract Verilog State Machines                                                  ; On                 ; On                 ;
; Extract VHDL State Machines                                                     ; On                 ; On                 ;
; Ignore Verilog initial constructs                                               ; Off                ; Off                ;
; Iteration limit for constant Verilog loops                                      ; 5000               ; 5000               ;
; Iteration limit for non-constant Verilog loops                                  ; 250                ; 250                ;
; Add Pass-Through Logic to Inferred RAMs                                         ; On                 ; On                 ;
; Infer RAMs from Raw Logic                                                       ; On                 ; On                 ;
; Parallel Synthesis                                                              ; On                 ; On                 ;
; DSP Block Balancing                                                             ; Auto               ; Auto               ;
; NOT Gate Push-Back                                                              ; On                 ; On                 ;
; Power-Up Don't Care                                                             ; On                 ; On                 ;
; Remove Redundant Logic Cells                                                    ; Off                ; Off                ;
; Remove Duplicate Registers                                                      ; On                 ; On                 ;
; Ignore CARRY Buffers                                                            ; Off                ; Off                ;
; Ignore CASCADE Buffers                                                          ; Off                ; Off                ;
; Ignore GLOBAL Buffers                                                           ; Off                ; Off                ;
; Ignore ROW GLOBAL Buffers                                                       ; Off                ; Off                ;
; Ignore LCELL Buffers                                                            ; Off                ; Off                ;
; Ignore SOFT Buffers                                                             ; On                 ; On                 ;
; Limit AHDL Integers to 32 Bits                                                  ; Off                ; Off                ;
; Optimization Technique                                                          ; Balanced           ; Balanced           ;
; Carry Chain Length                                                              ; 70                 ; 70                 ;
; Auto Carry Chains                                                               ; On                 ; On                 ;
; Auto Open-Drain Pins                                                            ; On                 ; On                 ;
; Perform WYSIWYG Primitive Resynthesis                                           ; Off                ; Off                ;
; Auto ROM Replacement                                                            ; On                 ; On                 ;
; Auto RAM Replacement                                                            ; On                 ; On                 ;
; Auto DSP Block Replacement                                                      ; On                 ; On                 ;
; Auto Shift Register Replacement                                                 ; Auto               ; Auto               ;
; Allow Shift Register Merging across Hierarchies                                 ; Auto               ; Auto               ;
; Auto Clock Enable Replacement                                                   ; On                 ; On                 ;
; Strict RAM Replacement                                                          ; Off                ; Off                ;
; Allow Synchronous Control Signals                                               ; On                 ; On                 ;
; Force Use of Synchronous Clear Signals                                          ; Off                ; Off                ;
; Auto Resource Sharing                                                           ; Off                ; Off                ;
; Allow Any RAM Size For Recognition                                              ; Off                ; Off                ;
; Allow Any ROM Size For Recognition                                              ; Off                ; Off                ;
; Allow Any Shift Register Size For Recognition                                   ; Off                ; Off                ;
; Use LogicLock Constraints during Resource Balancing                             ; On                 ; On                 ;
; Ignore translate_off and synthesis_off directives                               ; Off                ; Off                ;
; Timing-Driven Synthesis                                                         ; On                 ; On                 ;
; Report Parameter Settings                                                       ; On                 ; On                 ;
; Report Source Assignments                                                       ; On                 ; On                 ;
; Report Connectivity Checks                                                      ; On                 ; On                 ;
; Ignore Maximum Fan-Out Assignments                                              ; Off                ; Off                ;
; Synchronization Register Chain Length                                           ; 3                  ; 3                  ;
; Power Optimization During Synthesis                                             ; Normal compilation ; Normal compilation ;
; HDL message level                                                               ; Level2             ; Level2             ;
; Suppress Register Optimization Related Messages                                 ; Off                ; Off                ;
; Number of Removed Registers Reported in Synthesis Report                        ; 5000               ; 5000               ;
; Number of Swept Nodes Reported in Synthesis Report                              ; 5000               ; 5000               ;
; Number of Inverted Registers Reported in Synthesis Report                       ; 100                ; 100                ;
; Clock MUX Protection                                                            ; On                 ; On                 ;
; Auto Gated Clock Conversion                                                     ; Off                ; Off                ;
; Block Design Naming                                                             ; Auto               ; Auto               ;
; SDC constraint protection                                                       ; Off                ; Off                ;
; Synthesis Effort                                                                ; Auto               ; Auto               ;
; Shift Register Replacement - Allow Asynchronous Clear Signal                    ; On                 ; On                 ;
; Pre-Mapping Resynthesis Optimization                                            ; Off                ; Off                ;
; Analysis & Synthesis Message Level                                              ; Medium             ; Medium             ;
; Disable Register Merging Across Hierarchies                                     ; Auto               ; Auto               ;
; Resource Aware Inference For Block RAM                                          ; On                 ; On                 ;
; Automatic Parallel Synthesis                                                    ; On                 ; On                 ;
; Partial Reconfiguration Bitstream ID                                            ; Off                ; Off                ;
+---------------------------------------------------------------------------------+--------------------+--------------------+


+------------------------------------------+
; Parallel Compilation                     ;
+----------------------------+-------------+
; Processors                 ; Number      ;
+----------------------------+-------------+
; Number detected on machine ; 12          ;
; Maximum allowed            ; 10          ;
;                            ;             ;
; Average used               ; 1.01        ;
; Maximum used               ; 10          ;
;                            ;             ;
; Usage by Processor         ; % Time Used ;
;     Processor 1            ; 100.0%      ;
;     Processor 2            ;   0.2%      ;
;     Processor 3            ;   0.1%      ;
;     Processor 4            ;   0.1%      ;
;     Processor 5            ;   0.1%      ;
;     Processors 6-10        ;   0.1%      ;
+----------------------------+-------------+


+---------------------------------------------------------------------------------------------------------------------------------------------------------------------------+
; Analysis & Synthesis Source Files Read                                                                                                                                    ;
+----------------------------------+-----------------+------------------------------+-----------------------------------------------------------------------------+---------+
; File Name with User-Entered Path ; Used in Netlist ; File Type                    ; File Name with Absolute Path                                                ; Library ;
+----------------------------------+-----------------+------------------------------+-----------------------------------------------------------------------------+---------+
; Prova.vhd                        ; yes             ; User VHDL File               ; C:/Users/viola/Desktop/DSE/Laboratory/Lab5/Prova/Prova.vhd                  ;         ;
; altshift_taps.tdf                ; yes             ; Megafunction                 ; c:/intelfpga_lite/23.1std/quartus/libraries/megafunctions/altshift_taps.tdf ;         ;
; altdpram.inc                     ; yes             ; Megafunction                 ; c:/intelfpga_lite/23.1std/quartus/libraries/megafunctions/altdpram.inc      ;         ;
; lpm_counter.inc                  ; yes             ; Megafunction                 ; c:/intelfpga_lite/23.1std/quartus/libraries/megafunctions/lpm_counter.inc   ;         ;
; lpm_compare.inc                  ; yes             ; Megafunction                 ; c:/intelfpga_lite/23.1std/quartus/libraries/megafunctions/lpm_compare.inc   ;         ;
; lpm_constant.inc                 ; yes             ; Megafunction                 ; c:/intelfpga_lite/23.1std/quartus/libraries/megafunctions/lpm_constant.inc  ;         ;
; db/shift_taps_qgv.tdf            ; yes             ; Auto-Generated Megafunction  ; C:/Users/viola/Desktop/DSE/Laboratory/Lab5/Prova/db/shift_taps_qgv.tdf      ;         ;
; db/altsyncram_bqc1.tdf           ; yes             ; Auto-Generated Megafunction  ; C:/Users/viola/Desktop/DSE/Laboratory/Lab5/Prova/db/altsyncram_bqc1.tdf     ;         ;
; db/cntr_kof.tdf                  ; yes             ; Auto-Generated Megafunction  ; C:/Users/viola/Desktop/DSE/Laboratory/Lab5/Prova/db/cntr_kof.tdf            ;         ;
; db/cmpr_sac.tdf                  ; yes             ; Auto-Generated Megafunction  ; C:/Users/viola/Desktop/DSE/Laboratory/Lab5/Prova/db/cmpr_sac.tdf            ;         ;
; db/cntr_88h.tdf                  ; yes             ; Auto-Generated Megafunction  ; C:/Users/viola/Desktop/DSE/Laboratory/Lab5/Prova/db/cntr_88h.tdf            ;         ;
+----------------------------------+-----------------+------------------------------+-----------------------------------------------------------------------------+---------+


+---------------------------------------------------------+
; Analysis & Synthesis Resource Usage Summary             ;
+---------------------------------------------+-----------+
; Resource                                    ; Usage     ;
+---------------------------------------------+-----------+
; Estimate of Logic utilization (ALMs needed) ; 40        ;
;                                             ;           ;
; Combinational ALUT usage for logic          ; 57        ;
;     -- 7 input functions                    ; 0         ;
;     -- 6 input functions                    ; 2         ;
;     -- 5 input functions                    ; 1         ;
;     -- 4 input functions                    ; 2         ;
;     -- <=3 input functions                  ; 52        ;
;                                             ;           ;
; Dedicated logic registers                   ; 72        ;
;                                             ;           ;
; I/O pins                                    ; 18        ;
; Total MLAB memory bits                      ; 0         ;
; Total block memory bits                     ; 39976     ;
;                                             ;           ;
; Total DSP Blocks                            ; 0         ;
;                                             ;           ;
; Maximum fan-out node                        ; clk~input ;
; Maximum fan-out                             ; 80        ;
; Total fan-out                               ; 607       ;
; Average fan-out                             ; 3.51      ;
+---------------------------------------------+-----------+


+---------------------------------------------------------------------------------------------------------------------------------------------------------------------------------------------------------------------------------------------------------------------------------------+
; Analysis & Synthesis Resource Utilization by Entity                                                                                                                                                                                                                                   ;
+----------------------------------------+---------------------+---------------------------+-------------------+------------+------+--------------+----------------------------------------------------------------------------------------------------+-----------------+--------------+
; Compilation Hierarchy Node             ; Combinational ALUTs ; Dedicated Logic Registers ; Block Memory Bits ; DSP Blocks ; Pins ; Virtual Pins ; Full Hierarchy Name                                                                                ; Entity Name     ; Library Name ;
+----------------------------------------+---------------------+---------------------------+-------------------+------------+------+--------------+----------------------------------------------------------------------------------------------------+-----------------+--------------+
; |ALM_Saturation                        ; 57 (0)              ; 72 (32)                   ; 39976             ; 0          ; 18   ; 0            ; |ALM_Saturation                                                                                    ; ALM_Saturation  ; work         ;
;    |altshift_taps:regs_rtl_0|          ; 57 (0)              ; 40 (0)                    ; 39976             ; 0          ; 0    ; 0            ; |ALM_Saturation|altshift_taps:regs_rtl_0                                                           ; altshift_taps   ; work         ;
;       |shift_taps_qgv:auto_generated|  ; 57 (22)             ; 40 (14)                   ; 39976             ; 0          ; 0    ; 0            ; |ALM_Saturation|altshift_taps:regs_rtl_0|shift_taps_qgv:auto_generated                             ; shift_taps_qgv  ; work         ;
;          |altsyncram_bqc1:altsyncram5| ; 0 (0)               ; 0 (0)                     ; 39976             ; 0          ; 0    ; 0            ; |ALM_Saturation|altshift_taps:regs_rtl_0|shift_taps_qgv:auto_generated|altsyncram_bqc1:altsyncram5 ; altsyncram_bqc1 ; work         ;
;          |cntr_88h:cntr6|              ; 20 (20)             ; 13 (13)                   ; 0                 ; 0          ; 0    ; 0            ; |ALM_Saturation|altshift_taps:regs_rtl_0|shift_taps_qgv:auto_generated|cntr_88h:cntr6              ; cntr_88h        ; work         ;
;          |cntr_kof:cntr1|              ; 15 (15)             ; 13 (13)                   ; 0                 ; 0          ; 0    ; 0            ; |ALM_Saturation|altshift_taps:regs_rtl_0|shift_taps_qgv:auto_generated|cntr_kof:cntr1              ; cntr_kof        ; work         ;
+----------------------------------------+---------------------+---------------------------+-------------------+------------+------+--------------+----------------------------------------------------------------------------------------------------+-----------------+--------------+
Note: For table entries with two numbers listed, the numbers in parentheses indicate the number of resources of the given type used by the specific entity alone. The numbers listed outside of parentheses indicate the total resources of the given type used by the specific entity and all of its sub-entities in the hierarchy.


+----------------------------------------------------------------------------------------------------------------------------------------------------------------------------------------------------+
; Analysis & Synthesis RAM Summary                                                                                                                                                                   ;
+-----------------------------------------------------------------------------------------------+------+------------------+--------------+--------------+--------------+--------------+-------+------+
; Name                                                                                          ; Type ; Mode             ; Port A Depth ; Port A Width ; Port B Depth ; Port B Width ; Size  ; MIF  ;
+-----------------------------------------------------------------------------------------------+------+------------------+--------------+--------------+--------------+--------------+-------+------+
; altshift_taps:regs_rtl_0|shift_taps_qgv:auto_generated|altsyncram_bqc1:altsyncram5|ALTSYNCRAM ; AUTO ; Simple Dual Port ; 4997         ; 8            ; 4997         ; 8            ; 39976 ; None ;
+-----------------------------------------------------------------------------------------------+------+------------------+--------------+--------------+--------------+--------------+-------+------+


+------------------------------------------------------+
; General Register Statistics                          ;
+----------------------------------------------+-------+
; Statistic                                    ; Value ;
+----------------------------------------------+-------+
; Total registers                              ; 72    ;
; Number of registers using Synchronous Clear  ; 13    ;
; Number of registers using Synchronous Load   ; 0     ;
; Number of registers using Asynchronous Clear ; 38    ;
; Number of registers using Asynchronous Load  ; 0     ;
; Number of registers using Clock Enable       ; 21    ;
; Number of registers using Preset             ; 0     ;
+----------------------------------------------+-------+


+---------------------------------------------------------------------------------------------------+
; Inverted Register Statistics                                                                      ;
+-----------------------------------------------------------------------------------------+---------+
; Inverted Register                                                                       ; Fan out ;
+-----------------------------------------------------------------------------------------+---------+
; altshift_taps:regs_rtl_0|shift_taps_qgv:auto_generated|dffe7                            ; 8       ;
; altshift_taps:regs_rtl_0|shift_taps_qgv:auto_generated|cntr_88h:cntr6|counter_reg_bit12 ; 1       ;
; altshift_taps:regs_rtl_0|shift_taps_qgv:auto_generated|cntr_88h:cntr6|counter_reg_bit9  ; 1       ;
; altshift_taps:regs_rtl_0|shift_taps_qgv:auto_generated|cntr_88h:cntr6|counter_reg_bit8  ; 1       ;
; altshift_taps:regs_rtl_0|shift_taps_qgv:auto_generated|cntr_88h:cntr6|counter_reg_bit7  ; 1       ;
; altshift_taps:regs_rtl_0|shift_taps_qgv:auto_generated|cntr_88h:cntr6|counter_reg_bit1  ; 1       ;
; altshift_taps:regs_rtl_0|shift_taps_qgv:auto_generated|cntr_88h:cntr6|counter_reg_bit0  ; 1       ;
; Total number of inverted registers = 7                                                  ;         ;
+-----------------------------------------------------------------------------------------+---------+


+-------------------------------------------------+
; Registers Packed Into Inferred Megafunctions    ;
+---------------------+--------------+------------+
; Register Name       ; Megafunction ; Type       ;
+---------------------+--------------+------------+
; regs[2..4998][0..7] ; regs_rtl_0   ; SHIFT_TAPS ;
+---------------------+--------------+------------+


+-----------------------------------------------------------------------------------------------------------+
; Source assignments for altshift_taps:regs_rtl_0|shift_taps_qgv:auto_generated|altsyncram_bqc1:altsyncram5 ;
+---------------------------------+--------------------+------+---------------------------------------------+
; Assignment                      ; Value              ; From ; To                                          ;
+---------------------------------+--------------------+------+---------------------------------------------+
; OPTIMIZE_POWER_DURING_SYNTHESIS ; NORMAL_COMPILATION ; -    ; -                                           ;
+---------------------------------+--------------------+------+---------------------------------------------+


+----------------------------------------------------------------------------------------------+
; Source assignments for altshift_taps:regs_rtl_0|shift_taps_qgv:auto_generated|cntr_88h:cntr6 ;
+----------------+-------+------+--------------------------------------------------------------+
; Assignment     ; Value ; From ; To                                                           ;
+----------------+-------+------+--------------------------------------------------------------+
; POWER_UP_LEVEL ; HIGH  ; -    ; counter_reg_bit0                                             ;
; POWER_UP_LEVEL ; HIGH  ; -    ; counter_reg_bit1                                             ;
; POWER_UP_LEVEL ; HIGH  ; -    ; counter_reg_bit7                                             ;
; POWER_UP_LEVEL ; HIGH  ; -    ; counter_reg_bit8                                             ;
; POWER_UP_LEVEL ; HIGH  ; -    ; counter_reg_bit9                                             ;
; POWER_UP_LEVEL ; HIGH  ; -    ; counter_reg_bit12                                            ;
+----------------+-------+------+--------------------------------------------------------------+


+--------------------------------------------------------------------------------+
; Parameter Settings for User Entity Instance: Top-level Entity: |ALM_saturation ;
+----------------+-------+-------------------------------------------------------+
; Parameter Name ; Value ; Type                                                  ;
+----------------+-------+-------------------------------------------------------+
; NUM_REGS       ; 5000  ; Signed Integer                                        ;
+----------------+-------+-------------------------------------------------------+
Note: In order to hide this table in the UI and the text report file, please set the "Show Parameter Settings in Synthesis Report" option in "Analysis and Synthesis Settings -> More Settings" to "Off".


+---------------------------------------------------------------------------+
; Parameter Settings for Inferred Entity Instance: altshift_taps:regs_rtl_0 ;
+----------------+----------------+-----------------------------------------+
; Parameter Name ; Value          ; Type                                    ;
+----------------+----------------+-----------------------------------------+
; WIDTH_BYTEENA  ; 1              ; Untyped                                 ;
; NUMBER_OF_TAPS ; 1              ; Untyped                                 ;
; TAP_DISTANCE   ; 4997           ; Untyped                                 ;
; WIDTH          ; 8              ; Untyped                                 ;
; POWER_UP_STATE ; DONT_CARE      ; Untyped                                 ;
; CBXI_PARAMETER ; shift_taps_qgv ; Untyped                                 ;
+----------------+----------------+-----------------------------------------+
Note: In order to hide this table in the UI and the text report file, please set the "Show Parameter Settings in Synthesis Report" option in "Analysis and Synthesis Settings -> More Settings" to "Off".


+-------------------------------------------------------+
; altshift_taps Parameter Settings by Entity Instance   ;
+----------------------------+--------------------------+
; Name                       ; Value                    ;
+----------------------------+--------------------------+
; Number of entity instances ; 1                        ;
; Entity Instance            ; altshift_taps:regs_rtl_0 ;
;     -- NUMBER_OF_TAPS      ; 1                        ;
;     -- TAP_DISTANCE        ; 4997                     ;
;     -- WIDTH               ; 8                        ;
+----------------------------+--------------------------+


+-----------------------------------------------------+
; Post-Synthesis Netlist Statistics for Top Partition ;
+-----------------------+-----------------------------+
; Type                  ; Count                       ;
+-----------------------+-----------------------------+
; arriav_ff             ; 72                          ;
;     CLR               ; 25                          ;
;     ENA               ; 8                           ;
;     ENA CLR           ; 13                          ;
;     SCLR              ; 13                          ;
;     plain             ; 13                          ;
; arriav_lcell_comb     ; 57                          ;
;     arith             ; 41                          ;
;         0 data inputs ; 2                           ;
;         1 data inputs ; 31                          ;
;         3 data inputs ; 8                           ;
;     normal            ; 16                          ;
;         1 data inputs ; 9                           ;
;         3 data inputs ; 2                           ;
;         4 data inputs ; 2                           ;
;         5 data inputs ; 1                           ;
;         6 data inputs ; 2                           ;
; boundary_port         ; 18                          ;
; stratixv_ram_block    ; 8                           ;
;                       ;                             ;
; Max LUT depth         ; 4.20                        ;
; Average LUT depth     ; 2.06                        ;
+-----------------------+-----------------------------+


+-------------------------------+
; Elapsed Time Per Partition    ;
+----------------+--------------+
; Partition Name ; Elapsed Time ;
+----------------+--------------+
; Top            ; 00:00:04     ;
+----------------+--------------+


+-------------------------------+
; Analysis & Synthesis Messages ;
+-------------------------------+
Info: *******************************************************************
Info: Running Quartus Prime Analysis & Synthesis
    Info: Version 23.1std.1 Build 993 05/14/2024 SC Lite Edition
    Info: Processing started: Wed Apr  9 22:27:03 2025
Info: Command: quartus_map --read_settings_files=on --write_settings_files=off Prova -c Prova
Warning (18236): Number of processors has not been specified which may cause overloading on shared machines.  Set the global assignment NUM_PARALLEL_PROCESSORS in your QSF to an appropriate value for best performance.
Info (20030): Parallel compilation is enabled and will use 10 of the 10 processors detected
Info (12021): Found 2 design units, including 1 entities, in source file prova.vhd
    Info (12022): Found design unit 1: ALM_Saturation-Behavioral File: C:/Users/viola/Desktop/DSE/Laboratory/Lab5/Prova/Prova.vhd Line: 17
    Info (12023): Found entity 1: ALM_Saturation File: C:/Users/viola/Desktop/DSE/Laboratory/Lab5/Prova/Prova.vhd Line: 5
Info (12127): Elaborating entity "ALM_saturation" for the top level hierarchy
Info (286030): Timing-Driven Synthesis is running
Info (19000): Inferred 1 megafunctions from design logic
    Info (276034): Inferred altshift_taps megafunction from the following design logic: "regs_rtl_0"
        Info (286033): Parameter NUMBER_OF_TAPS set to 1
        Info (286033): Parameter TAP_DISTANCE set to 4997
        Info (286033): Parameter WIDTH set to 8
        Info (286033): Parameter POWER_UP_STATE set to DONT_CARE
Info (12130): Elaborated megafunction instantiation "altshift_taps:regs_rtl_0"
Info (12133): Instantiated megafunction "altshift_taps:regs_rtl_0" with the following parameter:
    Info (12134): Parameter "NUMBER_OF_TAPS" = "1"
    Info (12134): Parameter "TAP_DISTANCE" = "4997"
    Info (12134): Parameter "WIDTH" = "8"
    Info (12134): Parameter "POWER_UP_STATE" = "DONT_CARE"
Info (12021): Found 1 design units, including 1 entities, in source file db/shift_taps_qgv.tdf
    Info (12023): Found entity 1: shift_taps_qgv File: C:/Users/viola/Desktop/DSE/Laboratory/Lab5/Prova/db/shift_taps_qgv.tdf Line: 29
Info (12021): Found 1 design units, including 1 entities, in source file db/altsyncram_bqc1.tdf
    Info (12023): Found entity 1: altsyncram_bqc1 File: C:/Users/viola/Desktop/DSE/Laboratory/Lab5/Prova/db/altsyncram_bqc1.tdf Line: 28
Info (12021): Found 1 design units, including 1 entities, in source file db/cntr_kof.tdf
    Info (12023): Found entity 1: cntr_kof File: C:/Users/viola/Desktop/DSE/Laboratory/Lab5/Prova/db/cntr_kof.tdf Line: 28
Info (12021): Found 1 design units, including 1 entities, in source file db/cmpr_sac.tdf
    Info (12023): Found entity 1: cmpr_sac File: C:/Users/viola/Desktop/DSE/Laboratory/Lab5/Prova/db/cmpr_sac.tdf Line: 23
Info (12021): Found 1 design units, including 1 entities, in source file db/cntr_88h.tdf
    Info (12023): Found entity 1: cntr_88h File: C:/Users/viola/Desktop/DSE/Laboratory/Lab5/Prova/db/cntr_88h.tdf Line: 28
Info (16010): Generating hard_block partition "hard_block:auto_generated_inst"
    Info (16011): Adding 0 node(s), including 0 DDIO, 0 PLL, 0 transceiver and 0 LCELL
Info (21057): Implemented 115 device resources after synthesis - the final resource count might be different
    Info (21058): Implemented 10 input pins
    Info (21059): Implemented 8 output pins
    Info (21061): Implemented 89 logic cells
    Info (21064): Implemented 8 RAM segments
Info: Quartus Prime Analysis & Synthesis was successful. 0 errors, 1 warning
    Info: Peak virtual memory: 5176 megabytes
    Info: Processing ended: Wed Apr  9 22:27:20 2025
    Info: Elapsed time: 00:00:17
    Info: Total CPU time (on all processors): 00:00:28


