2025-05-18 18:51:40,196 [INFO] Activator:176 - 


2025-05-18 18:51:40,196 [INFO] Activator:177 - !SESSION log4j initialized
2025-05-18 18:51:44,556 [INFO] LogOutputStream:77 - [STDOUT_REDIRECT] 
2025-05-18 18:51:45,428 [INFO] ApplicationProperties:184 - Using Application install path: C:\ST\STM32CubeIDE_1.18.1\STM32CubeIDE\plugins\com.st.stm32cube.common.mx_6.14.1.202504091515
2025-05-18 18:51:45,442 [INFO] DbMcusXml:78 - Set database path to: C:\ST\STM32CubeIDE_1.18.1\STM32CubeIDE\plugins\com.st.stm32cube.common.mx_6.14.1.202504091515\\db\/mcu/
2025-05-18 18:51:45,443 [INFO] ApiDb:274 - Set plugin database path to: C:\ST\STM32CubeIDE_1.18.1\STM32CubeIDE\plugins\com.st.stm32cube.common.mx_6.14.1.202504091515\\db\/plugins/boardmanager/
2025-05-18 18:51:45,443 [WARN] ApiDb:259 - Overriding images path with different value:  => C:\ST\STM32CubeIDE_1.18.1\STM32CubeIDE\plugins\com.st.stm32cube.common.mx_6.14.1.202504091515\\db\/plugins/mcufinder/images/
2025-05-18 18:51:45,449 [INFO] ApiDb:250 - Set database path to: C:\Users\danie\.stmcufinder\plugins\mcufinder//mcu/
2025-05-18 18:51:45,450 [INFO] DbMcusAds:125 - Set database path to: C:\Users\danie\.stmcufinder\plugins\mcufinder//mcu/
2025-05-18 18:51:45,452 [INFO] CrossReferenceDbSqlite:203 - Set database path to: C:\Users\danie\.stmcufinder\plugins\mcufinder//mcu/cs/
2025-05-18 18:51:45,551 [INFO] RulesReader:64 - Compatibility file has been processed (302 Rules)
2025-05-18 18:51:45,617 [INFO] DbMcusXml:78 - Set database path to: C:\ST\STM32CubeIDE_1.18.1\STM32CubeIDE\plugins\com.st.stm32cube.common.mx_6.14.1.202504091515\\db\/mcu/
2025-05-18 18:51:45,617 [INFO] ApiDb:274 - Set plugin database path to: C:\ST\STM32CubeIDE_1.18.1\STM32CubeIDE\plugins\com.st.stm32cube.common.mx_6.14.1.202504091515\\db\/plugins/boardmanager/
2025-05-18 18:51:45,617 [INFO] ApiDb:261 - Set plugin images path to: C:\ST\STM32CubeIDE_1.18.1\STM32CubeIDE\plugins\com.st.stm32cube.common.mx_6.14.1.202504091515\\db\/plugins/mcufinder/images/
2025-05-18 18:51:45,617 [WARN] DbFile:41 - Overriding database path with different value: C:\Users\danie\.stmcufinder\plugins\mcufinder/ => C:\Users\danie\.stmcufinder\plugins\mcufinder
2025-05-18 18:51:45,617 [INFO] ApiDb:250 - Set database path to: C:\Users\danie\.stmcufinder\plugins\mcufinder//mcu/
2025-05-18 18:51:45,617 [WARN] DbFile:41 - Overriding database path with different value: C:\Users\danie\.stmcufinder\plugins\mcufinder/ => C:\Users\danie\.stmcufinder\plugins\mcufinder
2025-05-18 18:51:45,617 [INFO] DbMcusAds:125 - Set database path to: C:\Users\danie\.stmcufinder\plugins\mcufinder//mcu/
2025-05-18 18:51:45,617 [WARN] DbFile:41 - Overriding database path with different value: C:\Users\danie\.stmcufinder\plugins\mcufinder/ => C:\Users\danie\.stmcufinder\plugins\mcufinder
2025-05-18 18:51:45,617 [WARN] DbFile:41 - Overriding database path with different value: C:\Users\danie\.stmcufinder\plugins\mcufinder/ => C:\Users\danie\.stmcufinder\plugins\mcufinder
2025-05-18 18:51:45,617 [INFO] CrossReferenceDbSqlite:203 - Set database path to: C:\Users\danie\.stmcufinder\plugins\mcufinder//mcu/cs/
2025-05-18 18:51:45,684 [INFO] MainPanel:272 - HeapMemory: 268435456
2025-05-18 18:51:45,786 [INFO] DbMcusXml:78 - Set database path to: C:\ST\STM32CubeIDE_1.18.1\STM32CubeIDE\plugins\com.st.stm32cube.common.mx_6.14.1.202504091515\\db\/mcu/
2025-05-18 18:51:45,786 [INFO] ApiDb:274 - Set plugin database path to: C:\ST\STM32CubeIDE_1.18.1\STM32CubeIDE\plugins\com.st.stm32cube.common.mx_6.14.1.202504091515\\db\/plugins/boardmanager/
2025-05-18 18:51:45,787 [INFO] ApiDb:261 - Set plugin images path to: C:\ST\STM32CubeIDE_1.18.1\STM32CubeIDE\plugins\com.st.stm32cube.common.mx_6.14.1.202504091515\\db\/plugins/mcufinder/images/
2025-05-18 18:51:45,787 [WARN] DbFile:41 - Overriding database path with different value: C:\Users\danie\.stmcufinder\plugins\mcufinder/ => C:\Users\danie\.stmcufinder\plugins\mcufinder
2025-05-18 18:51:45,787 [INFO] ApiDb:250 - Set database path to: C:\Users\danie\.stmcufinder\plugins\mcufinder//mcu/
2025-05-18 18:51:45,787 [WARN] DbFile:41 - Overriding database path with different value: C:\Users\danie\.stmcufinder\plugins\mcufinder/ => C:\Users\danie\.stmcufinder\plugins\mcufinder
2025-05-18 18:51:45,787 [INFO] DbMcusAds:125 - Set database path to: C:\Users\danie\.stmcufinder\plugins\mcufinder//mcu/
2025-05-18 18:51:45,787 [WARN] DbFile:41 - Overriding database path with different value: C:\Users\danie\.stmcufinder\plugins\mcufinder/ => C:\Users\danie\.stmcufinder\plugins\mcufinder
2025-05-18 18:51:45,787 [WARN] DbFile:41 - Overriding database path with different value: C:\Users\danie\.stmcufinder\plugins\mcufinder/ => C:\Users\danie\.stmcufinder\plugins\mcufinder
2025-05-18 18:51:45,787 [INFO] CrossReferenceDbSqlite:203 - Set database path to: C:\Users\danie\.stmcufinder\plugins\mcufinder//mcu/cs/
2025-05-18 18:51:45,803 [INFO] ApplicationProperties:184 - Using Application install path: C:\ST\STM32CubeIDE_1.18.1\STM32CubeIDE\plugins\com.st.stm32cube.common.mx_6.14.1.202504091515
2025-05-18 18:51:45,804 [INFO] PluginManage:196 - Search for loadable plugins [exclusion list=, ]
2025-05-18 18:51:45,805 [INFO] PluginManage:310 - Check plugin analytics
2025-05-18 18:51:45,950 [INFO] AnalyticsPlugin:253 - Accepted Software Licenses: STM32CubeMX.6.9.2,STM32CubeMX.6.12.0
2025-05-18 18:51:45,951 [INFO] AnalyticsPlugin:255 - Accepted CMSIS Pack Licenses: 
2025-05-18 18:51:45,951 [INFO] AnalyticsPlugin:257 - Accepted Firmware Licenses: FW.F4.1.27.0,FW.F4.1.28.0
2025-05-18 18:51:45,954 [INFO] PluginManage:359 - Loaded plugin analytics (category:tool,tabindex:-1)
2025-05-18 18:51:45,954 [INFO] PluginManage:310 - Check plugin cadmodel
2025-05-18 18:51:45,958 [INFO] CADModel:105 - Init CAD model plugin
2025-05-18 18:51:45,958 [INFO] PluginManage:359 - Loaded plugin cadmodel (category:power,tabindex:5)
2025-05-18 18:51:45,958 [INFO] PluginManage:310 - Check plugin clock
2025-05-18 18:51:45,964 [INFO] PluginManage:359 - Loaded plugin clock (category:base,tabindex:2)
2025-05-18 18:51:45,964 [INFO] PluginManage:310 - Check plugin ddr
2025-05-18 18:51:45,966 [INFO] PluginManage:359 - Loaded plugin ddr (category:tool,tabindex:6)
2025-05-18 18:51:45,966 [INFO] PluginManage:310 - Check plugin filemanager
2025-05-18 18:51:46,083 [INFO] PluginManage:359 - Loaded plugin filemanager (category:base,tabindex:10)
2025-05-18 18:51:46,083 [INFO] PluginManage:310 - Check plugin ipmanager
2025-05-18 18:51:46,088 [INFO] PluginManage:359 - Loaded plugin ipmanager (category:base,tabindex:5)
2025-05-18 18:51:46,088 [INFO] PluginManage:310 - Check plugin lpbam
2025-05-18 18:51:46,094 [INFO] PluginManage:359 - Loaded plugin lpbam (category:base,tabindex:0)
2025-05-18 18:51:46,095 [INFO] PluginManage:310 - Check plugin memorymap
2025-05-18 18:51:46,112 [INFO] PluginManage:359 - Loaded plugin memorymap (category:base,tabindex:4)
2025-05-18 18:51:46,112 [INFO] PluginManage:310 - Check plugin pinoutandconfiguration
2025-05-18 18:51:46,122 [INFO] PluginManage:359 - Loaded plugin pinoutandconfiguration (category:base,tabindex:1)
2025-05-18 18:51:46,122 [INFO] PluginManage:310 - Check plugin pinoutconfig
2025-05-18 18:51:46,244 [WARN] SupportedApi:132 - Cannot load RTOS API schema: s4s-elt-must-match.1: The content of 'definitions' must match (annotation?, (simpleType | complexType)?, (unique | key | keyref)*)). A problem was found starting at: attribute.
2025-05-18 18:51:46,420 [INFO] PluginManage:359 - Loaded plugin pinoutconfig (category:base,tabindex:0)
2025-05-18 18:51:46,420 [INFO] PluginManage:310 - Check plugin power
2025-05-18 18:51:46,430 [INFO] PluginManage:359 - Loaded plugin power (category:power,tabindex:4)
2025-05-18 18:51:46,430 [INFO] PluginManage:310 - Check plugin projectmanager
2025-05-18 18:51:46,448 [INFO] PluginManage:359 - Loaded plugin projectmanager (category:projectmanager,tabindex:4)
2025-05-18 18:51:46,449 [INFO] PluginManage:310 - Check plugin rif
2025-05-18 18:51:46,457 [INFO] PluginManage:359 - Loaded plugin rif (category:base,tabindex:3)
2025-05-18 18:51:46,457 [INFO] PluginManage:310 - Check plugin thirdparty
2025-05-18 18:51:46,591 [INFO] PluginManage:359 - Loaded plugin thirdparty (category:base,tabindex:-1)
2025-05-18 18:51:46,592 [INFO] PluginManage:310 - Check plugin tools
2025-05-18 18:51:46,591 [WARN] IntegrityCheckThread:84 - waiting for thirdparty lock release [integrity check]
2025-05-18 18:51:46,592 [INFO] IntegrityCheckThread:86 - entering critical section [integrity check]
2025-05-18 18:51:46,592 [INFO] ThirdPartyUpdaterWithRetryManager:70 - Updater plugin not ready yet. [1/15]
2025-05-18 18:51:46,594 [INFO] PluginManage:359 - Loaded plugin tools (category:base,tabindex:7)
2025-05-18 18:51:46,594 [INFO] PluginManage:310 - Check plugin tutovideos
2025-05-18 18:51:46,773 [INFO] PluginManage:359 - Loaded plugin tutovideos (category:base,tabindex:-1)
2025-05-18 18:51:46,774 [INFO] PluginManage:310 - Check plugin updater
2025-05-18 18:51:46,793 [INFO] PluginManage:359 - Loaded plugin updater (category:base,tabindex:12)
2025-05-18 18:51:46,793 [INFO] PluginManage:310 - Check plugin userauth
2025-05-18 18:51:46,800 [INFO] UserAuth:118 - Init User Auth plugin
2025-05-18 18:51:46,801 [INFO] PluginManage:359 - Loaded plugin userauth (category:base,tabindex:14)
2025-05-18 18:51:46,802 [INFO] PluginManage:283 - PluginManage : Loaded plugins [18]
2025-05-18 18:51:47,017 [INFO] PinOutPanel:1589 - setPackage(No Configuration,No Configuration)
2025-05-18 18:51:47,084 [INFO] CADModel:165 - CPN selected for project level
2025-05-18 18:51:47,084 [INFO] CADModel:114 - Register for checkConnection events
2025-05-18 18:51:47,103 [INFO] IPUIPlugin:80 - create IPUIPlugin
2025-05-18 18:51:47,103 [INFO] PluginManager:220 - loadIPPluginJar : add adc
2025-05-18 18:51:47,105 [INFO] IPUIPlugin:80 - create IPUIPlugin
2025-05-18 18:51:47,105 [INFO] PluginManager:220 - loadIPPluginJar : add aes
2025-05-18 18:51:47,106 [INFO] IPUIPlugin:80 - create IPUIPlugin
2025-05-18 18:51:47,106 [INFO] PluginManager:220 - loadIPPluginJar : add can
2025-05-18 18:51:47,107 [INFO] IPUIPlugin:80 - create IPUIPlugin
2025-05-18 18:51:47,107 [INFO] PluginManager:220 - loadIPPluginJar : add comp
2025-05-18 18:51:47,109 [INFO] IPUIPlugin:80 - create IPUIPlugin
2025-05-18 18:51:47,109 [INFO] PluginManager:220 - loadIPPluginJar : add cryp
2025-05-18 18:51:47,113 [INFO] IPUIPlugin:80 - create IPUIPlugin
2025-05-18 18:51:47,113 [INFO] PluginManager:220 - loadIPPluginJar : add ddr_ctrl_phy
2025-05-18 18:51:47,115 [INFO] IPUIPlugin:80 - create IPUIPlugin
2025-05-18 18:51:47,115 [INFO] PluginManager:220 - loadIPPluginJar : add dfsdm
2025-05-18 18:51:47,119 [INFO] IPUIPlugin:80 - create IPUIPlugin
2025-05-18 18:51:47,120 [INFO] PluginManager:220 - loadIPPluginJar : add dma
2025-05-18 18:51:47,122 [INFO] IPUIPlugin:80 - create IPUIPlugin
2025-05-18 18:51:47,122 [INFO] PluginManager:220 - loadIPPluginJar : add dma3
2025-05-18 18:51:47,125 [INFO] IPUIPlugin:80 - create IPUIPlugin
2025-05-18 18:51:47,125 [INFO] PluginManager:220 - loadIPPluginJar : add extmemmanager
2025-05-18 18:51:47,127 [INFO] IPUIPlugin:80 - create IPUIPlugin
2025-05-18 18:51:47,127 [INFO] PluginManager:220 - loadIPPluginJar : add fatfs
2025-05-18 18:51:47,131 [INFO] IPUIPlugin:80 - create IPUIPlugin
2025-05-18 18:51:47,131 [INFO] PluginManager:220 - loadIPPluginJar : add fmc
2025-05-18 18:51:47,135 [INFO] IPUIPlugin:80 - create IPUIPlugin
2025-05-18 18:51:47,135 [INFO] PluginManager:220 - loadIPPluginJar : add freertos
2025-05-18 18:51:47,137 [INFO] IPUIPlugin:80 - create IPUIPlugin
2025-05-18 18:51:47,137 [INFO] PluginManager:220 - loadIPPluginJar : add genericplugin
2025-05-18 18:51:47,138 [INFO] IPUIPlugin:80 - create IPUIPlugin
2025-05-18 18:51:47,138 [INFO] PluginManager:220 - loadIPPluginJar : add gfxmmu
2025-05-18 18:51:47,142 [INFO] IPUIPlugin:80 - create IPUIPlugin
2025-05-18 18:51:47,142 [INFO] PluginManager:220 - loadIPPluginJar : add gic
2025-05-18 18:51:47,146 [INFO] IPUIPlugin:80 - create IPUIPlugin
2025-05-18 18:51:47,146 [INFO] PluginManager:220 - loadIPPluginJar : add gpio
2025-05-18 18:51:47,149 [INFO] IPUIPlugin:80 - create IPUIPlugin
2025-05-18 18:51:47,149 [INFO] PluginManager:220 - loadIPPluginJar : add gtzc
2025-05-18 18:51:47,151 [INFO] IPUIPlugin:80 - create IPUIPlugin
2025-05-18 18:51:47,151 [INFO] PluginManager:220 - loadIPPluginJar : add hash
2025-05-18 18:51:47,152 [INFO] IPUIPlugin:80 - create IPUIPlugin
2025-05-18 18:51:47,153 [INFO] PluginManager:220 - loadIPPluginJar : add i2c
2025-05-18 18:51:47,155 [INFO] IPUIPlugin:80 - create IPUIPlugin
2025-05-18 18:51:47,155 [INFO] PluginManager:220 - loadIPPluginJar : add i2s
2025-05-18 18:51:47,158 [INFO] IPUIPlugin:80 - create IPUIPlugin
2025-05-18 18:51:47,158 [INFO] PluginManager:220 - loadIPPluginJar : add i3c
2025-05-18 18:51:47,162 [INFO] IPUIPlugin:80 - create IPUIPlugin
2025-05-18 18:51:47,162 [INFO] PluginManager:220 - loadIPPluginJar : add ipddr
2025-05-18 18:51:47,168 [INFO] IPUIPlugin:80 - create IPUIPlugin
2025-05-18 18:51:47,168 [INFO] PluginManager:220 - loadIPPluginJar : add linkedlist
2025-05-18 18:51:47,171 [INFO] IPUIPlugin:80 - create IPUIPlugin
2025-05-18 18:51:47,171 [INFO] PluginManager:220 - loadIPPluginJar : add lorawan
2025-05-18 18:51:47,172 [INFO] IPUIPlugin:80 - create IPUIPlugin
2025-05-18 18:51:47,172 [INFO] PluginManager:220 - loadIPPluginJar : add ltdc
2025-05-18 18:51:47,176 [INFO] IPUIPlugin:80 - create IPUIPlugin
2025-05-18 18:51:47,177 [INFO] PluginManager:220 - loadIPPluginJar : add mdma
2025-05-18 18:51:47,179 [INFO] IPUIPlugin:80 - create IPUIPlugin
2025-05-18 18:51:47,179 [INFO] PluginManager:220 - loadIPPluginJar : add nvic
2025-05-18 18:51:47,183 [INFO] IPUIPlugin:80 - create IPUIPlugin
2025-05-18 18:51:47,183 [INFO] PluginManager:220 - loadIPPluginJar : add opamp
2025-05-18 18:51:47,187 [INFO] IPUIPlugin:80 - create IPUIPlugin
2025-05-18 18:51:47,187 [INFO] PluginManager:220 - loadIPPluginJar : add openamp
2025-05-18 18:51:47,189 [INFO] IPUIPlugin:80 - create IPUIPlugin
2025-05-18 18:51:47,189 [INFO] PluginManager:220 - loadIPPluginJar : add pdm2pcm
2025-05-18 18:51:47,198 [INFO] IPUIPlugin:80 - create IPUIPlugin
2025-05-18 18:51:47,200 [INFO] PluginManager:220 - loadIPPluginJar : add plateformsettings
2025-05-18 18:51:47,201 [INFO] IPUIPlugin:80 - create IPUIPlugin
2025-05-18 18:51:47,201 [INFO] PluginManager:220 - loadIPPluginJar : add quadspi
2025-05-18 18:51:47,203 [INFO] IPUIPlugin:80 - create IPUIPlugin
2025-05-18 18:51:47,204 [INFO] PluginManager:220 - loadIPPluginJar : add radio
2025-05-18 18:51:47,206 [INFO] IPUIPlugin:80 - create IPUIPlugin
2025-05-18 18:51:47,206 [INFO] PluginManager:220 - loadIPPluginJar : add resmgrutility
2025-05-18 18:51:47,209 [INFO] IPUIPlugin:80 - create IPUIPlugin
2025-05-18 18:51:47,209 [INFO] PluginManager:220 - loadIPPluginJar : add sai
2025-05-18 18:51:47,211 [INFO] IPUIPlugin:80 - create IPUIPlugin
2025-05-18 18:51:47,211 [INFO] PluginManager:220 - loadIPPluginJar : add spi
2025-05-18 18:51:47,217 [INFO] IPUIPlugin:80 - create IPUIPlugin
2025-05-18 18:51:47,217 [INFO] PluginManager:220 - loadIPPluginJar : add stm32_wpan
2025-05-18 18:51:47,218 [INFO] IPUIPlugin:80 - create IPUIPlugin
2025-05-18 18:51:47,218 [INFO] PluginManager:220 - loadIPPluginJar : add tim
2025-05-18 18:51:47,221 [INFO] IPUIPlugin:80 - create IPUIPlugin
2025-05-18 18:51:47,221 [INFO] PluginManager:220 - loadIPPluginJar : add touchsensing
2025-05-18 18:51:47,224 [INFO] IPUIPlugin:80 - create IPUIPlugin
2025-05-18 18:51:47,224 [INFO] PluginManager:220 - loadIPPluginJar : add tracer_emb
2025-05-18 18:51:47,226 [INFO] IPUIPlugin:80 - create IPUIPlugin
2025-05-18 18:51:47,226 [INFO] PluginManager:220 - loadIPPluginJar : add ts
2025-05-18 18:51:47,227 [INFO] IPUIPlugin:80 - create IPUIPlugin
2025-05-18 18:51:47,227 [INFO] PluginManager:220 - loadIPPluginJar : add tsc
2025-05-18 18:51:47,229 [INFO] IPUIPlugin:80 - create IPUIPlugin
2025-05-18 18:51:47,229 [INFO] PluginManager:220 - loadIPPluginJar : add ucpd
2025-05-18 18:51:47,232 [INFO] IPUIPlugin:80 - create IPUIPlugin
2025-05-18 18:51:47,232 [INFO] PluginManager:220 - loadIPPluginJar : add usart
2025-05-18 18:51:47,234 [INFO] IPUIPlugin:80 - create IPUIPlugin
2025-05-18 18:51:47,234 [INFO] PluginManager:220 - loadIPPluginJar : add usbx
2025-05-18 18:51:47,353 [FATAL] Updater:351 - Updater called before beeing initialized
2025-05-18 18:51:47,387 [INFO] RulesReader:64 - Compatibility file has been processed (302 Rules)
2025-05-18 18:51:47,396 [INFO] RulesReader:64 - Compatibility file has been processed (302 Rules)
2025-05-18 18:51:47,402 [INFO] CADModel:165 - CPN selected for project level
2025-05-18 18:51:47,404 [INFO] CADModel:114 - Register for checkConnection events
2025-05-18 18:51:47,404 [FATAL] Updater:351 - Updater called before beeing initialized
2025-05-18 18:51:47,404 [ERROR] CADModel:125 - Updater not yet initialized, retry later 
2025-05-18 18:51:47,515 [FATAL] Updater:351 - Updater called before beeing initialized
2025-05-18 18:51:47,518 [INFO] CADModel:165 - CPN selected for project level
2025-05-18 18:51:47,519 [INFO] CADModel:114 - Register for checkConnection events
2025-05-18 18:51:47,519 [FATAL] Updater:351 - Updater called before beeing initialized
2025-05-18 18:51:47,519 [ERROR] CADModel:125 - Updater not yet initialized, retry later 
2025-05-18 18:51:47,524 [FATAL] Updater:351 - Updater called before beeing initialized
2025-05-18 18:51:47,610 [FATAL] Updater:351 - Updater called before beeing initialized
2025-05-18 18:51:47,613 [INFO] DbMcusAds:53 - JSON generation date=Wed May 07 11:07:55 CEST 2025 (1746608875679)
2025-05-18 18:51:47,613 [FATAL] Updater:351 - Updater called before beeing initialized
2025-05-18 18:51:47,655 [WARN] DetailPanel:346 - Failed to get advertising image, set to default
2025-05-18 18:51:47,836 [FATAL] Updater:351 - Updater called before beeing initialized
2025-05-18 18:51:47,838 [FATAL] Updater:351 - Updater called before beeing initialized
2025-05-18 18:51:47,838 [FATAL] Updater:351 - Updater called before beeing initialized
2025-05-18 18:51:47,838 [WARN] DetailPanel:346 - Failed to get advertising image, set to default
2025-05-18 18:51:47,839 [FATAL] Updater:351 - Updater called before beeing initialized
2025-05-18 18:51:47,875 [ERROR] Updater:1198 - MainUpdater not yet initialized. External WinMGr cannot be set.
2025-05-18 18:51:47,876 [INFO] Updater:1134 - Updater Version found : 6.14.1
2025-05-18 18:51:47,896 [INFO] ApplicationProperties:184 - Using Application install path: C:\ST\STM32CubeIDE_1.18.1\STM32CubeIDE\plugins\com.st.stm32cube.common.mx_6.14.1.202504091515
2025-05-18 18:51:47,927 [INFO] MainUpdater:525 - Copy updater definitions from MX database
2025-05-18 18:51:48,184 [INFO] MainUpdater:2872 - connection check result : 10
2025-05-18 18:51:48,184 [INFO] MainUpdater:3566 - Updater definition file requires update
2025-05-18 18:51:48,185 [INFO] MainUpdater:289 - Updater Check For Update Now.
2025-05-18 18:51:48,185 [INFO] MicroXplorer:498 - Change Database Version : DB.6.0.141
2025-05-18 18:51:48,189 [INFO] McuFinderGlobals:63 - Set McuFinder mode to 2 (CubeIDE integrated)
2025-05-18 18:51:48,190 [INFO] UserAuth:484 - Internet connection configuration mode: 1
2025-05-18 18:51:48,215 [INFO] JxBrowserEngine:152 - Initiate JxBrowser Engine with user profile folder
2025-05-18 18:51:48,816 [INFO] ServerAccessManage:473 - Download File updaters.zip
2025-05-18 18:51:49,071 [INFO] FileExtend:242 - Unzip File : updaters.zip
2025-05-18 18:51:49,072 [INFO] FileExtend:257 - Standard Zip Deflate
2025-05-18 18:51:49,294 [INFO] WebApp:169 - Instantiating new browser for Auth
2025-05-18 18:51:49,382 [INFO] ServerAccessManage:473 - Download File PacksControlFlags.xml
2025-05-18 18:51:49,525 [INFO] ServerAccessManage:473 - Download File cubemx.pidx
2025-05-18 18:51:49,595 [WARN] MainUpdater:1193 - Updater busy. Cannot search thirdparties
2025-05-18 18:51:49,595 [INFO] ThirdPartyUpdaterWithRetryManager:96 - Updater plugin is busy. [1/15]
2025-05-18 18:51:49,687 [INFO] LoadServerUpdatesThread:375 - End of LoadServerUpdate Thread
2025-05-18 18:51:49,847 [INFO] CheckServerUpdateThread:120 - End of CheckServer Thread
2025-05-18 18:51:50,182 [INFO] WebApp:463 - Apply proxy settings
2025-05-18 18:51:50,183 [INFO] WebApp:548 - Chromium requires no authentication
2025-05-18 18:51:50,196 [INFO] WebApp:491 - Direct internet connection detected
2025-05-18 18:51:50,226 [INFO] WebApp:894 - Register for checkConnection events
2025-05-18 18:51:50,226 [INFO] WebApp:463 - Apply proxy settings
2025-05-18 18:51:50,227 [INFO] WebApp:548 - Chromium requires no authentication
2025-05-18 18:51:50,227 [INFO] WebApp:491 - Direct internet connection detected
2025-05-18 18:51:50,378 [INFO] WebApp:225 - Starting web application
2025-05-18 18:51:50,378 [INFO] WebApp:593 - Web application path used C:\ST\STM32CubeIDE_1.18.1\STM32CubeIDE\plugins\com.st.stm32cube.common.mx_6.14.1.202504091515\db\plugins\mcufinder\reactClient1\index.html
2025-05-18 18:51:50,461 [INFO] UserAuth:484 - Internet connection configuration mode: 1
2025-05-18 18:51:50,630 [INFO] WebApp:191 - Connection restablished
2025-05-18 18:51:52,785 [WARN] PackLoader:240 - Cannot read IP mode file for STMicroelectronics.FP-SNS-MOTENVWB1.1.4.0
2025-05-18 18:51:52,797 [WARN] PackLoader:240 - Cannot read IP mode file for STMicroelectronics.FP-ATR-ASTRA1.2.0.2
2025-05-18 18:51:52,810 [WARN] PackLoader:240 - Cannot read IP mode file for STMicroelectronics.X-CUBE-SMBUS.2.1.0
2025-05-18 18:51:52,818 [WARN] PackLoader:240 - Cannot read IP mode file for STMicroelectronics.X-CUBE-WB05N.1.1.0
2025-05-18 18:51:52,825 [WARN] PackLoader:240 - Cannot read IP mode file for STMicroelectronics.X-CUBE-TOUCHGFX.4.23.0
2025-05-18 18:51:52,828 [WARN] PackLoader:240 - Cannot read IP mode file for STMicroelectronics.X-CUBE-TOUCHGFX.4.23.2
2025-05-18 18:51:52,860 [WARN] PackLoader:240 - Cannot read IP mode file for STMicroelectronics.X-CUBE-AZRTOS-F7.1.1.0
2025-05-18 18:51:52,873 [WARN] PackLoader:240 - Cannot read IP mode file for STMicroelectronics.FP-SNS-MOTENV1.4.3.2
2025-05-18 18:51:52,935 [WARN] PackLoader:240 - Cannot read IP mode file for STMicroelectronics.X-CUBE-MEMS1.11.0.0
2025-05-18 18:51:53,109 [WARN] PackLoader:240 - Cannot read IP mode file for STMicroelectronics.FP-SNS-FLIGHT1.5.0.2
2025-05-18 18:51:53,117 [WARN] PackLoader:240 - Cannot read IP mode file for STMicroelectronics.X-CUBE-DISPLAY.3.0.0
2025-05-18 18:51:53,126 [WARN] PackLoader:240 - Cannot read IP mode file for STMicroelectronics.X-CUBE-BLE1.7.0.0
2025-05-18 18:51:53,132 [WARN] PackLoader:240 - Cannot read IP mode file for STMicroelectronics.X-CUBE-NFC10.1.0.0
2025-05-18 18:51:53,146 [WARN] PackLoader:240 - Cannot read IP mode file for STMicroelectronics.X-CUBE-BLEMGR.4.0.0
2025-05-18 18:51:53,157 [WARN] PackLoader:240 - Cannot read IP mode file for emotas.I-CUBE-CANOPEN.1.3.0
2025-05-18 18:51:53,160 [WARN] PackLoader:240 - Cannot read IP mode file for STMicroelectronics.X-CUBE-TOUCHGFX.4.22.1
2025-05-18 18:51:53,162 [WARN] ConditionMgr:438 - getConditionDescription Invalid condition id : Cortex-A Device cause : null
2025-05-18 18:51:53,175 [WARN] ConditionMgr:1044 - genDependencies : Invalid condition id : Cortex-A Device cause : null
2025-05-18 18:51:53,175 [WARN] ConditionMgr:1044 - genDependencies : Invalid condition id : Cortex-A Device cause : null
2025-05-18 18:51:53,175 [WARN] ConditionMgr:1044 - genDependencies : Invalid condition id : Cortex-A Device cause : null
2025-05-18 18:51:53,183 [WARN] PackLoader:240 - Cannot read IP mode file for STMicroelectronics.X-CUBE-BLEMGR.3.1.0
2025-05-18 18:51:53,192 [WARN] PackLoader:240 - Cannot read IP mode file for STMicroelectronics.X-CUBE-AI.10.0.0
2025-05-18 18:51:53,196 [WARN] PackLoader:240 - Cannot read IP mode file for STMicroelectronics.FP-SNS-SMARTAG2.1.2.0
2025-05-18 18:51:53,201 [WARN] PackLoader:240 - Cannot read IP mode file for STMicroelectronics.FP-SNS-FLIGHT1.5.1.0
2025-05-18 18:51:53,213 [INFO] LogOutputStream:77 - [STDOUT_REDIRECT] 1 : Invalid condition id : UX_CORESTACK_Condition cause : null
2025-05-18 18:51:53,214 [INFO] LogOutputStream:77 - [STDOUT_REDIRECT] 1 : Invalid condition id : UX_CORESTACK_Condition cause : null
2025-05-18 18:51:53,215 [INFO] LogOutputStream:77 - [STDOUT_REDIRECT] 1 : Invalid condition id : UX_CORESTACK_Condition cause : null
2025-05-18 18:51:53,216 [INFO] LogOutputStream:77 - [STDOUT_REDIRECT] 1 : Invalid condition id : UX_CORESTACK_Condition cause : null
2025-05-18 18:51:53,217 [INFO] LogOutputStream:77 - [STDOUT_REDIRECT] 1 : Invalid condition id : UX_CORESTACK_Condition cause : null
2025-05-18 18:51:53,224 [WARN] PackLoader:240 - Cannot read IP mode file for STMicroelectronics.X-CUBE-AZRTOS-WL.2.0.0
2025-05-18 18:51:53,231 [WARN] PackLoader:240 - Cannot read IP mode file for STMicroelectronics.FP-SNS-MOTENV1.5.0.0
2025-05-18 18:51:53,241 [WARN] PackLoader:240 - Cannot read IP mode file for wolfSSL.I-CUBE-wolfMQTT.1.19.0
2025-05-18 18:51:53,250 [WARN] PackLoader:240 - Cannot read IP mode file for WES.I-CUBE-Cesium.1.3.0
2025-05-18 18:51:53,260 [WARN] PackLoader:240 - Cannot read IP mode file for STMicroelectronics.X-CUBE-BLE2.3.3.0
2025-05-18 18:51:53,268 [WARN] PackLoader:240 - Cannot read IP mode file for STMicroelectronics.X-CUBE-NFC9.1.0.0
2025-05-18 18:51:53,276 [WARN] PackLoader:240 - Cannot read IP mode file for STMicroelectronics.X-CUBE-BLE1.7.1.0
2025-05-18 18:51:53,282 [WARN] PackLoader:240 - Cannot read IP mode file for STMicroelectronics.X-CUBE-TCPP.4.1.0
2025-05-18 18:51:53,307 [WARN] PackLoader:240 - Cannot read IP mode file for STMicroelectronics.X-CUBE-ALGOBUILD.1.3.0
2025-05-18 18:51:53,365 [WARN] PackLoader:240 - Cannot read IP mode file for STMicroelectronics.X-CUBE-MEMS1.11.2.0
2025-05-18 18:51:53,513 [WARN] PackLoader:240 - Cannot read IP mode file for STMicroelectronics.X-CUBE-AZRTOS-G0.1.1.0
2025-05-18 18:51:53,518 [WARN] PackLoader:240 - Cannot read IP mode file for STMicroelectronics.X-CUBE-SAFEA1.1.2.2
2025-05-18 18:51:53,528 [WARN] PackLoader:240 - Cannot read IP mode file for STMicroelectronics.X-CUBE-NFC4.3.0.0
2025-05-18 18:51:53,535 [WARN] PackLoader:240 - Cannot read IP mode file for EmbeddedOffice.I-CUBE-FS-RTOS.1.0.1
2025-05-18 18:51:53,542 [WARN] PackLoader:240 - Cannot read IP mode file for STMicroelectronics.X-CUBE-WB05N.2.0.0
2025-05-18 18:51:53,547 [WARN] PackLoader:240 - Cannot read IP mode file for STMicroelectronics.X-CUBE-BLEMGR.3.0.0
2025-05-18 18:51:53,553 [WARN] PackLoader:240 - Cannot read IP mode file for STMicroelectronics.X-CUBE-TCPP.4.2.0
2025-05-18 18:51:53,559 [WARN] PackLoader:240 - Cannot read IP mode file for RealThread.X-CUBE-RT-Thread_Nano.4.1.1
2025-05-18 18:51:53,562 [WARN] PackLoader:240 - Cannot read IP mode file for STMicroelectronics.FP-ATR-SIGFOX1.3.2.0
2025-05-18 18:51:53,568 [WARN] PackLoader:240 - Cannot read IP mode file for STMicroelectronics.X-CUBE-EEPRMA1.5.1.0
2025-05-18 18:51:53,590 [WARN] PackLoader:240 - Cannot read IP mode file for SEGGER.I-CUBE-embOS.1.3.1
2025-05-18 18:51:53,613 [WARN] PackLoader:240 - Cannot read IP mode file for STMicroelectronics.X-CUBE-ALGOBUILD.1.4.0
2025-05-18 18:51:53,617 [WARN] PackLoader:240 - Cannot read IP mode file for STMicroelectronics.X-CUBE-AI.9.1.0
2025-05-18 18:51:53,624 [WARN] PackLoader:240 - Cannot read IP mode file for STMicroelectronics.X-CUBE-GNSS1.6.0.0
2025-05-18 18:51:53,638 [WARN] PackLoader:240 - Cannot read IP mode file for STMicroelectronics.X-CUBE-AZRTOS-F4.1.1.0
2025-05-18 18:51:53,646 [WARN] PackLoader:240 - Cannot read IP mode file for wolfSSL.I-CUBE-wolfSSL.5.6.4
2025-05-18 18:51:53,650 [WARN] PackLoader:240 - Cannot read IP mode file for Avnet-IotConnect.X-CUBE-IoTC-DA16k-PMOD.1.0.0
2025-05-18 18:51:53,655 [WARN] PackLoader:240 - Cannot read IP mode file for STMicroelectronics.X-CUBE-ISPU.2.1.0
2025-05-18 18:51:53,659 [WARN] PackLoader:240 - Cannot read IP mode file for STMicroelectronics.X-CUBE-FREERTOS.1.2.0
2025-05-18 18:51:53,672 [WARN] PackLoader:240 - Cannot read IP mode file for STMicroelectronics.X-CUBE-AZRTOS-L5.2.0.0
2025-05-18 18:51:53,679 [WARN] PackLoader:240 - Cannot read IP mode file for STMicroelectronics.X-CUBE-EEPRMA1.4.2.0
2025-05-18 18:51:53,686 [WARN] PackLoader:240 - Cannot read IP mode file for STMicroelectronics.X-CUBE-NFC6.3.1.0
2025-05-18 18:51:53,693 [WARN] PackLoader:240 - Cannot read IP mode file for ITTIA_DB.I-CUBE-ITTIADB.8.8.0
2025-05-18 18:51:53,698 [WARN] PackLoader:240 - Cannot read IP mode file for STMicroelectronics.X-CUBE-DPower.1.2.0
2025-05-18 18:51:53,703 [WARN] PackLoader:240 - Cannot read IP mode file for STMicroelectronics.X-CUBE-AI.9.0.0
2025-05-18 18:51:53,716 [WARN] ConditionMgr:438 - getConditionDescription Invalid condition id : UX DEVICE CLASS RTOS Condition cause : null
2025-05-18 18:51:53,717 [WARN] ConditionMgr:438 - getConditionDescription Invalid condition id : UX DEVICE CLASS RTOS Condition cause : null
2025-05-18 18:51:53,719 [WARN] PackLoader:240 - Cannot read IP mode file for STMicroelectronics.X-CUBE-AZRTOS-H7.3.1.0
2025-05-18 18:51:53,720 [WARN] ConditionMgr:1044 - genDependencies : Invalid condition id : UX DEVICE CLASS RTOS Condition cause : null
2025-05-18 18:51:53,722 [WARN] ConditionMgr:1044 - genDependencies : Invalid condition id : UX DEVICE CLASS RTOS Condition cause : null
2025-05-18 18:51:53,723 [WARN] ConditionMgr:1044 - genDependencies : Invalid condition id : UX DEVICE CLASS RTOS Condition cause : null
2025-05-18 18:51:53,724 [WARN] ConditionMgr:1044 - genDependencies : Invalid condition id : UX DEVICE CLASS RTOS Condition cause : null
2025-05-18 18:51:53,724 [WARN] ConditionMgr:1044 - genDependencies : Invalid condition id : UX DEVICE CLASS RTOS Condition cause : null
2025-05-18 18:51:53,727 [WARN] PackLoader:240 - Cannot read IP mode file for STMicroelectronics.X-CUBE-FREERTOS.1.3.1
2025-05-18 18:51:53,731 [WARN] PackLoader:240 - Cannot read IP mode file for STMicroelectronics.X-CUBE-FREERTOS.1.3.0
2025-05-18 18:51:53,735 [WARN] PackLoader:240 - Cannot read IP mode file for STMicroelectronics.X-CUBE-NFC7.1.0.1
2025-05-18 18:51:53,742 [WARN] PackLoader:240 - Cannot read IP mode file for wolfSSL.I-CUBE-wolfTPM.3.2.0
2025-05-18 18:51:53,746 [WARN] PackLoader:240 - Cannot read IP mode file for STMicroelectronics.X-CUBE-NFC6.3.0.0
2025-05-18 18:51:53,751 [WARN] PackLoader:240 - Cannot read IP mode file for STMicroelectronics.X-CUBE-DPower.1.3.0
2025-05-18 18:51:53,757 [WARN] PackLoader:240 - Cannot read IP mode file for STMicroelectronics.X-CUBE-AI.8.1.0
2025-05-18 18:51:53,768 [WARN] ConditionMgr:438 - getConditionDescription Invalid condition id : LAN8742 Phy interface Condition cause : null
2025-05-18 18:51:53,769 [WARN] PackLoader:240 - Cannot read IP mode file for STMicroelectronics.X-CUBE-AZRTOS-L4.2.0.0
2025-05-18 18:51:53,771 [WARN] ConditionMgr:1044 - genDependencies : Invalid condition id : LAN8742 Phy interface Condition cause : null
2025-05-18 18:51:53,772 [WARN] ConditionMgr:1044 - genDependencies : Invalid condition id : LAN8742 Phy interface Condition cause : null
2025-05-18 18:51:53,772 [WARN] ConditionMgr:1044 - genDependencies : Invalid condition id : LAN8742 Phy interface Condition cause : null
2025-05-18 18:51:53,778 [WARN] PackLoader:240 - Cannot read IP mode file for STMicroelectronics.X-CUBE-SFXS2LP1.4.0.0
2025-05-18 18:51:53,780 [WARN] PackLoader:240 - Cannot read IP mode file for STMicroelectronics.X-CUBE-ISPU.1.1.0
2025-05-18 18:51:53,796 [WARN] PackLoader:240 - Cannot read IP mode file for STMicroelectronics.X-CUBE-AZRTOS-H7.3.3.0
2025-05-18 18:51:53,806 [WARN] PackLoader:240 - Cannot read IP mode file for STMicroelectronics.X-CUBE-IPS.3.0.0
2025-05-18 18:51:53,817 [WARN] ConditionMgr:438 - getConditionDescription Invalid condition id : UX DEVICE CLASS RTOS Condition cause : null
2025-05-18 18:51:53,817 [WARN] ConditionMgr:438 - getConditionDescription Invalid condition id : UX DEVICE CLASS RTOS Condition cause : null
2025-05-18 18:51:53,821 [WARN] PackLoader:240 - Cannot read IP mode file for STMicroelectronics.X-CUBE-AZRTOS-WB.2.0.0
2025-05-18 18:51:53,822 [WARN] ConditionMgr:1044 - genDependencies : Invalid condition id : UX DEVICE CLASS RTOS Condition cause : null
2025-05-18 18:51:53,822 [WARN] ConditionMgr:1044 - genDependencies : Invalid condition id : UX DEVICE CLASS RTOS Condition cause : null
2025-05-18 18:51:53,823 [WARN] ConditionMgr:1044 - genDependencies : Invalid condition id : UX DEVICE CLASS RTOS Condition cause : null
2025-05-18 18:51:53,823 [WARN] ConditionMgr:1044 - genDependencies : Invalid condition id : UX DEVICE CLASS RTOS Condition cause : null
2025-05-18 18:51:53,823 [WARN] ConditionMgr:1044 - genDependencies : Invalid condition id : UX DEVICE CLASS RTOS Condition cause : null
2025-05-18 18:51:53,828 [WARN] PackLoader:240 - Cannot read IP mode file for STMicroelectronics.X-CUBE-GNSS1.7.0.0
2025-05-18 18:51:53,833 [WARN] PackLoader:240 - Cannot read IP mode file for STMicroelectronics.X-CUBE-GNSS1.7.0.1
2025-05-18 18:51:53,836 [WARN] PackLoader:240 - Cannot read IP mode file for STMicroelectronics.X-CUBE-TOUCHGFX.4.25.0
2025-05-18 18:51:53,842 [WARN] PackLoader:240 - Cannot read IP mode file for STMicroelectronics.FP-SNS-STBOX1.2.0.0
2025-05-18 18:51:53,850 [WARN] PackLoader:240 - Cannot read IP mode file for STMicroelectronics.X-CUBE-SUBG2.5.0.0
2025-05-18 18:51:53,884 [WARN] PackLoader:240 - Cannot read IP mode file for STMicroelectronics.X-CUBE-AZRTOS-H7RS.1.1.0
2025-05-18 18:51:53,895 [WARN] PackLoader:240 - Cannot read IP mode file for Cesanta.I-CUBE-Mongoose.7.13.0
2025-05-18 18:51:53,908 [WARN] PackLoader:240 - Cannot read IP mode file for STMicroelectronics.X-CUBE-TOF1.3.3.1
2025-05-18 18:51:53,932 [WARN] PackLoader:240 - Cannot read IP mode file for STMicroelectronics.X-CUBE-AZRTOS-G4.2.0.0
2025-05-18 18:51:53,948 [WARN] PackLoader:240 - Cannot read IP mode file for Infineon.AIROC-Wi-Fi-Bluetooth-STM32.1.5.1
2025-05-18 18:51:53,962 [WARN] PackLoader:240 - Cannot read IP mode file for STMicroelectronics.FP-SNS-MOTENVWB1.1.3.0
2025-05-18 18:51:53,965 [WARN] PackLoader:240 - Cannot read IP mode file for STMicroelectronics.X-CUBE-NFC7.2.0.0
2025-05-18 18:51:53,976 [WARN] PackLoader:240 - Cannot read IP mode file for STMicroelectronics.FP-SNS-MOTENVWB1.1.3.1
2025-05-18 18:51:53,981 [WARN] PackLoader:240 - Cannot read IP mode file for STMicroelectronics.X-CUBE-ISPU.2.0.0
2025-05-18 18:51:53,994 [WARN] PackLoader:240 - Cannot read IP mode file for STMicroelectronics.X-CUBE-IPS.3.1.0
2025-05-18 18:51:54,037 [WARN] PackLoader:240 - Cannot read IP mode file for STMicroelectronics.X-CUBE-ALS.1.0.2
2025-05-18 18:51:54,079 [WARN] PackLoader:240 - Cannot read IP mode file for STMicroelectronics.X-CUBE-MEMS1.10.0.0
2025-05-18 18:51:54,149 [WARN] PackLoader:240 - Cannot read IP mode file for STMicroelectronics.X-CUBE-FREERTOS.1.1.0
2025-05-18 18:51:54,154 [WARN] PackLoader:240 - Cannot read IP mode file for STMicroelectronics.X-CUBE-TOUCHGFX.4.24.0
2025-05-18 18:51:54,158 [WARN] PackLoader:240 - Cannot read IP mode file for STMicroelectronics.X-CUBE-TOUCHGFX.4.24.1
2025-05-18 18:51:54,161 [WARN] PackLoader:240 - Cannot read IP mode file for portGmbH.I-Cube-SoM-uGOAL.1.1.0
2025-05-18 18:51:54,163 [WARN] PackLoader:240 - Cannot read IP mode file for STMicroelectronics.X-CUBE-ALS.1.0.1
2025-05-18 18:51:54,174 [WARN] PackLoader:240 - Cannot read IP mode file for STMicroelectronics.X-CUBE-AZRTOS-H7RS.1.0.0
2025-05-18 18:51:54,178 [WARN] PackLoader:240 - Cannot read IP mode file for STMicroelectronics.FP-ATR-ASTRA1.2.0.0
2025-05-18 18:51:54,182 [WARN] PackLoader:240 - Cannot read IP mode file for STMicroelectronics.X-CUBE-TOF1.3.4.2
2025-05-18 18:51:54,198 [WARN] PackLoader:240 - Cannot read IP mode file for STMicroelectronics.X-CUBE-TOF1.3.4.3
2025-05-18 18:51:54,212 [WARN] PackLoader:240 - Cannot read IP mode file for STMicroelectronics.X-CUBE-TOF1.3.4.0
2025-05-18 18:51:54,227 [WARN] PackLoader:240 - Cannot read IP mode file for STMicroelectronics.X-CUBE-TOF1.3.4.1
2025-05-18 18:51:54,245 [WARN] PackLoader:240 - Cannot read IP mode file for STMicroelectronics.X-CUBE-AZRTOS-H7.3.2.0
2025-05-18 18:51:54,249 [WARN] PackLoader:240 - Cannot read IP mode file for wolfSSL.I-CUBE-wolfSSH.1.4.17
2025-05-18 18:51:54,250 [INFO] ThirdParty:978 - Integrity check success = true
2025-05-18 18:51:54,250 [INFO] IntegrityCheckThread:100 - exiting critical section [integrity check]
2025-05-18 18:51:54,250 [INFO] IntegrityCheckThread:103 - End integrity checks thread
2025-05-18 18:53:05,768 [ERROR] LogOutputStream:75 - [STDERR_REDIRECT] 
2025-05-18 19:59:05,194 [INFO] Activator:176 - 


2025-05-18 19:59:05,194 [INFO] Activator:177 - !SESSION log4j initialized
2025-05-18 19:59:10,646 [INFO] LogOutputStream:77 - [STDOUT_REDIRECT] 
2025-05-18 19:59:11,561 [INFO] ApplicationProperties:184 - Using Application install path: C:\ST\STM32CubeIDE_1.18.1\STM32CubeIDE\plugins\com.st.stm32cube.common.mx_6.14.1.202504091515
2025-05-18 19:59:11,576 [INFO] DbMcusXml:78 - Set database path to: C:\ST\STM32CubeIDE_1.18.1\STM32CubeIDE\plugins\com.st.stm32cube.common.mx_6.14.1.202504091515\\db\/mcu/
2025-05-18 19:59:11,577 [INFO] ApiDb:274 - Set plugin database path to: C:\ST\STM32CubeIDE_1.18.1\STM32CubeIDE\plugins\com.st.stm32cube.common.mx_6.14.1.202504091515\\db\/plugins/boardmanager/
2025-05-18 19:59:11,577 [WARN] ApiDb:259 - Overriding images path with different value:  => C:\ST\STM32CubeIDE_1.18.1\STM32CubeIDE\plugins\com.st.stm32cube.common.mx_6.14.1.202504091515\\db\/plugins/mcufinder/images/
2025-05-18 19:59:11,581 [INFO] ApiDb:250 - Set database path to: C:\Users\danie\.stmcufinder\plugins\mcufinder//mcu/
2025-05-18 19:59:11,582 [INFO] DbMcusAds:125 - Set database path to: C:\Users\danie\.stmcufinder\plugins\mcufinder//mcu/
2025-05-18 19:59:11,584 [INFO] CrossReferenceDbSqlite:203 - Set database path to: C:\Users\danie\.stmcufinder\plugins\mcufinder//mcu/cs/
2025-05-18 19:59:11,680 [INFO] RulesReader:64 - Compatibility file has been processed (302 Rules)
2025-05-18 19:59:11,744 [INFO] DbMcusXml:78 - Set database path to: C:\ST\STM32CubeIDE_1.18.1\STM32CubeIDE\plugins\com.st.stm32cube.common.mx_6.14.1.202504091515\\db\/mcu/
2025-05-18 19:59:11,744 [INFO] ApiDb:274 - Set plugin database path to: C:\ST\STM32CubeIDE_1.18.1\STM32CubeIDE\plugins\com.st.stm32cube.common.mx_6.14.1.202504091515\\db\/plugins/boardmanager/
2025-05-18 19:59:11,744 [INFO] ApiDb:261 - Set plugin images path to: C:\ST\STM32CubeIDE_1.18.1\STM32CubeIDE\plugins\com.st.stm32cube.common.mx_6.14.1.202504091515\\db\/plugins/mcufinder/images/
2025-05-18 19:59:11,744 [WARN] DbFile:41 - Overriding database path with different value: C:\Users\danie\.stmcufinder\plugins\mcufinder/ => C:\Users\danie\.stmcufinder\plugins\mcufinder
2025-05-18 19:59:11,744 [INFO] ApiDb:250 - Set database path to: C:\Users\danie\.stmcufinder\plugins\mcufinder//mcu/
2025-05-18 19:59:11,744 [WARN] DbFile:41 - Overriding database path with different value: C:\Users\danie\.stmcufinder\plugins\mcufinder/ => C:\Users\danie\.stmcufinder\plugins\mcufinder
2025-05-18 19:59:11,744 [INFO] DbMcusAds:125 - Set database path to: C:\Users\danie\.stmcufinder\plugins\mcufinder//mcu/
2025-05-18 19:59:11,744 [WARN] DbFile:41 - Overriding database path with different value: C:\Users\danie\.stmcufinder\plugins\mcufinder/ => C:\Users\danie\.stmcufinder\plugins\mcufinder
2025-05-18 19:59:11,744 [WARN] DbFile:41 - Overriding database path with different value: C:\Users\danie\.stmcufinder\plugins\mcufinder/ => C:\Users\danie\.stmcufinder\plugins\mcufinder
2025-05-18 19:59:11,746 [INFO] CrossReferenceDbSqlite:203 - Set database path to: C:\Users\danie\.stmcufinder\plugins\mcufinder//mcu/cs/
2025-05-18 19:59:11,810 [INFO] MainPanel:272 - HeapMemory: 268435456
2025-05-18 19:59:11,926 [INFO] DbMcusXml:78 - Set database path to: C:\ST\STM32CubeIDE_1.18.1\STM32CubeIDE\plugins\com.st.stm32cube.common.mx_6.14.1.202504091515\\db\/mcu/
2025-05-18 19:59:11,926 [INFO] ApiDb:274 - Set plugin database path to: C:\ST\STM32CubeIDE_1.18.1\STM32CubeIDE\plugins\com.st.stm32cube.common.mx_6.14.1.202504091515\\db\/plugins/boardmanager/
2025-05-18 19:59:11,926 [INFO] ApiDb:261 - Set plugin images path to: C:\ST\STM32CubeIDE_1.18.1\STM32CubeIDE\plugins\com.st.stm32cube.common.mx_6.14.1.202504091515\\db\/plugins/mcufinder/images/
2025-05-18 19:59:11,926 [WARN] DbFile:41 - Overriding database path with different value: C:\Users\danie\.stmcufinder\plugins\mcufinder/ => C:\Users\danie\.stmcufinder\plugins\mcufinder
2025-05-18 19:59:11,926 [INFO] ApiDb:250 - Set database path to: C:\Users\danie\.stmcufinder\plugins\mcufinder//mcu/
2025-05-18 19:59:11,926 [WARN] DbFile:41 - Overriding database path with different value: C:\Users\danie\.stmcufinder\plugins\mcufinder/ => C:\Users\danie\.stmcufinder\plugins\mcufinder
2025-05-18 19:59:11,926 [INFO] DbMcusAds:125 - Set database path to: C:\Users\danie\.stmcufinder\plugins\mcufinder//mcu/
2025-05-18 19:59:11,926 [WARN] DbFile:41 - Overriding database path with different value: C:\Users\danie\.stmcufinder\plugins\mcufinder/ => C:\Users\danie\.stmcufinder\plugins\mcufinder
2025-05-18 19:59:11,926 [WARN] DbFile:41 - Overriding database path with different value: C:\Users\danie\.stmcufinder\plugins\mcufinder/ => C:\Users\danie\.stmcufinder\plugins\mcufinder
2025-05-18 19:59:11,926 [INFO] CrossReferenceDbSqlite:203 - Set database path to: C:\Users\danie\.stmcufinder\plugins\mcufinder//mcu/cs/
2025-05-18 19:59:11,945 [INFO] ApplicationProperties:184 - Using Application install path: C:\ST\STM32CubeIDE_1.18.1\STM32CubeIDE\plugins\com.st.stm32cube.common.mx_6.14.1.202504091515
2025-05-18 19:59:11,946 [INFO] PluginManage:196 - Search for loadable plugins [exclusion list=, ]
2025-05-18 19:59:11,947 [INFO] PluginManage:310 - Check plugin analytics
2025-05-18 19:59:12,104 [INFO] AnalyticsPlugin:253 - Accepted Software Licenses: STM32CubeMX.6.9.2,STM32CubeMX.6.12.0
2025-05-18 19:59:12,104 [INFO] AnalyticsPlugin:255 - Accepted CMSIS Pack Licenses: 
2025-05-18 19:59:12,104 [INFO] AnalyticsPlugin:257 - Accepted Firmware Licenses: FW.F4.1.27.0,FW.F4.1.28.0
2025-05-18 19:59:12,106 [INFO] PluginManage:359 - Loaded plugin analytics (category:tool,tabindex:-1)
2025-05-18 19:59:12,107 [INFO] PluginManage:310 - Check plugin cadmodel
2025-05-18 19:59:12,111 [INFO] CADModel:105 - Init CAD model plugin
2025-05-18 19:59:12,112 [INFO] PluginManage:359 - Loaded plugin cadmodel (category:power,tabindex:5)
2025-05-18 19:59:12,112 [INFO] PluginManage:310 - Check plugin clock
2025-05-18 19:59:12,118 [INFO] PluginManage:359 - Loaded plugin clock (category:base,tabindex:2)
2025-05-18 19:59:12,118 [INFO] PluginManage:310 - Check plugin ddr
2025-05-18 19:59:12,121 [INFO] PluginManage:359 - Loaded plugin ddr (category:tool,tabindex:6)
2025-05-18 19:59:12,121 [INFO] PluginManage:310 - Check plugin filemanager
2025-05-18 19:59:12,240 [INFO] PluginManage:359 - Loaded plugin filemanager (category:base,tabindex:10)
2025-05-18 19:59:12,240 [INFO] PluginManage:310 - Check plugin ipmanager
2025-05-18 19:59:12,246 [INFO] PluginManage:359 - Loaded plugin ipmanager (category:base,tabindex:5)
2025-05-18 19:59:12,246 [INFO] PluginManage:310 - Check plugin lpbam
2025-05-18 19:59:12,252 [INFO] PluginManage:359 - Loaded plugin lpbam (category:base,tabindex:0)
2025-05-18 19:59:12,252 [INFO] PluginManage:310 - Check plugin memorymap
2025-05-18 19:59:12,263 [INFO] PluginManage:359 - Loaded plugin memorymap (category:base,tabindex:4)
2025-05-18 19:59:12,263 [INFO] PluginManage:310 - Check plugin pinoutandconfiguration
2025-05-18 19:59:12,269 [INFO] PluginManage:359 - Loaded plugin pinoutandconfiguration (category:base,tabindex:1)
2025-05-18 19:59:12,269 [INFO] PluginManage:310 - Check plugin pinoutconfig
2025-05-18 19:59:12,346 [WARN] SupportedApi:132 - Cannot load RTOS API schema: s4s-elt-must-match.1: The content of 'definitions' must match (annotation?, (simpleType | complexType)?, (unique | key | keyref)*)). A problem was found starting at: attribute.
2025-05-18 19:59:12,459 [INFO] PluginManage:359 - Loaded plugin pinoutconfig (category:base,tabindex:0)
2025-05-18 19:59:12,459 [INFO] PluginManage:310 - Check plugin power
2025-05-18 19:59:12,465 [INFO] PluginManage:359 - Loaded plugin power (category:power,tabindex:4)
2025-05-18 19:59:12,465 [INFO] PluginManage:310 - Check plugin projectmanager
2025-05-18 19:59:12,479 [INFO] PluginManage:359 - Loaded plugin projectmanager (category:projectmanager,tabindex:4)
2025-05-18 19:59:12,479 [INFO] PluginManage:310 - Check plugin rif
2025-05-18 19:59:12,486 [INFO] PluginManage:359 - Loaded plugin rif (category:base,tabindex:3)
2025-05-18 19:59:12,486 [INFO] PluginManage:310 - Check plugin thirdparty
2025-05-18 19:59:12,600 [INFO] PluginManage:359 - Loaded plugin thirdparty (category:base,tabindex:-1)
2025-05-18 19:59:12,602 [INFO] PluginManage:310 - Check plugin tools
2025-05-18 19:59:12,600 [WARN] IntegrityCheckThread:84 - waiting for thirdparty lock release [integrity check]
2025-05-18 19:59:12,602 [INFO] IntegrityCheckThread:86 - entering critical section [integrity check]
2025-05-18 19:59:12,602 [INFO] ThirdPartyUpdaterWithRetryManager:70 - Updater plugin not ready yet. [1/15]
2025-05-18 19:59:12,604 [INFO] PluginManage:359 - Loaded plugin tools (category:base,tabindex:7)
2025-05-18 19:59:12,604 [INFO] PluginManage:310 - Check plugin tutovideos
2025-05-18 19:59:12,743 [INFO] PluginManage:359 - Loaded plugin tutovideos (category:base,tabindex:-1)
2025-05-18 19:59:12,743 [INFO] PluginManage:310 - Check plugin updater
2025-05-18 19:59:12,764 [INFO] PluginManage:359 - Loaded plugin updater (category:base,tabindex:12)
2025-05-18 19:59:12,764 [INFO] PluginManage:310 - Check plugin userauth
2025-05-18 19:59:12,768 [INFO] UserAuth:118 - Init User Auth plugin
2025-05-18 19:59:12,770 [INFO] PluginManage:359 - Loaded plugin userauth (category:base,tabindex:14)
2025-05-18 19:59:12,770 [INFO] PluginManage:283 - PluginManage : Loaded plugins [18]
2025-05-18 19:59:12,955 [INFO] PinOutPanel:1589 - setPackage(No Configuration,No Configuration)
2025-05-18 19:59:13,013 [INFO] CADModel:165 - CPN selected for project level
2025-05-18 19:59:13,013 [INFO] CADModel:114 - Register for checkConnection events
2025-05-18 19:59:13,026 [INFO] IPUIPlugin:80 - create IPUIPlugin
2025-05-18 19:59:13,026 [INFO] PluginManager:220 - loadIPPluginJar : add adc
2025-05-18 19:59:13,028 [INFO] IPUIPlugin:80 - create IPUIPlugin
2025-05-18 19:59:13,028 [INFO] PluginManager:220 - loadIPPluginJar : add aes
2025-05-18 19:59:13,029 [INFO] IPUIPlugin:80 - create IPUIPlugin
2025-05-18 19:59:13,030 [INFO] PluginManager:220 - loadIPPluginJar : add can
2025-05-18 19:59:13,030 [INFO] IPUIPlugin:80 - create IPUIPlugin
2025-05-18 19:59:13,030 [INFO] PluginManager:220 - loadIPPluginJar : add comp
2025-05-18 19:59:13,031 [INFO] IPUIPlugin:80 - create IPUIPlugin
2025-05-18 19:59:13,031 [INFO] PluginManager:220 - loadIPPluginJar : add cryp
2025-05-18 19:59:13,034 [INFO] IPUIPlugin:80 - create IPUIPlugin
2025-05-18 19:59:13,034 [INFO] PluginManager:220 - loadIPPluginJar : add ddr_ctrl_phy
2025-05-18 19:59:13,035 [INFO] IPUIPlugin:80 - create IPUIPlugin
2025-05-18 19:59:13,035 [INFO] PluginManager:220 - loadIPPluginJar : add dfsdm
2025-05-18 19:59:13,038 [INFO] IPUIPlugin:80 - create IPUIPlugin
2025-05-18 19:59:13,040 [INFO] PluginManager:220 - loadIPPluginJar : add dma
2025-05-18 19:59:13,041 [INFO] IPUIPlugin:80 - create IPUIPlugin
2025-05-18 19:59:13,041 [INFO] PluginManager:220 - loadIPPluginJar : add dma3
2025-05-18 19:59:13,042 [INFO] IPUIPlugin:80 - create IPUIPlugin
2025-05-18 19:59:13,042 [INFO] PluginManager:220 - loadIPPluginJar : add extmemmanager
2025-05-18 19:59:13,043 [INFO] IPUIPlugin:80 - create IPUIPlugin
2025-05-18 19:59:13,043 [INFO] PluginManager:220 - loadIPPluginJar : add fatfs
2025-05-18 19:59:13,045 [INFO] IPUIPlugin:80 - create IPUIPlugin
2025-05-18 19:59:13,045 [INFO] PluginManager:220 - loadIPPluginJar : add fmc
2025-05-18 19:59:13,048 [INFO] IPUIPlugin:80 - create IPUIPlugin
2025-05-18 19:59:13,048 [INFO] PluginManager:220 - loadIPPluginJar : add freertos
2025-05-18 19:59:13,049 [INFO] IPUIPlugin:80 - create IPUIPlugin
2025-05-18 19:59:13,049 [INFO] PluginManager:220 - loadIPPluginJar : add genericplugin
2025-05-18 19:59:13,050 [INFO] IPUIPlugin:80 - create IPUIPlugin
2025-05-18 19:59:13,050 [INFO] PluginManager:220 - loadIPPluginJar : add gfxmmu
2025-05-18 19:59:13,054 [INFO] IPUIPlugin:80 - create IPUIPlugin
2025-05-18 19:59:13,054 [INFO] PluginManager:220 - loadIPPluginJar : add gic
2025-05-18 19:59:13,056 [INFO] IPUIPlugin:80 - create IPUIPlugin
2025-05-18 19:59:13,056 [INFO] PluginManager:220 - loadIPPluginJar : add gpio
2025-05-18 19:59:13,058 [INFO] IPUIPlugin:80 - create IPUIPlugin
2025-05-18 19:59:13,058 [INFO] PluginManager:220 - loadIPPluginJar : add gtzc
2025-05-18 19:59:13,060 [INFO] IPUIPlugin:80 - create IPUIPlugin
2025-05-18 19:59:13,060 [INFO] PluginManager:220 - loadIPPluginJar : add hash
2025-05-18 19:59:13,062 [INFO] IPUIPlugin:80 - create IPUIPlugin
2025-05-18 19:59:13,062 [INFO] PluginManager:220 - loadIPPluginJar : add i2c
2025-05-18 19:59:13,063 [INFO] IPUIPlugin:80 - create IPUIPlugin
2025-05-18 19:59:13,063 [INFO] PluginManager:220 - loadIPPluginJar : add i2s
2025-05-18 19:59:13,064 [INFO] IPUIPlugin:80 - create IPUIPlugin
2025-05-18 19:59:13,066 [INFO] PluginManager:220 - loadIPPluginJar : add i3c
2025-05-18 19:59:13,068 [INFO] IPUIPlugin:80 - create IPUIPlugin
2025-05-18 19:59:13,068 [INFO] PluginManager:220 - loadIPPluginJar : add ipddr
2025-05-18 19:59:13,074 [INFO] IPUIPlugin:80 - create IPUIPlugin
2025-05-18 19:59:13,074 [INFO] PluginManager:220 - loadIPPluginJar : add linkedlist
2025-05-18 19:59:13,076 [INFO] IPUIPlugin:80 - create IPUIPlugin
2025-05-18 19:59:13,076 [INFO] PluginManager:220 - loadIPPluginJar : add lorawan
2025-05-18 19:59:13,077 [INFO] IPUIPlugin:80 - create IPUIPlugin
2025-05-18 19:59:13,077 [INFO] PluginManager:220 - loadIPPluginJar : add ltdc
2025-05-18 19:59:13,081 [INFO] IPUIPlugin:80 - create IPUIPlugin
2025-05-18 19:59:13,081 [INFO] PluginManager:220 - loadIPPluginJar : add mdma
2025-05-18 19:59:13,083 [INFO] IPUIPlugin:80 - create IPUIPlugin
2025-05-18 19:59:13,083 [INFO] PluginManager:220 - loadIPPluginJar : add nvic
2025-05-18 19:59:13,086 [INFO] IPUIPlugin:80 - create IPUIPlugin
2025-05-18 19:59:13,086 [INFO] PluginManager:220 - loadIPPluginJar : add opamp
2025-05-18 19:59:13,089 [INFO] IPUIPlugin:80 - create IPUIPlugin
2025-05-18 19:59:13,089 [INFO] PluginManager:220 - loadIPPluginJar : add openamp
2025-05-18 19:59:13,091 [INFO] IPUIPlugin:80 - create IPUIPlugin
2025-05-18 19:59:13,091 [INFO] PluginManager:220 - loadIPPluginJar : add pdm2pcm
2025-05-18 19:59:13,096 [INFO] IPUIPlugin:80 - create IPUIPlugin
2025-05-18 19:59:13,098 [INFO] PluginManager:220 - loadIPPluginJar : add plateformsettings
2025-05-18 19:59:13,099 [INFO] IPUIPlugin:80 - create IPUIPlugin
2025-05-18 19:59:13,099 [INFO] PluginManager:220 - loadIPPluginJar : add quadspi
2025-05-18 19:59:13,100 [INFO] IPUIPlugin:80 - create IPUIPlugin
2025-05-18 19:59:13,100 [INFO] PluginManager:220 - loadIPPluginJar : add radio
2025-05-18 19:59:13,102 [INFO] IPUIPlugin:80 - create IPUIPlugin
2025-05-18 19:59:13,102 [INFO] PluginManager:220 - loadIPPluginJar : add resmgrutility
2025-05-18 19:59:13,104 [INFO] IPUIPlugin:80 - create IPUIPlugin
2025-05-18 19:59:13,104 [INFO] PluginManager:220 - loadIPPluginJar : add sai
2025-05-18 19:59:13,105 [INFO] IPUIPlugin:80 - create IPUIPlugin
2025-05-18 19:59:13,105 [INFO] PluginManager:220 - loadIPPluginJar : add spi
2025-05-18 19:59:13,108 [INFO] IPUIPlugin:80 - create IPUIPlugin
2025-05-18 19:59:13,108 [INFO] PluginManager:220 - loadIPPluginJar : add stm32_wpan
2025-05-18 19:59:13,109 [INFO] IPUIPlugin:80 - create IPUIPlugin
2025-05-18 19:59:13,109 [INFO] PluginManager:220 - loadIPPluginJar : add tim
2025-05-18 19:59:13,111 [INFO] IPUIPlugin:80 - create IPUIPlugin
2025-05-18 19:59:13,111 [INFO] PluginManager:220 - loadIPPluginJar : add touchsensing
2025-05-18 19:59:13,113 [INFO] IPUIPlugin:80 - create IPUIPlugin
2025-05-18 19:59:13,113 [INFO] PluginManager:220 - loadIPPluginJar : add tracer_emb
2025-05-18 19:59:13,114 [INFO] IPUIPlugin:80 - create IPUIPlugin
2025-05-18 19:59:13,114 [INFO] PluginManager:220 - loadIPPluginJar : add ts
2025-05-18 19:59:13,114 [INFO] IPUIPlugin:80 - create IPUIPlugin
2025-05-18 19:59:13,114 [INFO] PluginManager:220 - loadIPPluginJar : add tsc
2025-05-18 19:59:13,115 [INFO] IPUIPlugin:80 - create IPUIPlugin
2025-05-18 19:59:13,115 [INFO] PluginManager:220 - loadIPPluginJar : add ucpd
2025-05-18 19:59:13,116 [INFO] IPUIPlugin:80 - create IPUIPlugin
2025-05-18 19:59:13,116 [INFO] PluginManager:220 - loadIPPluginJar : add usart
2025-05-18 19:59:13,117 [INFO] IPUIPlugin:80 - create IPUIPlugin
2025-05-18 19:59:13,117 [INFO] PluginManager:220 - loadIPPluginJar : add usbx
2025-05-18 19:59:13,223 [FATAL] Updater:351 - Updater called before beeing initialized
2025-05-18 19:59:13,251 [INFO] RulesReader:64 - Compatibility file has been processed (302 Rules)
2025-05-18 19:59:13,258 [INFO] RulesReader:64 - Compatibility file has been processed (302 Rules)
2025-05-18 19:59:13,266 [INFO] CADModel:165 - CPN selected for project level
2025-05-18 19:59:13,266 [INFO] CADModel:114 - Register for checkConnection events
2025-05-18 19:59:13,266 [FATAL] Updater:351 - Updater called before beeing initialized
2025-05-18 19:59:13,266 [ERROR] CADModel:125 - Updater not yet initialized, retry later 
2025-05-18 19:59:13,393 [FATAL] Updater:351 - Updater called before beeing initialized
2025-05-18 19:59:13,396 [INFO] CADModel:165 - CPN selected for project level
2025-05-18 19:59:13,396 [INFO] CADModel:114 - Register for checkConnection events
2025-05-18 19:59:13,396 [FATAL] Updater:351 - Updater called before beeing initialized
2025-05-18 19:59:13,396 [ERROR] CADModel:125 - Updater not yet initialized, retry later 
2025-05-18 19:59:13,400 [FATAL] Updater:351 - Updater called before beeing initialized
2025-05-18 19:59:13,479 [FATAL] Updater:351 - Updater called before beeing initialized
2025-05-18 19:59:13,483 [INFO] DbMcusAds:53 - JSON generation date=Wed May 07 11:07:55 CEST 2025 (1746608875679)
2025-05-18 19:59:13,483 [FATAL] Updater:351 - Updater called before beeing initialized
2025-05-18 19:59:13,515 [WARN] DetailPanel:346 - Failed to get advertising image, set to default
2025-05-18 19:59:13,698 [FATAL] Updater:351 - Updater called before beeing initialized
2025-05-18 19:59:13,700 [FATAL] Updater:351 - Updater called before beeing initialized
2025-05-18 19:59:13,700 [FATAL] Updater:351 - Updater called before beeing initialized
2025-05-18 19:59:13,700 [WARN] DetailPanel:346 - Failed to get advertising image, set to default
2025-05-18 19:59:13,700 [FATAL] Updater:351 - Updater called before beeing initialized
2025-05-18 19:59:13,738 [ERROR] Updater:1198 - MainUpdater not yet initialized. External WinMGr cannot be set.
2025-05-18 19:59:13,739 [INFO] Updater:1134 - Updater Version found : 6.14.1
2025-05-18 19:59:13,757 [INFO] ApplicationProperties:184 - Using Application install path: C:\ST\STM32CubeIDE_1.18.1\STM32CubeIDE\plugins\com.st.stm32cube.common.mx_6.14.1.202504091515
2025-05-18 19:59:14,074 [INFO] MainUpdater:2872 - connection check result : 10
2025-05-18 19:59:14,075 [INFO] MainUpdater:289 - Updater Check For Update Now.
2025-05-18 19:59:14,075 [INFO] MicroXplorer:498 - Change Database Version : DB.6.0.141
2025-05-18 19:59:14,082 [INFO] McuFinderGlobals:63 - Set McuFinder mode to 2 (CubeIDE integrated)
2025-05-18 19:59:14,083 [INFO] UserAuth:484 - Internet connection configuration mode: 1
2025-05-18 19:59:14,128 [INFO] JxBrowserEngine:152 - Initiate JxBrowser Engine with user profile folder
2025-05-18 19:59:14,280 [INFO] CheckServerUpdateThread:120 - End of CheckServer Thread
2025-05-18 19:59:14,990 [INFO] WebApp:169 - Instantiating new browser for Auth
2025-05-18 19:59:15,815 [INFO] WebApp:463 - Apply proxy settings
2025-05-18 19:59:15,815 [INFO] WebApp:548 - Chromium requires no authentication
2025-05-18 19:59:15,828 [INFO] WebApp:491 - Direct internet connection detected
2025-05-18 19:59:15,869 [INFO] WebApp:894 - Register for checkConnection events
2025-05-18 19:59:15,869 [INFO] WebApp:463 - Apply proxy settings
2025-05-18 19:59:15,869 [INFO] WebApp:548 - Chromium requires no authentication
2025-05-18 19:59:15,869 [INFO] WebApp:491 - Direct internet connection detected
2025-05-18 19:59:15,879 [WARN] PackLoader:240 - Cannot read IP mode file for STMicroelectronics.FP-SNS-MOTENVWB1.1.4.0
2025-05-18 19:59:15,890 [WARN] PackLoader:240 - Cannot read IP mode file for STMicroelectronics.FP-ATR-ASTRA1.2.0.2
2025-05-18 19:59:15,901 [WARN] PackLoader:240 - Cannot read IP mode file for STMicroelectronics.X-CUBE-SMBUS.2.1.0
2025-05-18 19:59:15,910 [WARN] PackLoader:240 - Cannot read IP mode file for STMicroelectronics.X-CUBE-WB05N.1.1.0
2025-05-18 19:59:15,917 [WARN] PackLoader:240 - Cannot read IP mode file for STMicroelectronics.X-CUBE-TOUCHGFX.4.23.0
2025-05-18 19:59:15,920 [WARN] PackLoader:240 - Cannot read IP mode file for STMicroelectronics.X-CUBE-TOUCHGFX.4.23.2
2025-05-18 19:59:15,953 [WARN] PackLoader:240 - Cannot read IP mode file for STMicroelectronics.X-CUBE-AZRTOS-F7.1.1.0
2025-05-18 19:59:15,964 [WARN] PackLoader:240 - Cannot read IP mode file for STMicroelectronics.FP-SNS-MOTENV1.4.3.2
2025-05-18 19:59:16,021 [WARN] PackLoader:240 - Cannot read IP mode file for STMicroelectronics.X-CUBE-MEMS1.11.0.0
2025-05-18 19:59:16,233 [INFO] WebApp:225 - Starting web application
2025-05-18 19:59:16,233 [INFO] WebApp:593 - Web application path used C:\ST\STM32CubeIDE_1.18.1\STM32CubeIDE\plugins\com.st.stm32cube.common.mx_6.14.1.202504091515\db\plugins\mcufinder\reactClient1\index.html
2025-05-18 19:59:16,255 [WARN] PackLoader:240 - Cannot read IP mode file for STMicroelectronics.FP-SNS-FLIGHT1.5.0.2
2025-05-18 19:59:16,265 [WARN] PackLoader:240 - Cannot read IP mode file for STMicroelectronics.X-CUBE-DISPLAY.3.0.0
2025-05-18 19:59:16,277 [WARN] PackLoader:240 - Cannot read IP mode file for STMicroelectronics.X-CUBE-BLE1.7.0.0
2025-05-18 19:59:16,290 [WARN] PackLoader:240 - Cannot read IP mode file for STMicroelectronics.X-CUBE-NFC10.1.0.0
2025-05-18 19:59:16,306 [WARN] PackLoader:240 - Cannot read IP mode file for STMicroelectronics.X-CUBE-BLEMGR.4.0.0
2025-05-18 19:59:16,317 [WARN] PackLoader:240 - Cannot read IP mode file for emotas.I-CUBE-CANOPEN.1.3.0
2025-05-18 19:59:16,321 [WARN] PackLoader:240 - Cannot read IP mode file for STMicroelectronics.X-CUBE-TOUCHGFX.4.22.1
2025-05-18 19:59:16,326 [WARN] ConditionMgr:438 - getConditionDescription Invalid condition id : Cortex-A Device cause : null
2025-05-18 19:59:16,340 [WARN] ConditionMgr:1044 - genDependencies : Invalid condition id : Cortex-A Device cause : null
2025-05-18 19:59:16,342 [WARN] ConditionMgr:1044 - genDependencies : Invalid condition id : Cortex-A Device cause : null
2025-05-18 19:59:16,342 [WARN] ConditionMgr:1044 - genDependencies : Invalid condition id : Cortex-A Device cause : null
2025-05-18 19:59:16,350 [WARN] PackLoader:240 - Cannot read IP mode file for STMicroelectronics.X-CUBE-BLEMGR.3.1.0
2025-05-18 19:59:16,357 [WARN] PackLoader:240 - Cannot read IP mode file for STMicroelectronics.X-CUBE-AI.10.0.0
2025-05-18 19:59:16,363 [WARN] PackLoader:240 - Cannot read IP mode file for STMicroelectronics.FP-SNS-SMARTAG2.1.2.0
2025-05-18 19:59:16,368 [WARN] PackLoader:240 - Cannot read IP mode file for STMicroelectronics.FP-SNS-FLIGHT1.5.1.0
2025-05-18 19:59:16,382 [INFO] LogOutputStream:77 - [STDOUT_REDIRECT] 1 : Invalid condition id : UX_CORESTACK_Condition cause : null
2025-05-18 19:59:16,383 [INFO] LogOutputStream:77 - [STDOUT_REDIRECT] 1 : Invalid condition id : UX_CORESTACK_Condition cause : null
2025-05-18 19:59:16,386 [INFO] LogOutputStream:77 - [STDOUT_REDIRECT] 1 : Invalid condition id : UX_CORESTACK_Condition cause : null
2025-05-18 19:59:16,388 [INFO] LogOutputStream:77 - [STDOUT_REDIRECT] 1 : Invalid condition id : UX_CORESTACK_Condition cause : null
2025-05-18 19:59:16,389 [INFO] LogOutputStream:77 - [STDOUT_REDIRECT] 1 : Invalid condition id : UX_CORESTACK_Condition cause : null
2025-05-18 19:59:16,392 [WARN] PackLoader:240 - Cannot read IP mode file for STMicroelectronics.X-CUBE-AZRTOS-WL.2.0.0
2025-05-18 19:59:16,399 [WARN] PackLoader:240 - Cannot read IP mode file for STMicroelectronics.FP-SNS-MOTENV1.5.0.0
2025-05-18 19:59:16,406 [WARN] PackLoader:240 - Cannot read IP mode file for wolfSSL.I-CUBE-wolfMQTT.1.19.0
2025-05-18 19:59:16,418 [WARN] PackLoader:240 - Cannot read IP mode file for WES.I-CUBE-Cesium.1.3.0
2025-05-18 19:59:16,425 [WARN] PackLoader:240 - Cannot read IP mode file for STMicroelectronics.X-CUBE-BLE2.3.3.0
2025-05-18 19:59:16,444 [WARN] PackLoader:240 - Cannot read IP mode file for STMicroelectronics.X-CUBE-NFC9.1.0.0
2025-05-18 19:59:16,451 [WARN] PackLoader:240 - Cannot read IP mode file for STMicroelectronics.X-CUBE-BLE1.7.1.0
2025-05-18 19:59:16,455 [INFO] UserAuth:484 - Internet connection configuration mode: 1
2025-05-18 19:59:16,461 [WARN] PackLoader:240 - Cannot read IP mode file for STMicroelectronics.X-CUBE-TCPP.4.1.0
2025-05-18 19:59:16,477 [WARN] PackLoader:240 - Cannot read IP mode file for STMicroelectronics.X-CUBE-ALGOBUILD.1.3.0
2025-05-18 19:59:16,500 [INFO] WebApp:191 - Connection restablished
2025-05-18 19:59:16,536 [WARN] PackLoader:240 - Cannot read IP mode file for STMicroelectronics.X-CUBE-MEMS1.11.2.0
2025-05-18 19:59:16,720 [WARN] PackLoader:240 - Cannot read IP mode file for STMicroelectronics.X-CUBE-AZRTOS-G0.1.1.0
2025-05-18 19:59:16,734 [WARN] PackLoader:240 - Cannot read IP mode file for STMicroelectronics.X-CUBE-SAFEA1.1.2.2
2025-05-18 19:59:16,744 [WARN] PackLoader:240 - Cannot read IP mode file for STMicroelectronics.X-CUBE-NFC4.3.0.0
2025-05-18 19:59:16,756 [WARN] PackLoader:240 - Cannot read IP mode file for EmbeddedOffice.I-CUBE-FS-RTOS.1.0.1
2025-05-18 19:59:16,762 [WARN] PackLoader:240 - Cannot read IP mode file for STMicroelectronics.X-CUBE-WB05N.2.0.0
2025-05-18 19:59:16,774 [WARN] PackLoader:240 - Cannot read IP mode file for STMicroelectronics.X-CUBE-BLEMGR.3.0.0
2025-05-18 19:59:16,785 [WARN] PackLoader:240 - Cannot read IP mode file for STMicroelectronics.X-CUBE-TCPP.4.2.0
2025-05-18 19:59:16,795 [WARN] PackLoader:240 - Cannot read IP mode file for RealThread.X-CUBE-RT-Thread_Nano.4.1.1
2025-05-18 19:59:16,801 [WARN] PackLoader:240 - Cannot read IP mode file for STMicroelectronics.FP-ATR-SIGFOX1.3.2.0
2025-05-18 19:59:16,810 [WARN] PackLoader:240 - Cannot read IP mode file for STMicroelectronics.X-CUBE-EEPRMA1.5.1.0
2025-05-18 19:59:16,848 [WARN] PackLoader:240 - Cannot read IP mode file for SEGGER.I-CUBE-embOS.1.3.1
2025-05-18 19:59:16,888 [WARN] PackLoader:240 - Cannot read IP mode file for STMicroelectronics.X-CUBE-ALGOBUILD.1.4.0
2025-05-18 19:59:16,895 [WARN] PackLoader:240 - Cannot read IP mode file for STMicroelectronics.X-CUBE-AI.9.1.0
2025-05-18 19:59:16,902 [WARN] PackLoader:240 - Cannot read IP mode file for STMicroelectronics.X-CUBE-GNSS1.6.0.0
2025-05-18 19:59:16,921 [WARN] PackLoader:240 - Cannot read IP mode file for STMicroelectronics.X-CUBE-AZRTOS-F4.1.1.0
2025-05-18 19:59:16,929 [WARN] PackLoader:240 - Cannot read IP mode file for wolfSSL.I-CUBE-wolfSSL.5.6.4
2025-05-18 19:59:16,933 [WARN] PackLoader:240 - Cannot read IP mode file for Avnet-IotConnect.X-CUBE-IoTC-DA16k-PMOD.1.0.0
2025-05-18 19:59:16,941 [WARN] PackLoader:240 - Cannot read IP mode file for STMicroelectronics.X-CUBE-ISPU.2.1.0
2025-05-18 19:59:16,948 [WARN] PackLoader:240 - Cannot read IP mode file for STMicroelectronics.X-CUBE-FREERTOS.1.2.0
2025-05-18 19:59:16,965 [WARN] PackLoader:240 - Cannot read IP mode file for STMicroelectronics.X-CUBE-AZRTOS-L5.2.0.0
2025-05-18 19:59:16,979 [WARN] PackLoader:240 - Cannot read IP mode file for STMicroelectronics.X-CUBE-EEPRMA1.4.2.0
2025-05-18 19:59:16,991 [WARN] PackLoader:240 - Cannot read IP mode file for STMicroelectronics.X-CUBE-NFC6.3.1.0
2025-05-18 19:59:17,004 [WARN] PackLoader:240 - Cannot read IP mode file for ITTIA_DB.I-CUBE-ITTIADB.8.8.0
2025-05-18 19:59:17,012 [WARN] PackLoader:240 - Cannot read IP mode file for STMicroelectronics.X-CUBE-DPower.1.2.0
2025-05-18 19:59:17,026 [WARN] PackLoader:240 - Cannot read IP mode file for STMicroelectronics.X-CUBE-AI.9.0.0
2025-05-18 19:59:17,056 [WARN] ConditionMgr:438 - getConditionDescription Invalid condition id : UX DEVICE CLASS RTOS Condition cause : null
2025-05-18 19:59:17,056 [WARN] ConditionMgr:438 - getConditionDescription Invalid condition id : UX DEVICE CLASS RTOS Condition cause : null
2025-05-18 19:59:17,066 [WARN] PackLoader:240 - Cannot read IP mode file for STMicroelectronics.X-CUBE-AZRTOS-H7.3.1.0
2025-05-18 19:59:17,068 [WARN] ConditionMgr:1044 - genDependencies : Invalid condition id : UX DEVICE CLASS RTOS Condition cause : null
2025-05-18 19:59:17,068 [WARN] ConditionMgr:1044 - genDependencies : Invalid condition id : UX DEVICE CLASS RTOS Condition cause : null
2025-05-18 19:59:17,069 [WARN] ConditionMgr:1044 - genDependencies : Invalid condition id : UX DEVICE CLASS RTOS Condition cause : null
2025-05-18 19:59:17,069 [WARN] ConditionMgr:1044 - genDependencies : Invalid condition id : UX DEVICE CLASS RTOS Condition cause : null
2025-05-18 19:59:17,069 [WARN] ConditionMgr:1044 - genDependencies : Invalid condition id : UX DEVICE CLASS RTOS Condition cause : null
2025-05-18 19:59:17,079 [WARN] PackLoader:240 - Cannot read IP mode file for STMicroelectronics.X-CUBE-FREERTOS.1.3.1
2025-05-18 19:59:17,110 [WARN] PackLoader:240 - Cannot read IP mode file for STMicroelectronics.X-CUBE-FREERTOS.1.3.0
2025-05-18 19:59:17,118 [WARN] PackLoader:240 - Cannot read IP mode file for STMicroelectronics.X-CUBE-NFC7.1.0.1
2025-05-18 19:59:17,124 [WARN] PackLoader:240 - Cannot read IP mode file for wolfSSL.I-CUBE-wolfTPM.3.2.0
2025-05-18 19:59:17,133 [WARN] PackLoader:240 - Cannot read IP mode file for STMicroelectronics.X-CUBE-NFC6.3.0.0
2025-05-18 19:59:17,154 [WARN] PackLoader:240 - Cannot read IP mode file for STMicroelectronics.X-CUBE-DPower.1.3.0
2025-05-18 19:59:17,162 [WARN] PackLoader:240 - Cannot read IP mode file for STMicroelectronics.X-CUBE-AI.8.1.0
2025-05-18 19:59:17,187 [WARN] ConditionMgr:438 - getConditionDescription Invalid condition id : LAN8742 Phy interface Condition cause : null
2025-05-18 19:59:17,188 [WARN] PackLoader:240 - Cannot read IP mode file for STMicroelectronics.X-CUBE-AZRTOS-L4.2.0.0
2025-05-18 19:59:17,189 [WARN] ConditionMgr:1044 - genDependencies : Invalid condition id : LAN8742 Phy interface Condition cause : null
2025-05-18 19:59:17,189 [WARN] ConditionMgr:1044 - genDependencies : Invalid condition id : LAN8742 Phy interface Condition cause : null
2025-05-18 19:59:17,190 [WARN] ConditionMgr:1044 - genDependencies : Invalid condition id : LAN8742 Phy interface Condition cause : null
2025-05-18 19:59:17,204 [WARN] PackLoader:240 - Cannot read IP mode file for STMicroelectronics.X-CUBE-SFXS2LP1.4.0.0
2025-05-18 19:59:17,238 [WARN] PackLoader:240 - Cannot read IP mode file for STMicroelectronics.X-CUBE-ISPU.1.1.0
2025-05-18 19:59:17,273 [WARN] PackLoader:240 - Cannot read IP mode file for STMicroelectronics.X-CUBE-AZRTOS-H7.3.3.0
2025-05-18 19:59:17,292 [WARN] PackLoader:240 - Cannot read IP mode file for STMicroelectronics.X-CUBE-IPS.3.0.0
2025-05-18 19:59:17,311 [WARN] ConditionMgr:438 - getConditionDescription Invalid condition id : UX DEVICE CLASS RTOS Condition cause : null
2025-05-18 19:59:17,312 [WARN] ConditionMgr:438 - getConditionDescription Invalid condition id : UX DEVICE CLASS RTOS Condition cause : null
2025-05-18 19:59:17,318 [WARN] PackLoader:240 - Cannot read IP mode file for STMicroelectronics.X-CUBE-AZRTOS-WB.2.0.0
2025-05-18 19:59:17,319 [WARN] ConditionMgr:1044 - genDependencies : Invalid condition id : UX DEVICE CLASS RTOS Condition cause : null
2025-05-18 19:59:17,319 [WARN] ConditionMgr:1044 - genDependencies : Invalid condition id : UX DEVICE CLASS RTOS Condition cause : null
2025-05-18 19:59:17,320 [WARN] ConditionMgr:1044 - genDependencies : Invalid condition id : UX DEVICE CLASS RTOS Condition cause : null
2025-05-18 19:59:17,320 [WARN] ConditionMgr:1044 - genDependencies : Invalid condition id : UX DEVICE CLASS RTOS Condition cause : null
2025-05-18 19:59:17,320 [WARN] ConditionMgr:1044 - genDependencies : Invalid condition id : UX DEVICE CLASS RTOS Condition cause : null
2025-05-18 19:59:17,331 [WARN] PackLoader:240 - Cannot read IP mode file for STMicroelectronics.X-CUBE-GNSS1.7.0.0
2025-05-18 19:59:17,338 [WARN] PackLoader:240 - Cannot read IP mode file for STMicroelectronics.X-CUBE-GNSS1.7.0.1
2025-05-18 19:59:17,344 [WARN] PackLoader:240 - Cannot read IP mode file for STMicroelectronics.X-CUBE-TOUCHGFX.4.25.0
2025-05-18 19:59:17,351 [WARN] PackLoader:240 - Cannot read IP mode file for STMicroelectronics.FP-SNS-STBOX1.2.0.0
2025-05-18 19:59:17,366 [WARN] PackLoader:240 - Cannot read IP mode file for STMicroelectronics.X-CUBE-SUBG2.5.0.0
2025-05-18 19:59:17,395 [WARN] PackLoader:240 - Cannot read IP mode file for STMicroelectronics.X-CUBE-AZRTOS-H7RS.1.1.0
2025-05-18 19:59:17,403 [WARN] PackLoader:240 - Cannot read IP mode file for Cesanta.I-CUBE-Mongoose.7.13.0
2025-05-18 19:59:17,416 [WARN] PackLoader:240 - Cannot read IP mode file for STMicroelectronics.X-CUBE-TOF1.3.3.1
2025-05-18 19:59:17,442 [WARN] PackLoader:240 - Cannot read IP mode file for STMicroelectronics.X-CUBE-AZRTOS-G4.2.0.0
2025-05-18 19:59:17,462 [WARN] PackLoader:240 - Cannot read IP mode file for Infineon.AIROC-Wi-Fi-Bluetooth-STM32.1.5.1
2025-05-18 19:59:17,470 [WARN] PackLoader:240 - Cannot read IP mode file for STMicroelectronics.FP-SNS-MOTENVWB1.1.3.0
2025-05-18 19:59:17,479 [WARN] PackLoader:240 - Cannot read IP mode file for STMicroelectronics.X-CUBE-NFC7.2.0.0
2025-05-18 19:59:17,485 [WARN] PackLoader:240 - Cannot read IP mode file for STMicroelectronics.FP-SNS-MOTENVWB1.1.3.1
2025-05-18 19:59:17,494 [WARN] PackLoader:240 - Cannot read IP mode file for STMicroelectronics.X-CUBE-ISPU.2.0.0
2025-05-18 19:59:17,509 [WARN] PackLoader:240 - Cannot read IP mode file for STMicroelectronics.X-CUBE-IPS.3.1.0
2025-05-18 19:59:17,533 [WARN] PackLoader:240 - Cannot read IP mode file for STMicroelectronics.X-CUBE-ALS.1.0.2
2025-05-18 19:59:17,569 [WARN] PackLoader:240 - Cannot read IP mode file for STMicroelectronics.X-CUBE-MEMS1.10.0.0
2025-05-18 19:59:17,670 [WARN] PackLoader:240 - Cannot read IP mode file for STMicroelectronics.X-CUBE-FREERTOS.1.1.0
2025-05-18 19:59:17,676 [WARN] PackLoader:240 - Cannot read IP mode file for STMicroelectronics.X-CUBE-TOUCHGFX.4.24.0
2025-05-18 19:59:17,680 [WARN] PackLoader:240 - Cannot read IP mode file for STMicroelectronics.X-CUBE-TOUCHGFX.4.24.1
2025-05-18 19:59:17,688 [WARN] PackLoader:240 - Cannot read IP mode file for portGmbH.I-Cube-SoM-uGOAL.1.1.0
2025-05-18 19:59:17,699 [WARN] PackLoader:240 - Cannot read IP mode file for STMicroelectronics.X-CUBE-ALS.1.0.1
2025-05-18 19:59:17,720 [WARN] PackLoader:240 - Cannot read IP mode file for STMicroelectronics.X-CUBE-AZRTOS-H7RS.1.0.0
2025-05-18 19:59:17,731 [WARN] PackLoader:240 - Cannot read IP mode file for STMicroelectronics.FP-ATR-ASTRA1.2.0.0
2025-05-18 19:59:17,744 [WARN] PackLoader:240 - Cannot read IP mode file for STMicroelectronics.X-CUBE-TOF1.3.4.2
2025-05-18 19:59:17,765 [WARN] PackLoader:240 - Cannot read IP mode file for STMicroelectronics.X-CUBE-TOF1.3.4.3
2025-05-18 19:59:17,804 [WARN] PackLoader:240 - Cannot read IP mode file for STMicroelectronics.X-CUBE-TOF1.3.4.0
2025-05-18 19:59:17,821 [WARN] PackLoader:240 - Cannot read IP mode file for STMicroelectronics.X-CUBE-TOF1.3.4.1
2025-05-18 19:59:17,844 [WARN] PackLoader:240 - Cannot read IP mode file for STMicroelectronics.X-CUBE-AZRTOS-H7.3.2.0
2025-05-18 19:59:17,850 [WARN] PackLoader:240 - Cannot read IP mode file for wolfSSL.I-CUBE-wolfSSH.1.4.17
2025-05-18 19:59:17,851 [INFO] ThirdParty:978 - Integrity check success = true
2025-05-18 19:59:17,851 [INFO] IntegrityCheckThread:100 - exiting critical section [integrity check]
2025-05-18 19:59:17,851 [INFO] IntegrityCheckThread:103 - End integrity checks thread
