2025-05-21 12:03:53,715 [INFO] Activator:176 - 


2025-05-21 12:03:53,715 [INFO] Activator:177 - !SESSION log4j initialized
2025-05-21 12:03:59,637 [INFO] LogOutputStream:77 - [STDOUT_REDIRECT] 
2025-05-21 12:04:00,914 [INFO] ApplicationProperties:184 - Using Application install path: C:\ST\STM32CubeIDE_1.18.1\STM32CubeIDE\plugins\com.st.stm32cube.common.mx_6.14.1.202504091515
2025-05-21 12:04:00,936 [INFO] DbMcusXml:78 - Set database path to: C:\ST\STM32CubeIDE_1.18.1\STM32CubeIDE\plugins\com.st.stm32cube.common.mx_6.14.1.202504091515\\db\/mcu/
2025-05-21 12:04:00,937 [INFO] ApiDb:274 - Set plugin database path to: C:\ST\STM32CubeIDE_1.18.1\STM32CubeIDE\plugins\com.st.stm32cube.common.mx_6.14.1.202504091515\\db\/plugins/boardmanager/
2025-05-21 12:04:00,937 [WARN] ApiDb:259 - Overriding images path with different value:  => C:\ST\STM32CubeIDE_1.18.1\STM32CubeIDE\plugins\com.st.stm32cube.common.mx_6.14.1.202504091515\\db\/plugins/mcufinder/images/
2025-05-21 12:04:00,948 [INFO] ApiDb:250 - Set database path to: C:\Users\danie\.stmcufinder\plugins\mcufinder//mcu/
2025-05-21 12:04:00,949 [INFO] DbMcusAds:125 - Set database path to: C:\Users\danie\.stmcufinder\plugins\mcufinder//mcu/
2025-05-21 12:04:00,951 [INFO] CrossReferenceDbSqlite:203 - Set database path to: C:\Users\danie\.stmcufinder\plugins\mcufinder//mcu/cs/
2025-05-21 12:04:01,074 [INFO] RulesReader:64 - Compatibility file has been processed (302 Rules)
2025-05-21 12:04:01,151 [INFO] DbMcusXml:78 - Set database path to: C:\ST\STM32CubeIDE_1.18.1\STM32CubeIDE\plugins\com.st.stm32cube.common.mx_6.14.1.202504091515\\db\/mcu/
2025-05-21 12:04:01,151 [INFO] ApiDb:274 - Set plugin database path to: C:\ST\STM32CubeIDE_1.18.1\STM32CubeIDE\plugins\com.st.stm32cube.common.mx_6.14.1.202504091515\\db\/plugins/boardmanager/
2025-05-21 12:04:01,152 [INFO] ApiDb:261 - Set plugin images path to: C:\ST\STM32CubeIDE_1.18.1\STM32CubeIDE\plugins\com.st.stm32cube.common.mx_6.14.1.202504091515\\db\/plugins/mcufinder/images/
2025-05-21 12:04:01,152 [WARN] DbFile:41 - Overriding database path with different value: C:\Users\danie\.stmcufinder\plugins\mcufinder/ => C:\Users\danie\.stmcufinder\plugins\mcufinder
2025-05-21 12:04:01,152 [INFO] ApiDb:250 - Set database path to: C:\Users\danie\.stmcufinder\plugins\mcufinder//mcu/
2025-05-21 12:04:01,152 [WARN] DbFile:41 - Overriding database path with different value: C:\Users\danie\.stmcufinder\plugins\mcufinder/ => C:\Users\danie\.stmcufinder\plugins\mcufinder
2025-05-21 12:04:01,152 [INFO] DbMcusAds:125 - Set database path to: C:\Users\danie\.stmcufinder\plugins\mcufinder//mcu/
2025-05-21 12:04:01,152 [WARN] DbFile:41 - Overriding database path with different value: C:\Users\danie\.stmcufinder\plugins\mcufinder/ => C:\Users\danie\.stmcufinder\plugins\mcufinder
2025-05-21 12:04:01,152 [WARN] DbFile:41 - Overriding database path with different value: C:\Users\danie\.stmcufinder\plugins\mcufinder/ => C:\Users\danie\.stmcufinder\plugins\mcufinder
2025-05-21 12:04:01,152 [INFO] CrossReferenceDbSqlite:203 - Set database path to: C:\Users\danie\.stmcufinder\plugins\mcufinder//mcu/cs/
2025-05-21 12:04:01,229 [INFO] MainPanel:272 - HeapMemory: 268435456
2025-05-21 12:04:01,351 [INFO] DbMcusXml:78 - Set database path to: C:\ST\STM32CubeIDE_1.18.1\STM32CubeIDE\plugins\com.st.stm32cube.common.mx_6.14.1.202504091515\\db\/mcu/
2025-05-21 12:04:01,352 [INFO] ApiDb:274 - Set plugin database path to: C:\ST\STM32CubeIDE_1.18.1\STM32CubeIDE\plugins\com.st.stm32cube.common.mx_6.14.1.202504091515\\db\/plugins/boardmanager/
2025-05-21 12:04:01,352 [INFO] ApiDb:261 - Set plugin images path to: C:\ST\STM32CubeIDE_1.18.1\STM32CubeIDE\plugins\com.st.stm32cube.common.mx_6.14.1.202504091515\\db\/plugins/mcufinder/images/
2025-05-21 12:04:01,352 [WARN] DbFile:41 - Overriding database path with different value: C:\Users\danie\.stmcufinder\plugins\mcufinder/ => C:\Users\danie\.stmcufinder\plugins\mcufinder
2025-05-21 12:04:01,352 [INFO] ApiDb:250 - Set database path to: C:\Users\danie\.stmcufinder\plugins\mcufinder//mcu/
2025-05-21 12:04:01,352 [WARN] DbFile:41 - Overriding database path with different value: C:\Users\danie\.stmcufinder\plugins\mcufinder/ => C:\Users\danie\.stmcufinder\plugins\mcufinder
2025-05-21 12:04:01,352 [INFO] DbMcusAds:125 - Set database path to: C:\Users\danie\.stmcufinder\plugins\mcufinder//mcu/
2025-05-21 12:04:01,352 [WARN] DbFile:41 - Overriding database path with different value: C:\Users\danie\.stmcufinder\plugins\mcufinder/ => C:\Users\danie\.stmcufinder\plugins\mcufinder
2025-05-21 12:04:01,352 [WARN] DbFile:41 - Overriding database path with different value: C:\Users\danie\.stmcufinder\plugins\mcufinder/ => C:\Users\danie\.stmcufinder\plugins\mcufinder
2025-05-21 12:04:01,352 [INFO] CrossReferenceDbSqlite:203 - Set database path to: C:\Users\danie\.stmcufinder\plugins\mcufinder//mcu/cs/
2025-05-21 12:04:01,370 [INFO] ApplicationProperties:184 - Using Application install path: C:\ST\STM32CubeIDE_1.18.1\STM32CubeIDE\plugins\com.st.stm32cube.common.mx_6.14.1.202504091515
2025-05-21 12:04:01,373 [INFO] PluginManage:196 - Search for loadable plugins [exclusion list=, ]
2025-05-21 12:04:01,375 [INFO] PluginManage:310 - Check plugin analytics
2025-05-21 12:04:01,617 [INFO] AnalyticsPlugin:253 - Accepted Software Licenses: STM32CubeMX.6.9.2,STM32CubeMX.6.12.0,STM32CubeMX.6.14.1
2025-05-21 12:04:01,618 [INFO] AnalyticsPlugin:255 - Accepted CMSIS Pack Licenses: 
2025-05-21 12:04:01,618 [INFO] AnalyticsPlugin:257 - Accepted Firmware Licenses: FW.F4.1.27.0,FW.F4.1.28.0
2025-05-21 12:04:01,621 [INFO] PluginManage:359 - Loaded plugin analytics (category:tool,tabindex:-1)
2025-05-21 12:04:01,621 [INFO] PluginManage:310 - Check plugin cadmodel
2025-05-21 12:04:01,631 [INFO] CADModel:105 - Init CAD model plugin
2025-05-21 12:04:01,631 [INFO] PluginManage:359 - Loaded plugin cadmodel (category:power,tabindex:5)
2025-05-21 12:04:01,631 [INFO] PluginManage:310 - Check plugin clock
2025-05-21 12:04:01,645 [INFO] PluginManage:359 - Loaded plugin clock (category:base,tabindex:2)
2025-05-21 12:04:01,647 [INFO] PluginManage:310 - Check plugin ddr
2025-05-21 12:04:01,651 [INFO] PluginManage:359 - Loaded plugin ddr (category:tool,tabindex:6)
2025-05-21 12:04:01,651 [INFO] PluginManage:310 - Check plugin filemanager
2025-05-21 12:04:01,818 [INFO] PluginManage:359 - Loaded plugin filemanager (category:base,tabindex:10)
2025-05-21 12:04:01,818 [INFO] PluginManage:310 - Check plugin ipmanager
2025-05-21 12:04:01,827 [INFO] PluginManage:359 - Loaded plugin ipmanager (category:base,tabindex:5)
2025-05-21 12:04:01,827 [INFO] PluginManage:310 - Check plugin lpbam
2025-05-21 12:04:01,837 [INFO] PluginManage:359 - Loaded plugin lpbam (category:base,tabindex:0)
2025-05-21 12:04:01,837 [INFO] PluginManage:310 - Check plugin memorymap
2025-05-21 12:04:01,860 [INFO] PluginManage:359 - Loaded plugin memorymap (category:base,tabindex:4)
2025-05-21 12:04:01,860 [INFO] PluginManage:310 - Check plugin pinoutandconfiguration
2025-05-21 12:04:01,871 [INFO] PluginManage:359 - Loaded plugin pinoutandconfiguration (category:base,tabindex:1)
2025-05-21 12:04:01,871 [INFO] PluginManage:310 - Check plugin pinoutconfig
2025-05-21 12:04:01,988 [WARN] SupportedApi:132 - Cannot load RTOS API schema: s4s-elt-must-match.1: The content of 'definitions' must match (annotation?, (simpleType | complexType)?, (unique | key | keyref)*)). A problem was found starting at: attribute.
2025-05-21 12:04:02,213 [INFO] PluginManage:359 - Loaded plugin pinoutconfig (category:base,tabindex:0)
2025-05-21 12:04:02,213 [INFO] PluginManage:310 - Check plugin power
2025-05-21 12:04:02,236 [INFO] PluginManage:359 - Loaded plugin power (category:power,tabindex:4)
2025-05-21 12:04:02,237 [INFO] PluginManage:310 - Check plugin projectmanager
2025-05-21 12:04:02,273 [INFO] PluginManage:359 - Loaded plugin projectmanager (category:projectmanager,tabindex:4)
2025-05-21 12:04:02,273 [INFO] PluginManage:310 - Check plugin rif
2025-05-21 12:04:02,293 [INFO] PluginManage:359 - Loaded plugin rif (category:base,tabindex:3)
2025-05-21 12:04:02,293 [INFO] PluginManage:310 - Check plugin thirdparty
2025-05-21 12:04:02,500 [INFO] PluginManage:359 - Loaded plugin thirdparty (category:base,tabindex:-1)
2025-05-21 12:04:02,500 [WARN] IntegrityCheckThread:84 - waiting for thirdparty lock release [integrity check]
2025-05-21 12:04:02,500 [INFO] PluginManage:310 - Check plugin tools
2025-05-21 12:04:02,500 [INFO] IntegrityCheckThread:86 - entering critical section [integrity check]
2025-05-21 12:04:02,501 [INFO] ThirdPartyUpdaterWithRetryManager:70 - Updater plugin not ready yet. [1/15]
2025-05-21 12:04:02,503 [INFO] PluginManage:359 - Loaded plugin tools (category:base,tabindex:7)
2025-05-21 12:04:02,503 [INFO] PluginManage:310 - Check plugin tutovideos
2025-05-21 12:04:02,681 [INFO] PluginManage:359 - Loaded plugin tutovideos (category:base,tabindex:-1)
2025-05-21 12:04:02,681 [INFO] PluginManage:310 - Check plugin updater
2025-05-21 12:04:02,708 [INFO] PluginManage:359 - Loaded plugin updater (category:base,tabindex:12)
2025-05-21 12:04:02,708 [INFO] PluginManage:310 - Check plugin userauth
2025-05-21 12:04:02,714 [INFO] UserAuth:118 - Init User Auth plugin
2025-05-21 12:04:02,715 [INFO] PluginManage:359 - Loaded plugin userauth (category:base,tabindex:14)
2025-05-21 12:04:02,716 [INFO] PluginManage:283 - PluginManage : Loaded plugins [18]
2025-05-21 12:04:02,966 [INFO] PinOutPanel:1589 - setPackage(No Configuration,No Configuration)
2025-05-21 12:04:03,056 [INFO] CADModel:165 - CPN selected for project level
2025-05-21 12:04:03,057 [INFO] CADModel:114 - Register for checkConnection events
2025-05-21 12:04:03,079 [INFO] IPUIPlugin:80 - create IPUIPlugin
2025-05-21 12:04:03,079 [INFO] PluginManager:220 - loadIPPluginJar : add adc
2025-05-21 12:04:03,083 [INFO] IPUIPlugin:80 - create IPUIPlugin
2025-05-21 12:04:03,083 [INFO] PluginManager:220 - loadIPPluginJar : add aes
2025-05-21 12:04:03,086 [INFO] IPUIPlugin:80 - create IPUIPlugin
2025-05-21 12:04:03,086 [INFO] PluginManager:220 - loadIPPluginJar : add can
2025-05-21 12:04:03,089 [INFO] IPUIPlugin:80 - create IPUIPlugin
2025-05-21 12:04:03,089 [INFO] PluginManager:220 - loadIPPluginJar : add comp
2025-05-21 12:04:03,091 [INFO] IPUIPlugin:80 - create IPUIPlugin
2025-05-21 12:04:03,093 [INFO] PluginManager:220 - loadIPPluginJar : add cryp
2025-05-21 12:04:03,096 [INFO] IPUIPlugin:80 - create IPUIPlugin
2025-05-21 12:04:03,097 [INFO] PluginManager:220 - loadIPPluginJar : add ddr_ctrl_phy
2025-05-21 12:04:03,100 [INFO] IPUIPlugin:80 - create IPUIPlugin
2025-05-21 12:04:03,100 [INFO] PluginManager:220 - loadIPPluginJar : add dfsdm
2025-05-21 12:04:03,107 [INFO] IPUIPlugin:80 - create IPUIPlugin
2025-05-21 12:04:03,108 [INFO] PluginManager:220 - loadIPPluginJar : add dma
2025-05-21 12:04:03,111 [INFO] IPUIPlugin:80 - create IPUIPlugin
2025-05-21 12:04:03,113 [INFO] PluginManager:220 - loadIPPluginJar : add dma3
2025-05-21 12:04:03,116 [INFO] IPUIPlugin:80 - create IPUIPlugin
2025-05-21 12:04:03,116 [INFO] PluginManager:220 - loadIPPluginJar : add extmemmanager
2025-05-21 12:04:03,118 [INFO] IPUIPlugin:80 - create IPUIPlugin
2025-05-21 12:04:03,118 [INFO] PluginManager:220 - loadIPPluginJar : add fatfs
2025-05-21 12:04:03,124 [INFO] IPUIPlugin:80 - create IPUIPlugin
2025-05-21 12:04:03,124 [INFO] PluginManager:220 - loadIPPluginJar : add fmc
2025-05-21 12:04:03,132 [INFO] IPUIPlugin:80 - create IPUIPlugin
2025-05-21 12:04:03,132 [INFO] PluginManager:220 - loadIPPluginJar : add freertos
2025-05-21 12:04:03,134 [INFO] IPUIPlugin:80 - create IPUIPlugin
2025-05-21 12:04:03,134 [INFO] PluginManager:220 - loadIPPluginJar : add genericplugin
2025-05-21 12:04:03,136 [INFO] IPUIPlugin:80 - create IPUIPlugin
2025-05-21 12:04:03,136 [INFO] PluginManager:220 - loadIPPluginJar : add gfxmmu
2025-05-21 12:04:03,142 [INFO] IPUIPlugin:80 - create IPUIPlugin
2025-05-21 12:04:03,143 [INFO] PluginManager:220 - loadIPPluginJar : add gic
2025-05-21 12:04:03,147 [INFO] IPUIPlugin:80 - create IPUIPlugin
2025-05-21 12:04:03,147 [INFO] PluginManager:220 - loadIPPluginJar : add gpio
2025-05-21 12:04:03,152 [INFO] IPUIPlugin:80 - create IPUIPlugin
2025-05-21 12:04:03,152 [INFO] PluginManager:220 - loadIPPluginJar : add gtzc
2025-05-21 12:04:03,156 [INFO] IPUIPlugin:80 - create IPUIPlugin
2025-05-21 12:04:03,157 [INFO] PluginManager:220 - loadIPPluginJar : add hash
2025-05-21 12:04:03,160 [INFO] IPUIPlugin:80 - create IPUIPlugin
2025-05-21 12:04:03,160 [INFO] PluginManager:220 - loadIPPluginJar : add i2c
2025-05-21 12:04:03,162 [INFO] IPUIPlugin:80 - create IPUIPlugin
2025-05-21 12:04:03,162 [INFO] PluginManager:220 - loadIPPluginJar : add i2s
2025-05-21 12:04:03,166 [INFO] IPUIPlugin:80 - create IPUIPlugin
2025-05-21 12:04:03,166 [INFO] PluginManager:220 - loadIPPluginJar : add i3c
2025-05-21 12:04:03,169 [INFO] IPUIPlugin:80 - create IPUIPlugin
2025-05-21 12:04:03,170 [INFO] PluginManager:220 - loadIPPluginJar : add ipddr
2025-05-21 12:04:03,178 [INFO] IPUIPlugin:80 - create IPUIPlugin
2025-05-21 12:04:03,179 [INFO] PluginManager:220 - loadIPPluginJar : add linkedlist
2025-05-21 12:04:03,184 [INFO] IPUIPlugin:80 - create IPUIPlugin
2025-05-21 12:04:03,184 [INFO] PluginManager:220 - loadIPPluginJar : add lorawan
2025-05-21 12:04:03,185 [INFO] IPUIPlugin:80 - create IPUIPlugin
2025-05-21 12:04:03,185 [INFO] PluginManager:220 - loadIPPluginJar : add ltdc
2025-05-21 12:04:03,193 [INFO] IPUIPlugin:80 - create IPUIPlugin
2025-05-21 12:04:03,194 [INFO] PluginManager:220 - loadIPPluginJar : add mdma
2025-05-21 12:04:03,199 [INFO] IPUIPlugin:80 - create IPUIPlugin
2025-05-21 12:04:03,200 [INFO] PluginManager:220 - loadIPPluginJar : add nvic
2025-05-21 12:04:03,204 [INFO] IPUIPlugin:80 - create IPUIPlugin
2025-05-21 12:04:03,204 [INFO] PluginManager:220 - loadIPPluginJar : add opamp
2025-05-21 12:04:03,210 [INFO] IPUIPlugin:80 - create IPUIPlugin
2025-05-21 12:04:03,210 [INFO] PluginManager:220 - loadIPPluginJar : add openamp
2025-05-21 12:04:03,213 [INFO] IPUIPlugin:80 - create IPUIPlugin
2025-05-21 12:04:03,214 [INFO] PluginManager:220 - loadIPPluginJar : add pdm2pcm
2025-05-21 12:04:03,222 [INFO] IPUIPlugin:80 - create IPUIPlugin
2025-05-21 12:04:03,226 [INFO] PluginManager:220 - loadIPPluginJar : add plateformsettings
2025-05-21 12:04:03,229 [INFO] IPUIPlugin:80 - create IPUIPlugin
2025-05-21 12:04:03,230 [INFO] PluginManager:220 - loadIPPluginJar : add quadspi
2025-05-21 12:04:03,233 [INFO] IPUIPlugin:80 - create IPUIPlugin
2025-05-21 12:04:03,234 [INFO] PluginManager:220 - loadIPPluginJar : add radio
2025-05-21 12:04:03,239 [INFO] IPUIPlugin:80 - create IPUIPlugin
2025-05-21 12:04:03,239 [INFO] PluginManager:220 - loadIPPluginJar : add resmgrutility
2025-05-21 12:04:03,244 [INFO] IPUIPlugin:80 - create IPUIPlugin
2025-05-21 12:04:03,244 [INFO] PluginManager:220 - loadIPPluginJar : add sai
2025-05-21 12:04:03,247 [INFO] IPUIPlugin:80 - create IPUIPlugin
2025-05-21 12:04:03,247 [INFO] PluginManager:220 - loadIPPluginJar : add spi
2025-05-21 12:04:03,255 [INFO] IPUIPlugin:80 - create IPUIPlugin
2025-05-21 12:04:03,256 [INFO] PluginManager:220 - loadIPPluginJar : add stm32_wpan
2025-05-21 12:04:03,259 [INFO] IPUIPlugin:80 - create IPUIPlugin
2025-05-21 12:04:03,259 [INFO] PluginManager:220 - loadIPPluginJar : add tim
2025-05-21 12:04:03,263 [INFO] IPUIPlugin:80 - create IPUIPlugin
2025-05-21 12:04:03,263 [INFO] PluginManager:220 - loadIPPluginJar : add touchsensing
2025-05-21 12:04:03,266 [INFO] IPUIPlugin:80 - create IPUIPlugin
2025-05-21 12:04:03,266 [INFO] PluginManager:220 - loadIPPluginJar : add tracer_emb
2025-05-21 12:04:03,268 [INFO] IPUIPlugin:80 - create IPUIPlugin
2025-05-21 12:04:03,268 [INFO] PluginManager:220 - loadIPPluginJar : add ts
2025-05-21 12:04:03,270 [INFO] IPUIPlugin:80 - create IPUIPlugin
2025-05-21 12:04:03,271 [INFO] PluginManager:220 - loadIPPluginJar : add tsc
2025-05-21 12:04:03,273 [INFO] IPUIPlugin:80 - create IPUIPlugin
2025-05-21 12:04:03,273 [INFO] PluginManager:220 - loadIPPluginJar : add ucpd
2025-05-21 12:04:03,276 [INFO] IPUIPlugin:80 - create IPUIPlugin
2025-05-21 12:04:03,276 [INFO] PluginManager:220 - loadIPPluginJar : add usart
2025-05-21 12:04:03,279 [INFO] IPUIPlugin:80 - create IPUIPlugin
2025-05-21 12:04:03,280 [INFO] PluginManager:220 - loadIPPluginJar : add usbx
2025-05-21 12:04:03,414 [FATAL] Updater:351 - Updater called before beeing initialized
2025-05-21 12:04:03,457 [INFO] RulesReader:64 - Compatibility file has been processed (302 Rules)
2025-05-21 12:04:03,473 [INFO] RulesReader:64 - Compatibility file has been processed (302 Rules)
2025-05-21 12:04:03,482 [INFO] CADModel:165 - CPN selected for project level
2025-05-21 12:04:03,482 [INFO] CADModel:114 - Register for checkConnection events
2025-05-21 12:04:03,482 [FATAL] Updater:351 - Updater called before beeing initialized
2025-05-21 12:04:03,482 [ERROR] CADModel:125 - Updater not yet initialized, retry later 
2025-05-21 12:04:03,687 [FATAL] Updater:351 - Updater called before beeing initialized
2025-05-21 12:04:03,689 [INFO] CADModel:165 - CPN selected for project level
2025-05-21 12:04:03,689 [INFO] CADModel:114 - Register for checkConnection events
2025-05-21 12:04:03,690 [FATAL] Updater:351 - Updater called before beeing initialized
2025-05-21 12:04:03,690 [ERROR] CADModel:125 - Updater not yet initialized, retry later 
2025-05-21 12:04:03,693 [FATAL] Updater:351 - Updater called before beeing initialized
2025-05-21 12:04:03,829 [FATAL] Updater:351 - Updater called before beeing initialized
2025-05-21 12:04:03,835 [INFO] DbMcusAds:53 - JSON generation date=Wed May 07 11:07:55 CEST 2025 (1746608875679)
2025-05-21 12:04:03,835 [FATAL] Updater:351 - Updater called before beeing initialized
2025-05-21 12:04:03,887 [WARN] DetailPanel:346 - Failed to get advertising image, set to default
2025-05-21 12:04:04,169 [FATAL] Updater:351 - Updater called before beeing initialized
2025-05-21 12:04:04,173 [FATAL] Updater:351 - Updater called before beeing initialized
2025-05-21 12:04:04,173 [FATAL] Updater:351 - Updater called before beeing initialized
2025-05-21 12:04:04,173 [WARN] DetailPanel:346 - Failed to get advertising image, set to default
2025-05-21 12:04:04,174 [FATAL] Updater:351 - Updater called before beeing initialized
2025-05-21 12:04:04,223 [ERROR] Updater:1198 - MainUpdater not yet initialized. External WinMGr cannot be set.
2025-05-21 12:04:04,226 [INFO] Updater:1134 - Updater Version found : 6.14.1
2025-05-21 12:04:04,251 [INFO] ApplicationProperties:184 - Using Application install path: C:\ST\STM32CubeIDE_1.18.1\STM32CubeIDE\plugins\com.st.stm32cube.common.mx_6.14.1.202504091515
2025-05-21 12:04:04,590 [INFO] MainUpdater:2872 - connection check result : 10
2025-05-21 12:04:04,591 [INFO] MainUpdater:289 - Updater Check For Update Now.
2025-05-21 12:04:04,591 [INFO] MicroXplorer:498 - Change Database Version : DB.6.0.141
2025-05-21 12:04:04,605 [INFO] McuFinderGlobals:63 - Set McuFinder mode to 2 (CubeIDE integrated)
2025-05-21 12:04:04,610 [INFO] UserAuth:484 - Internet connection configuration mode: 1
2025-05-21 12:04:04,677 [INFO] JxBrowserEngine:152 - Initiate JxBrowser Engine with user profile folder
2025-05-21 12:04:04,817 [INFO] CheckServerUpdateThread:120 - End of CheckServer Thread
2025-05-21 12:04:05,772 [WARN] PackLoader:240 - Cannot read IP mode file for STMicroelectronics.FP-SNS-MOTENVWB1.1.4.0
2025-05-21 12:04:05,784 [WARN] PackLoader:240 - Cannot read IP mode file for STMicroelectronics.FP-ATR-ASTRA1.2.0.2
2025-05-21 12:04:05,793 [WARN] PackLoader:240 - Cannot read IP mode file for STMicroelectronics.X-CUBE-SMBUS.2.1.0
2025-05-21 12:04:05,800 [WARN] PackLoader:240 - Cannot read IP mode file for STMicroelectronics.X-CUBE-WB05N.1.1.0
2025-05-21 12:04:05,809 [WARN] PackLoader:240 - Cannot read IP mode file for STMicroelectronics.X-CUBE-TOUCHGFX.4.23.0
2025-05-21 12:04:05,813 [WARN] PackLoader:240 - Cannot read IP mode file for STMicroelectronics.X-CUBE-TOUCHGFX.4.23.2
2025-05-21 12:04:05,851 [WARN] PackLoader:240 - Cannot read IP mode file for STMicroelectronics.X-CUBE-AZRTOS-F7.1.1.0
2025-05-21 12:04:06,084 [WARN] PackLoader:240 - Cannot read IP mode file for STMicroelectronics.FP-SNS-MOTENV1.4.3.2
2025-05-21 12:04:06,167 [WARN] PackLoader:240 - Cannot read IP mode file for STMicroelectronics.X-CUBE-MEMS1.11.0.0
2025-05-21 12:04:06,314 [WARN] PackLoader:240 - Cannot read IP mode file for STMicroelectronics.FP-SNS-FLIGHT1.5.0.2
2025-05-21 12:04:06,325 [WARN] PackLoader:240 - Cannot read IP mode file for STMicroelectronics.X-CUBE-DISPLAY.3.0.0
2025-05-21 12:04:06,334 [WARN] PackLoader:240 - Cannot read IP mode file for STMicroelectronics.X-CUBE-BLE1.7.0.0
2025-05-21 12:04:06,344 [WARN] PackLoader:240 - Cannot read IP mode file for STMicroelectronics.X-CUBE-NFC10.1.0.0
2025-05-21 12:04:06,359 [WARN] PackLoader:240 - Cannot read IP mode file for STMicroelectronics.X-CUBE-BLEMGR.4.0.0
2025-05-21 12:04:06,368 [WARN] PackLoader:240 - Cannot read IP mode file for emotas.I-CUBE-CANOPEN.1.3.0
2025-05-21 12:04:06,374 [WARN] PackLoader:240 - Cannot read IP mode file for STMicroelectronics.X-CUBE-TOUCHGFX.4.22.1
2025-05-21 12:04:06,380 [WARN] ConditionMgr:438 - getConditionDescription Invalid condition id : Cortex-A Device cause : null
2025-05-21 12:04:06,394 [WARN] ConditionMgr:1044 - genDependencies : Invalid condition id : Cortex-A Device cause : null
2025-05-21 12:04:06,394 [WARN] ConditionMgr:1044 - genDependencies : Invalid condition id : Cortex-A Device cause : null
2025-05-21 12:04:06,394 [WARN] ConditionMgr:1044 - genDependencies : Invalid condition id : Cortex-A Device cause : null
2025-05-21 12:04:06,402 [WARN] PackLoader:240 - Cannot read IP mode file for STMicroelectronics.X-CUBE-BLEMGR.3.1.0
2025-05-21 12:04:06,414 [WARN] PackLoader:240 - Cannot read IP mode file for STMicroelectronics.X-CUBE-AI.10.0.0
2025-05-21 12:04:06,420 [WARN] PackLoader:240 - Cannot read IP mode file for STMicroelectronics.FP-SNS-SMARTAG2.1.2.0
2025-05-21 12:04:06,426 [WARN] PackLoader:240 - Cannot read IP mode file for STMicroelectronics.FP-SNS-FLIGHT1.5.1.0
2025-05-21 12:04:06,435 [INFO] LogOutputStream:77 - [STDOUT_REDIRECT] 1 : Invalid condition id : UX_CORESTACK_Condition cause : null
2025-05-21 12:04:06,436 [INFO] LogOutputStream:77 - [STDOUT_REDIRECT] 1 : Invalid condition id : UX_CORESTACK_Condition cause : null
2025-05-21 12:04:06,437 [INFO] LogOutputStream:77 - [STDOUT_REDIRECT] 1 : Invalid condition id : UX_CORESTACK_Condition cause : null
2025-05-21 12:04:06,438 [INFO] LogOutputStream:77 - [STDOUT_REDIRECT] 1 : Invalid condition id : UX_CORESTACK_Condition cause : null
2025-05-21 12:04:06,441 [INFO] LogOutputStream:77 - [STDOUT_REDIRECT] 1 : Invalid condition id : UX_CORESTACK_Condition cause : null
2025-05-21 12:04:06,444 [WARN] PackLoader:240 - Cannot read IP mode file for STMicroelectronics.X-CUBE-AZRTOS-WL.2.0.0
2025-05-21 12:04:06,450 [WARN] PackLoader:240 - Cannot read IP mode file for STMicroelectronics.FP-SNS-MOTENV1.5.0.0
2025-05-21 12:04:06,458 [WARN] PackLoader:240 - Cannot read IP mode file for wolfSSL.I-CUBE-wolfMQTT.1.19.0
2025-05-21 12:04:06,476 [WARN] PackLoader:240 - Cannot read IP mode file for WES.I-CUBE-Cesium.1.3.0
2025-05-21 12:04:06,484 [WARN] PackLoader:240 - Cannot read IP mode file for STMicroelectronics.X-CUBE-BLE2.3.3.0
2025-05-21 12:04:06,493 [WARN] PackLoader:240 - Cannot read IP mode file for STMicroelectronics.X-CUBE-NFC9.1.0.0
2025-05-21 12:04:06,499 [WARN] PackLoader:240 - Cannot read IP mode file for STMicroelectronics.X-CUBE-BLE1.7.1.0
2025-05-21 12:04:06,509 [WARN] PackLoader:240 - Cannot read IP mode file for STMicroelectronics.X-CUBE-TCPP.4.1.0
2025-05-21 12:04:06,521 [WARN] PackLoader:240 - Cannot read IP mode file for STMicroelectronics.X-CUBE-ALGOBUILD.1.3.0
2025-05-21 12:04:06,615 [WARN] PackLoader:240 - Cannot read IP mode file for STMicroelectronics.X-CUBE-MEMS1.11.2.0
2025-05-21 12:04:06,854 [WARN] PackLoader:240 - Cannot read IP mode file for STMicroelectronics.X-CUBE-AZRTOS-G0.1.1.0
2025-05-21 12:04:06,889 [WARN] PackLoader:240 - Cannot read IP mode file for STMicroelectronics.X-CUBE-SAFEA1.1.2.2
2025-05-21 12:04:06,909 [WARN] PackLoader:240 - Cannot read IP mode file for STMicroelectronics.X-CUBE-NFC4.3.0.0
2025-05-21 12:04:06,931 [WARN] PackLoader:240 - Cannot read IP mode file for EmbeddedOffice.I-CUBE-FS-RTOS.1.0.1
2025-05-21 12:04:06,943 [WARN] PackLoader:240 - Cannot read IP mode file for STMicroelectronics.X-CUBE-WB05N.2.0.0
2025-05-21 12:04:06,956 [WARN] PackLoader:240 - Cannot read IP mode file for STMicroelectronics.X-CUBE-BLEMGR.3.0.0
2025-05-21 12:04:06,970 [WARN] PackLoader:240 - Cannot read IP mode file for STMicroelectronics.X-CUBE-TCPP.4.2.0
2025-05-21 12:04:06,980 [WARN] PackLoader:240 - Cannot read IP mode file for RealThread.X-CUBE-RT-Thread_Nano.4.1.1
2025-05-21 12:04:06,986 [WARN] PackLoader:240 - Cannot read IP mode file for STMicroelectronics.FP-ATR-SIGFOX1.3.2.0
2025-05-21 12:04:06,995 [WARN] PackLoader:240 - Cannot read IP mode file for STMicroelectronics.X-CUBE-EEPRMA1.5.1.0
2025-05-21 12:04:07,037 [WARN] PackLoader:240 - Cannot read IP mode file for SEGGER.I-CUBE-embOS.1.3.1
2025-05-21 12:04:07,075 [WARN] PackLoader:240 - Cannot read IP mode file for STMicroelectronics.X-CUBE-ALGOBUILD.1.4.0
2025-05-21 12:04:07,081 [WARN] PackLoader:240 - Cannot read IP mode file for STMicroelectronics.X-CUBE-AI.9.1.0
2025-05-21 12:04:07,089 [WARN] PackLoader:240 - Cannot read IP mode file for STMicroelectronics.X-CUBE-GNSS1.6.0.0
2025-05-21 12:04:07,112 [WARN] PackLoader:240 - Cannot read IP mode file for STMicroelectronics.X-CUBE-AZRTOS-F4.1.1.0
2025-05-21 12:04:07,122 [WARN] PackLoader:240 - Cannot read IP mode file for wolfSSL.I-CUBE-wolfSSL.5.6.4
2025-05-21 12:04:07,128 [WARN] PackLoader:240 - Cannot read IP mode file for Avnet-IotConnect.X-CUBE-IoTC-DA16k-PMOD.1.0.0
2025-05-21 12:04:07,133 [WARN] PackLoader:240 - Cannot read IP mode file for STMicroelectronics.X-CUBE-ISPU.2.1.0
2025-05-21 12:04:07,139 [WARN] PackLoader:240 - Cannot read IP mode file for STMicroelectronics.X-CUBE-FREERTOS.1.2.0
2025-05-21 12:04:07,158 [WARN] PackLoader:240 - Cannot read IP mode file for STMicroelectronics.X-CUBE-AZRTOS-L5.2.0.0
2025-05-21 12:04:07,166 [WARN] PackLoader:240 - Cannot read IP mode file for STMicroelectronics.X-CUBE-EEPRMA1.4.2.0
2025-05-21 12:04:07,177 [WARN] PackLoader:240 - Cannot read IP mode file for STMicroelectronics.X-CUBE-NFC6.3.1.0
2025-05-21 12:04:07,186 [WARN] PackLoader:240 - Cannot read IP mode file for ITTIA_DB.I-CUBE-ITTIADB.8.8.0
2025-05-21 12:04:07,193 [WARN] PackLoader:240 - Cannot read IP mode file for STMicroelectronics.X-CUBE-DPower.1.2.0
2025-05-21 12:04:07,197 [WARN] PackLoader:240 - Cannot read IP mode file for STMicroelectronics.X-CUBE-AI.9.0.0
2025-05-21 12:04:07,216 [WARN] ConditionMgr:438 - getConditionDescription Invalid condition id : UX DEVICE CLASS RTOS Condition cause : null
2025-05-21 12:04:07,217 [WARN] ConditionMgr:438 - getConditionDescription Invalid condition id : UX DEVICE CLASS RTOS Condition cause : null
2025-05-21 12:04:07,220 [WARN] PackLoader:240 - Cannot read IP mode file for STMicroelectronics.X-CUBE-AZRTOS-H7.3.1.0
2025-05-21 12:04:07,222 [WARN] ConditionMgr:1044 - genDependencies : Invalid condition id : UX DEVICE CLASS RTOS Condition cause : null
2025-05-21 12:04:07,222 [WARN] ConditionMgr:1044 - genDependencies : Invalid condition id : UX DEVICE CLASS RTOS Condition cause : null
2025-05-21 12:04:07,223 [WARN] ConditionMgr:1044 - genDependencies : Invalid condition id : UX DEVICE CLASS RTOS Condition cause : null
2025-05-21 12:04:07,224 [WARN] ConditionMgr:1044 - genDependencies : Invalid condition id : UX DEVICE CLASS RTOS Condition cause : null
2025-05-21 12:04:07,224 [WARN] ConditionMgr:1044 - genDependencies : Invalid condition id : UX DEVICE CLASS RTOS Condition cause : null
2025-05-21 12:04:07,232 [WARN] PackLoader:240 - Cannot read IP mode file for STMicroelectronics.X-CUBE-FREERTOS.1.3.1
2025-05-21 12:04:07,237 [WARN] PackLoader:240 - Cannot read IP mode file for STMicroelectronics.X-CUBE-FREERTOS.1.3.0
2025-05-21 12:04:07,245 [WARN] PackLoader:240 - Cannot read IP mode file for STMicroelectronics.X-CUBE-NFC7.1.0.1
2025-05-21 12:04:07,252 [WARN] PackLoader:240 - Cannot read IP mode file for wolfSSL.I-CUBE-wolfTPM.3.2.0
2025-05-21 12:04:07,260 [WARN] PackLoader:240 - Cannot read IP mode file for STMicroelectronics.X-CUBE-NFC6.3.0.0
2025-05-21 12:04:07,279 [WARN] PackLoader:240 - Cannot read IP mode file for STMicroelectronics.X-CUBE-DPower.1.3.0
2025-05-21 12:04:07,284 [WARN] PackLoader:240 - Cannot read IP mode file for STMicroelectronics.X-CUBE-AI.8.1.0
2025-05-21 12:04:07,303 [WARN] ConditionMgr:438 - getConditionDescription Invalid condition id : LAN8742 Phy interface Condition cause : null
2025-05-21 12:04:07,304 [WARN] PackLoader:240 - Cannot read IP mode file for STMicroelectronics.X-CUBE-AZRTOS-L4.2.0.0
2025-05-21 12:04:07,305 [WARN] ConditionMgr:1044 - genDependencies : Invalid condition id : LAN8742 Phy interface Condition cause : null
2025-05-21 12:04:07,306 [WARN] ConditionMgr:1044 - genDependencies : Invalid condition id : LAN8742 Phy interface Condition cause : null
2025-05-21 12:04:07,306 [WARN] ConditionMgr:1044 - genDependencies : Invalid condition id : LAN8742 Phy interface Condition cause : null
2025-05-21 12:04:07,314 [WARN] PackLoader:240 - Cannot read IP mode file for STMicroelectronics.X-CUBE-SFXS2LP1.4.0.0
2025-05-21 12:04:07,321 [WARN] PackLoader:240 - Cannot read IP mode file for STMicroelectronics.X-CUBE-ISPU.1.1.0
2025-05-21 12:04:07,342 [WARN] PackLoader:240 - Cannot read IP mode file for STMicroelectronics.X-CUBE-AZRTOS-H7.3.3.0
2025-05-21 12:04:07,354 [WARN] PackLoader:240 - Cannot read IP mode file for STMicroelectronics.X-CUBE-IPS.3.0.0
2025-05-21 12:04:07,363 [INFO] WebApp:169 - Instantiating new browser for Auth
2025-05-21 12:04:07,370 [WARN] ConditionMgr:438 - getConditionDescription Invalid condition id : UX DEVICE CLASS RTOS Condition cause : null
2025-05-21 12:04:07,370 [WARN] ConditionMgr:438 - getConditionDescription Invalid condition id : UX DEVICE CLASS RTOS Condition cause : null
2025-05-21 12:04:07,373 [WARN] PackLoader:240 - Cannot read IP mode file for STMicroelectronics.X-CUBE-AZRTOS-WB.2.0.0
2025-05-21 12:04:07,373 [WARN] ConditionMgr:1044 - genDependencies : Invalid condition id : UX DEVICE CLASS RTOS Condition cause : null
2025-05-21 12:04:07,374 [WARN] ConditionMgr:1044 - genDependencies : Invalid condition id : UX DEVICE CLASS RTOS Condition cause : null
2025-05-21 12:04:07,374 [WARN] ConditionMgr:1044 - genDependencies : Invalid condition id : UX DEVICE CLASS RTOS Condition cause : null
2025-05-21 12:04:07,375 [WARN] ConditionMgr:1044 - genDependencies : Invalid condition id : UX DEVICE CLASS RTOS Condition cause : null
2025-05-21 12:04:07,375 [WARN] ConditionMgr:1044 - genDependencies : Invalid condition id : UX DEVICE CLASS RTOS Condition cause : null
2025-05-21 12:04:07,385 [WARN] PackLoader:240 - Cannot read IP mode file for STMicroelectronics.X-CUBE-GNSS1.7.0.0
2025-05-21 12:04:07,396 [WARN] PackLoader:240 - Cannot read IP mode file for STMicroelectronics.X-CUBE-GNSS1.7.0.1
2025-05-21 12:04:07,404 [WARN] PackLoader:240 - Cannot read IP mode file for STMicroelectronics.X-CUBE-TOUCHGFX.4.25.0
2025-05-21 12:04:07,420 [WARN] PackLoader:240 - Cannot read IP mode file for STMicroelectronics.FP-SNS-STBOX1.2.0.0
2025-05-21 12:04:07,441 [WARN] PackLoader:240 - Cannot read IP mode file for STMicroelectronics.X-CUBE-SUBG2.5.0.0
2025-05-21 12:04:07,466 [WARN] PackLoader:240 - Cannot read IP mode file for STMicroelectronics.X-CUBE-AZRTOS-H7RS.1.1.0
2025-05-21 12:04:07,476 [WARN] PackLoader:240 - Cannot read IP mode file for Cesanta.I-CUBE-Mongoose.7.13.0
2025-05-21 12:04:07,487 [WARN] PackLoader:240 - Cannot read IP mode file for STMicroelectronics.X-CUBE-TOF1.3.3.1
2025-05-21 12:04:07,514 [WARN] PackLoader:240 - Cannot read IP mode file for STMicroelectronics.X-CUBE-AZRTOS-G4.2.0.0
2025-05-21 12:04:07,531 [WARN] PackLoader:240 - Cannot read IP mode file for Infineon.AIROC-Wi-Fi-Bluetooth-STM32.1.5.1
2025-05-21 12:04:07,541 [WARN] PackLoader:240 - Cannot read IP mode file for STMicroelectronics.FP-SNS-MOTENVWB1.1.3.0
2025-05-21 12:04:07,547 [WARN] PackLoader:240 - Cannot read IP mode file for STMicroelectronics.X-CUBE-NFC7.2.0.0
2025-05-21 12:04:07,556 [WARN] PackLoader:240 - Cannot read IP mode file for STMicroelectronics.FP-SNS-MOTENVWB1.1.3.1
2025-05-21 12:04:07,562 [WARN] PackLoader:240 - Cannot read IP mode file for STMicroelectronics.X-CUBE-ISPU.2.0.0
2025-05-21 12:04:07,573 [WARN] PackLoader:240 - Cannot read IP mode file for STMicroelectronics.X-CUBE-IPS.3.1.0
2025-05-21 12:04:07,585 [WARN] PackLoader:240 - Cannot read IP mode file for STMicroelectronics.X-CUBE-ALS.1.0.2
2025-05-21 12:04:07,646 [WARN] PackLoader:240 - Cannot read IP mode file for STMicroelectronics.X-CUBE-MEMS1.10.0.0
2025-05-21 12:04:07,804 [WARN] PackLoader:240 - Cannot read IP mode file for STMicroelectronics.X-CUBE-FREERTOS.1.1.0
2025-05-21 12:04:07,809 [WARN] PackLoader:240 - Cannot read IP mode file for STMicroelectronics.X-CUBE-TOUCHGFX.4.24.0
2025-05-21 12:04:07,814 [WARN] PackLoader:240 - Cannot read IP mode file for STMicroelectronics.X-CUBE-TOUCHGFX.4.24.1
2025-05-21 12:04:07,821 [WARN] PackLoader:240 - Cannot read IP mode file for portGmbH.I-Cube-SoM-uGOAL.1.1.0
2025-05-21 12:04:07,826 [WARN] PackLoader:240 - Cannot read IP mode file for STMicroelectronics.X-CUBE-ALS.1.0.1
2025-05-21 12:04:07,842 [WARN] PackLoader:240 - Cannot read IP mode file for STMicroelectronics.X-CUBE-AZRTOS-H7RS.1.0.0
2025-05-21 12:04:07,850 [WARN] PackLoader:240 - Cannot read IP mode file for STMicroelectronics.FP-ATR-ASTRA1.2.0.0
2025-05-21 12:04:07,862 [WARN] PackLoader:240 - Cannot read IP mode file for STMicroelectronics.X-CUBE-TOF1.3.4.2
2025-05-21 12:04:07,884 [WARN] PackLoader:240 - Cannot read IP mode file for STMicroelectronics.X-CUBE-TOF1.3.4.3
2025-05-21 12:04:07,909 [WARN] PackLoader:240 - Cannot read IP mode file for STMicroelectronics.X-CUBE-TOF1.3.4.0
2025-05-21 12:04:07,945 [WARN] PackLoader:240 - Cannot read IP mode file for STMicroelectronics.X-CUBE-TOF1.3.4.1
2025-05-21 12:04:07,982 [WARN] PackLoader:240 - Cannot read IP mode file for STMicroelectronics.X-CUBE-AZRTOS-H7.3.2.0
2025-05-21 12:04:07,993 [WARN] PackLoader:240 - Cannot read IP mode file for wolfSSL.I-CUBE-wolfSSH.1.4.17
2025-05-21 12:04:07,995 [INFO] ThirdParty:978 - Integrity check success = true
2025-05-21 12:04:07,995 [INFO] IntegrityCheckThread:100 - exiting critical section [integrity check]
2025-05-21 12:04:07,995 [INFO] IntegrityCheckThread:103 - End integrity checks thread
2025-05-21 12:04:08,900 [INFO] WebApp:463 - Apply proxy settings
2025-05-21 12:04:08,900 [INFO] WebApp:548 - Chromium requires no authentication
2025-05-21 12:04:08,916 [INFO] WebApp:491 - Direct internet connection detected
2025-05-21 12:04:08,946 [INFO] WebApp:894 - Register for checkConnection events
2025-05-21 12:04:08,947 [INFO] WebApp:463 - Apply proxy settings
2025-05-21 12:04:08,947 [INFO] WebApp:548 - Chromium requires no authentication
2025-05-21 12:04:08,947 [INFO] WebApp:491 - Direct internet connection detected
2025-05-21 12:04:09,098 [INFO] WebApp:191 - Connection restablished
2025-05-21 12:04:09,165 [INFO] WebApp:225 - Starting web application
2025-05-21 12:04:09,165 [INFO] WebApp:593 - Web application path used C:\ST\STM32CubeIDE_1.18.1\STM32CubeIDE\plugins\com.st.stm32cube.common.mx_6.14.1.202504091515\db\plugins\mcufinder\reactClient1\index.html
2025-05-21 12:04:09,669 [INFO] UserAuth:484 - Internet connection configuration mode: 1
2025-05-21 12:43:50,193 [INFO] WebApp:194 - Connection lost
2025-05-21 12:43:50,902 [INFO] WebApp:191 - Connection restablished
2025-05-21 12:50:36,705 [ERROR] LogOutputStream:75 - [STDERR_REDIRECT] 
