2025-05-17 12:14:12,140 [INFO] Activator:176 - 


2025-05-17 12:14:12,140 [INFO] Activator:177 - !SESSION log4j initialized
2025-05-17 12:14:16,786 [INFO] LogOutputStream:77 - [STDOUT_REDIRECT] 
2025-05-17 12:14:17,733 [INFO] ApplicationProperties:184 - Using Application install path: C:\ST\STM32CubeIDE_1.18.1\STM32CubeIDE\plugins\com.st.stm32cube.common.mx_6.14.1.202504091515
2025-05-17 12:14:17,750 [INFO] DbMcusXml:78 - Set database path to: C:\ST\STM32CubeIDE_1.18.1\STM32CubeIDE\plugins\com.st.stm32cube.common.mx_6.14.1.202504091515\\db\/mcu/
2025-05-17 12:14:17,751 [INFO] ApiDb:274 - Set plugin database path to: C:\ST\STM32CubeIDE_1.18.1\STM32CubeIDE\plugins\com.st.stm32cube.common.mx_6.14.1.202504091515\\db\/plugins/boardmanager/
2025-05-17 12:14:17,751 [WARN] ApiDb:259 - Overriding images path with different value:  => C:\ST\STM32CubeIDE_1.18.1\STM32CubeIDE\plugins\com.st.stm32cube.common.mx_6.14.1.202504091515\\db\/plugins/mcufinder/images/
2025-05-17 12:14:17,760 [INFO] ApiDb:250 - Set database path to: C:\Users\danie\.stmcufinder\plugins\mcufinder//mcu/
2025-05-17 12:14:17,762 [INFO] DbMcusAds:125 - Set database path to: C:\Users\danie\.stmcufinder\plugins\mcufinder//mcu/
2025-05-17 12:14:17,763 [INFO] CrossReferenceDbSqlite:203 - Set database path to: C:\Users\danie\.stmcufinder\plugins\mcufinder//mcu/cs/
2025-05-17 12:14:17,855 [INFO] RulesReader:64 - Compatibility file has been processed (302 Rules)
2025-05-17 12:14:17,924 [INFO] DbMcusXml:78 - Set database path to: C:\ST\STM32CubeIDE_1.18.1\STM32CubeIDE\plugins\com.st.stm32cube.common.mx_6.14.1.202504091515\\db\/mcu/
2025-05-17 12:14:17,924 [INFO] ApiDb:274 - Set plugin database path to: C:\ST\STM32CubeIDE_1.18.1\STM32CubeIDE\plugins\com.st.stm32cube.common.mx_6.14.1.202504091515\\db\/plugins/boardmanager/
2025-05-17 12:14:17,924 [INFO] ApiDb:261 - Set plugin images path to: C:\ST\STM32CubeIDE_1.18.1\STM32CubeIDE\plugins\com.st.stm32cube.common.mx_6.14.1.202504091515\\db\/plugins/mcufinder/images/
2025-05-17 12:14:17,924 [WARN] DbFile:41 - Overriding database path with different value: C:\Users\danie\.stmcufinder\plugins\mcufinder/ => C:\Users\danie\.stmcufinder\plugins\mcufinder
2025-05-17 12:14:17,924 [INFO] ApiDb:250 - Set database path to: C:\Users\danie\.stmcufinder\plugins\mcufinder//mcu/
2025-05-17 12:14:17,924 [WARN] DbFile:41 - Overriding database path with different value: C:\Users\danie\.stmcufinder\plugins\mcufinder/ => C:\Users\danie\.stmcufinder\plugins\mcufinder
2025-05-17 12:14:17,925 [INFO] DbMcusAds:125 - Set database path to: C:\Users\danie\.stmcufinder\plugins\mcufinder//mcu/
2025-05-17 12:14:17,925 [WARN] DbFile:41 - Overriding database path with different value: C:\Users\danie\.stmcufinder\plugins\mcufinder/ => C:\Users\danie\.stmcufinder\plugins\mcufinder
2025-05-17 12:14:17,925 [WARN] DbFile:41 - Overriding database path with different value: C:\Users\danie\.stmcufinder\plugins\mcufinder/ => C:\Users\danie\.stmcufinder\plugins\mcufinder
2025-05-17 12:14:17,925 [INFO] CrossReferenceDbSqlite:203 - Set database path to: C:\Users\danie\.stmcufinder\plugins\mcufinder//mcu/cs/
2025-05-17 12:14:17,998 [INFO] MainPanel:272 - HeapMemory: 268435456
2025-05-17 12:14:18,121 [INFO] DbMcusXml:78 - Set database path to: C:\ST\STM32CubeIDE_1.18.1\STM32CubeIDE\plugins\com.st.stm32cube.common.mx_6.14.1.202504091515\\db\/mcu/
2025-05-17 12:14:18,121 [INFO] ApiDb:274 - Set plugin database path to: C:\ST\STM32CubeIDE_1.18.1\STM32CubeIDE\plugins\com.st.stm32cube.common.mx_6.14.1.202504091515\\db\/plugins/boardmanager/
2025-05-17 12:14:18,121 [INFO] ApiDb:261 - Set plugin images path to: C:\ST\STM32CubeIDE_1.18.1\STM32CubeIDE\plugins\com.st.stm32cube.common.mx_6.14.1.202504091515\\db\/plugins/mcufinder/images/
2025-05-17 12:14:18,121 [WARN] DbFile:41 - Overriding database path with different value: C:\Users\danie\.stmcufinder\plugins\mcufinder/ => C:\Users\danie\.stmcufinder\plugins\mcufinder
2025-05-17 12:14:18,121 [INFO] ApiDb:250 - Set database path to: C:\Users\danie\.stmcufinder\plugins\mcufinder//mcu/
2025-05-17 12:14:18,121 [WARN] DbFile:41 - Overriding database path with different value: C:\Users\danie\.stmcufinder\plugins\mcufinder/ => C:\Users\danie\.stmcufinder\plugins\mcufinder
2025-05-17 12:14:18,121 [INFO] DbMcusAds:125 - Set database path to: C:\Users\danie\.stmcufinder\plugins\mcufinder//mcu/
2025-05-17 12:14:18,121 [WARN] DbFile:41 - Overriding database path with different value: C:\Users\danie\.stmcufinder\plugins\mcufinder/ => C:\Users\danie\.stmcufinder\plugins\mcufinder
2025-05-17 12:14:18,121 [WARN] DbFile:41 - Overriding database path with different value: C:\Users\danie\.stmcufinder\plugins\mcufinder/ => C:\Users\danie\.stmcufinder\plugins\mcufinder
2025-05-17 12:14:18,121 [INFO] CrossReferenceDbSqlite:203 - Set database path to: C:\Users\danie\.stmcufinder\plugins\mcufinder//mcu/cs/
2025-05-17 12:14:18,140 [INFO] ApplicationProperties:184 - Using Application install path: C:\ST\STM32CubeIDE_1.18.1\STM32CubeIDE\plugins\com.st.stm32cube.common.mx_6.14.1.202504091515
2025-05-17 12:14:18,141 [INFO] PluginManage:196 - Search for loadable plugins [exclusion list=, ]
2025-05-17 12:14:18,142 [INFO] PluginManage:310 - Check plugin analytics
2025-05-17 12:14:18,329 [INFO] AnalyticsPlugin:253 - Accepted Software Licenses: STM32CubeMX.6.9.2,STM32CubeMX.6.12.0
2025-05-17 12:14:18,330 [INFO] AnalyticsPlugin:255 - Accepted CMSIS Pack Licenses: 
2025-05-17 12:14:18,330 [INFO] AnalyticsPlugin:257 - Accepted Firmware Licenses: FW.F4.1.27.0,FW.F4.1.28.0
2025-05-17 12:14:18,333 [INFO] PluginManage:359 - Loaded plugin analytics (category:tool,tabindex:-1)
2025-05-17 12:14:18,333 [INFO] PluginManage:310 - Check plugin cadmodel
2025-05-17 12:14:18,341 [INFO] CADModel:105 - Init CAD model plugin
2025-05-17 12:14:18,341 [INFO] PluginManage:359 - Loaded plugin cadmodel (category:power,tabindex:5)
2025-05-17 12:14:18,341 [INFO] PluginManage:310 - Check plugin clock
2025-05-17 12:14:18,353 [INFO] PluginManage:359 - Loaded plugin clock (category:base,tabindex:2)
2025-05-17 12:14:18,353 [INFO] PluginManage:310 - Check plugin ddr
2025-05-17 12:14:18,356 [INFO] PluginManage:359 - Loaded plugin ddr (category:tool,tabindex:6)
2025-05-17 12:14:18,357 [INFO] PluginManage:310 - Check plugin filemanager
2025-05-17 12:14:18,492 [INFO] PluginManage:359 - Loaded plugin filemanager (category:base,tabindex:10)
2025-05-17 12:14:18,492 [INFO] PluginManage:310 - Check plugin ipmanager
2025-05-17 12:14:18,497 [INFO] PluginManage:359 - Loaded plugin ipmanager (category:base,tabindex:5)
2025-05-17 12:14:18,498 [INFO] PluginManage:310 - Check plugin lpbam
2025-05-17 12:14:18,505 [INFO] PluginManage:359 - Loaded plugin lpbam (category:base,tabindex:0)
2025-05-17 12:14:18,505 [INFO] PluginManage:310 - Check plugin memorymap
2025-05-17 12:14:18,519 [INFO] PluginManage:359 - Loaded plugin memorymap (category:base,tabindex:4)
2025-05-17 12:14:18,519 [INFO] PluginManage:310 - Check plugin pinoutandconfiguration
2025-05-17 12:14:18,528 [INFO] PluginManage:359 - Loaded plugin pinoutandconfiguration (category:base,tabindex:1)
2025-05-17 12:14:18,529 [INFO] PluginManage:310 - Check plugin pinoutconfig
2025-05-17 12:14:18,624 [WARN] SupportedApi:132 - Cannot load RTOS API schema: s4s-elt-must-match.1: The content of 'definitions' must match (annotation?, (simpleType | complexType)?, (unique | key | keyref)*)). A problem was found starting at: attribute.
2025-05-17 12:14:18,748 [INFO] PluginManage:359 - Loaded plugin pinoutconfig (category:base,tabindex:0)
2025-05-17 12:14:18,748 [INFO] PluginManage:310 - Check plugin power
2025-05-17 12:14:18,763 [INFO] PluginManage:359 - Loaded plugin power (category:power,tabindex:4)
2025-05-17 12:14:18,763 [INFO] PluginManage:310 - Check plugin projectmanager
2025-05-17 12:14:18,780 [INFO] PluginManage:359 - Loaded plugin projectmanager (category:projectmanager,tabindex:4)
2025-05-17 12:14:18,780 [INFO] PluginManage:310 - Check plugin rif
2025-05-17 12:14:18,790 [INFO] PluginManage:359 - Loaded plugin rif (category:base,tabindex:3)
2025-05-17 12:14:18,791 [INFO] PluginManage:310 - Check plugin thirdparty
2025-05-17 12:14:18,957 [INFO] PluginManage:359 - Loaded plugin thirdparty (category:base,tabindex:-1)
2025-05-17 12:14:18,957 [WARN] IntegrityCheckThread:84 - waiting for thirdparty lock release [integrity check]
2025-05-17 12:14:18,957 [INFO] IntegrityCheckThread:86 - entering critical section [integrity check]
2025-05-17 12:14:18,957 [INFO] PluginManage:310 - Check plugin tools
2025-05-17 12:14:18,958 [INFO] ThirdPartyUpdaterWithRetryManager:70 - Updater plugin not ready yet. [1/15]
2025-05-17 12:14:18,961 [INFO] PluginManage:359 - Loaded plugin tools (category:base,tabindex:7)
2025-05-17 12:14:18,961 [INFO] PluginManage:310 - Check plugin tutovideos
2025-05-17 12:14:19,178 [INFO] PluginManage:359 - Loaded plugin tutovideos (category:base,tabindex:-1)
2025-05-17 12:14:19,178 [INFO] PluginManage:310 - Check plugin updater
2025-05-17 12:14:19,199 [INFO] PluginManage:359 - Loaded plugin updater (category:base,tabindex:12)
2025-05-17 12:14:19,200 [INFO] PluginManage:310 - Check plugin userauth
2025-05-17 12:14:19,203 [INFO] UserAuth:118 - Init User Auth plugin
2025-05-17 12:14:19,204 [INFO] PluginManage:359 - Loaded plugin userauth (category:base,tabindex:14)
2025-05-17 12:14:19,204 [INFO] PluginManage:283 - PluginManage : Loaded plugins [18]
2025-05-17 12:14:19,396 [INFO] PinOutPanel:1589 - setPackage(No Configuration,No Configuration)
2025-05-17 12:14:19,468 [INFO] CADModel:165 - CPN selected for project level
2025-05-17 12:14:19,468 [INFO] CADModel:114 - Register for checkConnection events
2025-05-17 12:14:19,509 [INFO] IPUIPlugin:80 - create IPUIPlugin
2025-05-17 12:14:19,510 [INFO] PluginManager:220 - loadIPPluginJar : add adc
2025-05-17 12:14:19,514 [INFO] IPUIPlugin:80 - create IPUIPlugin
2025-05-17 12:14:19,514 [INFO] PluginManager:220 - loadIPPluginJar : add aes
2025-05-17 12:14:19,516 [INFO] IPUIPlugin:80 - create IPUIPlugin
2025-05-17 12:14:19,517 [INFO] PluginManager:220 - loadIPPluginJar : add can
2025-05-17 12:14:19,519 [INFO] IPUIPlugin:80 - create IPUIPlugin
2025-05-17 12:14:19,519 [INFO] PluginManager:220 - loadIPPluginJar : add comp
2025-05-17 12:14:19,521 [INFO] IPUIPlugin:80 - create IPUIPlugin
2025-05-17 12:14:19,521 [INFO] PluginManager:220 - loadIPPluginJar : add cryp
2025-05-17 12:14:19,525 [INFO] IPUIPlugin:80 - create IPUIPlugin
2025-05-17 12:14:19,526 [INFO] PluginManager:220 - loadIPPluginJar : add ddr_ctrl_phy
2025-05-17 12:14:19,528 [INFO] IPUIPlugin:80 - create IPUIPlugin
2025-05-17 12:14:19,528 [INFO] PluginManager:220 - loadIPPluginJar : add dfsdm
2025-05-17 12:14:19,534 [INFO] IPUIPlugin:80 - create IPUIPlugin
2025-05-17 12:14:19,534 [INFO] PluginManager:220 - loadIPPluginJar : add dma
2025-05-17 12:14:19,538 [INFO] IPUIPlugin:80 - create IPUIPlugin
2025-05-17 12:14:19,538 [INFO] PluginManager:220 - loadIPPluginJar : add dma3
2025-05-17 12:14:19,541 [INFO] IPUIPlugin:80 - create IPUIPlugin
2025-05-17 12:14:19,541 [INFO] PluginManager:220 - loadIPPluginJar : add extmemmanager
2025-05-17 12:14:19,543 [INFO] IPUIPlugin:80 - create IPUIPlugin
2025-05-17 12:14:19,543 [INFO] PluginManager:220 - loadIPPluginJar : add fatfs
2025-05-17 12:14:19,547 [INFO] IPUIPlugin:80 - create IPUIPlugin
2025-05-17 12:14:19,547 [INFO] PluginManager:220 - loadIPPluginJar : add fmc
2025-05-17 12:14:19,555 [INFO] IPUIPlugin:80 - create IPUIPlugin
2025-05-17 12:14:19,555 [INFO] PluginManager:220 - loadIPPluginJar : add freertos
2025-05-17 12:14:19,557 [INFO] IPUIPlugin:80 - create IPUIPlugin
2025-05-17 12:14:19,557 [INFO] PluginManager:220 - loadIPPluginJar : add genericplugin
2025-05-17 12:14:19,560 [INFO] IPUIPlugin:80 - create IPUIPlugin
2025-05-17 12:14:19,560 [INFO] PluginManager:220 - loadIPPluginJar : add gfxmmu
2025-05-17 12:14:19,566 [INFO] IPUIPlugin:80 - create IPUIPlugin
2025-05-17 12:14:19,567 [INFO] PluginManager:220 - loadIPPluginJar : add gic
2025-05-17 12:14:19,571 [INFO] IPUIPlugin:80 - create IPUIPlugin
2025-05-17 12:14:19,572 [INFO] PluginManager:220 - loadIPPluginJar : add gpio
2025-05-17 12:14:19,574 [INFO] IPUIPlugin:80 - create IPUIPlugin
2025-05-17 12:14:19,574 [INFO] PluginManager:220 - loadIPPluginJar : add gtzc
2025-05-17 12:14:19,577 [INFO] IPUIPlugin:80 - create IPUIPlugin
2025-05-17 12:14:19,577 [INFO] PluginManager:220 - loadIPPluginJar : add hash
2025-05-17 12:14:19,580 [INFO] IPUIPlugin:80 - create IPUIPlugin
2025-05-17 12:14:19,580 [INFO] PluginManager:220 - loadIPPluginJar : add i2c
2025-05-17 12:14:19,583 [INFO] IPUIPlugin:80 - create IPUIPlugin
2025-05-17 12:14:19,583 [INFO] PluginManager:220 - loadIPPluginJar : add i2s
2025-05-17 12:14:19,587 [INFO] IPUIPlugin:80 - create IPUIPlugin
2025-05-17 12:14:19,587 [INFO] PluginManager:220 - loadIPPluginJar : add i3c
2025-05-17 12:14:19,592 [INFO] IPUIPlugin:80 - create IPUIPlugin
2025-05-17 12:14:19,592 [INFO] PluginManager:220 - loadIPPluginJar : add ipddr
2025-05-17 12:14:19,599 [INFO] IPUIPlugin:80 - create IPUIPlugin
2025-05-17 12:14:19,599 [INFO] PluginManager:220 - loadIPPluginJar : add linkedlist
2025-05-17 12:14:19,603 [INFO] IPUIPlugin:80 - create IPUIPlugin
2025-05-17 12:14:19,603 [INFO] PluginManager:220 - loadIPPluginJar : add lorawan
2025-05-17 12:14:19,605 [INFO] IPUIPlugin:80 - create IPUIPlugin
2025-05-17 12:14:19,605 [INFO] PluginManager:220 - loadIPPluginJar : add ltdc
2025-05-17 12:14:19,611 [INFO] IPUIPlugin:80 - create IPUIPlugin
2025-05-17 12:14:19,612 [INFO] PluginManager:220 - loadIPPluginJar : add mdma
2025-05-17 12:14:19,617 [INFO] IPUIPlugin:80 - create IPUIPlugin
2025-05-17 12:14:19,617 [INFO] PluginManager:220 - loadIPPluginJar : add nvic
2025-05-17 12:14:19,620 [INFO] IPUIPlugin:80 - create IPUIPlugin
2025-05-17 12:14:19,620 [INFO] PluginManager:220 - loadIPPluginJar : add opamp
2025-05-17 12:14:19,622 [INFO] IPUIPlugin:80 - create IPUIPlugin
2025-05-17 12:14:19,623 [INFO] PluginManager:220 - loadIPPluginJar : add openamp
2025-05-17 12:14:19,625 [INFO] IPUIPlugin:80 - create IPUIPlugin
2025-05-17 12:14:19,625 [INFO] PluginManager:220 - loadIPPluginJar : add pdm2pcm
2025-05-17 12:14:19,630 [INFO] IPUIPlugin:80 - create IPUIPlugin
2025-05-17 12:14:19,633 [INFO] PluginManager:220 - loadIPPluginJar : add plateformsettings
2025-05-17 12:14:19,634 [INFO] IPUIPlugin:80 - create IPUIPlugin
2025-05-17 12:14:19,634 [INFO] PluginManager:220 - loadIPPluginJar : add quadspi
2025-05-17 12:14:19,635 [INFO] IPUIPlugin:80 - create IPUIPlugin
2025-05-17 12:14:19,636 [INFO] PluginManager:220 - loadIPPluginJar : add radio
2025-05-17 12:14:19,639 [INFO] IPUIPlugin:80 - create IPUIPlugin
2025-05-17 12:14:19,639 [INFO] PluginManager:220 - loadIPPluginJar : add resmgrutility
2025-05-17 12:14:19,642 [INFO] IPUIPlugin:80 - create IPUIPlugin
2025-05-17 12:14:19,642 [INFO] PluginManager:220 - loadIPPluginJar : add sai
2025-05-17 12:14:19,645 [INFO] IPUIPlugin:80 - create IPUIPlugin
2025-05-17 12:14:19,645 [INFO] PluginManager:220 - loadIPPluginJar : add spi
2025-05-17 12:14:19,650 [INFO] IPUIPlugin:80 - create IPUIPlugin
2025-05-17 12:14:19,650 [INFO] PluginManager:220 - loadIPPluginJar : add stm32_wpan
2025-05-17 12:14:19,652 [INFO] IPUIPlugin:80 - create IPUIPlugin
2025-05-17 12:14:19,652 [INFO] PluginManager:220 - loadIPPluginJar : add tim
2025-05-17 12:14:19,655 [INFO] IPUIPlugin:80 - create IPUIPlugin
2025-05-17 12:14:19,655 [INFO] PluginManager:220 - loadIPPluginJar : add touchsensing
2025-05-17 12:14:19,657 [INFO] IPUIPlugin:80 - create IPUIPlugin
2025-05-17 12:14:19,657 [INFO] PluginManager:220 - loadIPPluginJar : add tracer_emb
2025-05-17 12:14:19,659 [INFO] IPUIPlugin:80 - create IPUIPlugin
2025-05-17 12:14:19,659 [INFO] PluginManager:220 - loadIPPluginJar : add ts
2025-05-17 12:14:19,661 [INFO] IPUIPlugin:80 - create IPUIPlugin
2025-05-17 12:14:19,661 [INFO] PluginManager:220 - loadIPPluginJar : add tsc
2025-05-17 12:14:19,662 [INFO] IPUIPlugin:80 - create IPUIPlugin
2025-05-17 12:14:19,663 [INFO] PluginManager:220 - loadIPPluginJar : add ucpd
2025-05-17 12:14:19,665 [INFO] IPUIPlugin:80 - create IPUIPlugin
2025-05-17 12:14:19,665 [INFO] PluginManager:220 - loadIPPluginJar : add usart
2025-05-17 12:14:19,666 [INFO] IPUIPlugin:80 - create IPUIPlugin
2025-05-17 12:14:19,666 [INFO] PluginManager:220 - loadIPPluginJar : add usbx
2025-05-17 12:14:19,783 [FATAL] Updater:351 - Updater called before beeing initialized
2025-05-17 12:14:19,815 [INFO] RulesReader:64 - Compatibility file has been processed (302 Rules)
2025-05-17 12:14:19,824 [INFO] RulesReader:64 - Compatibility file has been processed (302 Rules)
2025-05-17 12:14:19,831 [INFO] CADModel:165 - CPN selected for project level
2025-05-17 12:14:19,831 [INFO] CADModel:114 - Register for checkConnection events
2025-05-17 12:14:19,831 [FATAL] Updater:351 - Updater called before beeing initialized
2025-05-17 12:14:19,831 [ERROR] CADModel:125 - Updater not yet initialized, retry later 
2025-05-17 12:14:19,956 [FATAL] Updater:351 - Updater called before beeing initialized
2025-05-17 12:14:19,959 [INFO] CADModel:165 - CPN selected for project level
2025-05-17 12:14:19,959 [INFO] CADModel:114 - Register for checkConnection events
2025-05-17 12:14:19,959 [FATAL] Updater:351 - Updater called before beeing initialized
2025-05-17 12:14:19,959 [ERROR] CADModel:125 - Updater not yet initialized, retry later 
2025-05-17 12:14:19,962 [FATAL] Updater:351 - Updater called before beeing initialized
2025-05-17 12:14:20,045 [FATAL] Updater:351 - Updater called before beeing initialized
2025-05-17 12:14:20,048 [INFO] DbMcusAds:53 - JSON generation date=Wed May 07 11:07:55 CEST 2025 (1746608875679)
2025-05-17 12:14:20,048 [FATAL] Updater:351 - Updater called before beeing initialized
2025-05-17 12:14:20,084 [WARN] DetailPanel:346 - Failed to get advertising image, set to default
2025-05-17 12:14:20,256 [FATAL] Updater:351 - Updater called before beeing initialized
2025-05-17 12:14:20,260 [FATAL] Updater:351 - Updater called before beeing initialized
2025-05-17 12:14:20,260 [FATAL] Updater:351 - Updater called before beeing initialized
2025-05-17 12:14:20,260 [WARN] DetailPanel:346 - Failed to get advertising image, set to default
2025-05-17 12:14:20,261 [FATAL] Updater:351 - Updater called before beeing initialized
2025-05-17 12:14:20,299 [ERROR] Updater:1198 - MainUpdater not yet initialized. External WinMGr cannot be set.
2025-05-17 12:14:20,303 [INFO] Updater:1134 - Updater Version found : 6.14.1
2025-05-17 12:14:20,322 [INFO] ApplicationProperties:184 - Using Application install path: C:\ST\STM32CubeIDE_1.18.1\STM32CubeIDE\plugins\com.st.stm32cube.common.mx_6.14.1.202504091515
2025-05-17 12:14:20,676 [INFO] MainUpdater:2872 - connection check result : 10
2025-05-17 12:14:20,676 [INFO] MainUpdater:289 - Updater Check For Update Now.
2025-05-17 12:14:20,677 [INFO] MicroXplorer:498 - Change Database Version : DB.6.0.141
2025-05-17 12:14:20,684 [INFO] McuFinderGlobals:63 - Set McuFinder mode to 2 (CubeIDE integrated)
2025-05-17 12:14:20,685 [INFO] UserAuth:484 - Internet connection configuration mode: 1
2025-05-17 12:14:20,713 [INFO] JxBrowserEngine:152 - Initiate JxBrowser Engine with user profile folder
2025-05-17 12:14:20,866 [INFO] CheckServerUpdateThread:120 - End of CheckServer Thread
2025-05-17 12:14:22,342 [WARN] PackLoader:240 - Cannot read IP mode file for STMicroelectronics.FP-SNS-MOTENVWB1.1.4.0
2025-05-17 12:14:22,361 [WARN] PackLoader:240 - Cannot read IP mode file for STMicroelectronics.FP-ATR-ASTRA1.2.0.2
2025-05-17 12:14:22,374 [WARN] PackLoader:240 - Cannot read IP mode file for STMicroelectronics.X-CUBE-SMBUS.2.1.0
2025-05-17 12:14:22,387 [WARN] PackLoader:240 - Cannot read IP mode file for STMicroelectronics.X-CUBE-WB05N.1.1.0
2025-05-17 12:14:22,397 [WARN] PackLoader:240 - Cannot read IP mode file for STMicroelectronics.X-CUBE-TOUCHGFX.4.23.0
2025-05-17 12:14:22,401 [WARN] PackLoader:240 - Cannot read IP mode file for STMicroelectronics.X-CUBE-TOUCHGFX.4.23.2
2025-05-17 12:14:22,445 [WARN] PackLoader:240 - Cannot read IP mode file for STMicroelectronics.X-CUBE-AZRTOS-F7.1.1.0
2025-05-17 12:14:22,459 [WARN] PackLoader:240 - Cannot read IP mode file for STMicroelectronics.FP-SNS-MOTENV1.4.3.2
2025-05-17 12:14:22,535 [WARN] PackLoader:240 - Cannot read IP mode file for STMicroelectronics.X-CUBE-MEMS1.11.0.0
2025-05-17 12:14:22,635 [INFO] WebApp:169 - Instantiating new browser for Auth
2025-05-17 12:14:22,811 [WARN] PackLoader:240 - Cannot read IP mode file for STMicroelectronics.FP-SNS-FLIGHT1.5.0.2
2025-05-17 12:14:22,823 [WARN] PackLoader:240 - Cannot read IP mode file for STMicroelectronics.X-CUBE-DISPLAY.3.0.0
2025-05-17 12:14:22,836 [WARN] PackLoader:240 - Cannot read IP mode file for STMicroelectronics.X-CUBE-BLE1.7.0.0
2025-05-17 12:14:22,845 [WARN] PackLoader:240 - Cannot read IP mode file for STMicroelectronics.X-CUBE-NFC10.1.0.0
2025-05-17 12:14:22,860 [WARN] PackLoader:240 - Cannot read IP mode file for STMicroelectronics.X-CUBE-BLEMGR.4.0.0
2025-05-17 12:14:22,872 [WARN] PackLoader:240 - Cannot read IP mode file for emotas.I-CUBE-CANOPEN.1.3.0
2025-05-17 12:14:22,878 [WARN] PackLoader:240 - Cannot read IP mode file for STMicroelectronics.X-CUBE-TOUCHGFX.4.22.1
2025-05-17 12:14:22,882 [WARN] ConditionMgr:438 - getConditionDescription Invalid condition id : Cortex-A Device cause : null
2025-05-17 12:14:22,904 [WARN] ConditionMgr:1044 - genDependencies : Invalid condition id : Cortex-A Device cause : null
2025-05-17 12:14:22,904 [WARN] ConditionMgr:1044 - genDependencies : Invalid condition id : Cortex-A Device cause : null
2025-05-17 12:14:22,905 [WARN] ConditionMgr:1044 - genDependencies : Invalid condition id : Cortex-A Device cause : null
2025-05-17 12:14:22,917 [WARN] PackLoader:240 - Cannot read IP mode file for STMicroelectronics.X-CUBE-BLEMGR.3.1.0
2025-05-17 12:14:22,961 [WARN] PackLoader:240 - Cannot read IP mode file for STMicroelectronics.X-CUBE-AI.10.0.0
2025-05-17 12:14:22,972 [WARN] PackLoader:240 - Cannot read IP mode file for STMicroelectronics.FP-SNS-SMARTAG2.1.2.0
2025-05-17 12:14:22,993 [WARN] PackLoader:240 - Cannot read IP mode file for STMicroelectronics.FP-SNS-FLIGHT1.5.1.0
2025-05-17 12:14:23,020 [INFO] LogOutputStream:77 - [STDOUT_REDIRECT] 1 : Invalid condition id : UX_CORESTACK_Condition cause : null
2025-05-17 12:14:23,021 [INFO] LogOutputStream:77 - [STDOUT_REDIRECT] 1 : Invalid condition id : UX_CORESTACK_Condition cause : null
2025-05-17 12:14:23,023 [INFO] LogOutputStream:77 - [STDOUT_REDIRECT] 1 : Invalid condition id : UX_CORESTACK_Condition cause : null
2025-05-17 12:14:23,024 [INFO] LogOutputStream:77 - [STDOUT_REDIRECT] 1 : Invalid condition id : UX_CORESTACK_Condition cause : null
2025-05-17 12:14:23,025 [INFO] LogOutputStream:77 - [STDOUT_REDIRECT] 1 : Invalid condition id : UX_CORESTACK_Condition cause : null
2025-05-17 12:14:23,030 [WARN] PackLoader:240 - Cannot read IP mode file for STMicroelectronics.X-CUBE-AZRTOS-WL.2.0.0
2025-05-17 12:14:23,041 [WARN] PackLoader:240 - Cannot read IP mode file for STMicroelectronics.FP-SNS-MOTENV1.5.0.0
2025-05-17 12:14:23,048 [WARN] PackLoader:240 - Cannot read IP mode file for wolfSSL.I-CUBE-wolfMQTT.1.19.0
2025-05-17 12:14:23,058 [WARN] PackLoader:240 - Cannot read IP mode file for WES.I-CUBE-Cesium.1.3.0
2025-05-17 12:14:23,066 [WARN] PackLoader:240 - Cannot read IP mode file for STMicroelectronics.X-CUBE-BLE2.3.3.0
2025-05-17 12:14:23,076 [WARN] PackLoader:240 - Cannot read IP mode file for STMicroelectronics.X-CUBE-NFC9.1.0.0
2025-05-17 12:14:23,083 [WARN] PackLoader:240 - Cannot read IP mode file for STMicroelectronics.X-CUBE-BLE1.7.1.0
2025-05-17 12:14:23,091 [WARN] PackLoader:240 - Cannot read IP mode file for STMicroelectronics.X-CUBE-TCPP.4.1.0
2025-05-17 12:14:23,101 [WARN] PackLoader:240 - Cannot read IP mode file for STMicroelectronics.X-CUBE-ALGOBUILD.1.3.0
2025-05-17 12:14:23,150 [WARN] PackLoader:240 - Cannot read IP mode file for STMicroelectronics.X-CUBE-MEMS1.11.2.0
2025-05-17 12:14:23,431 [WARN] PackLoader:240 - Cannot read IP mode file for STMicroelectronics.X-CUBE-AZRTOS-G0.1.1.0
2025-05-17 12:14:23,448 [WARN] PackLoader:240 - Cannot read IP mode file for STMicroelectronics.X-CUBE-SAFEA1.1.2.2
2025-05-17 12:14:23,462 [WARN] PackLoader:240 - Cannot read IP mode file for STMicroelectronics.X-CUBE-NFC4.3.0.0
2025-05-17 12:14:23,474 [WARN] PackLoader:240 - Cannot read IP mode file for EmbeddedOffice.I-CUBE-FS-RTOS.1.0.1
2025-05-17 12:14:23,484 [WARN] PackLoader:240 - Cannot read IP mode file for STMicroelectronics.X-CUBE-WB05N.2.0.0
2025-05-17 12:14:23,493 [WARN] PackLoader:240 - Cannot read IP mode file for STMicroelectronics.X-CUBE-BLEMGR.3.0.0
2025-05-17 12:14:23,503 [WARN] PackLoader:240 - Cannot read IP mode file for STMicroelectronics.X-CUBE-TCPP.4.2.0
2025-05-17 12:14:23,511 [WARN] PackLoader:240 - Cannot read IP mode file for RealThread.X-CUBE-RT-Thread_Nano.4.1.1
2025-05-17 12:14:23,517 [WARN] PackLoader:240 - Cannot read IP mode file for STMicroelectronics.FP-ATR-SIGFOX1.3.2.0
2025-05-17 12:14:23,524 [WARN] PackLoader:240 - Cannot read IP mode file for STMicroelectronics.X-CUBE-EEPRMA1.5.1.0
2025-05-17 12:14:23,563 [WARN] PackLoader:240 - Cannot read IP mode file for SEGGER.I-CUBE-embOS.1.3.1
2025-05-17 12:14:23,603 [WARN] PackLoader:240 - Cannot read IP mode file for STMicroelectronics.X-CUBE-ALGOBUILD.1.4.0
2025-05-17 12:14:23,607 [WARN] PackLoader:240 - Cannot read IP mode file for STMicroelectronics.X-CUBE-AI.9.1.0
2025-05-17 12:14:23,615 [WARN] PackLoader:240 - Cannot read IP mode file for STMicroelectronics.X-CUBE-GNSS1.6.0.0
2025-05-17 12:14:23,631 [WARN] PackLoader:240 - Cannot read IP mode file for STMicroelectronics.X-CUBE-AZRTOS-F4.1.1.0
2025-05-17 12:14:23,638 [WARN] PackLoader:240 - Cannot read IP mode file for wolfSSL.I-CUBE-wolfSSL.5.6.4
2025-05-17 12:14:23,643 [WARN] PackLoader:240 - Cannot read IP mode file for Avnet-IotConnect.X-CUBE-IoTC-DA16k-PMOD.1.0.0
2025-05-17 12:14:23,649 [WARN] PackLoader:240 - Cannot read IP mode file for STMicroelectronics.X-CUBE-ISPU.2.1.0
2025-05-17 12:14:23,656 [WARN] PackLoader:240 - Cannot read IP mode file for STMicroelectronics.X-CUBE-FREERTOS.1.2.0
2025-05-17 12:14:23,671 [WARN] PackLoader:240 - Cannot read IP mode file for STMicroelectronics.X-CUBE-AZRTOS-L5.2.0.0
2025-05-17 12:14:23,678 [WARN] PackLoader:240 - Cannot read IP mode file for STMicroelectronics.X-CUBE-EEPRMA1.4.2.0
2025-05-17 12:14:23,689 [WARN] PackLoader:240 - Cannot read IP mode file for STMicroelectronics.X-CUBE-NFC6.3.1.0
2025-05-17 12:14:23,698 [WARN] PackLoader:240 - Cannot read IP mode file for ITTIA_DB.I-CUBE-ITTIADB.8.8.0
2025-05-17 12:14:23,705 [WARN] PackLoader:240 - Cannot read IP mode file for STMicroelectronics.X-CUBE-DPower.1.2.0
2025-05-17 12:14:23,712 [WARN] PackLoader:240 - Cannot read IP mode file for STMicroelectronics.X-CUBE-AI.9.0.0
2025-05-17 12:14:23,729 [WARN] ConditionMgr:438 - getConditionDescription Invalid condition id : UX DEVICE CLASS RTOS Condition cause : null
2025-05-17 12:14:23,730 [WARN] ConditionMgr:438 - getConditionDescription Invalid condition id : UX DEVICE CLASS RTOS Condition cause : null
2025-05-17 12:14:23,733 [WARN] PackLoader:240 - Cannot read IP mode file for STMicroelectronics.X-CUBE-AZRTOS-H7.3.1.0
2025-05-17 12:14:23,734 [WARN] ConditionMgr:1044 - genDependencies : Invalid condition id : UX DEVICE CLASS RTOS Condition cause : null
2025-05-17 12:14:23,734 [WARN] ConditionMgr:1044 - genDependencies : Invalid condition id : UX DEVICE CLASS RTOS Condition cause : null
2025-05-17 12:14:23,735 [WARN] ConditionMgr:1044 - genDependencies : Invalid condition id : UX DEVICE CLASS RTOS Condition cause : null
2025-05-17 12:14:23,735 [WARN] ConditionMgr:1044 - genDependencies : Invalid condition id : UX DEVICE CLASS RTOS Condition cause : null
2025-05-17 12:14:23,735 [WARN] ConditionMgr:1044 - genDependencies : Invalid condition id : UX DEVICE CLASS RTOS Condition cause : null
2025-05-17 12:14:23,742 [WARN] PackLoader:240 - Cannot read IP mode file for STMicroelectronics.X-CUBE-FREERTOS.1.3.1
2025-05-17 12:14:23,751 [WARN] PackLoader:240 - Cannot read IP mode file for STMicroelectronics.X-CUBE-FREERTOS.1.3.0
2025-05-17 12:14:23,758 [WARN] PackLoader:240 - Cannot read IP mode file for STMicroelectronics.X-CUBE-NFC7.1.0.1
2025-05-17 12:14:23,766 [WARN] PackLoader:240 - Cannot read IP mode file for wolfSSL.I-CUBE-wolfTPM.3.2.0
2025-05-17 12:14:23,773 [WARN] PackLoader:240 - Cannot read IP mode file for STMicroelectronics.X-CUBE-NFC6.3.0.0
2025-05-17 12:14:23,780 [WARN] PackLoader:240 - Cannot read IP mode file for STMicroelectronics.X-CUBE-DPower.1.3.0
2025-05-17 12:14:23,784 [WARN] PackLoader:240 - Cannot read IP mode file for STMicroelectronics.X-CUBE-AI.8.1.0
2025-05-17 12:14:23,809 [WARN] ConditionMgr:438 - getConditionDescription Invalid condition id : LAN8742 Phy interface Condition cause : null
2025-05-17 12:14:23,810 [WARN] PackLoader:240 - Cannot read IP mode file for STMicroelectronics.X-CUBE-AZRTOS-L4.2.0.0
2025-05-17 12:14:23,812 [WARN] ConditionMgr:1044 - genDependencies : Invalid condition id : LAN8742 Phy interface Condition cause : null
2025-05-17 12:14:23,812 [WARN] ConditionMgr:1044 - genDependencies : Invalid condition id : LAN8742 Phy interface Condition cause : null
2025-05-17 12:14:23,813 [WARN] ConditionMgr:1044 - genDependencies : Invalid condition id : LAN8742 Phy interface Condition cause : null
2025-05-17 12:14:23,822 [WARN] PackLoader:240 - Cannot read IP mode file for STMicroelectronics.X-CUBE-SFXS2LP1.4.0.0
2025-05-17 12:14:23,837 [WARN] PackLoader:240 - Cannot read IP mode file for STMicroelectronics.X-CUBE-ISPU.1.1.0
2025-05-17 12:14:23,860 [WARN] PackLoader:240 - Cannot read IP mode file for STMicroelectronics.X-CUBE-AZRTOS-H7.3.3.0
2025-05-17 12:14:23,876 [WARN] PackLoader:240 - Cannot read IP mode file for STMicroelectronics.X-CUBE-IPS.3.0.0
2025-05-17 12:14:23,896 [WARN] ConditionMgr:438 - getConditionDescription Invalid condition id : UX DEVICE CLASS RTOS Condition cause : null
2025-05-17 12:14:23,896 [WARN] ConditionMgr:438 - getConditionDescription Invalid condition id : UX DEVICE CLASS RTOS Condition cause : null
2025-05-17 12:14:23,898 [WARN] PackLoader:240 - Cannot read IP mode file for STMicroelectronics.X-CUBE-AZRTOS-WB.2.0.0
2025-05-17 12:14:23,899 [WARN] ConditionMgr:1044 - genDependencies : Invalid condition id : UX DEVICE CLASS RTOS Condition cause : null
2025-05-17 12:14:23,899 [WARN] ConditionMgr:1044 - genDependencies : Invalid condition id : UX DEVICE CLASS RTOS Condition cause : null
2025-05-17 12:14:23,900 [WARN] ConditionMgr:1044 - genDependencies : Invalid condition id : UX DEVICE CLASS RTOS Condition cause : null
2025-05-17 12:14:23,900 [WARN] ConditionMgr:1044 - genDependencies : Invalid condition id : UX DEVICE CLASS RTOS Condition cause : null
2025-05-17 12:14:23,900 [WARN] ConditionMgr:1044 - genDependencies : Invalid condition id : UX DEVICE CLASS RTOS Condition cause : null
2025-05-17 12:14:23,907 [WARN] PackLoader:240 - Cannot read IP mode file for STMicroelectronics.X-CUBE-GNSS1.7.0.0
2025-05-17 12:14:23,914 [WARN] PackLoader:240 - Cannot read IP mode file for STMicroelectronics.X-CUBE-GNSS1.7.0.1
2025-05-17 12:14:23,921 [WARN] PackLoader:240 - Cannot read IP mode file for STMicroelectronics.X-CUBE-TOUCHGFX.4.25.0
2025-05-17 12:14:23,931 [WARN] PackLoader:240 - Cannot read IP mode file for STMicroelectronics.FP-SNS-STBOX1.2.0.0
2025-05-17 12:14:23,946 [WARN] PackLoader:240 - Cannot read IP mode file for STMicroelectronics.X-CUBE-SUBG2.5.0.0
2025-05-17 12:14:23,996 [WARN] PackLoader:240 - Cannot read IP mode file for STMicroelectronics.X-CUBE-AZRTOS-H7RS.1.1.0
2025-05-17 12:14:24,007 [WARN] PackLoader:240 - Cannot read IP mode file for Cesanta.I-CUBE-Mongoose.7.13.0
2025-05-17 12:14:24,022 [WARN] PackLoader:240 - Cannot read IP mode file for STMicroelectronics.X-CUBE-TOF1.3.3.1
2025-05-17 12:14:24,050 [WARN] PackLoader:240 - Cannot read IP mode file for STMicroelectronics.X-CUBE-AZRTOS-G4.2.0.0
2025-05-17 12:14:24,064 [WARN] PackLoader:240 - Cannot read IP mode file for Infineon.AIROC-Wi-Fi-Bluetooth-STM32.1.5.1
2025-05-17 12:14:24,072 [WARN] PackLoader:240 - Cannot read IP mode file for STMicroelectronics.FP-SNS-MOTENVWB1.1.3.0
2025-05-17 12:14:24,080 [WARN] PackLoader:240 - Cannot read IP mode file for STMicroelectronics.X-CUBE-NFC7.2.0.0
2025-05-17 12:14:24,087 [WARN] PackLoader:240 - Cannot read IP mode file for STMicroelectronics.FP-SNS-MOTENVWB1.1.3.1
2025-05-17 12:14:24,092 [WARN] PackLoader:240 - Cannot read IP mode file for STMicroelectronics.X-CUBE-ISPU.2.0.0
2025-05-17 12:14:24,106 [WARN] PackLoader:240 - Cannot read IP mode file for STMicroelectronics.X-CUBE-IPS.3.1.0
2025-05-17 12:14:24,119 [WARN] PackLoader:240 - Cannot read IP mode file for STMicroelectronics.X-CUBE-ALS.1.0.2
2025-05-17 12:14:24,201 [WARN] PackLoader:240 - Cannot read IP mode file for STMicroelectronics.X-CUBE-MEMS1.10.0.0
2025-05-17 12:14:24,328 [WARN] PackLoader:240 - Cannot read IP mode file for STMicroelectronics.X-CUBE-FREERTOS.1.1.0
2025-05-17 12:14:24,341 [WARN] PackLoader:240 - Cannot read IP mode file for STMicroelectronics.X-CUBE-TOUCHGFX.4.24.0
2025-05-17 12:14:24,351 [WARN] PackLoader:240 - Cannot read IP mode file for STMicroelectronics.X-CUBE-TOUCHGFX.4.24.1
2025-05-17 12:14:24,386 [WARN] PackLoader:240 - Cannot read IP mode file for portGmbH.I-Cube-SoM-uGOAL.1.1.0
2025-05-17 12:14:24,395 [WARN] PackLoader:240 - Cannot read IP mode file for STMicroelectronics.X-CUBE-ALS.1.0.1
2025-05-17 12:14:24,417 [WARN] PackLoader:240 - Cannot read IP mode file for STMicroelectronics.X-CUBE-AZRTOS-H7RS.1.0.0
2025-05-17 12:14:24,429 [WARN] PackLoader:240 - Cannot read IP mode file for STMicroelectronics.FP-ATR-ASTRA1.2.0.0
2025-05-17 12:14:24,458 [WARN] PackLoader:240 - Cannot read IP mode file for STMicroelectronics.X-CUBE-TOF1.3.4.2
2025-05-17 12:14:24,488 [WARN] PackLoader:240 - Cannot read IP mode file for STMicroelectronics.X-CUBE-TOF1.3.4.3
2025-05-17 12:14:24,512 [WARN] PackLoader:240 - Cannot read IP mode file for STMicroelectronics.X-CUBE-TOF1.3.4.0
2025-05-17 12:14:24,532 [WARN] PackLoader:240 - Cannot read IP mode file for STMicroelectronics.X-CUBE-TOF1.3.4.1
2025-05-17 12:14:24,548 [INFO] WebApp:463 - Apply proxy settings
2025-05-17 12:14:24,549 [INFO] WebApp:548 - Chromium requires no authentication
2025-05-17 12:14:24,570 [WARN] PackLoader:240 - Cannot read IP mode file for STMicroelectronics.X-CUBE-AZRTOS-H7.3.2.0
2025-05-17 12:14:24,570 [INFO] WebApp:491 - Direct internet connection detected
2025-05-17 12:14:24,584 [WARN] PackLoader:240 - Cannot read IP mode file for wolfSSL.I-CUBE-wolfSSH.1.4.17
2025-05-17 12:14:24,586 [INFO] ThirdParty:978 - Integrity check success = true
2025-05-17 12:14:24,586 [INFO] IntegrityCheckThread:100 - exiting critical section [integrity check]
2025-05-17 12:14:24,586 [INFO] IntegrityCheckThread:103 - End integrity checks thread
2025-05-17 12:14:24,614 [INFO] WebApp:894 - Register for checkConnection events
2025-05-17 12:14:24,614 [INFO] WebApp:463 - Apply proxy settings
2025-05-17 12:14:24,614 [INFO] WebApp:548 - Chromium requires no authentication
2025-05-17 12:14:24,615 [INFO] WebApp:491 - Direct internet connection detected
2025-05-17 12:14:24,891 [INFO] WebApp:225 - Starting web application
2025-05-17 12:14:24,892 [INFO] WebApp:593 - Web application path used C:\ST\STM32CubeIDE_1.18.1\STM32CubeIDE\plugins\com.st.stm32cube.common.mx_6.14.1.202504091515\db\plugins\mcufinder\reactClient1\index.html
2025-05-17 12:14:24,895 [INFO] WebApp:191 - Connection restablished
2025-05-17 12:14:25,151 [INFO] UserAuth:484 - Internet connection configuration mode: 1
2025-05-17 12:34:45,690 [ERROR] LogOutputStream:75 - [STDERR_REDIRECT] 
