Analysis & Synthesis report for DSE_Lab5_3
Mon Apr 14 09:05:48 2025
Quartus Prime Version 18.1.0 Build 625 09/12/2018 SJ Lite Edition


---------------------
; Table of Contents ;
---------------------
  1. Legal Notice
  2. Analysis & Synthesis Summary
  3. Analysis & Synthesis Settings
  4. Parallel Compilation
  5. Analysis & Synthesis Source Files Read
  6. Analysis & Synthesis Resource Usage Summary
  7. Analysis & Synthesis Resource Utilization by Entity
  8. State Machine - |two_process_FSM|y_Q
  9. Registers Removed During Synthesis
 10. General Register Statistics
 11. Post-Synthesis Netlist Statistics for Top Partition
 12. Elapsed Time Per Partition
 13. Analysis & Synthesis Messages



----------------
; Legal Notice ;
----------------
Copyright (C) 2018  Intel Corporation. All rights reserved.
Your use of Intel Corporation's design tools, logic functions 
and other software and tools, and its AMPP partner logic 
functions, and any output files from any of the foregoing 
(including device programming or simulation files), and any 
associated documentation or information are expressly subject 
to the terms and conditions of the Intel Program License 
Subscription Agreement, the Intel Quartus Prime License Agreement,
the Intel FPGA IP License Agreement, or other applicable license
agreement, including, without limitation, that your use is for
the sole purpose of programming logic devices manufactured by
Intel and sold by Intel or its authorized distributors.  Please
refer to the applicable agreement for further details.



+-------------------------------------------------------------------------------+
; Analysis & Synthesis Summary                                                  ;
+---------------------------------+---------------------------------------------+
; Analysis & Synthesis Status     ; Successful - Mon Apr 14 09:05:48 2025       ;
; Quartus Prime Version           ; 18.1.0 Build 625 09/12/2018 SJ Lite Edition ;
; Revision Name                   ; DSE_Lab5_3                                  ;
; Top-level Entity Name           ; two_process_FSM                             ;
; Family                          ; Cyclone V                                   ;
; Logic utilization (in ALMs)     ; N/A                                         ;
; Total registers                 ; 8                                           ;
; Total pins                      ; 24                                          ;
; Total virtual pins              ; 0                                           ;
; Total block memory bits         ; 0                                           ;
; Total DSP Blocks                ; 0                                           ;
; Total HSSI RX PCSs              ; 0                                           ;
; Total HSSI PMA RX Deserializers ; 0                                           ;
; Total HSSI TX PCSs              ; 0                                           ;
; Total HSSI PMA TX Serializers   ; 0                                           ;
; Total PLLs                      ; 0                                           ;
; Total DLLs                      ; 0                                           ;
+---------------------------------+---------------------------------------------+


+---------------------------------------------------------------------------------------------------------------------------+
; Analysis & Synthesis Settings                                                                                             ;
+---------------------------------------------------------------------------------+--------------------+--------------------+
; Option                                                                          ; Setting            ; Default Value      ;
+---------------------------------------------------------------------------------+--------------------+--------------------+
; Device                                                                          ; 5CSEMA5F31C6       ;                    ;
; Top-level entity name                                                           ; two_process_FSM    ; DSE_Lab5_3         ;
; Family name                                                                     ; Cyclone V          ; Cyclone V          ;
; State Machine Processing                                                        ; One-Hot            ; Auto               ;
; Use smart compilation                                                           ; Off                ; Off                ;
; Enable parallel Assembler and Timing Analyzer during compilation                ; On                 ; On                 ;
; Enable compact report table                                                     ; Off                ; Off                ;
; Restructure Multiplexers                                                        ; Auto               ; Auto               ;
; MLAB Add Timing Constraints For Mixed-Port Feed-Through Mode Setting Don't Care ; Off                ; Off                ;
; Create Debugging Nodes for IP Cores                                             ; Off                ; Off                ;
; Preserve fewer node names                                                       ; On                 ; On                 ;
; Intel FPGA IP Evaluation Mode                                                   ; Enable             ; Enable             ;
; Verilog Version                                                                 ; Verilog_2001       ; Verilog_2001       ;
; VHDL Version                                                                    ; VHDL_1993          ; VHDL_1993          ;
; Safe State Machine                                                              ; Off                ; Off                ;
; Extract Verilog State Machines                                                  ; On                 ; On                 ;
; Extract VHDL State Machines                                                     ; On                 ; On                 ;
; Ignore Verilog initial constructs                                               ; Off                ; Off                ;
; Iteration limit for constant Verilog loops                                      ; 5000               ; 5000               ;
; Iteration limit for non-constant Verilog loops                                  ; 250                ; 250                ;
; Add Pass-Through Logic to Inferred RAMs                                         ; On                 ; On                 ;
; Infer RAMs from Raw Logic                                                       ; On                 ; On                 ;
; Parallel Synthesis                                                              ; On                 ; On                 ;
; DSP Block Balancing                                                             ; Auto               ; Auto               ;
; NOT Gate Push-Back                                                              ; On                 ; On                 ;
; Power-Up Don't Care                                                             ; On                 ; On                 ;
; Remove Redundant Logic Cells                                                    ; Off                ; Off                ;
; Remove Duplicate Registers                                                      ; On                 ; On                 ;
; Ignore CARRY Buffers                                                            ; Off                ; Off                ;
; Ignore CASCADE Buffers                                                          ; Off                ; Off                ;
; Ignore GLOBAL Buffers                                                           ; Off                ; Off                ;
; Ignore ROW GLOBAL Buffers                                                       ; Off                ; Off                ;
; Ignore LCELL Buffers                                                            ; Off                ; Off                ;
; Ignore SOFT Buffers                                                             ; On                 ; On                 ;
; Limit AHDL Integers to 32 Bits                                                  ; Off                ; Off                ;
; Optimization Technique                                                          ; Balanced           ; Balanced           ;
; Carry Chain Length                                                              ; 70                 ; 70                 ;
; Auto Carry Chains                                                               ; On                 ; On                 ;
; Auto Open-Drain Pins                                                            ; On                 ; On                 ;
; Perform WYSIWYG Primitive Resynthesis                                           ; Off                ; Off                ;
; Auto ROM Replacement                                                            ; On                 ; On                 ;
; Auto RAM Replacement                                                            ; On                 ; On                 ;
; Auto DSP Block Replacement                                                      ; On                 ; On                 ;
; Auto Shift Register Replacement                                                 ; Auto               ; Auto               ;
; Allow Shift Register Merging across Hierarchies                                 ; Auto               ; Auto               ;
; Auto Clock Enable Replacement                                                   ; On                 ; On                 ;
; Strict RAM Replacement                                                          ; Off                ; Off                ;
; Allow Synchronous Control Signals                                               ; On                 ; On                 ;
; Force Use of Synchronous Clear Signals                                          ; Off                ; Off                ;
; Auto Resource Sharing                                                           ; Off                ; Off                ;
; Allow Any RAM Size For Recognition                                              ; Off                ; Off                ;
; Allow Any ROM Size For Recognition                                              ; Off                ; Off                ;
; Allow Any Shift Register Size For Recognition                                   ; Off                ; Off                ;
; Use LogicLock Constraints during Resource Balancing                             ; On                 ; On                 ;
; Ignore translate_off and synthesis_off directives                               ; Off                ; Off                ;
; Timing-Driven Synthesis                                                         ; On                 ; On                 ;
; Report Parameter Settings                                                       ; On                 ; On                 ;
; Report Source Assignments                                                       ; On                 ; On                 ;
; Report Connectivity Checks                                                      ; On                 ; On                 ;
; Ignore Maximum Fan-Out Assignments                                              ; Off                ; Off                ;
; Synchronization Register Chain Length                                           ; 3                  ; 3                  ;
; Power Optimization During Synthesis                                             ; Normal compilation ; Normal compilation ;
; HDL message level                                                               ; Level2             ; Level2             ;
; Suppress Register Optimization Related Messages                                 ; Off                ; Off                ;
; Number of Removed Registers Reported in Synthesis Report                        ; 5000               ; 5000               ;
; Number of Swept Nodes Reported in Synthesis Report                              ; 5000               ; 5000               ;
; Number of Inverted Registers Reported in Synthesis Report                       ; 100                ; 100                ;
; Clock MUX Protection                                                            ; On                 ; On                 ;
; Auto Gated Clock Conversion                                                     ; Off                ; Off                ;
; Block Design Naming                                                             ; Auto               ; Auto               ;
; SDC constraint protection                                                       ; Off                ; Off                ;
; Synthesis Effort                                                                ; Auto               ; Auto               ;
; Shift Register Replacement - Allow Asynchronous Clear Signal                    ; On                 ; On                 ;
; Pre-Mapping Resynthesis Optimization                                            ; Off                ; Off                ;
; Analysis & Synthesis Message Level                                              ; Medium             ; Medium             ;
; Disable Register Merging Across Hierarchies                                     ; Auto               ; Auto               ;
; Resource Aware Inference For Block RAM                                          ; On                 ; On                 ;
; Automatic Parallel Synthesis                                                    ; On                 ; On                 ;
; Partial Reconfiguration Bitstream ID                                            ; Off                ; Off                ;
+---------------------------------------------------------------------------------+--------------------+--------------------+


+------------------------------------------+
; Parallel Compilation                     ;
+----------------------------+-------------+
; Processors                 ; Number      ;
+----------------------------+-------------+
; Number detected on machine ; 8           ;
; Maximum allowed            ; 4           ;
;                            ;             ;
; Average used               ; 1.00        ;
; Maximum used               ; 4           ;
;                            ;             ;
; Usage by Processor         ; % Time Used ;
;     Processor 1            ; 100.0%      ;
;     Processors 2-4         ;   0.0%      ;
+----------------------------+-------------+


+------------------------------------------------------------------------------------------------------------------------------------------------------------------------------------------------------------+
; Analysis & Synthesis Source Files Read                                                                                                                                                                     ;
+----------------------------------+-----------------+-----------------+---------------------------------------------------------------------------------------------------------------------------+---------+
; File Name with User-Entered Path ; Used in Netlist ; File Type       ; File Name with Absolute Path                                                                                              ; Library ;
+----------------------------------+-----------------+-----------------+---------------------------------------------------------------------------------------------------------------------------+---------+
; two_process_FSM.vhd              ; yes             ; User VHDL File  ; C:/Users/danie/OneDrive/Desktop/Documenti Daniele/Daniele Scuola/Politecnico di Torino/DSE/DSE_Lab5_3/two_process_FSM.vhd ;         ;
+----------------------------------+-----------------+-----------------+---------------------------------------------------------------------------------------------------------------------------+---------+


+-----------------------------------------------------------+
; Analysis & Synthesis Resource Usage Summary               ;
+---------------------------------------------+-------------+
; Resource                                    ; Usage       ;
+---------------------------------------------+-------------+
; Estimate of Logic utilization (ALMs needed) ; 6           ;
;                                             ;             ;
; Combinational ALUT usage for logic          ; 9           ;
;     -- 7 input functions                    ; 0           ;
;     -- 6 input functions                    ; 2           ;
;     -- 5 input functions                    ; 0           ;
;     -- 4 input functions                    ; 2           ;
;     -- <=3 input functions                  ; 5           ;
;                                             ;             ;
; Dedicated logic registers                   ; 8           ;
;                                             ;             ;
; I/O pins                                    ; 24          ;
;                                             ;             ;
; Total DSP Blocks                            ; 0           ;
;                                             ;             ;
; Maximum fan-out node                        ; SW[0]~input ;
; Maximum fan-out                             ; 8           ;
; Total fan-out                               ; 75          ;
; Average fan-out                             ; 1.15        ;
+---------------------------------------------+-------------+


+--------------------------------------------------------------------------------------------------------------------------------------------------------------------------------------------+
; Analysis & Synthesis Resource Utilization by Entity                                                                                                                                        ;
+----------------------------+---------------------+---------------------------+-------------------+------------+------+--------------+---------------------+-----------------+--------------+
; Compilation Hierarchy Node ; Combinational ALUTs ; Dedicated Logic Registers ; Block Memory Bits ; DSP Blocks ; Pins ; Virtual Pins ; Full Hierarchy Name ; Entity Name     ; Library Name ;
+----------------------------+---------------------+---------------------------+-------------------+------------+------+--------------+---------------------+-----------------+--------------+
; |two_process_FSM           ; 9 (9)               ; 8 (8)                     ; 0                 ; 0          ; 24   ; 0            ; |two_process_FSM    ; two_process_FSM ; work         ;
+----------------------------+---------------------+---------------------------+-------------------+------------+------+--------------+---------------------+-----------------+--------------+
Note: For table entries with two numbers listed, the numbers in parentheses indicate the number of resources of the given type used by the specific entity alone. The numbers listed outside of parentheses indicate the total resources of the given type used by the specific entity and all of its sub-entities in the hierarchy.


Encoding Type:  One-Hot
+-------------------------------------------------------------------------------+
; State Machine - |two_process_FSM|y_Q                                          ;
+-------+-------+-------+-------+-------+-------+-------+-------+-------+-------+
; Name  ; y_Q.I ; y_Q.H ; y_Q.G ; y_Q.F ; y_Q.E ; y_Q.D ; y_Q.C ; y_Q.B ; y_Q.A ;
+-------+-------+-------+-------+-------+-------+-------+-------+-------+-------+
; y_Q.A ; 0     ; 0     ; 0     ; 0     ; 0     ; 0     ; 0     ; 0     ; 0     ;
; y_Q.B ; 0     ; 0     ; 0     ; 0     ; 0     ; 0     ; 0     ; 1     ; 1     ;
; y_Q.C ; 0     ; 0     ; 0     ; 0     ; 0     ; 0     ; 1     ; 0     ; 1     ;
; y_Q.D ; 0     ; 0     ; 0     ; 0     ; 0     ; 1     ; 0     ; 0     ; 1     ;
; y_Q.E ; 0     ; 0     ; 0     ; 0     ; 1     ; 0     ; 0     ; 0     ; 1     ;
; y_Q.F ; 0     ; 0     ; 0     ; 1     ; 0     ; 0     ; 0     ; 0     ; 1     ;
; y_Q.G ; 0     ; 0     ; 1     ; 0     ; 0     ; 0     ; 0     ; 0     ; 1     ;
; y_Q.H ; 0     ; 1     ; 0     ; 0     ; 0     ; 0     ; 0     ; 0     ; 1     ;
; y_Q.I ; 1     ; 0     ; 0     ; 0     ; 0     ; 0     ; 0     ; 0     ; 1     ;
+-------+-------+-------+-------+-------+-------+-------+-------+-------+-------+


+------------------------------------------------------------+
; Registers Removed During Synthesis                         ;
+---------------------------------------+--------------------+
; Register name                         ; Reason for Removal ;
+---------------------------------------+--------------------+
; y_Q.A                                 ; Lost fanout        ;
; Total Number of Removed Registers = 1 ;                    ;
+---------------------------------------+--------------------+


+------------------------------------------------------+
; General Register Statistics                          ;
+----------------------------------------------+-------+
; Statistic                                    ; Value ;
+----------------------------------------------+-------+
; Total registers                              ; 8     ;
; Number of registers using Synchronous Clear  ; 0     ;
; Number of registers using Synchronous Load   ; 0     ;
; Number of registers using Asynchronous Clear ; 0     ;
; Number of registers using Asynchronous Load  ; 0     ;
; Number of registers using Clock Enable       ; 0     ;
; Number of registers using Preset             ; 0     ;
+----------------------------------------------+-------+


+-----------------------------------------------------+
; Post-Synthesis Netlist Statistics for Top Partition ;
+-----------------------+-----------------------------+
; Type                  ; Count                       ;
+-----------------------+-----------------------------+
; arriav_ff             ; 8                           ;
;     plain             ; 8                           ;
; arriav_lcell_comb     ; 10                          ;
;     normal            ; 10                          ;
;         0 data inputs ; 1                           ;
;         2 data inputs ; 1                           ;
;         3 data inputs ; 4                           ;
;         4 data inputs ; 2                           ;
;         6 data inputs ; 2                           ;
; boundary_port         ; 24                          ;
;                       ;                             ;
; Max LUT depth         ; 1.00                        ;
; Average LUT depth     ; 0.90                        ;
+-----------------------+-----------------------------+


+-------------------------------+
; Elapsed Time Per Partition    ;
+----------------+--------------+
; Partition Name ; Elapsed Time ;
+----------------+--------------+
; Top            ; 00:00:00     ;
+----------------+--------------+


+-------------------------------+
; Analysis & Synthesis Messages ;
+-------------------------------+
Info: *******************************************************************
Info: Running Quartus Prime Analysis & Synthesis
    Info: Version 18.1.0 Build 625 09/12/2018 SJ Lite Edition
    Info: Processing started: Mon Apr 14 09:05:38 2025
Info: Command: quartus_map --read_settings_files=on --write_settings_files=off DSE_Lab5_3 -c DSE_Lab5_3
Warning (18236): Number of processors has not been specified which may cause overloading on shared machines.  Set the global assignment NUM_PARALLEL_PROCESSORS in your QSF to an appropriate value for best performance.
Info (20030): Parallel compilation is enabled and will use 4 of the 4 processors detected
Info (12021): Found 2 design units, including 1 entities, in source file two_process_fsm.vhd
    Info (12022): Found design unit 1: two_process_FSM-behaviour File: C:/Users/danie/OneDrive/Desktop/Documenti Daniele/Daniele Scuola/Politecnico di Torino/DSE/DSE_Lab5_3/two_process_FSM.vhd Line: 20
    Info (12023): Found entity 1: two_process_FSM File: C:/Users/danie/OneDrive/Desktop/Documenti Daniele/Daniele Scuola/Politecnico di Torino/DSE/DSE_Lab5_3/two_process_FSM.vhd Line: 11
Info (12021): Found 2 design units, including 1 entities, in source file two_process_fsm_tb.vhd
    Info (12022): Found design unit 1: two_process_FSM_tb-testbench File: C:/Users/danie/OneDrive/Desktop/Documenti Daniele/Daniele Scuola/Politecnico di Torino/DSE/DSE_Lab5_3/two_process_FSM_tb.vhd Line: 13
    Info (12023): Found entity 1: two_process_FSM_tb File: C:/Users/danie/OneDrive/Desktop/Documenti Daniele/Daniele Scuola/Politecnico di Torino/DSE/DSE_Lab5_3/two_process_FSM_tb.vhd Line: 10
Info (12127): Elaborating entity "two_process_FSM" for the top level hierarchy
Warning (10492): VHDL Process Statement warning at two_process_FSM.vhd(81): signal "reset" is read inside the Process Statement but isn't in the Process Statement's sensitivity list File: C:/Users/danie/OneDrive/Desktop/Documenti Daniele/Daniele Scuola/Politecnico di Torino/DSE/DSE_Lab5_3/two_process_FSM.vhd Line: 81
Warning (13024): Output pins are stuck at VCC or GND
    Warning (13410): Pin "LEDR[1]" is stuck at GND File: C:/Users/danie/OneDrive/Desktop/Documenti Daniele/Daniele Scuola/Politecnico di Torino/DSE/DSE_Lab5_3/two_process_FSM.vhd Line: 14
    Warning (13410): Pin "LEDR[2]" is stuck at GND File: C:/Users/danie/OneDrive/Desktop/Documenti Daniele/Daniele Scuola/Politecnico di Torino/DSE/DSE_Lab5_3/two_process_FSM.vhd Line: 14
    Warning (13410): Pin "LEDR[3]" is stuck at GND File: C:/Users/danie/OneDrive/Desktop/Documenti Daniele/Daniele Scuola/Politecnico di Torino/DSE/DSE_Lab5_3/two_process_FSM.vhd Line: 14
    Warning (13410): Pin "LEDR[4]" is stuck at GND File: C:/Users/danie/OneDrive/Desktop/Documenti Daniele/Daniele Scuola/Politecnico di Torino/DSE/DSE_Lab5_3/two_process_FSM.vhd Line: 14
    Warning (13410): Pin "LEDR[5]" is stuck at GND File: C:/Users/danie/OneDrive/Desktop/Documenti Daniele/Daniele Scuola/Politecnico di Torino/DSE/DSE_Lab5_3/two_process_FSM.vhd Line: 14
    Warning (13410): Pin "LEDR[6]" is stuck at GND File: C:/Users/danie/OneDrive/Desktop/Documenti Daniele/Daniele Scuola/Politecnico di Torino/DSE/DSE_Lab5_3/two_process_FSM.vhd Line: 14
    Warning (13410): Pin "LEDR[7]" is stuck at GND File: C:/Users/danie/OneDrive/Desktop/Documenti Daniele/Daniele Scuola/Politecnico di Torino/DSE/DSE_Lab5_3/two_process_FSM.vhd Line: 14
    Warning (13410): Pin "LEDR[8]" is stuck at GND File: C:/Users/danie/OneDrive/Desktop/Documenti Daniele/Daniele Scuola/Politecnico di Torino/DSE/DSE_Lab5_3/two_process_FSM.vhd Line: 14
    Warning (13410): Pin "LEDR[9]" is stuck at GND File: C:/Users/danie/OneDrive/Desktop/Documenti Daniele/Daniele Scuola/Politecnico di Torino/DSE/DSE_Lab5_3/two_process_FSM.vhd Line: 14
Info (286030): Timing-Driven Synthesis is running
Info (17049): 1 registers lost all their fanouts during netlist optimizations.
Info (16010): Generating hard_block partition "hard_block:auto_generated_inst"
    Info (16011): Adding 0 node(s), including 0 DDIO, 0 PLL, 0 transceiver and 0 LCELL
Warning (21074): Design contains 11 input pin(s) that do not drive logic
    Warning (15610): No output dependent on input pin "SW[2]" File: C:/Users/danie/OneDrive/Desktop/Documenti Daniele/Daniele Scuola/Politecnico di Torino/DSE/DSE_Lab5_3/two_process_FSM.vhd Line: 13
    Warning (15610): No output dependent on input pin "SW[3]" File: C:/Users/danie/OneDrive/Desktop/Documenti Daniele/Daniele Scuola/Politecnico di Torino/DSE/DSE_Lab5_3/two_process_FSM.vhd Line: 13
    Warning (15610): No output dependent on input pin "SW[4]" File: C:/Users/danie/OneDrive/Desktop/Documenti Daniele/Daniele Scuola/Politecnico di Torino/DSE/DSE_Lab5_3/two_process_FSM.vhd Line: 13
    Warning (15610): No output dependent on input pin "SW[5]" File: C:/Users/danie/OneDrive/Desktop/Documenti Daniele/Daniele Scuola/Politecnico di Torino/DSE/DSE_Lab5_3/two_process_FSM.vhd Line: 13
    Warning (15610): No output dependent on input pin "SW[6]" File: C:/Users/danie/OneDrive/Desktop/Documenti Daniele/Daniele Scuola/Politecnico di Torino/DSE/DSE_Lab5_3/two_process_FSM.vhd Line: 13
    Warning (15610): No output dependent on input pin "SW[7]" File: C:/Users/danie/OneDrive/Desktop/Documenti Daniele/Daniele Scuola/Politecnico di Torino/DSE/DSE_Lab5_3/two_process_FSM.vhd Line: 13
    Warning (15610): No output dependent on input pin "SW[8]" File: C:/Users/danie/OneDrive/Desktop/Documenti Daniele/Daniele Scuola/Politecnico di Torino/DSE/DSE_Lab5_3/two_process_FSM.vhd Line: 13
    Warning (15610): No output dependent on input pin "SW[9]" File: C:/Users/danie/OneDrive/Desktop/Documenti Daniele/Daniele Scuola/Politecnico di Torino/DSE/DSE_Lab5_3/two_process_FSM.vhd Line: 13
    Warning (15610): No output dependent on input pin "KEY[1]" File: C:/Users/danie/OneDrive/Desktop/Documenti Daniele/Daniele Scuola/Politecnico di Torino/DSE/DSE_Lab5_3/two_process_FSM.vhd Line: 15
    Warning (15610): No output dependent on input pin "KEY[2]" File: C:/Users/danie/OneDrive/Desktop/Documenti Daniele/Daniele Scuola/Politecnico di Torino/DSE/DSE_Lab5_3/two_process_FSM.vhd Line: 15
    Warning (15610): No output dependent on input pin "KEY[3]" File: C:/Users/danie/OneDrive/Desktop/Documenti Daniele/Daniele Scuola/Politecnico di Torino/DSE/DSE_Lab5_3/two_process_FSM.vhd Line: 15
Info (21057): Implemented 33 device resources after synthesis - the final resource count might be different
    Info (21058): Implemented 14 input pins
    Info (21059): Implemented 10 output pins
    Info (21061): Implemented 9 logic cells
Info: Quartus Prime Analysis & Synthesis was successful. 0 errors, 24 warnings
    Info: Peak virtual memory: 4858 megabytes
    Info: Processing ended: Mon Apr 14 09:05:48 2025
    Info: Elapsed time: 00:00:10
    Info: Total CPU time (on all processors): 00:00:19


